CRITICAL - 2022-07-04 21:50:51 --> Invalid file: main/header.php
#0 C:\wamp64\www\websetup\system\View\View.php(198): CodeIgniter\Exceptions\FrameworkException::forInvalidFile()
#1 C:\wamp64\www\websetup\system\Common.php(1089): CodeIgniter\View\View->render()
#2 C:\wamp64\www\websetup\app\Views\register.php(2): view()
#3 C:\wamp64\www\websetup\system\View\View.php(210): include('...')
#4 C:\wamp64\www\websetup\system\View\View.php(213): CodeIgniter\View\View->CodeIgniter\View\{closure}()
#5 C:\wamp64\www\websetup\system\Common.php(1089): CodeIgniter\View\View->render()
#6 C:\wamp64\www\websetup\app\Controllers\Register.php(17): view()
#7 C:\wamp64\www\websetup\system\CodeIgniter.php(825): App\Controllers\Register->index()
#8 C:\wamp64\www\websetup\system\CodeIgniter.php(412): CodeIgniter\CodeIgniter->runController()
#9 C:\wamp64\www\websetup\system\CodeIgniter.php(320): CodeIgniter\CodeIgniter->handleRequest()
#10 C:\wamp64\www\websetup\public\index.php(37): CodeIgniter\CodeIgniter->run()
#11 C:\wamp64\www\websetup\system\Commands\Server\rewrite.php(43): require_once('...')
#12 {main}
CRITICAL - 2022-07-04 21:51:35 --> Invalid file: main/header.php
#0 C:\wamp64\www\websetup\system\View\View.php(198): CodeIgniter\Exceptions\FrameworkException::forInvalidFile()
#1 C:\wamp64\www\websetup\system\Common.php(1089): CodeIgniter\View\View->render()
#2 C:\wamp64\www\websetup\app\Views\register.php(2): view()
#3 C:\wamp64\www\websetup\system\View\View.php(210): include('...')
#4 C:\wamp64\www\websetup\system\View\View.php(213): CodeIgniter\View\View->CodeIgniter\View\{closure}()
#5 C:\wamp64\www\websetup\system\Common.php(1089): CodeIgniter\View\View->render()
#6 C:\wamp64\www\websetup\app\Controllers\Register.php(17): view()
#7 C:\wamp64\www\websetup\system\CodeIgniter.php(825): App\Controllers\Register->index()
#8 C:\wamp64\www\websetup\system\CodeIgniter.php(412): CodeIgniter\CodeIgniter->runController()
#9 C:\wamp64\www\websetup\system\CodeIgniter.php(320): CodeIgniter\CodeIgniter->handleRequest()
#10 C:\wamp64\www\websetup\public\index.php(37): CodeIgniter\CodeIgniter->run()
#11 C:\wamp64\www\websetup\system\Commands\Server\rewrite.php(43): require_once('...')
#12 {main}
CRITICAL - 2022-07-04 21:53:17 --> Undefined variable $services
#0 C:\wamp64\www\websetup\app\Views\layouts\header.php(89): CodeIgniter\Debug\Exceptions->errorHandler()
#1 C:\wamp64\www\websetup\system\View\View.php(210): include('...')
#2 C:\wamp64\www\websetup\system\View\View.php(213): CodeIgniter\View\View->CodeIgniter\View\{closure}()
#3 C:\wamp64\www\websetup\system\Common.php(1089): CodeIgniter\View\View->render()
#4 C:\wamp64\www\websetup\app\Views\register.php(3): view()
#5 C:\wamp64\www\websetup\system\View\View.php(210): include('...')
#6 C:\wamp64\www\websetup\system\View\View.php(213): CodeIgniter\View\View->CodeIgniter\View\{closure}()
#7 C:\wamp64\www\websetup\system\Common.php(1089): CodeIgniter\View\View->render()
#8 C:\wamp64\www\websetup\app\Controllers\Register.php(17): view()
#9 C:\wamp64\www\websetup\system\CodeIgniter.php(825): App\Controllers\Register->index()
#10 C:\wamp64\www\websetup\system\CodeIgniter.php(412): CodeIgniter\CodeIgniter->runController()
#11 C:\wamp64\www\websetup\system\CodeIgniter.php(320): CodeIgniter\CodeIgniter->handleRequest()
#12 C:\wamp64\www\websetup\public\index.php(37): CodeIgniter\CodeIgniter->run()
#13 C:\wamp64\www\websetup\system\Commands\Server\rewrite.php(43): require_once('...')
#14 {main}
CRITICAL - 2022-07-04 21:53:19 --> Undefined variable $services
#0 C:\wamp64\www\websetup\app\Views\layouts\header.php(89): CodeIgniter\Debug\Exceptions->errorHandler()
#1 C:\wamp64\www\websetup\system\View\View.php(210): include('...')
#2 C:\wamp64\www\websetup\system\View\View.php(213): CodeIgniter\View\View->CodeIgniter\View\{closure}()
#3 C:\wamp64\www\websetup\system\Common.php(1089): CodeIgniter\View\View->render()
#4 C:\wamp64\www\websetup\app\Views\register.php(3): view()
#5 C:\wamp64\www\websetup\system\View\View.php(210): include('...')
#6 C:\wamp64\www\websetup\system\View\View.php(213): CodeIgniter\View\View->CodeIgniter\View\{closure}()
#7 C:\wamp64\www\websetup\system\Common.php(1089): CodeIgniter\View\View->render()
#8 C:\wamp64\www\websetup\app\Controllers\Register.php(17): view()
#9 C:\wamp64\www\websetup\system\CodeIgniter.php(825): App\Controllers\Register->index()
#10 C:\wamp64\www\websetup\system\CodeIgniter.php(412): CodeIgniter\CodeIgniter->runController()
#11 C:\wamp64\www\websetup\system\CodeIgniter.php(320): CodeIgniter\CodeIgniter->handleRequest()
#12 C:\wamp64\www\websetup\public\index.php(37): CodeIgniter\CodeIgniter->run()
#13 C:\wamp64\www\websetup\system\Commands\Server\rewrite.php(43): require_once('...')
#14 {main}
CRITICAL - 2022-07-04 22:27:28 --> Undefined variable $business_infos
#0 C:\wamp64\www\websetup\app\Views\layouts\header.php(48): CodeIgniter\Debug\Exceptions->errorHandler()
#1 C:\wamp64\www\websetup\system\View\View.php(210): include('...')
#2 C:\wamp64\www\websetup\system\View\View.php(213): CodeIgniter\View\View->CodeIgniter\View\{closure}()
#3 C:\wamp64\www\websetup\system\Common.php(1089): CodeIgniter\View\View->render()
#4 C:\wamp64\www\websetup\app\Views\register.php(3): view()
#5 C:\wamp64\www\websetup\system\View\View.php(210): include('...')
#6 C:\wamp64\www\websetup\system\View\View.php(213): CodeIgniter\View\View->CodeIgniter\View\{closure}()
#7 C:\wamp64\www\websetup\system\Common.php(1089): CodeIgniter\View\View->render()
#8 C:\wamp64\www\websetup\app\Controllers\Register.php(91): view()
#9 C:\wamp64\www\websetup\system\CodeIgniter.php(825): App\Controllers\Register->save()
#10 C:\wamp64\www\websetup\system\CodeIgniter.php(412): CodeIgniter\CodeIgniter->runController()
#11 C:\wamp64\www\websetup\system\CodeIgniter.php(320): CodeIgniter\CodeIgniter->handleRequest()
#12 C:\wamp64\www\websetup\public\index.php(37): CodeIgniter\CodeIgniter->run()
#13 C:\wamp64\www\websetup\system\Commands\Server\rewrite.php(43): require_once('...')
#14 {main}
