ERROR - 2022-04-29 02:07:51 --> Column 'showCheck' cannot be null
CRITICAL - 2022-04-29 02:07:51 --> Column 'showCheck' cannot be null
#0 C:\wamp64\www\websetup\system\Database\MySQLi\Connection.php(292): mysqli->query()
#1 C:\wamp64\www\websetup\system\Database\BaseConnection.php(670): CodeIgniter\Database\MySQLi\Connection->execute()
#2 C:\wamp64\www\websetup\system\Database\BaseConnection.php(598): CodeIgniter\Database\BaseConnection->simpleQuery()
#3 C:\wamp64\www\websetup\system\Database\BaseBuilder.php(1771): CodeIgniter\Database\BaseConnection->query()
#4 C:\wamp64\www\websetup\system\Model.php(239): CodeIgniter\Database\BaseBuilder->insert()
#5 C:\wamp64\www\websetup\system\BaseModel.php(738): CodeIgniter\Model->doInsert()
#6 C:\wamp64\www\websetup\system\Model.php(625): CodeIgniter\BaseModel->insert()
#7 C:\wamp64\www\websetup\app\Controllers\AdminPageHome.php(58): CodeIgniter\Model->insert()
#8 C:\wamp64\www\websetup\system\CodeIgniter.php(825): App\Controllers\AdminPageHome->storeSlider()
#9 C:\wamp64\www\websetup\system\CodeIgniter.php(412): CodeIgniter\CodeIgniter->runController()
#10 C:\wamp64\www\websetup\system\CodeIgniter.php(320): CodeIgniter\CodeIgniter->handleRequest()
#11 C:\wamp64\www\websetup\public\index.php(37): CodeIgniter\CodeIgniter->run()
#12 C:\wamp64\www\websetup\system\Commands\Server\rewrite.php(43): require_once('...')
#13 {main}
ERROR - 2022-04-29 02:09:26 --> Column 'image' cannot be null
CRITICAL - 2022-04-29 02:09:26 --> Column 'image' cannot be null
#0 C:\wamp64\www\websetup\system\Database\MySQLi\Connection.php(292): mysqli->query()
#1 C:\wamp64\www\websetup\system\Database\BaseConnection.php(670): CodeIgniter\Database\MySQLi\Connection->execute()
#2 C:\wamp64\www\websetup\system\Database\BaseConnection.php(598): CodeIgniter\Database\BaseConnection->simpleQuery()
#3 C:\wamp64\www\websetup\system\Database\BaseBuilder.php(1771): CodeIgniter\Database\BaseConnection->query()
#4 C:\wamp64\www\websetup\system\Model.php(239): CodeIgniter\Database\BaseBuilder->insert()
#5 C:\wamp64\www\websetup\system\BaseModel.php(738): CodeIgniter\Model->doInsert()
#6 C:\wamp64\www\websetup\system\Model.php(625): CodeIgniter\BaseModel->insert()
#7 C:\wamp64\www\websetup\app\Controllers\AdminPageHome.php(58): CodeIgniter\Model->insert()
#8 C:\wamp64\www\websetup\system\CodeIgniter.php(825): App\Controllers\AdminPageHome->storeSlider()
#9 C:\wamp64\www\websetup\system\CodeIgniter.php(412): CodeIgniter\CodeIgniter->runController()
#10 C:\wamp64\www\websetup\system\CodeIgniter.php(320): CodeIgniter\CodeIgniter->handleRequest()
#11 C:\wamp64\www\websetup\public\index.php(37): CodeIgniter\CodeIgniter->run()
#12 C:\wamp64\www\websetup\system\Commands\Server\rewrite.php(43): require_once('...')
#13 {main}
ERROR - 2022-04-29 02:09:53 --> Column 'showCheck' cannot be null
CRITICAL - 2022-04-29 02:09:53 --> Column 'showCheck' cannot be null
#0 C:\wamp64\www\websetup\system\Database\MySQLi\Connection.php(292): mysqli->query()
#1 C:\wamp64\www\websetup\system\Database\BaseConnection.php(670): CodeIgniter\Database\MySQLi\Connection->execute()
#2 C:\wamp64\www\websetup\system\Database\BaseConnection.php(598): CodeIgniter\Database\BaseConnection->simpleQuery()
#3 C:\wamp64\www\websetup\system\Database\BaseBuilder.php(1771): CodeIgniter\Database\BaseConnection->query()
#4 C:\wamp64\www\websetup\system\Model.php(239): CodeIgniter\Database\BaseBuilder->insert()
#5 C:\wamp64\www\websetup\system\BaseModel.php(738): CodeIgniter\Model->doInsert()
#6 C:\wamp64\www\websetup\system\Model.php(625): CodeIgniter\BaseModel->insert()
#7 C:\wamp64\www\websetup\app\Controllers\AdminPageHome.php(58): CodeIgniter\Model->insert()
#8 C:\wamp64\www\websetup\system\CodeIgniter.php(825): App\Controllers\AdminPageHome->storeSlider()
#9 C:\wamp64\www\websetup\system\CodeIgniter.php(412): CodeIgniter\CodeIgniter->runController()
#10 C:\wamp64\www\websetup\system\CodeIgniter.php(320): CodeIgniter\CodeIgniter->handleRequest()
#11 C:\wamp64\www\websetup\public\index.php(37): CodeIgniter\CodeIgniter->run()
#12 C:\wamp64\www\websetup\system\Commands\Server\rewrite.php(43): require_once('...')
#13 {main}
CRITICAL - 2022-04-29 03:15:49 --> Undefined variable $business_infos
#0 C:\wamp64\www\websetup\app\Views\main\header.php(46): CodeIgniter\Debug\Exceptions->errorHandler()
#1 C:\wamp64\www\websetup\system\View\View.php(210): include('...')
#2 C:\wamp64\www\websetup\system\View\View.php(213): CodeIgniter\View\View->CodeIgniter\View\{closure}()
#3 C:\wamp64\www\websetup\system\Common.php(1089): CodeIgniter\View\View->render()
#4 C:\wamp64\www\websetup\app\Views\forgot_password.php(2): view()
#5 C:\wamp64\www\websetup\system\View\View.php(210): include('...')
#6 C:\wamp64\www\websetup\system\View\View.php(213): CodeIgniter\View\View->CodeIgniter\View\{closure}()
#7 C:\wamp64\www\websetup\system\Common.php(1089): CodeIgniter\View\View->render()
#8 C:\wamp64\www\websetup\app\Controllers\LogIn.php(76): view()
#9 C:\wamp64\www\websetup\system\CodeIgniter.php(825): App\Controllers\LogIn->forgot_password()
#10 C:\wamp64\www\websetup\system\CodeIgniter.php(412): CodeIgniter\CodeIgniter->runController()
#11 C:\wamp64\www\websetup\system\CodeIgniter.php(320): CodeIgniter\CodeIgniter->handleRequest()
#12 C:\wamp64\www\websetup\public\index.php(37): CodeIgniter\CodeIgniter->run()
#13 C:\wamp64\www\websetup\system\Commands\Server\rewrite.php(43): require_once('...')
#14 {main}
CRITICAL - 2022-04-29 03:16:54 --> Undefined variable $business_infos
#0 C:\wamp64\www\websetup\app\Views\main\header.php(46): CodeIgniter\Debug\Exceptions->errorHandler()
#1 C:\wamp64\www\websetup\system\View\View.php(210): include('...')
#2 C:\wamp64\www\websetup\system\View\View.php(213): CodeIgniter\View\View->CodeIgniter\View\{closure}()
#3 C:\wamp64\www\websetup\system\Common.php(1089): CodeIgniter\View\View->render()
#4 C:\wamp64\www\websetup\app\Views\forgot_password.php(2): view()
#5 C:\wamp64\www\websetup\system\View\View.php(210): include('...')
#6 C:\wamp64\www\websetup\system\View\View.php(213): CodeIgniter\View\View->CodeIgniter\View\{closure}()
#7 C:\wamp64\www\websetup\system\Common.php(1089): CodeIgniter\View\View->render()
#8 C:\wamp64\www\websetup\app\Controllers\LogIn.php(76): view()
#9 C:\wamp64\www\websetup\system\CodeIgniter.php(825): App\Controllers\LogIn->forgot_password()
#10 C:\wamp64\www\websetup\system\CodeIgniter.php(412): CodeIgniter\CodeIgniter->runController()
#11 C:\wamp64\www\websetup\system\CodeIgniter.php(320): CodeIgniter\CodeIgniter->handleRequest()
#12 C:\wamp64\www\websetup\public\index.php(37): CodeIgniter\CodeIgniter->run()
#13 C:\wamp64\www\websetup\system\Commands\Server\rewrite.php(43): require_once('...')
#14 {main}
CRITICAL - 2022-04-29 03:16:56 --> Undefined variable $business_infos
#0 C:\wamp64\www\websetup\app\Views\main\header.php(46): CodeIgniter\Debug\Exceptions->errorHandler()
#1 C:\wamp64\www\websetup\system\View\View.php(210): include('...')
#2 C:\wamp64\www\websetup\system\View\View.php(213): CodeIgniter\View\View->CodeIgniter\View\{closure}()
#3 C:\wamp64\www\websetup\system\Common.php(1089): CodeIgniter\View\View->render()
#4 C:\wamp64\www\websetup\app\Views\forgot_password.php(2): view()
#5 C:\wamp64\www\websetup\system\View\View.php(210): include('...')
#6 C:\wamp64\www\websetup\system\View\View.php(213): CodeIgniter\View\View->CodeIgniter\View\{closure}()
#7 C:\wamp64\www\websetup\system\Common.php(1089): CodeIgniter\View\View->render()
#8 C:\wamp64\www\websetup\app\Controllers\LogIn.php(76): view()
#9 C:\wamp64\www\websetup\system\CodeIgniter.php(825): App\Controllers\LogIn->forgot_password()
#10 C:\wamp64\www\websetup\system\CodeIgniter.php(412): CodeIgniter\CodeIgniter->runController()
#11 C:\wamp64\www\websetup\system\CodeIgniter.php(320): CodeIgniter\CodeIgniter->handleRequest()
#12 C:\wamp64\www\websetup\public\index.php(37): CodeIgniter\CodeIgniter->run()
#13 C:\wamp64\www\websetup\system\Commands\Server\rewrite.php(43): require_once('...')
#14 {main}
CRITICAL - 2022-04-29 03:17:46 --> Undefined variable $business_infos
#0 C:\wamp64\www\websetup\app\Views\main\header.php(46): CodeIgniter\Debug\Exceptions->errorHandler()
#1 C:\wamp64\www\websetup\system\View\View.php(210): include('...')
#2 C:\wamp64\www\websetup\system\View\View.php(213): CodeIgniter\View\View->CodeIgniter\View\{closure}()
#3 C:\wamp64\www\websetup\system\Common.php(1089): CodeIgniter\View\View->render()
#4 C:\wamp64\www\websetup\app\Views\forgot_password.php(2): view()
#5 C:\wamp64\www\websetup\system\View\View.php(210): include('...')
#6 C:\wamp64\www\websetup\system\View\View.php(213): CodeIgniter\View\View->CodeIgniter\View\{closure}()
#7 C:\wamp64\www\websetup\system\Common.php(1089): CodeIgniter\View\View->render()
#8 C:\wamp64\www\websetup\app\Controllers\LogIn.php(79): view()
#9 C:\wamp64\www\websetup\system\CodeIgniter.php(825): App\Controllers\LogIn->forgot_password()
#10 C:\wamp64\www\websetup\system\CodeIgniter.php(412): CodeIgniter\CodeIgniter->runController()
#11 C:\wamp64\www\websetup\system\CodeIgniter.php(320): CodeIgniter\CodeIgniter->handleRequest()
#12 C:\wamp64\www\websetup\public\index.php(37): CodeIgniter\CodeIgniter->run()
#13 C:\wamp64\www\websetup\system\Commands\Server\rewrite.php(43): require_once('...')
#14 {main}
