CRITICAL - 2022-04-19 00:11:42 --> fopen(C:\wamp64\www\websetup\app\controllers/newpage.php): Failed to open stream: No such file or directory
#0 [internal function]: CodeIgniter\Debug\Exceptions->errorHandler()
#1 C:\wamp64\www\websetup\app\Helpers\pages_creator_helper.php(5): fopen()
#2 C:\wamp64\www\websetup\app\Controllers\AdminPageHeader.php(90): create_new_page()
#3 C:\wamp64\www\websetup\system\CodeIgniter.php(825): App\Controllers\AdminPageHeader->storeMenu()
#4 C:\wamp64\www\websetup\system\CodeIgniter.php(412): CodeIgniter\CodeIgniter->runController()
#5 C:\wamp64\www\websetup\system\CodeIgniter.php(320): CodeIgniter\CodeIgniter->handleRequest()
#6 C:\wamp64\www\websetup\public\index.php(37): CodeIgniter\CodeIgniter->run()
#7 C:\wamp64\www\websetup\system\Commands\Server\rewrite.php(43): require_once('...')
#8 {main}
CRITICAL - 2022-04-19 00:13:22 --> Namespace declaration statement has to be the very first statement or after any declare call in the script
#0 [internal function]: CodeIgniter\Debug\Exceptions->shutdownHandler()
#1 {main}
CRITICAL - 2022-04-19 02:46:36 --> Trying to access array offset on value of type null
#0 C:\wamp64\www\websetup\app\Controllers\AdminPageHeader.php(145): CodeIgniter\Debug\Exceptions->errorHandler()
#1 C:\wamp64\www\websetup\system\CodeIgniter.php(825): App\Controllers\AdminPageHeader->storeSubMenu()
#2 C:\wamp64\www\websetup\system\CodeIgniter.php(412): CodeIgniter\CodeIgniter->runController()
#3 C:\wamp64\www\websetup\system\CodeIgniter.php(320): CodeIgniter\CodeIgniter->handleRequest()
#4 C:\wamp64\www\websetup\public\index.php(37): CodeIgniter\CodeIgniter->run()
#5 C:\wamp64\www\websetup\system\Commands\Server\rewrite.php(43): require_once('...')
#6 {main}
CRITICAL - 2022-04-19 02:47:33 --> Undefined variable $menuModel
#0 C:\wamp64\www\websetup\app\Controllers\AdminPageHeader.php(135): CodeIgniter\Debug\Exceptions->errorHandler()
#1 C:\wamp64\www\websetup\system\CodeIgniter.php(825): App\Controllers\AdminPageHeader->storeSubMenu()
#2 C:\wamp64\www\websetup\system\CodeIgniter.php(412): CodeIgniter\CodeIgniter->runController()
#3 C:\wamp64\www\websetup\system\CodeIgniter.php(320): CodeIgniter\CodeIgniter->handleRequest()
#4 C:\wamp64\www\websetup\public\index.php(37): CodeIgniter\CodeIgniter->run()
#5 C:\wamp64\www\websetup\system\Commands\Server\rewrite.php(43): require_once('...')
#6 {main}
CRITICAL - 2022-04-19 02:48:01 --> Undefined variable $menu
#0 C:\wamp64\www\websetup\app\Controllers\AdminPageHeader.php(146): CodeIgniter\Debug\Exceptions->errorHandler()
#1 C:\wamp64\www\websetup\system\CodeIgniter.php(825): App\Controllers\AdminPageHeader->storeSubMenu()
#2 C:\wamp64\www\websetup\system\CodeIgniter.php(412): CodeIgniter\CodeIgniter->runController()
#3 C:\wamp64\www\websetup\system\CodeIgniter.php(320): CodeIgniter\CodeIgniter->handleRequest()
#4 C:\wamp64\www\websetup\public\index.php(37): CodeIgniter\CodeIgniter->run()
#5 C:\wamp64\www\websetup\system\Commands\Server\rewrite.php(43): require_once('...')
#6 {main}
CRITICAL - 2022-04-19 02:48:42 --> fopen(C:\wamp64\www\websetup\app\controllers/Newpage/Submenupage.php): Failed to open stream: No such file or directory
#0 [internal function]: CodeIgniter\Debug\Exceptions->errorHandler()
#1 C:\wamp64\www\websetup\app\Helpers\pages_creator_helper.php(79): fopen()
#2 C:\wamp64\www\websetup\app\Controllers\AdminPageHeader.php(155): create_sub_page()
#3 C:\wamp64\www\websetup\system\CodeIgniter.php(825): App\Controllers\AdminPageHeader->storeSubMenu()
#4 C:\wamp64\www\websetup\system\CodeIgniter.php(412): CodeIgniter\CodeIgniter->runController()
#5 C:\wamp64\www\websetup\system\CodeIgniter.php(320): CodeIgniter\CodeIgniter->handleRequest()
#6 C:\wamp64\www\websetup\public\index.php(37): CodeIgniter\CodeIgniter->run()
#7 C:\wamp64\www\websetup\system\Commands\Server\rewrite.php(43): require_once('...')
#8 {main}
CRITICAL - 2022-04-19 02:49:30 --> fopen(C:\wamp64\www\websetup\app\controllers/Secondpage/Submenupage.php): Failed to open stream: No such file or directory
#0 [internal function]: CodeIgniter\Debug\Exceptions->errorHandler()
#1 C:\wamp64\www\websetup\app\Helpers\pages_creator_helper.php(79): fopen()
#2 C:\wamp64\www\websetup\app\Controllers\AdminPageHeader.php(155): create_sub_page()
#3 C:\wamp64\www\websetup\system\CodeIgniter.php(825): App\Controllers\AdminPageHeader->storeSubMenu()
#4 C:\wamp64\www\websetup\system\CodeIgniter.php(412): CodeIgniter\CodeIgniter->runController()
#5 C:\wamp64\www\websetup\system\CodeIgniter.php(320): CodeIgniter\CodeIgniter->handleRequest()
#6 C:\wamp64\www\websetup\public\index.php(37): CodeIgniter\CodeIgniter->run()
#7 C:\wamp64\www\websetup\system\Commands\Server\rewrite.php(43): require_once('...')
#8 {main}
CRITICAL - 2022-04-19 02:53:16 --> Undefined variable $urlname
#0 C:\wamp64\www\websetup\app\Controllers\AdminPageHeader.php(145): CodeIgniter\Debug\Exceptions->errorHandler()
#1 C:\wamp64\www\websetup\system\CodeIgniter.php(825): App\Controllers\AdminPageHeader->storeSubMenu()
#2 C:\wamp64\www\websetup\system\CodeIgniter.php(412): CodeIgniter\CodeIgniter->runController()
#3 C:\wamp64\www\websetup\system\CodeIgniter.php(320): CodeIgniter\CodeIgniter->handleRequest()
#4 C:\wamp64\www\websetup\public\index.php(37): CodeIgniter\CodeIgniter->run()
#5 C:\wamp64\www\websetup\system\Commands\Server\rewrite.php(43): require_once('...')
#6 {main}
CRITICAL - 2022-04-19 20:46:42 --> Invalid file: testfolder.php
#0 C:\wamp64\www\websetup\system\View\View.php(198): CodeIgniter\Exceptions\FrameworkException::forInvalidFile()
#1 C:\wamp64\www\websetup\system\Common.php(1089): CodeIgniter\View\View->render()
#2 C:\wamp64\www\websetup\app\Controllers\Testfolder\Testfolder.php(53): view()
#3 C:\wamp64\www\websetup\system\CodeIgniter.php(825): App\Controllers\Testfolder\Testfolder->index()
#4 C:\wamp64\www\websetup\system\CodeIgniter.php(412): CodeIgniter\CodeIgniter->runController()
#5 C:\wamp64\www\websetup\system\CodeIgniter.php(320): CodeIgniter\CodeIgniter->handleRequest()
#6 C:\wamp64\www\websetup\public\index.php(37): CodeIgniter\CodeIgniter->run()
#7 C:\wamp64\www\websetup\system\Commands\Server\rewrite.php(43): require_once('...')
#8 {main}
CRITICAL - 2022-04-19 20:47:15 --> Invalid file: tesfolder/testfolder.php
#0 C:\wamp64\www\websetup\system\View\View.php(198): CodeIgniter\Exceptions\FrameworkException::forInvalidFile()
#1 C:\wamp64\www\websetup\system\Common.php(1089): CodeIgniter\View\View->render()
#2 C:\wamp64\www\websetup\app\Controllers\Testfolder\Testfolder.php(53): view()
#3 C:\wamp64\www\websetup\system\CodeIgniter.php(825): App\Controllers\Testfolder\Testfolder->index()
#4 C:\wamp64\www\websetup\system\CodeIgniter.php(412): CodeIgniter\CodeIgniter->runController()
#5 C:\wamp64\www\websetup\system\CodeIgniter.php(320): CodeIgniter\CodeIgniter->handleRequest()
#6 C:\wamp64\www\websetup\public\index.php(37): CodeIgniter\CodeIgniter->run()
#7 C:\wamp64\www\websetup\system\Commands\Server\rewrite.php(43): require_once('...')
#8 {main}
CRITICAL - 2022-04-19 20:55:25 --> Too few arguments to function create_sub_page(), 2 passed in C:\wamp64\www\websetup\app\Controllers\AdminPageHeader.php on line 156 and exactly 4 expected
#0 C:\wamp64\www\websetup\app\Controllers\AdminPageHeader.php(156): create_sub_page()
#1 C:\wamp64\www\websetup\system\CodeIgniter.php(825): App\Controllers\AdminPageHeader->storeSubMenu()
#2 C:\wamp64\www\websetup\system\CodeIgniter.php(412): CodeIgniter\CodeIgniter->runController()
#3 C:\wamp64\www\websetup\system\CodeIgniter.php(320): CodeIgniter\CodeIgniter->handleRequest()
#4 C:\wamp64\www\websetup\public\index.php(37): CodeIgniter\CodeIgniter->run()
#5 C:\wamp64\www\websetup\system\Commands\Server\rewrite.php(43): require_once('...')
#6 {main}
CRITICAL - 2022-04-19 20:59:23 --> Cannot declare class App\Controllers\Submenusecond, because the name is already in use
#0 [internal function]: CodeIgniter\Debug\Exceptions->shutdownHandler()
#1 {main}
