CRITICAL - 2022-06-07 00:16:31 --> Cannot access offset of type string on string
#0 C:\wamp64\www\websetup\system\View\View.php(210): include()
#1 C:\wamp64\www\websetup\system\View\View.php(213): CodeIgniter\View\View->CodeIgniter\View\{closure}()
#2 C:\wamp64\www\websetup\system\Common.php(1089): CodeIgniter\View\View->render()
#3 C:\wamp64\www\websetup\app\Controllers\Assessment.php(74): view()
#4 C:\wamp64\www\websetup\system\CodeIgniter.php(825): App\Controllers\Assessment->index()
#5 C:\wamp64\www\websetup\system\CodeIgniter.php(412): CodeIgniter\CodeIgniter->runController()
#6 C:\wamp64\www\websetup\system\CodeIgniter.php(320): CodeIgniter\CodeIgniter->handleRequest()
#7 C:\wamp64\www\websetup\public\index.php(37): CodeIgniter\CodeIgniter->run()
#8 C:\wamp64\www\websetup\system\Commands\Server\rewrite.php(43): require_once('...')
#9 {main}
ERROR - 2022-06-07 00:38:57 --> Column 'name' cannot be null
CRITICAL - 2022-06-07 00:38:57 --> Column 'name' cannot be null
#0 C:\wamp64\www\websetup\system\Database\MySQLi\Connection.php(292): mysqli->query()
#1 C:\wamp64\www\websetup\system\Database\BaseConnection.php(670): CodeIgniter\Database\MySQLi\Connection->execute()
#2 C:\wamp64\www\websetup\system\Database\BaseConnection.php(598): CodeIgniter\Database\BaseConnection->simpleQuery()
#3 C:\wamp64\www\websetup\system\Database\BaseBuilder.php(1771): CodeIgniter\Database\BaseConnection->query()
#4 C:\wamp64\www\websetup\system\Model.php(239): CodeIgniter\Database\BaseBuilder->insert()
#5 C:\wamp64\www\websetup\system\BaseModel.php(738): CodeIgniter\Model->doInsert()
#6 C:\wamp64\www\websetup\system\Model.php(625): CodeIgniter\BaseModel->insert()
#7 C:\wamp64\www\websetup\app\Controllers\Appointment.php(45): CodeIgniter\Model->insert()
#8 C:\wamp64\www\websetup\system\CodeIgniter.php(825): App\Controllers\Appointment->save()
#9 C:\wamp64\www\websetup\system\CodeIgniter.php(412): CodeIgniter\CodeIgniter->runController()
#10 C:\wamp64\www\websetup\system\CodeIgniter.php(320): CodeIgniter\CodeIgniter->handleRequest()
#11 C:\wamp64\www\websetup\public\index.php(37): CodeIgniter\CodeIgniter->run()
#12 C:\wamp64\www\websetup\system\Commands\Server\rewrite.php(43): require_once('...')
#13 {main}
