CRITICAL - 2022-02-03 00:23:13 --> Undefined property: App\Controllers\Forms::$load
#0 C:\wamp64\www\demo\app\Controllers\Forms.php(11): CodeIgniter\Debug\Exceptions->errorHandler()
#1 C:\wamp64\www\demo\system\CodeIgniter.php(802): App\Controllers\Forms->__construct()
#2 C:\wamp64\www\demo\system\CodeIgniter.php(403): CodeIgniter\CodeIgniter->createController()
#3 C:\wamp64\www\demo\system\CodeIgniter.php(320): CodeIgniter\CodeIgniter->handleRequest()
#4 C:\wamp64\www\demo\public\index.php(37): CodeIgniter\CodeIgniter->run()
#5 C:\wamp64\www\demo\system\Commands\Server\rewrite.php(43): require_once('...')
#6 {main}
CRITICAL - 2022-02-03 00:23:59 --> Undefined property: App\Controllers\Forms::$input
#0 C:\wamp64\www\demo\app\Controllers\Forms.php(11): CodeIgniter\Debug\Exceptions->errorHandler()
#1 C:\wamp64\www\demo\system\CodeIgniter.php(825): App\Controllers\Forms->forgot_pass()
#2 C:\wamp64\www\demo\system\CodeIgniter.php(412): CodeIgniter\CodeIgniter->runController()
#3 C:\wamp64\www\demo\system\CodeIgniter.php(320): CodeIgniter\CodeIgniter->handleRequest()
#4 C:\wamp64\www\demo\public\index.php(37): CodeIgniter\CodeIgniter->run()
#5 C:\wamp64\www\demo\system\Commands\Server\rewrite.php(43): require_once('...')
#6 {main}
CRITICAL - 2022-02-03 00:32:52 --> Call to undefined function set_value()
#0 C:\wamp64\www\demo\system\View\View.php(210): include()
#1 C:\wamp64\www\demo\system\View\View.php(213): CodeIgniter\View\View->CodeIgniter\View\{closure}()
#2 C:\wamp64\www\demo\system\Common.php(1089): CodeIgniter\View\View->render()
#3 C:\wamp64\www\demo\app\Controllers\Login.php(55): view()
#4 C:\wamp64\www\demo\system\CodeIgniter.php(825): App\Controllers\Login->forgot_password()
#5 C:\wamp64\www\demo\system\CodeIgniter.php(412): CodeIgniter\CodeIgniter->runController()
#6 C:\wamp64\www\demo\system\CodeIgniter.php(320): CodeIgniter\CodeIgniter->handleRequest()
#7 C:\wamp64\www\demo\public\index.php(37): CodeIgniter\CodeIgniter->run()
#8 C:\wamp64\www\demo\system\Commands\Server\rewrite.php(43): require_once('...')
#9 {main}
CRITICAL - 2022-02-03 00:33:40 --> Call to undefined function set_value()
#0 C:\wamp64\www\demo\system\View\View.php(210): include()
#1 C:\wamp64\www\demo\system\View\View.php(213): CodeIgniter\View\View->CodeIgniter\View\{closure}()
#2 C:\wamp64\www\demo\system\Common.php(1089): CodeIgniter\View\View->render()
#3 C:\wamp64\www\demo\app\Controllers\Login.php(55): view()
#4 C:\wamp64\www\demo\system\CodeIgniter.php(825): App\Controllers\Login->forgot_password()
#5 C:\wamp64\www\demo\system\CodeIgniter.php(412): CodeIgniter\CodeIgniter->runController()
#6 C:\wamp64\www\demo\system\CodeIgniter.php(320): CodeIgniter\CodeIgniter->handleRequest()
#7 C:\wamp64\www\demo\public\index.php(37): CodeIgniter\CodeIgniter->run()
#8 C:\wamp64\www\demo\system\Commands\Server\rewrite.php(43): require_once('...')
#9 {main}
CRITICAL - 2022-02-03 00:34:58 --> Call to undefined function set_value()
#0 C:\wamp64\www\demo\system\View\View.php(210): include()
#1 C:\wamp64\www\demo\system\View\View.php(213): CodeIgniter\View\View->CodeIgniter\View\{closure}()
#2 C:\wamp64\www\demo\system\Common.php(1089): CodeIgniter\View\View->render()
#3 C:\wamp64\www\demo\app\Controllers\Login.php(55): view()
#4 C:\wamp64\www\demo\system\CodeIgniter.php(825): App\Controllers\Login->forgot_password()
#5 C:\wamp64\www\demo\system\CodeIgniter.php(412): CodeIgniter\CodeIgniter->runController()
#6 C:\wamp64\www\demo\system\CodeIgniter.php(320): CodeIgniter\CodeIgniter->handleRequest()
#7 C:\wamp64\www\demo\public\index.php(37): CodeIgniter\CodeIgniter->run()
#8 C:\wamp64\www\demo\system\Commands\Server\rewrite.php(43): require_once('...')
#9 {main}
CRITICAL - 2022-02-03 00:47:19 --> Call to undefined function set_value()
#0 C:\wamp64\www\demo\system\View\View.php(210): include()
#1 C:\wamp64\www\demo\system\View\View.php(213): CodeIgniter\View\View->CodeIgniter\View\{closure}()
#2 C:\wamp64\www\demo\system\Common.php(1089): CodeIgniter\View\View->render()
#3 C:\wamp64\www\demo\app\Controllers\Login.php(73): view()
#4 C:\wamp64\www\demo\system\CodeIgniter.php(825): App\Controllers\Login->forgot_password()
#5 C:\wamp64\www\demo\system\CodeIgniter.php(412): CodeIgniter\CodeIgniter->runController()
#6 C:\wamp64\www\demo\system\CodeIgniter.php(320): CodeIgniter\CodeIgniter->handleRequest()
#7 C:\wamp64\www\demo\public\index.php(37): CodeIgniter\CodeIgniter->run()
#8 C:\wamp64\www\demo\system\Commands\Server\rewrite.php(43): require_once('...')
#9 {main}
