CRITICAL - 2022-08-04 00:05:43 --> Undefined index: status
#0 C:\wamp64\www\websetup\app\Views\layouts\footer.php(30): CodeIgniter\Debug\Exceptions->errorHandler(8, 'Undefined index...', 'C:\\wamp64\\www\\w...', 30, Array)
#1 C:\wamp64\www\websetup\system\View\View.php(210): include('C:\\wamp64\\www\\w...')
#2 C:\wamp64\www\websetup\system\View\View.php(213): CodeIgniter\View\View->CodeIgniter\View\{closure}()
#3 C:\wamp64\www\websetup\system\Common.php(1089): CodeIgniter\View\View->render('layouts/footer', Array, true)
#4 C:\wamp64\www\websetup\app\Views\home_view.php(222): view('layouts/footer')
#5 C:\wamp64\www\websetup\system\View\View.php(210): include('C:\\wamp64\\www\\w...')
#6 C:\wamp64\www\websetup\system\View\View.php(213): CodeIgniter\View\View->CodeIgniter\View\{closure}()
#7 C:\wamp64\www\websetup\system\Common.php(1089): CodeIgniter\View\View->render('home_view', Array, true)
#8 C:\wamp64\www\websetup\app\Controllers\HomePage.php(60): view('home_view', Array)
#9 C:\wamp64\www\websetup\system\CodeIgniter.php(825): App\Controllers\HomePage->index()
#10 C:\wamp64\www\websetup\system\CodeIgniter.php(412): CodeIgniter\CodeIgniter->runController(Object(App\Controllers\HomePage))
#11 C:\wamp64\www\websetup\system\CodeIgniter.php(320): CodeIgniter\CodeIgniter->handleRequest(NULL, Object(Config\Cache), false)
#12 C:\wamp64\www\websetup\public\index.php(37): CodeIgniter\CodeIgniter->run()
#13 {main}
CRITICAL - 2022-08-04 01:38:14 --> Undefined index: status
#0 C:\wamp64\www\websetup\app\Views\layouts\footer.php(30): CodeIgniter\Debug\Exceptions->errorHandler(8, 'Undefined index...', 'C:\\wamp64\\www\\w...', 30, Array)
#1 C:\wamp64\www\websetup\system\View\View.php(210): include('C:\\wamp64\\www\\w...')
#2 C:\wamp64\www\websetup\system\View\View.php(213): CodeIgniter\View\View->CodeIgniter\View\{closure}()
#3 C:\wamp64\www\websetup\system\Common.php(1089): CodeIgniter\View\View->render('layouts/footer', Array, true)
#4 C:\wamp64\www\websetup\app\Views\home_view.php(222): view('layouts/footer')
#5 C:\wamp64\www\websetup\system\View\View.php(210): include('C:\\wamp64\\www\\w...')
#6 C:\wamp64\www\websetup\system\View\View.php(213): CodeIgniter\View\View->CodeIgniter\View\{closure}()
#7 C:\wamp64\www\websetup\system\Common.php(1089): CodeIgniter\View\View->render('home_view', Array, true)
#8 C:\wamp64\www\websetup\app\Controllers\HomePage.php(60): view('home_view', Array)
#9 C:\wamp64\www\websetup\system\CodeIgniter.php(825): App\Controllers\HomePage->index()
#10 C:\wamp64\www\websetup\system\CodeIgniter.php(412): CodeIgniter\CodeIgniter->runController(Object(App\Controllers\HomePage))
#11 C:\wamp64\www\websetup\system\CodeIgniter.php(320): CodeIgniter\CodeIgniter->handleRequest(NULL, Object(Config\Cache), false)
#12 C:\wamp64\www\websetup\public\index.php(37): CodeIgniter\CodeIgniter->run()
#13 {main}
CRITICAL - 2022-08-04 03:46:59 --> Undefined index: status
#0 C:\wamp64\www\websetup\app\Views\layouts\footer.php(30): CodeIgniter\Debug\Exceptions->errorHandler(8, 'Undefined index...', 'C:\\wamp64\\www\\w...', 30, Array)
#1 C:\wamp64\www\websetup\system\View\View.php(210): include('C:\\wamp64\\www\\w...')
#2 C:\wamp64\www\websetup\system\View\View.php(213): CodeIgniter\View\View->CodeIgniter\View\{closure}()
#3 C:\wamp64\www\websetup\system\Common.php(1089): CodeIgniter\View\View->render('layouts/footer', Array, true)
#4 C:\wamp64\www\websetup\app\Views\home_view.php(222): view('layouts/footer')
#5 C:\wamp64\www\websetup\system\View\View.php(210): include('C:\\wamp64\\www\\w...')
#6 C:\wamp64\www\websetup\system\View\View.php(213): CodeIgniter\View\View->CodeIgniter\View\{closure}()
#7 C:\wamp64\www\websetup\system\Common.php(1089): CodeIgniter\View\View->render('home_view', Array, true)
#8 C:\wamp64\www\websetup\app\Controllers\HomePage.php(60): view('home_view', Array)
#9 C:\wamp64\www\websetup\system\CodeIgniter.php(825): App\Controllers\HomePage->index()
#10 C:\wamp64\www\websetup\system\CodeIgniter.php(412): CodeIgniter\CodeIgniter->runController(Object(App\Controllers\HomePage))
#11 C:\wamp64\www\websetup\system\CodeIgniter.php(320): CodeIgniter\CodeIgniter->handleRequest(NULL, Object(Config\Cache), false)
#12 C:\wamp64\www\websetup\public\index.php(37): CodeIgniter\CodeIgniter->run()
#13 {main}
CRITICAL - 2022-08-04 05:04:48 --> Undefined index: status
#0 C:\wamp64\www\websetup\app\Views\layouts\footer.php(30): CodeIgniter\Debug\Exceptions->errorHandler(8, 'Undefined index...', 'C:\\wamp64\\www\\w...', 30, Array)
#1 C:\wamp64\www\websetup\system\View\View.php(210): include('C:\\wamp64\\www\\w...')
#2 C:\wamp64\www\websetup\system\View\View.php(213): CodeIgniter\View\View->CodeIgniter\View\{closure}()
#3 C:\wamp64\www\websetup\system\Common.php(1089): CodeIgniter\View\View->render('layouts/footer', Array, true)
#4 C:\wamp64\www\websetup\app\Views\home_view.php(222): view('layouts/footer')
#5 C:\wamp64\www\websetup\system\View\View.php(210): include('C:\\wamp64\\www\\w...')
#6 C:\wamp64\www\websetup\system\View\View.php(213): CodeIgniter\View\View->CodeIgniter\View\{closure}()
#7 C:\wamp64\www\websetup\system\Common.php(1089): CodeIgniter\View\View->render('home_view', Array, true)
#8 C:\wamp64\www\websetup\app\Controllers\HomePage.php(60): view('home_view', Array)
#9 C:\wamp64\www\websetup\system\CodeIgniter.php(825): App\Controllers\HomePage->index()
#10 C:\wamp64\www\websetup\system\CodeIgniter.php(412): CodeIgniter\CodeIgniter->runController(Object(App\Controllers\HomePage))
#11 C:\wamp64\www\websetup\system\CodeIgniter.php(320): CodeIgniter\CodeIgniter->handleRequest(NULL, Object(Config\Cache), false)
#12 C:\wamp64\www\websetup\public\index.php(37): CodeIgniter\CodeIgniter->run()
#13 {main}
CRITICAL - 2022-08-04 05:12:50 --> Undefined index: status
#0 C:\wamp64\www\websetup\app\Views\layouts\footer.php(30): CodeIgniter\Debug\Exceptions->errorHandler(8, 'Undefined index...', 'C:\\wamp64\\www\\w...', 30, Array)
#1 C:\wamp64\www\websetup\system\View\View.php(210): include('C:\\wamp64\\www\\w...')
#2 C:\wamp64\www\websetup\system\View\View.php(213): CodeIgniter\View\View->CodeIgniter\View\{closure}()
#3 C:\wamp64\www\websetup\system\Common.php(1089): CodeIgniter\View\View->render('layouts/footer', Array, true)
#4 C:\wamp64\www\websetup\app\Views\home_view.php(222): view('layouts/footer')
#5 C:\wamp64\www\websetup\system\View\View.php(210): include('C:\\wamp64\\www\\w...')
#6 C:\wamp64\www\websetup\system\View\View.php(213): CodeIgniter\View\View->CodeIgniter\View\{closure}()
#7 C:\wamp64\www\websetup\system\Common.php(1089): CodeIgniter\View\View->render('home_view', Array, true)
#8 C:\wamp64\www\websetup\app\Controllers\HomePage.php(60): view('home_view', Array)
#9 C:\wamp64\www\websetup\system\CodeIgniter.php(825): App\Controllers\HomePage->index()
#10 C:\wamp64\www\websetup\system\CodeIgniter.php(412): CodeIgniter\CodeIgniter->runController(Object(App\Controllers\HomePage))
#11 C:\wamp64\www\websetup\system\CodeIgniter.php(320): CodeIgniter\CodeIgniter->handleRequest(NULL, Object(Config\Cache), false)
#12 C:\wamp64\www\websetup\public\index.php(37): CodeIgniter\CodeIgniter->run()
#13 {main}
CRITICAL - 2022-08-04 05:13:40 --> Undefined index: staff_id
#0 C:\wamp64\www\websetup\app\Views\admin\staffpage.php(36): CodeIgniter\Debug\Exceptions->errorHandler(8, 'Undefined index...', 'C:\\wamp64\\www\\w...', 36, Array)
#1 C:\wamp64\www\websetup\system\View\View.php(210): include('C:\\wamp64\\www\\w...')
#2 C:\wamp64\www\websetup\system\View\View.php(213): CodeIgniter\View\View->CodeIgniter\View\{closure}()
#3 C:\wamp64\www\websetup\system\Common.php(1089): CodeIgniter\View\View->render('admin/staffpage', Array, true)
#4 C:\wamp64\www\websetup\app\Controllers\AdminPageStaff.php(21): view('admin/staffpage', Array)
#5 C:\wamp64\www\websetup\system\CodeIgniter.php(825): App\Controllers\AdminPageStaff->index()
#6 C:\wamp64\www\websetup\system\CodeIgniter.php(412): CodeIgniter\CodeIgniter->runController(Object(App\Controllers\AdminPageStaff))
#7 C:\wamp64\www\websetup\system\CodeIgniter.php(320): CodeIgniter\CodeIgniter->handleRequest(NULL, Object(Config\Cache), false)
#8 C:\wamp64\www\websetup\public\index.php(37): CodeIgniter\CodeIgniter->run()
#9 {main}
CRITICAL - 2022-08-04 05:14:01 --> Undefined index: status
#0 C:\wamp64\www\websetup\app\Views\layouts\footer.php(30): CodeIgniter\Debug\Exceptions->errorHandler(8, 'Undefined index...', 'C:\\wamp64\\www\\w...', 30, Array)
#1 C:\wamp64\www\websetup\system\View\View.php(210): include('C:\\wamp64\\www\\w...')
#2 C:\wamp64\www\websetup\system\View\View.php(213): CodeIgniter\View\View->CodeIgniter\View\{closure}()
#3 C:\wamp64\www\websetup\system\Common.php(1089): CodeIgniter\View\View->render('layouts/footer', Array, true)
#4 C:\wamp64\www\websetup\app\Views\home_view.php(222): view('layouts/footer')
#5 C:\wamp64\www\websetup\system\View\View.php(210): include('C:\\wamp64\\www\\w...')
#6 C:\wamp64\www\websetup\system\View\View.php(213): CodeIgniter\View\View->CodeIgniter\View\{closure}()
#7 C:\wamp64\www\websetup\system\Common.php(1089): CodeIgniter\View\View->render('home_view', Array, true)
#8 C:\wamp64\www\websetup\app\Controllers\HomePage.php(60): view('home_view', Array)
#9 C:\wamp64\www\websetup\system\CodeIgniter.php(825): App\Controllers\HomePage->index()
#10 C:\wamp64\www\websetup\system\CodeIgniter.php(412): CodeIgniter\CodeIgniter->runController(Object(App\Controllers\HomePage))
#11 C:\wamp64\www\websetup\system\CodeIgniter.php(320): CodeIgniter\CodeIgniter->handleRequest(NULL, Object(Config\Cache), false)
#12 C:\wamp64\www\websetup\public\index.php(37): CodeIgniter\CodeIgniter->run()
#13 {main}
CRITICAL - 2022-08-04 05:14:58 --> Undefined index: status
#0 C:\wamp64\www\websetup\app\Views\layouts\footer.php(30): CodeIgniter\Debug\Exceptions->errorHandler(8, 'Undefined index...', 'C:\\wamp64\\www\\w...', 30, Array)
#1 C:\wamp64\www\websetup\system\View\View.php(210): include('C:\\wamp64\\www\\w...')
#2 C:\wamp64\www\websetup\system\View\View.php(213): CodeIgniter\View\View->CodeIgniter\View\{closure}()
#3 C:\wamp64\www\websetup\system\Common.php(1089): CodeIgniter\View\View->render('layouts/footer', Array, true)
#4 C:\wamp64\www\websetup\app\Views\pricing.php(48): view('layouts/footer')
#5 C:\wamp64\www\websetup\system\View\View.php(210): include('C:\\wamp64\\www\\w...')
#6 C:\wamp64\www\websetup\system\View\View.php(213): CodeIgniter\View\View->CodeIgniter\View\{closure}()
#7 C:\wamp64\www\websetup\system\Common.php(1089): CodeIgniter\View\View->render('/pricing', Array, true)
#8 C:\wamp64\www\websetup\app\Controllers\Pricing.php(48): view('/pricing', Array)
#9 C:\wamp64\www\websetup\system\CodeIgniter.php(825): App\Controllers\Pricing->index()
#10 C:\wamp64\www\websetup\system\CodeIgniter.php(412): CodeIgniter\CodeIgniter->runController(Object(App\Controllers\Pricing))
#11 C:\wamp64\www\websetup\system\CodeIgniter.php(320): CodeIgniter\CodeIgniter->handleRequest(NULL, Object(Config\Cache), false)
#12 C:\wamp64\www\websetup\public\index.php(37): CodeIgniter\CodeIgniter->run()
#13 {main}
CRITICAL - 2022-08-04 20:26:04 --> Undefined index: status
#0 C:\wamp64\www\websetup\app\Views\layouts\footer.php(30): CodeIgniter\Debug\Exceptions->errorHandler(8, 'Undefined index...', 'C:\\wamp64\\www\\w...', 30, Array)
#1 C:\wamp64\www\websetup\system\View\View.php(210): include('C:\\wamp64\\www\\w...')
#2 C:\wamp64\www\websetup\system\View\View.php(213): CodeIgniter\View\View->CodeIgniter\View\{closure}()
#3 C:\wamp64\www\websetup\system\Common.php(1089): CodeIgniter\View\View->render('layouts/footer', Array, true)
#4 C:\wamp64\www\websetup\app\Views\home_view.php(222): view('layouts/footer')
#5 C:\wamp64\www\websetup\system\View\View.php(210): include('C:\\wamp64\\www\\w...')
#6 C:\wamp64\www\websetup\system\View\View.php(213): CodeIgniter\View\View->CodeIgniter\View\{closure}()
#7 C:\wamp64\www\websetup\system\Common.php(1089): CodeIgniter\View\View->render('home_view', Array, true)
#8 C:\wamp64\www\websetup\app\Controllers\HomePage.php(60): view('home_view', Array)
#9 C:\wamp64\www\websetup\system\CodeIgniter.php(825): App\Controllers\HomePage->index()
#10 C:\wamp64\www\websetup\system\CodeIgniter.php(412): CodeIgniter\CodeIgniter->runController(Object(App\Controllers\HomePage))
#11 C:\wamp64\www\websetup\system\CodeIgniter.php(320): CodeIgniter\CodeIgniter->handleRequest(NULL, Object(Config\Cache), false)
#12 C:\wamp64\www\websetup\public\index.php(37): CodeIgniter\CodeIgniter->run()
#13 {main}
CRITICAL - 2022-08-04 20:27:07 --> Undefined index: status
#0 C:\wamp64\www\websetup\app\Views\layouts\footer.php(30): CodeIgniter\Debug\Exceptions->errorHandler(8, 'Undefined index...', 'C:\\wamp64\\www\\w...', 30, Array)
#1 C:\wamp64\www\websetup\system\View\View.php(210): include('C:\\wamp64\\www\\w...')
#2 C:\wamp64\www\websetup\system\View\View.php(213): CodeIgniter\View\View->CodeIgniter\View\{closure}()
#3 C:\wamp64\www\websetup\system\Common.php(1089): CodeIgniter\View\View->render('layouts/footer', Array, true)
#4 C:\wamp64\www\websetup\app\Views\assessment.php(216): view('layouts/footer')
#5 C:\wamp64\www\websetup\system\View\View.php(210): include('C:\\wamp64\\www\\w...')
#6 C:\wamp64\www\websetup\system\View\View.php(213): CodeIgniter\View\View->CodeIgniter\View\{closure}()
#7 C:\wamp64\www\websetup\system\Common.php(1089): CodeIgniter\View\View->render('/assessment', Array, true)
#8 C:\wamp64\www\websetup\app\Controllers\Assessment.php(57): view('/assessment', Array)
#9 C:\wamp64\www\websetup\system\CodeIgniter.php(825): App\Controllers\Assessment->index()
#10 C:\wamp64\www\websetup\system\CodeIgniter.php(412): CodeIgniter\CodeIgniter->runController(Object(App\Controllers\Assessment))
#11 C:\wamp64\www\websetup\system\CodeIgniter.php(320): CodeIgniter\CodeIgniter->handleRequest(NULL, Object(Config\Cache), false)
#12 C:\wamp64\www\websetup\public\index.php(37): CodeIgniter\CodeIgniter->run()
#13 {main}
