CRITICAL - 2022-02-27 23:06:08 --> cURL error 60: SSL certificate problem: unable to get local issuer certificate (see https://curl.haxx.se/libcurl/c/libcurl-errors.html) for https://oauth2.googleapis.com/token
#0 C:\wamp64\www\websetup\app\Libraries\vendor\guzzlehttp\guzzle\src\Handler\CurlFactory.php(158): GuzzleHttp\Handler\CurlFactory::createRejection()
#1 C:\wamp64\www\websetup\app\Libraries\vendor\guzzlehttp\guzzle\src\Handler\CurlFactory.php(110): GuzzleHttp\Handler\CurlFactory::finishError()
#2 C:\wamp64\www\websetup\app\Libraries\vendor\guzzlehttp\guzzle\src\Handler\CurlHandler.php(47): GuzzleHttp\Handler\CurlFactory::finish()
#3 C:\wamp64\www\websetup\app\Libraries\vendor\guzzlehttp\guzzle\src\Handler\Proxy.php(28): GuzzleHttp\Handler\CurlHandler->__invoke()
#4 C:\wamp64\www\websetup\app\Libraries\vendor\guzzlehttp\guzzle\src\Handler\Proxy.php(48): GuzzleHttp\Handler\Proxy::GuzzleHttp\Handler\{closure}()
#5 C:\wamp64\www\websetup\app\Libraries\vendor\guzzlehttp\guzzle\src\PrepareBodyMiddleware.php(64): GuzzleHttp\Handler\Proxy::GuzzleHttp\Handler\{closure}()
#6 C:\wamp64\www\websetup\app\Libraries\vendor\guzzlehttp\guzzle\src\Middleware.php(31): GuzzleHttp\PrepareBodyMiddleware->__invoke()
#7 C:\wamp64\www\websetup\app\Libraries\vendor\guzzlehttp\guzzle\src\RedirectMiddleware.php(71): GuzzleHttp\Middleware::GuzzleHttp\{closure}()
#8 C:\wamp64\www\websetup\app\Libraries\vendor\guzzlehttp\guzzle\src\Middleware.php(61): GuzzleHttp\RedirectMiddleware->__invoke()
#9 C:\wamp64\www\websetup\app\Libraries\vendor\guzzlehttp\guzzle\src\HandlerStack.php(75): GuzzleHttp\Middleware::GuzzleHttp\{closure}()
#10 C:\wamp64\www\websetup\app\Libraries\vendor\guzzlehttp\guzzle\src\Client.php(331): GuzzleHttp\HandlerStack->__invoke()
#11 C:\wamp64\www\websetup\app\Libraries\vendor\guzzlehttp\guzzle\src\Client.php(107): GuzzleHttp\Client->transfer()
#12 C:\wamp64\www\websetup\app\Libraries\vendor\guzzlehttp\guzzle\src\Client.php(123): GuzzleHttp\Client->sendAsync()
#13 C:\wamp64\www\websetup\app\Libraries\vendor\google\auth\src\HttpHandler\Guzzle6HttpHandler.php(47): GuzzleHttp\Client->send()
#14 C:\wamp64\www\websetup\app\Libraries\vendor\google\auth\src\OAuth2.php(535): Google\Auth\HttpHandler\Guzzle6HttpHandler->__invoke()
#15 C:\wamp64\www\websetup\app\Libraries\vendor\google\apiclient\src\Client.php(257): Google\Auth\OAuth2->fetchAuthToken()
#16 C:\wamp64\www\websetup\app\Controllers\LogIn.php(30): Google\Client->fetchAccessTokenWithAuthCode()
#17 C:\wamp64\www\websetup\system\CodeIgniter.php(825): App\Controllers\LogIn->index()
#18 C:\wamp64\www\websetup\system\CodeIgniter.php(412): CodeIgniter\CodeIgniter->runController()
#19 C:\wamp64\www\websetup\system\CodeIgniter.php(320): CodeIgniter\CodeIgniter->handleRequest()
#20 C:\wamp64\www\websetup\public\index.php(37): CodeIgniter\CodeIgniter->run()
#21 C:\wamp64\www\websetup\system\Commands\Server\rewrite.php(43): require_once('...')
#22 {main}
CRITICAL - 2022-02-27 23:24:48 --> cURL error 60: SSL certificate problem: unable to get local issuer certificate (see https://curl.haxx.se/libcurl/c/libcurl-errors.html) for https://oauth2.googleapis.com/token
#0 C:\wamp64\www\websetup\app\Libraries\vendor\guzzlehttp\guzzle\src\Handler\CurlFactory.php(158): GuzzleHttp\Handler\CurlFactory::createRejection()
#1 C:\wamp64\www\websetup\app\Libraries\vendor\guzzlehttp\guzzle\src\Handler\CurlFactory.php(110): GuzzleHttp\Handler\CurlFactory::finishError()
#2 C:\wamp64\www\websetup\app\Libraries\vendor\guzzlehttp\guzzle\src\Handler\CurlHandler.php(47): GuzzleHttp\Handler\CurlFactory::finish()
#3 C:\wamp64\www\websetup\app\Libraries\vendor\guzzlehttp\guzzle\src\Handler\Proxy.php(28): GuzzleHttp\Handler\CurlHandler->__invoke()
#4 C:\wamp64\www\websetup\app\Libraries\vendor\guzzlehttp\guzzle\src\Handler\Proxy.php(48): GuzzleHttp\Handler\Proxy::GuzzleHttp\Handler\{closure}()
#5 C:\wamp64\www\websetup\app\Libraries\vendor\guzzlehttp\guzzle\src\PrepareBodyMiddleware.php(64): GuzzleHttp\Handler\Proxy::GuzzleHttp\Handler\{closure}()
#6 C:\wamp64\www\websetup\app\Libraries\vendor\guzzlehttp\guzzle\src\Middleware.php(31): GuzzleHttp\PrepareBodyMiddleware->__invoke()
#7 C:\wamp64\www\websetup\app\Libraries\vendor\guzzlehttp\guzzle\src\RedirectMiddleware.php(71): GuzzleHttp\Middleware::GuzzleHttp\{closure}()
#8 C:\wamp64\www\websetup\app\Libraries\vendor\guzzlehttp\guzzle\src\Middleware.php(61): GuzzleHttp\RedirectMiddleware->__invoke()
#9 C:\wamp64\www\websetup\app\Libraries\vendor\guzzlehttp\guzzle\src\HandlerStack.php(75): GuzzleHttp\Middleware::GuzzleHttp\{closure}()
#10 C:\wamp64\www\websetup\app\Libraries\vendor\guzzlehttp\guzzle\src\Client.php(331): GuzzleHttp\HandlerStack->__invoke()
#11 C:\wamp64\www\websetup\app\Libraries\vendor\guzzlehttp\guzzle\src\Client.php(107): GuzzleHttp\Client->transfer()
#12 C:\wamp64\www\websetup\app\Libraries\vendor\guzzlehttp\guzzle\src\Client.php(123): GuzzleHttp\Client->sendAsync()
#13 C:\wamp64\www\websetup\app\Libraries\vendor\google\auth\src\HttpHandler\Guzzle6HttpHandler.php(47): GuzzleHttp\Client->send()
#14 C:\wamp64\www\websetup\app\Libraries\vendor\google\auth\src\OAuth2.php(535): Google\Auth\HttpHandler\Guzzle6HttpHandler->__invoke()
#15 C:\wamp64\www\websetup\app\Libraries\vendor\google\apiclient\src\Client.php(257): Google\Auth\OAuth2->fetchAuthToken()
#16 C:\wamp64\www\websetup\app\Controllers\LogIn.php(30): Google\Client->fetchAccessTokenWithAuthCode()
#17 C:\wamp64\www\websetup\system\CodeIgniter.php(825): App\Controllers\LogIn->index()
#18 C:\wamp64\www\websetup\system\CodeIgniter.php(412): CodeIgniter\CodeIgniter->runController()
#19 C:\wamp64\www\websetup\system\CodeIgniter.php(320): CodeIgniter\CodeIgniter->handleRequest()
#20 C:\wamp64\www\websetup\public\index.php(37): CodeIgniter\CodeIgniter->run()
#21 C:\wamp64\www\websetup\system\Commands\Server\rewrite.php(43): require_once('...')
#22 {main}
CRITICAL - 2022-02-27 23:30:30 --> Undefined variable $error
#0 C:\wamp64\www\websetup\app\Libraries\vendor\guzzlehttp\guzzle\src\Handler\CurlFactory.php(211): CodeIgniter\Debug\Exceptions->errorHandler()
#1 C:\wamp64\www\websetup\app\Libraries\vendor\guzzlehttp\guzzle\src\Handler\CurlFactory.php(158): GuzzleHttp\Handler\CurlFactory::createRejection()
#2 C:\wamp64\www\websetup\app\Libraries\vendor\guzzlehttp\guzzle\src\Handler\CurlFactory.php(110): GuzzleHttp\Handler\CurlFactory::finishError()
#3 C:\wamp64\www\websetup\app\Libraries\vendor\guzzlehttp\guzzle\src\Handler\CurlHandler.php(47): GuzzleHttp\Handler\CurlFactory::finish()
#4 C:\wamp64\www\websetup\app\Libraries\vendor\guzzlehttp\guzzle\src\Handler\Proxy.php(28): GuzzleHttp\Handler\CurlHandler->__invoke()
#5 C:\wamp64\www\websetup\app\Libraries\vendor\guzzlehttp\guzzle\src\Handler\Proxy.php(48): GuzzleHttp\Handler\Proxy::GuzzleHttp\Handler\{closure}()
#6 C:\wamp64\www\websetup\app\Libraries\vendor\guzzlehttp\guzzle\src\PrepareBodyMiddleware.php(64): GuzzleHttp\Handler\Proxy::GuzzleHttp\Handler\{closure}()
#7 C:\wamp64\www\websetup\app\Libraries\vendor\guzzlehttp\guzzle\src\Middleware.php(31): GuzzleHttp\PrepareBodyMiddleware->__invoke()
#8 C:\wamp64\www\websetup\app\Libraries\vendor\guzzlehttp\guzzle\src\RedirectMiddleware.php(71): GuzzleHttp\Middleware::GuzzleHttp\{closure}()
#9 C:\wamp64\www\websetup\app\Libraries\vendor\guzzlehttp\guzzle\src\Middleware.php(61): GuzzleHttp\RedirectMiddleware->__invoke()
#10 C:\wamp64\www\websetup\app\Libraries\vendor\guzzlehttp\guzzle\src\HandlerStack.php(75): GuzzleHttp\Middleware::GuzzleHttp\{closure}()
#11 C:\wamp64\www\websetup\app\Libraries\vendor\guzzlehttp\guzzle\src\Client.php(331): GuzzleHttp\HandlerStack->__invoke()
#12 C:\wamp64\www\websetup\app\Libraries\vendor\guzzlehttp\guzzle\src\Client.php(107): GuzzleHttp\Client->transfer()
#13 C:\wamp64\www\websetup\app\Libraries\vendor\guzzlehttp\guzzle\src\Client.php(123): GuzzleHttp\Client->sendAsync()
#14 C:\wamp64\www\websetup\app\Libraries\vendor\google\auth\src\HttpHandler\Guzzle6HttpHandler.php(47): GuzzleHttp\Client->send()
#15 C:\wamp64\www\websetup\app\Libraries\vendor\google\auth\src\OAuth2.php(535): Google\Auth\HttpHandler\Guzzle6HttpHandler->__invoke()
#16 C:\wamp64\www\websetup\app\Libraries\vendor\google\apiclient\src\Client.php(257): Google\Auth\OAuth2->fetchAuthToken()
#17 C:\wamp64\www\websetup\app\Controllers\LogIn.php(30): Google\Client->fetchAccessTokenWithAuthCode()
#18 C:\wamp64\www\websetup\system\CodeIgniter.php(825): App\Controllers\LogIn->index()
#19 C:\wamp64\www\websetup\system\CodeIgniter.php(412): CodeIgniter\CodeIgniter->runController()
#20 C:\wamp64\www\websetup\system\CodeIgniter.php(320): CodeIgniter\CodeIgniter->handleRequest()
#21 C:\wamp64\www\websetup\public\index.php(37): CodeIgniter\CodeIgniter->run()
#22 C:\wamp64\www\websetup\system\Commands\Server\rewrite.php(43): require_once('...')
#23 {main}
CRITICAL - 2022-02-27 23:31:27 --> syntax error, unexpected token ";"
#0 C:\wamp64\www\websetup\app\Libraries\vendor\composer\ClassLoader.php(428): Composer\Autoload\includeFile()
#1 C:\wamp64\www\websetup\app\Libraries\vendor\guzzlehttp\guzzle\src\Handler\CurlMultiHandler.php(69): Composer\Autoload\ClassLoader->loadClass()
#2 C:\wamp64\www\websetup\app\Libraries\vendor\guzzlehttp\guzzle\src\Utils.php(90): GuzzleHttp\Handler\CurlMultiHandler->__construct()
#3 C:\wamp64\www\websetup\app\Libraries\vendor\guzzlehttp\guzzle\src\HandlerStack.php(49): GuzzleHttp\Utils::chooseHandler()
#4 C:\wamp64\www\websetup\app\Libraries\vendor\guzzlehttp\guzzle\src\Client.php(60): GuzzleHttp\HandlerStack::create()
#5 C:\wamp64\www\websetup\app\Libraries\vendor\google\apiclient\src\Client.php(1210): GuzzleHttp\Client->__construct()
#6 C:\wamp64\www\websetup\app\Libraries\vendor\google\apiclient\src\Client.php(1163): Google\Client->createDefaultHttpClient()
#7 C:\wamp64\www\websetup\app\Libraries\vendor\google\apiclient\src\Client.php(256): Google\Client->getHttpClient()
#8 C:\wamp64\www\websetup\app\Controllers\LogIn.php(30): Google\Client->fetchAccessTokenWithAuthCode()
#9 C:\wamp64\www\websetup\system\CodeIgniter.php(825): App\Controllers\LogIn->index()
#10 C:\wamp64\www\websetup\system\CodeIgniter.php(412): CodeIgniter\CodeIgniter->runController()
#11 C:\wamp64\www\websetup\system\CodeIgniter.php(320): CodeIgniter\CodeIgniter->handleRequest()
#12 C:\wamp64\www\websetup\public\index.php(37): CodeIgniter\CodeIgniter->run()
#13 C:\wamp64\www\websetup\system\Commands\Server\rewrite.php(43): require_once('...')
#14 {main}
CRITICAL - 2022-02-27 23:32:45 --> cURL error 60: SSL certificate problem: unable to get local issuer certificate (see https://curl.haxx.se/libcurl/c/libcurl-errors.html) for https://oauth2.googleapis.com/token
#0 C:\wamp64\www\websetup\app\Libraries\vendor\guzzlehttp\guzzle\src\Handler\CurlFactory.php(158): GuzzleHttp\Handler\CurlFactory::createRejection()
#1 C:\wamp64\www\websetup\app\Libraries\vendor\guzzlehttp\guzzle\src\Handler\CurlFactory.php(110): GuzzleHttp\Handler\CurlFactory::finishError()
#2 C:\wamp64\www\websetup\app\Libraries\vendor\guzzlehttp\guzzle\src\Handler\CurlHandler.php(47): GuzzleHttp\Handler\CurlFactory::finish()
#3 C:\wamp64\www\websetup\app\Libraries\vendor\guzzlehttp\guzzle\src\Handler\Proxy.php(28): GuzzleHttp\Handler\CurlHandler->__invoke()
#4 C:\wamp64\www\websetup\app\Libraries\vendor\guzzlehttp\guzzle\src\Handler\Proxy.php(48): GuzzleHttp\Handler\Proxy::GuzzleHttp\Handler\{closure}()
#5 C:\wamp64\www\websetup\app\Libraries\vendor\guzzlehttp\guzzle\src\PrepareBodyMiddleware.php(64): GuzzleHttp\Handler\Proxy::GuzzleHttp\Handler\{closure}()
#6 C:\wamp64\www\websetup\app\Libraries\vendor\guzzlehttp\guzzle\src\Middleware.php(31): GuzzleHttp\PrepareBodyMiddleware->__invoke()
#7 C:\wamp64\www\websetup\app\Libraries\vendor\guzzlehttp\guzzle\src\RedirectMiddleware.php(71): GuzzleHttp\Middleware::GuzzleHttp\{closure}()
#8 C:\wamp64\www\websetup\app\Libraries\vendor\guzzlehttp\guzzle\src\Middleware.php(61): GuzzleHttp\RedirectMiddleware->__invoke()
#9 C:\wamp64\www\websetup\app\Libraries\vendor\guzzlehttp\guzzle\src\HandlerStack.php(75): GuzzleHttp\Middleware::GuzzleHttp\{closure}()
#10 C:\wamp64\www\websetup\app\Libraries\vendor\guzzlehttp\guzzle\src\Client.php(331): GuzzleHttp\HandlerStack->__invoke()
#11 C:\wamp64\www\websetup\app\Libraries\vendor\guzzlehttp\guzzle\src\Client.php(107): GuzzleHttp\Client->transfer()
#12 C:\wamp64\www\websetup\app\Libraries\vendor\guzzlehttp\guzzle\src\Client.php(123): GuzzleHttp\Client->sendAsync()
#13 C:\wamp64\www\websetup\app\Libraries\vendor\google\auth\src\HttpHandler\Guzzle6HttpHandler.php(47): GuzzleHttp\Client->send()
#14 C:\wamp64\www\websetup\app\Libraries\vendor\google\auth\src\OAuth2.php(535): Google\Auth\HttpHandler\Guzzle6HttpHandler->__invoke()
#15 C:\wamp64\www\websetup\app\Libraries\vendor\google\apiclient\src\Client.php(257): Google\Auth\OAuth2->fetchAuthToken()
#16 C:\wamp64\www\websetup\app\Controllers\LogIn.php(30): Google\Client->fetchAccessTokenWithAuthCode()
#17 C:\wamp64\www\websetup\system\CodeIgniter.php(825): App\Controllers\LogIn->index()
#18 C:\wamp64\www\websetup\system\CodeIgniter.php(412): CodeIgniter\CodeIgniter->runController()
#19 C:\wamp64\www\websetup\system\CodeIgniter.php(320): CodeIgniter\CodeIgniter->handleRequest()
#20 C:\wamp64\www\websetup\public\index.php(37): CodeIgniter\CodeIgniter->run()
#21 C:\wamp64\www\websetup\system\Commands\Server\rewrite.php(43): require_once('...')
#22 {main}
