CRITICAL - 2022-08-19 00:38:55 --> syntax error, unexpected ';'
#0 C:\wamp64\www\websetup\system\Router\Router.php(175): CodeIgniter\Router\Router->autoRoute('appointment')
#1 C:\wamp64\www\websetup\system\CodeIgniter.php(719): CodeIgniter\Router\Router->handle('appointment')
#2 C:\wamp64\www\websetup\system\CodeIgniter.php(361): CodeIgniter\CodeIgniter->tryToRouteIt(Object(CodeIgniter\Router\RouteCollection))
#3 C:\wamp64\www\websetup\system\CodeIgniter.php(320): CodeIgniter\CodeIgniter->handleRequest(NULL, Object(Config\Cache), false)
#4 C:\wamp64\www\websetup\public\index.php(37): CodeIgniter\CodeIgniter->run()
#5 {main}
CRITICAL - 2022-08-19 02:50:28 --> syntax error, unexpected end of file
#0 C:\wamp64\www\websetup\system\View\View.php(213): CodeIgniter\View\View->CodeIgniter\View\{closure}()
#1 C:\wamp64\www\websetup\system\Common.php(1089): CodeIgniter\View\View->render('admin/businessp...', Array, true)
#2 C:\wamp64\www\websetup\app\Controllers\AdminPageBusiness.php(29): view('admin/businessp...', Array)
#3 C:\wamp64\www\websetup\system\CodeIgniter.php(825): App\Controllers\AdminPageBusiness->index()
#4 C:\wamp64\www\websetup\system\CodeIgniter.php(412): CodeIgniter\CodeIgniter->runController(Object(App\Controllers\AdminPageBusiness))
#5 C:\wamp64\www\websetup\system\CodeIgniter.php(320): CodeIgniter\CodeIgniter->handleRequest(NULL, Object(Config\Cache), false)
#6 C:\wamp64\www\websetup\public\index.php(37): CodeIgniter\CodeIgniter->run()
#7 {main}
CRITICAL - 2022-08-19 02:50:56 --> Illegal string offset 'image'
#0 C:\wamp64\www\websetup\app\Views\admin\businesspage.php(61): CodeIgniter\Debug\Exceptions->errorHandler(2, 'Illegal string ...', 'C:\\wamp64\\www\\w...', 61, Array)
#1 C:\wamp64\www\websetup\system\View\View.php(210): include('C:\\wamp64\\www\\w...')
#2 C:\wamp64\www\websetup\system\View\View.php(213): CodeIgniter\View\View->CodeIgniter\View\{closure}()
#3 C:\wamp64\www\websetup\system\Common.php(1089): CodeIgniter\View\View->render('admin/businessp...', Array, true)
#4 C:\wamp64\www\websetup\app\Controllers\AdminPageBusiness.php(29): view('admin/businessp...', Array)
#5 C:\wamp64\www\websetup\system\CodeIgniter.php(825): App\Controllers\AdminPageBusiness->index()
#6 C:\wamp64\www\websetup\system\CodeIgniter.php(412): CodeIgniter\CodeIgniter->runController(Object(App\Controllers\AdminPageBusiness))
#7 C:\wamp64\www\websetup\system\CodeIgniter.php(320): CodeIgniter\CodeIgniter->handleRequest(NULL, Object(Config\Cache), false)
#8 C:\wamp64\www\websetup\public\index.php(37): CodeIgniter\CodeIgniter->run()
#9 {main}
CRITICAL - 2022-08-19 02:55:21 --> Illegal string offset 'image'
#0 C:\wamp64\www\websetup\app\Views\admin\businesspage.php(64): CodeIgniter\Debug\Exceptions->errorHandler(2, 'Illegal string ...', 'C:\\wamp64\\www\\w...', 64, Array)
#1 C:\wamp64\www\websetup\system\View\View.php(210): include('C:\\wamp64\\www\\w...')
#2 C:\wamp64\www\websetup\system\View\View.php(213): CodeIgniter\View\View->CodeIgniter\View\{closure}()
#3 C:\wamp64\www\websetup\system\Common.php(1089): CodeIgniter\View\View->render('admin/businessp...', Array, true)
#4 C:\wamp64\www\websetup\app\Controllers\AdminPageBusiness.php(29): view('admin/businessp...', Array)
#5 C:\wamp64\www\websetup\system\CodeIgniter.php(825): App\Controllers\AdminPageBusiness->index()
#6 C:\wamp64\www\websetup\system\CodeIgniter.php(412): CodeIgniter\CodeIgniter->runController(Object(App\Controllers\AdminPageBusiness))
#7 C:\wamp64\www\websetup\system\CodeIgniter.php(320): CodeIgniter\CodeIgniter->handleRequest(NULL, Object(Config\Cache), false)
#8 C:\wamp64\www\websetup\public\index.php(37): CodeIgniter\CodeIgniter->run()
#9 {main}
CRITICAL - 2022-08-19 02:56:02 --> Illegal string offset 'info'
#0 C:\wamp64\www\websetup\app\Views\admin\businesspage.php(63): CodeIgniter\Debug\Exceptions->errorHandler(2, 'Illegal string ...', 'C:\\wamp64\\www\\w...', 63, Array)
#1 C:\wamp64\www\websetup\system\View\View.php(210): include('C:\\wamp64\\www\\w...')
#2 C:\wamp64\www\websetup\system\View\View.php(213): CodeIgniter\View\View->CodeIgniter\View\{closure}()
#3 C:\wamp64\www\websetup\system\Common.php(1089): CodeIgniter\View\View->render('admin/businessp...', Array, true)
#4 C:\wamp64\www\websetup\app\Controllers\AdminPageBusiness.php(29): view('admin/businessp...', Array)
#5 C:\wamp64\www\websetup\system\CodeIgniter.php(825): App\Controllers\AdminPageBusiness->index()
#6 C:\wamp64\www\websetup\system\CodeIgniter.php(412): CodeIgniter\CodeIgniter->runController(Object(App\Controllers\AdminPageBusiness))
#7 C:\wamp64\www\websetup\system\CodeIgniter.php(320): CodeIgniter\CodeIgniter->handleRequest(NULL, Object(Config\Cache), false)
#8 C:\wamp64\www\websetup\public\index.php(37): CodeIgniter\CodeIgniter->run()
#9 {main}
