CRITICAL - 2022-03-08 00:13:16 --> Class "App\Models\Header" not found
#0 C:\wamp64\www\websetup\system\CodeIgniter.php(825): App\Controllers\HomePage->index()
#1 C:\wamp64\www\websetup\system\CodeIgniter.php(412): CodeIgniter\CodeIgniter->runController()
#2 C:\wamp64\www\websetup\system\CodeIgniter.php(320): CodeIgniter\CodeIgniter->handleRequest()
#3 C:\wamp64\www\websetup\public\index.php(37): CodeIgniter\CodeIgniter->run()
#4 C:\wamp64\www\websetup\system\Commands\Server\rewrite.php(43): require_once('...')
#5 {main}
CRITICAL - 2022-03-08 00:14:23 --> Class "App\Controllers\Header" not found
#0 C:\wamp64\www\websetup\system\CodeIgniter.php(825): App\Controllers\HomePage->index()
#1 C:\wamp64\www\websetup\system\CodeIgniter.php(412): CodeIgniter\CodeIgniter->runController()
#2 C:\wamp64\www\websetup\system\CodeIgniter.php(320): CodeIgniter\CodeIgniter->handleRequest()
#3 C:\wamp64\www\websetup\public\index.php(37): CodeIgniter\CodeIgniter->run()
#4 C:\wamp64\www\websetup\system\Commands\Server\rewrite.php(43): require_once('...')
#5 {main}
CRITICAL - 2022-03-08 00:14:34 --> Cannot use object of type App\Models\HeaderModel as array
#0 C:\wamp64\www\websetup\system\View\View.php(210): include()
#1 C:\wamp64\www\websetup\system\View\View.php(213): CodeIgniter\View\View->CodeIgniter\View\{closure}()
#2 C:\wamp64\www\websetup\system\Common.php(1089): CodeIgniter\View\View->render()
#3 C:\wamp64\www\websetup\app\Views\layouts\main_view.php(3): view()
#4 C:\wamp64\www\websetup\system\View\View.php(210): include('...')
#5 C:\wamp64\www\websetup\system\View\View.php(213): CodeIgniter\View\View->CodeIgniter\View\{closure}()
#6 C:\wamp64\www\websetup\system\Common.php(1089): CodeIgniter\View\View->render()
#7 C:\wamp64\www\websetup\app\Controllers\HomePage.php(19): view()
#8 C:\wamp64\www\websetup\system\CodeIgniter.php(825): App\Controllers\HomePage->index()
#9 C:\wamp64\www\websetup\system\CodeIgniter.php(412): CodeIgniter\CodeIgniter->runController()
#10 C:\wamp64\www\websetup\system\CodeIgniter.php(320): CodeIgniter\CodeIgniter->handleRequest()
#11 C:\wamp64\www\websetup\public\index.php(37): CodeIgniter\CodeIgniter->run()
#12 C:\wamp64\www\websetup\system\Commands\Server\rewrite.php(43): require_once('...')
#13 {main}
CRITICAL - 2022-03-08 00:17:19 --> Trying to access array offset on value of type null
#0 C:\wamp64\www\websetup\app\Views\layouts\header.php(43): CodeIgniter\Debug\Exceptions->errorHandler()
#1 C:\wamp64\www\websetup\system\View\View.php(210): include('...')
#2 C:\wamp64\www\websetup\system\View\View.php(213): CodeIgniter\View\View->CodeIgniter\View\{closure}()
#3 C:\wamp64\www\websetup\system\Common.php(1089): CodeIgniter\View\View->render()
#4 C:\wamp64\www\websetup\app\Views\layouts\main_view.php(3): view()
#5 C:\wamp64\www\websetup\system\View\View.php(210): include('...')
#6 C:\wamp64\www\websetup\system\View\View.php(213): CodeIgniter\View\View->CodeIgniter\View\{closure}()
#7 C:\wamp64\www\websetup\system\Common.php(1089): CodeIgniter\View\View->render()
#8 C:\wamp64\www\websetup\app\Controllers\HomePage.php(19): view()
#9 C:\wamp64\www\websetup\system\CodeIgniter.php(825): App\Controllers\HomePage->index()
#10 C:\wamp64\www\websetup\system\CodeIgniter.php(412): CodeIgniter\CodeIgniter->runController()
#11 C:\wamp64\www\websetup\system\CodeIgniter.php(320): CodeIgniter\CodeIgniter->handleRequest()
#12 C:\wamp64\www\websetup\public\index.php(37): CodeIgniter\CodeIgniter->run()
#13 C:\wamp64\www\websetup\system\Commands\Server\rewrite.php(43): require_once('...')
#14 {main}
CRITICAL - 2022-03-08 00:19:08 --> Trying to access array offset on value of type null
#0 C:\wamp64\www\websetup\app\Views\layouts\header.php(43): CodeIgniter\Debug\Exceptions->errorHandler()
#1 C:\wamp64\www\websetup\system\View\View.php(210): include('...')
#2 C:\wamp64\www\websetup\system\View\View.php(213): CodeIgniter\View\View->CodeIgniter\View\{closure}()
#3 C:\wamp64\www\websetup\system\Common.php(1089): CodeIgniter\View\View->render()
#4 C:\wamp64\www\websetup\app\Views\layouts\main_view.php(3): view()
#5 C:\wamp64\www\websetup\system\View\View.php(210): include('...')
#6 C:\wamp64\www\websetup\system\View\View.php(213): CodeIgniter\View\View->CodeIgniter\View\{closure}()
#7 C:\wamp64\www\websetup\system\Common.php(1089): CodeIgniter\View\View->render()
#8 C:\wamp64\www\websetup\app\Controllers\HomePage.php(19): view()
#9 C:\wamp64\www\websetup\system\CodeIgniter.php(825): App\Controllers\HomePage->index()
#10 C:\wamp64\www\websetup\system\CodeIgniter.php(412): CodeIgniter\CodeIgniter->runController()
#11 C:\wamp64\www\websetup\system\CodeIgniter.php(320): CodeIgniter\CodeIgniter->handleRequest()
#12 C:\wamp64\www\websetup\public\index.php(37): CodeIgniter\CodeIgniter->run()
#13 C:\wamp64\www\websetup\system\Commands\Server\rewrite.php(43): require_once('...')
#14 {main}
CRITICAL - 2022-03-08 00:20:06 --> Trying to access array offset on value of type null
#0 C:\wamp64\www\websetup\app\Views\layouts\header.php(44): CodeIgniter\Debug\Exceptions->errorHandler()
#1 C:\wamp64\www\websetup\system\View\View.php(210): include('...')
#2 C:\wamp64\www\websetup\system\View\View.php(213): CodeIgniter\View\View->CodeIgniter\View\{closure}()
#3 C:\wamp64\www\websetup\system\Common.php(1089): CodeIgniter\View\View->render()
#4 C:\wamp64\www\websetup\app\Views\layouts\main_view.php(3): view()
#5 C:\wamp64\www\websetup\system\View\View.php(210): include('...')
#6 C:\wamp64\www\websetup\system\View\View.php(213): CodeIgniter\View\View->CodeIgniter\View\{closure}()
#7 C:\wamp64\www\websetup\system\Common.php(1089): CodeIgniter\View\View->render()
#8 C:\wamp64\www\websetup\app\Controllers\HomePage.php(19): view()
#9 C:\wamp64\www\websetup\system\CodeIgniter.php(825): App\Controllers\HomePage->index()
#10 C:\wamp64\www\websetup\system\CodeIgniter.php(412): CodeIgniter\CodeIgniter->runController()
#11 C:\wamp64\www\websetup\system\CodeIgniter.php(320): CodeIgniter\CodeIgniter->handleRequest()
#12 C:\wamp64\www\websetup\public\index.php(37): CodeIgniter\CodeIgniter->run()
#13 C:\wamp64\www\websetup\system\Commands\Server\rewrite.php(43): require_once('...')
#14 {main}
CRITICAL - 2022-03-08 00:31:23 --> syntax error, unexpected token "endforeach", expecting "elseif" or "else" or "endif"
#0 C:\wamp64\www\websetup\system\View\View.php(213): CodeIgniter\View\View->CodeIgniter\View\{closure}()
#1 C:\wamp64\www\websetup\system\Common.php(1089): CodeIgniter\View\View->render()
#2 C:\wamp64\www\websetup\app\Views\layouts\main_view.php(3): view()
#3 C:\wamp64\www\websetup\system\View\View.php(210): include('...')
#4 C:\wamp64\www\websetup\system\View\View.php(213): CodeIgniter\View\View->CodeIgniter\View\{closure}()
#5 C:\wamp64\www\websetup\system\Common.php(1089): CodeIgniter\View\View->render()
#6 C:\wamp64\www\websetup\app\Controllers\HomePage.php(19): view()
#7 C:\wamp64\www\websetup\system\CodeIgniter.php(825): App\Controllers\HomePage->index()
#8 C:\wamp64\www\websetup\system\CodeIgniter.php(412): CodeIgniter\CodeIgniter->runController()
#9 C:\wamp64\www\websetup\system\CodeIgniter.php(320): CodeIgniter\CodeIgniter->handleRequest()
#10 C:\wamp64\www\websetup\public\index.php(37): CodeIgniter\CodeIgniter->run()
#11 C:\wamp64\www\websetup\system\Commands\Server\rewrite.php(43): require_once('...')
#12 {main}
CRITICAL - 2022-03-08 00:36:21 --> Trying to access array offset on value of type null
#0 C:\wamp64\www\websetup\app\Views\layouts\header.php(44): CodeIgniter\Debug\Exceptions->errorHandler()
#1 C:\wamp64\www\websetup\system\View\View.php(210): include('...')
#2 C:\wamp64\www\websetup\system\View\View.php(213): CodeIgniter\View\View->CodeIgniter\View\{closure}()
#3 C:\wamp64\www\websetup\system\Common.php(1089): CodeIgniter\View\View->render()
#4 C:\wamp64\www\websetup\app\Views\layouts\main_view.php(3): view()
#5 C:\wamp64\www\websetup\system\View\View.php(210): include('...')
#6 C:\wamp64\www\websetup\system\View\View.php(213): CodeIgniter\View\View->CodeIgniter\View\{closure}()
#7 C:\wamp64\www\websetup\system\Common.php(1089): CodeIgniter\View\View->render()
#8 C:\wamp64\www\websetup\app\Controllers\HomePage.php(19): view()
#9 C:\wamp64\www\websetup\system\CodeIgniter.php(825): App\Controllers\HomePage->index()
#10 C:\wamp64\www\websetup\system\CodeIgniter.php(412): CodeIgniter\CodeIgniter->runController()
#11 C:\wamp64\www\websetup\system\CodeIgniter.php(320): CodeIgniter\CodeIgniter->handleRequest()
#12 C:\wamp64\www\websetup\public\index.php(37): CodeIgniter\CodeIgniter->run()
#13 C:\wamp64\www\websetup\system\Commands\Server\rewrite.php(43): require_once('...')
#14 {main}
CRITICAL - 2022-03-08 00:36:53 --> Trying to access array offset on value of type null
#0 C:\wamp64\www\websetup\app\Views\layouts\header.php(43): CodeIgniter\Debug\Exceptions->errorHandler()
#1 C:\wamp64\www\websetup\system\View\View.php(210): include('...')
#2 C:\wamp64\www\websetup\system\View\View.php(213): CodeIgniter\View\View->CodeIgniter\View\{closure}()
#3 C:\wamp64\www\websetup\system\Common.php(1089): CodeIgniter\View\View->render()
#4 C:\wamp64\www\websetup\app\Views\layouts\main_view.php(3): view()
#5 C:\wamp64\www\websetup\system\View\View.php(210): include('...')
#6 C:\wamp64\www\websetup\system\View\View.php(213): CodeIgniter\View\View->CodeIgniter\View\{closure}()
#7 C:\wamp64\www\websetup\system\Common.php(1089): CodeIgniter\View\View->render()
#8 C:\wamp64\www\websetup\app\Controllers\HomePage.php(19): view()
#9 C:\wamp64\www\websetup\system\CodeIgniter.php(825): App\Controllers\HomePage->index()
#10 C:\wamp64\www\websetup\system\CodeIgniter.php(412): CodeIgniter\CodeIgniter->runController()
#11 C:\wamp64\www\websetup\system\CodeIgniter.php(320): CodeIgniter\CodeIgniter->handleRequest()
#12 C:\wamp64\www\websetup\public\index.php(37): CodeIgniter\CodeIgniter->run()
#13 C:\wamp64\www\websetup\system\Commands\Server\rewrite.php(43): require_once('...')
#14 {main}
CRITICAL - 2022-03-08 00:39:58 --> Cannot use object of type App\Models\HeaderModel as array
#0 C:\wamp64\www\websetup\system\View\View.php(210): include()
#1 C:\wamp64\www\websetup\system\View\View.php(213): CodeIgniter\View\View->CodeIgniter\View\{closure}()
#2 C:\wamp64\www\websetup\system\Common.php(1089): CodeIgniter\View\View->render()
#3 C:\wamp64\www\websetup\app\Views\layouts\main_view.php(3): view()
#4 C:\wamp64\www\websetup\system\View\View.php(210): include('...')
#5 C:\wamp64\www\websetup\system\View\View.php(213): CodeIgniter\View\View->CodeIgniter\View\{closure}()
#6 C:\wamp64\www\websetup\system\Common.php(1089): CodeIgniter\View\View->render()
#7 C:\wamp64\www\websetup\app\Controllers\HomePage.php(19): view()
#8 C:\wamp64\www\websetup\system\CodeIgniter.php(825): App\Controllers\HomePage->index()
#9 C:\wamp64\www\websetup\system\CodeIgniter.php(412): CodeIgniter\CodeIgniter->runController()
#10 C:\wamp64\www\websetup\system\CodeIgniter.php(320): CodeIgniter\CodeIgniter->handleRequest()
#11 C:\wamp64\www\websetup\public\index.php(37): CodeIgniter\CodeIgniter->run()
#12 C:\wamp64\www\websetup\system\Commands\Server\rewrite.php(43): require_once('...')
#13 {main}
CRITICAL - 2022-03-08 00:51:34 --> Cannot use object of type App\Models\HeaderModel as array
#0 C:\wamp64\www\websetup\system\View\View.php(210): include()
#1 C:\wamp64\www\websetup\system\View\View.php(213): CodeIgniter\View\View->CodeIgniter\View\{closure}()
#2 C:\wamp64\www\websetup\system\Common.php(1089): CodeIgniter\View\View->render()
#3 C:\wamp64\www\websetup\app\Views\layouts\main_view.php(3): view()
#4 C:\wamp64\www\websetup\system\View\View.php(210): include('...')
#5 C:\wamp64\www\websetup\system\View\View.php(213): CodeIgniter\View\View->CodeIgniter\View\{closure}()
#6 C:\wamp64\www\websetup\system\Common.php(1089): CodeIgniter\View\View->render()
#7 C:\wamp64\www\websetup\app\Controllers\HomePage.php(19): view()
#8 C:\wamp64\www\websetup\system\CodeIgniter.php(825): App\Controllers\HomePage->index()
#9 C:\wamp64\www\websetup\system\CodeIgniter.php(412): CodeIgniter\CodeIgniter->runController()
#10 C:\wamp64\www\websetup\system\CodeIgniter.php(320): CodeIgniter\CodeIgniter->handleRequest()
#11 C:\wamp64\www\websetup\public\index.php(37): CodeIgniter\CodeIgniter->run()
#12 C:\wamp64\www\websetup\system\Commands\Server\rewrite.php(43): require_once('...')
#13 {main}
CRITICAL - 2022-03-08 00:53:19 --> Cannot use object of type App\Models\HeaderModel as array
#0 C:\wamp64\www\websetup\system\View\View.php(210): include()
#1 C:\wamp64\www\websetup\system\View\View.php(213): CodeIgniter\View\View->CodeIgniter\View\{closure}()
#2 C:\wamp64\www\websetup\system\Common.php(1089): CodeIgniter\View\View->render()
#3 C:\wamp64\www\websetup\app\Views\layouts\main_view.php(3): view()
#4 C:\wamp64\www\websetup\system\View\View.php(210): include('...')
#5 C:\wamp64\www\websetup\system\View\View.php(213): CodeIgniter\View\View->CodeIgniter\View\{closure}()
#6 C:\wamp64\www\websetup\system\Common.php(1089): CodeIgniter\View\View->render()
#7 C:\wamp64\www\websetup\app\Controllers\HomePage.php(19): view()
#8 C:\wamp64\www\websetup\system\CodeIgniter.php(825): App\Controllers\HomePage->index()
#9 C:\wamp64\www\websetup\system\CodeIgniter.php(412): CodeIgniter\CodeIgniter->runController()
#10 C:\wamp64\www\websetup\system\CodeIgniter.php(320): CodeIgniter\CodeIgniter->handleRequest()
#11 C:\wamp64\www\websetup\public\index.php(37): CodeIgniter\CodeIgniter->run()
#12 C:\wamp64\www\websetup\system\Commands\Server\rewrite.php(43): require_once('...')
#13 {main}
CRITICAL - 2022-03-08 00:53:58 --> Undefined constant "header_value"
#0 C:\wamp64\www\websetup\system\View\View.php(210): include()
#1 C:\wamp64\www\websetup\system\View\View.php(213): CodeIgniter\View\View->CodeIgniter\View\{closure}()
#2 C:\wamp64\www\websetup\system\Common.php(1089): CodeIgniter\View\View->render()
#3 C:\wamp64\www\websetup\app\Views\layouts\main_view.php(3): view()
#4 C:\wamp64\www\websetup\system\View\View.php(210): include('...')
#5 C:\wamp64\www\websetup\system\View\View.php(213): CodeIgniter\View\View->CodeIgniter\View\{closure}()
#6 C:\wamp64\www\websetup\system\Common.php(1089): CodeIgniter\View\View->render()
#7 C:\wamp64\www\websetup\app\Controllers\HomePage.php(19): view()
#8 C:\wamp64\www\websetup\system\CodeIgniter.php(825): App\Controllers\HomePage->index()
#9 C:\wamp64\www\websetup\system\CodeIgniter.php(412): CodeIgniter\CodeIgniter->runController()
#10 C:\wamp64\www\websetup\system\CodeIgniter.php(320): CodeIgniter\CodeIgniter->handleRequest()
#11 C:\wamp64\www\websetup\public\index.php(37): CodeIgniter\CodeIgniter->run()
#12 C:\wamp64\www\websetup\system\Commands\Server\rewrite.php(43): require_once('...')
#13 {main}
CRITICAL - 2022-03-08 01:01:17 --> Cannot use object of type App\Models\HeaderModel as array
#0 C:\wamp64\www\websetup\system\View\View.php(210): include()
#1 C:\wamp64\www\websetup\system\View\View.php(213): CodeIgniter\View\View->CodeIgniter\View\{closure}()
#2 C:\wamp64\www\websetup\system\Common.php(1089): CodeIgniter\View\View->render()
#3 C:\wamp64\www\websetup\app\Views\layouts\main_view.php(3): view()
#4 C:\wamp64\www\websetup\system\View\View.php(210): include('...')
#5 C:\wamp64\www\websetup\system\View\View.php(213): CodeIgniter\View\View->CodeIgniter\View\{closure}()
#6 C:\wamp64\www\websetup\system\Common.php(1089): CodeIgniter\View\View->render()
#7 C:\wamp64\www\websetup\app\Controllers\HomePage.php(19): view()
#8 C:\wamp64\www\websetup\system\CodeIgniter.php(825): App\Controllers\HomePage->index()
#9 C:\wamp64\www\websetup\system\CodeIgniter.php(412): CodeIgniter\CodeIgniter->runController()
#10 C:\wamp64\www\websetup\system\CodeIgniter.php(320): CodeIgniter\CodeIgniter->handleRequest()
#11 C:\wamp64\www\websetup\public\index.php(37): CodeIgniter\CodeIgniter->run()
#12 C:\wamp64\www\websetup\system\Commands\Server\rewrite.php(43): require_once('...')
#13 {main}
CRITICAL - 2022-03-08 01:05:43 --> Call to undefined method App\Models\HeaderModel::getVar
#0 C:\wamp64\www\websetup\app\Controllers\HomePage.php(13): CodeIgniter\Model->__call()
#1 C:\wamp64\www\websetup\system\CodeIgniter.php(825): App\Controllers\HomePage->index()
#2 C:\wamp64\www\websetup\system\CodeIgniter.php(412): CodeIgniter\CodeIgniter->runController()
#3 C:\wamp64\www\websetup\system\CodeIgniter.php(320): CodeIgniter\CodeIgniter->handleRequest()
#4 C:\wamp64\www\websetup\public\index.php(37): CodeIgniter\CodeIgniter->run()
#5 C:\wamp64\www\websetup\system\Commands\Server\rewrite.php(43): require_once('...')
#6 {main}
CRITICAL - 2022-03-08 01:06:07 --> Object of class App\Models\HeaderModel could not be converted to string
#0 C:\wamp64\www\websetup\system\View\View.php(210): include()
#1 C:\wamp64\www\websetup\system\View\View.php(213): CodeIgniter\View\View->CodeIgniter\View\{closure}()
#2 C:\wamp64\www\websetup\system\Common.php(1089): CodeIgniter\View\View->render()
#3 C:\wamp64\www\websetup\app\Views\layouts\main_view.php(3): view()
#4 C:\wamp64\www\websetup\system\View\View.php(210): include('...')
#5 C:\wamp64\www\websetup\system\View\View.php(213): CodeIgniter\View\View->CodeIgniter\View\{closure}()
#6 C:\wamp64\www\websetup\system\Common.php(1089): CodeIgniter\View\View->render()
#7 C:\wamp64\www\websetup\app\Controllers\HomePage.php(20): view()
#8 C:\wamp64\www\websetup\system\CodeIgniter.php(825): App\Controllers\HomePage->index()
#9 C:\wamp64\www\websetup\system\CodeIgniter.php(412): CodeIgniter\CodeIgniter->runController()
#10 C:\wamp64\www\websetup\system\CodeIgniter.php(320): CodeIgniter\CodeIgniter->handleRequest()
#11 C:\wamp64\www\websetup\public\index.php(37): CodeIgniter\CodeIgniter->run()
#12 C:\wamp64\www\websetup\system\Commands\Server\rewrite.php(43): require_once('...')
#13 {main}
CRITICAL - 2022-03-08 01:16:20 --> Undefined array key "header_value"
#0 C:\wamp64\www\websetup\app\Controllers\HomePage.php(14): CodeIgniter\Debug\Exceptions->errorHandler()
#1 C:\wamp64\www\websetup\system\CodeIgniter.php(825): App\Controllers\HomePage->index()
#2 C:\wamp64\www\websetup\system\CodeIgniter.php(412): CodeIgniter\CodeIgniter->runController()
#3 C:\wamp64\www\websetup\system\CodeIgniter.php(320): CodeIgniter\CodeIgniter->handleRequest()
#4 C:\wamp64\www\websetup\public\index.php(37): CodeIgniter\CodeIgniter->run()
#5 C:\wamp64\www\websetup\system\Commands\Server\rewrite.php(43): require_once('...')
#6 {main}
CRITICAL - 2022-03-08 01:16:40 --> Call to a member function where() on array
#0 C:\wamp64\www\websetup\system\CodeIgniter.php(825): App\Controllers\HomePage->index()
#1 C:\wamp64\www\websetup\system\CodeIgniter.php(412): CodeIgniter\CodeIgniter->runController()
#2 C:\wamp64\www\websetup\system\CodeIgniter.php(320): CodeIgniter\CodeIgniter->handleRequest()
#3 C:\wamp64\www\websetup\public\index.php(37): CodeIgniter\CodeIgniter->run()
#4 C:\wamp64\www\websetup\system\Commands\Server\rewrite.php(43): require_once('...')
#5 {main}
CRITICAL - 2022-03-08 01:16:41 --> Call to a member function where() on array
#0 C:\wamp64\www\websetup\system\CodeIgniter.php(825): App\Controllers\HomePage->index()
#1 C:\wamp64\www\websetup\system\CodeIgniter.php(412): CodeIgniter\CodeIgniter->runController()
#2 C:\wamp64\www\websetup\system\CodeIgniter.php(320): CodeIgniter\CodeIgniter->handleRequest()
#3 C:\wamp64\www\websetup\public\index.php(37): CodeIgniter\CodeIgniter->run()
#4 C:\wamp64\www\websetup\system\Commands\Server\rewrite.php(43): require_once('...')
#5 {main}
CRITICAL - 2022-03-08 01:31:18 --> syntax error, unexpected end of file, expecting "elseif" or "else" or "endif"
#0 C:\wamp64\www\websetup\system\View\View.php(213): CodeIgniter\View\View->CodeIgniter\View\{closure}()
#1 C:\wamp64\www\websetup\system\Common.php(1089): CodeIgniter\View\View->render()
#2 C:\wamp64\www\websetup\app\Views\layouts\main_view.php(3): view()
#3 C:\wamp64\www\websetup\system\View\View.php(210): include('...')
#4 C:\wamp64\www\websetup\system\View\View.php(213): CodeIgniter\View\View->CodeIgniter\View\{closure}()
#5 C:\wamp64\www\websetup\system\Common.php(1089): CodeIgniter\View\View->render()
#6 C:\wamp64\www\websetup\app\Controllers\HomePage.php(19): view()
#7 C:\wamp64\www\websetup\system\CodeIgniter.php(825): App\Controllers\HomePage->index()
#8 C:\wamp64\www\websetup\system\CodeIgniter.php(412): CodeIgniter\CodeIgniter->runController()
#9 C:\wamp64\www\websetup\system\CodeIgniter.php(320): CodeIgniter\CodeIgniter->handleRequest()
#10 C:\wamp64\www\websetup\public\index.php(37): CodeIgniter\CodeIgniter->run()
#11 C:\wamp64\www\websetup\system\Commands\Server\rewrite.php(43): require_once('...')
#12 {main}
CRITICAL - 2022-03-08 01:31:51 --> syntax error, unexpected end of file, expecting "elseif" or "else" or "endif"
#0 C:\wamp64\www\websetup\system\View\View.php(213): CodeIgniter\View\View->CodeIgniter\View\{closure}()
#1 C:\wamp64\www\websetup\system\Common.php(1089): CodeIgniter\View\View->render()
#2 C:\wamp64\www\websetup\app\Views\layouts\main_view.php(3): view()
#3 C:\wamp64\www\websetup\system\View\View.php(210): include('...')
#4 C:\wamp64\www\websetup\system\View\View.php(213): CodeIgniter\View\View->CodeIgniter\View\{closure}()
#5 C:\wamp64\www\websetup\system\Common.php(1089): CodeIgniter\View\View->render()
#6 C:\wamp64\www\websetup\app\Controllers\HomePage.php(19): view()
#7 C:\wamp64\www\websetup\system\CodeIgniter.php(825): App\Controllers\HomePage->index()
#8 C:\wamp64\www\websetup\system\CodeIgniter.php(412): CodeIgniter\CodeIgniter->runController()
#9 C:\wamp64\www\websetup\system\CodeIgniter.php(320): CodeIgniter\CodeIgniter->handleRequest()
#10 C:\wamp64\www\websetup\public\index.php(37): CodeIgniter\CodeIgniter->run()
#11 C:\wamp64\www\websetup\system\Commands\Server\rewrite.php(43): require_once('...')
#12 {main}
CRITICAL - 2022-03-08 01:31:53 --> syntax error, unexpected end of file, expecting "elseif" or "else" or "endif"
#0 C:\wamp64\www\websetup\system\View\View.php(213): CodeIgniter\View\View->CodeIgniter\View\{closure}()
#1 C:\wamp64\www\websetup\system\Common.php(1089): CodeIgniter\View\View->render()
#2 C:\wamp64\www\websetup\app\Views\layouts\main_view.php(3): view()
#3 C:\wamp64\www\websetup\system\View\View.php(210): include('...')
#4 C:\wamp64\www\websetup\system\View\View.php(213): CodeIgniter\View\View->CodeIgniter\View\{closure}()
#5 C:\wamp64\www\websetup\system\Common.php(1089): CodeIgniter\View\View->render()
#6 C:\wamp64\www\websetup\app\Controllers\HomePage.php(19): view()
#7 C:\wamp64\www\websetup\system\CodeIgniter.php(825): App\Controllers\HomePage->index()
#8 C:\wamp64\www\websetup\system\CodeIgniter.php(412): CodeIgniter\CodeIgniter->runController()
#9 C:\wamp64\www\websetup\system\CodeIgniter.php(320): CodeIgniter\CodeIgniter->handleRequest()
#10 C:\wamp64\www\websetup\public\index.php(37): CodeIgniter\CodeIgniter->run()
#11 C:\wamp64\www\websetup\system\Commands\Server\rewrite.php(43): require_once('...')
#12 {main}
CRITICAL - 2022-03-08 01:57:09 --> Undefined variable $header
#0 C:\wamp64\www\websetup\app\Views\home_view.php(272): CodeIgniter\Debug\Exceptions->errorHandler()
#1 C:\wamp64\www\websetup\system\View\View.php(210): include('...')
#2 C:\wamp64\www\websetup\system\View\View.php(213): CodeIgniter\View\View->CodeIgniter\View\{closure}()
#3 C:\wamp64\www\websetup\system\Common.php(1089): CodeIgniter\View\View->render()
#4 C:\wamp64\www\websetup\app\Views\layouts\main_view.php(4): view()
#5 C:\wamp64\www\websetup\system\View\View.php(210): include('...')
#6 C:\wamp64\www\websetup\system\View\View.php(213): CodeIgniter\View\View->CodeIgniter\View\{closure}()
#7 C:\wamp64\www\websetup\system\Common.php(1089): CodeIgniter\View\View->render()
#8 C:\wamp64\www\websetup\app\Controllers\HomePage.php(19): view()
#9 C:\wamp64\www\websetup\system\CodeIgniter.php(825): App\Controllers\HomePage->index()
#10 C:\wamp64\www\websetup\system\CodeIgniter.php(412): CodeIgniter\CodeIgniter->runController()
#11 C:\wamp64\www\websetup\system\CodeIgniter.php(320): CodeIgniter\CodeIgniter->handleRequest()
#12 C:\wamp64\www\websetup\public\index.php(37): CodeIgniter\CodeIgniter->run()
#13 C:\wamp64\www\websetup\system\Commands\Server\rewrite.php(43): require_once('...')
#14 {main}
ERROR - 2022-03-08 02:31:59 --> Column 'app_name' cannot be null
CRITICAL - 2022-03-08 02:31:59 --> Column 'app_name' cannot be null
#0 C:\wamp64\www\websetup\system\Database\MySQLi\Connection.php(292): mysqli->query()
#1 C:\wamp64\www\websetup\system\Database\BaseConnection.php(670): CodeIgniter\Database\MySQLi\Connection->execute()
#2 C:\wamp64\www\websetup\system\Database\BaseConnection.php(598): CodeIgniter\Database\BaseConnection->simpleQuery()
#3 C:\wamp64\www\websetup\system\Database\BaseBuilder.php(1771): CodeIgniter\Database\BaseConnection->query()
#4 C:\wamp64\www\websetup\system\Model.php(239): CodeIgniter\Database\BaseBuilder->insert()
#5 C:\wamp64\www\websetup\system\BaseModel.php(738): CodeIgniter\Model->doInsert()
#6 C:\wamp64\www\websetup\system\Model.php(625): CodeIgniter\BaseModel->insert()
#7 C:\wamp64\www\websetup\system\BaseModel.php(658): CodeIgniter\Model->insert()
#8 C:\wamp64\www\websetup\app\Controllers\Appointment.php(28): CodeIgniter\BaseModel->save()
#9 C:\wamp64\www\websetup\system\CodeIgniter.php(825): App\Controllers\Appointment->save()
#10 C:\wamp64\www\websetup\system\CodeIgniter.php(412): CodeIgniter\CodeIgniter->runController()
#11 C:\wamp64\www\websetup\system\CodeIgniter.php(320): CodeIgniter\CodeIgniter->handleRequest()
#12 C:\wamp64\www\websetup\public\index.php(37): CodeIgniter\CodeIgniter->run()
#13 C:\wamp64\www\websetup\system\Commands\Server\rewrite.php(43): require_once('...')
#14 {main}
CRITICAL - 2022-03-08 02:44:33 --> Undefined array key "image"
#0 C:\wamp64\www\websetup\app\Views\layouts\header.php(35): CodeIgniter\Debug\Exceptions->errorHandler()
#1 C:\wamp64\www\websetup\system\View\View.php(210): include('...')
#2 C:\wamp64\www\websetup\system\View\View.php(213): CodeIgniter\View\View->CodeIgniter\View\{closure}()
#3 C:\wamp64\www\websetup\system\Common.php(1089): CodeIgniter\View\View->render()
#4 C:\wamp64\www\websetup\app\Views\layouts\main_view.php(3): view()
#5 C:\wamp64\www\websetup\system\View\View.php(210): include('...')
#6 C:\wamp64\www\websetup\system\View\View.php(213): CodeIgniter\View\View->CodeIgniter\View\{closure}()
#7 C:\wamp64\www\websetup\system\Common.php(1089): CodeIgniter\View\View->render()
#8 C:\wamp64\www\websetup\app\Controllers\HomePage.php(22): view()
#9 C:\wamp64\www\websetup\system\CodeIgniter.php(825): App\Controllers\HomePage->index()
#10 C:\wamp64\www\websetup\system\CodeIgniter.php(412): CodeIgniter\CodeIgniter->runController()
#11 C:\wamp64\www\websetup\system\CodeIgniter.php(320): CodeIgniter\CodeIgniter->handleRequest()
#12 C:\wamp64\www\websetup\public\index.php(37): CodeIgniter\CodeIgniter->run()
#13 C:\wamp64\www\websetup\system\Commands\Server\rewrite.php(43): require_once('...')
#14 {main}
CRITICAL - 2022-03-08 02:48:51 --> Undefined array key "image"
#0 C:\wamp64\www\websetup\app\Views\layouts\header.php(35): CodeIgniter\Debug\Exceptions->errorHandler()
#1 C:\wamp64\www\websetup\system\View\View.php(210): include('...')
#2 C:\wamp64\www\websetup\system\View\View.php(213): CodeIgniter\View\View->CodeIgniter\View\{closure}()
#3 C:\wamp64\www\websetup\system\Common.php(1089): CodeIgniter\View\View->render()
#4 C:\wamp64\www\websetup\app\Views\layouts\main_view.php(3): view()
#5 C:\wamp64\www\websetup\system\View\View.php(210): include('...')
#6 C:\wamp64\www\websetup\system\View\View.php(213): CodeIgniter\View\View->CodeIgniter\View\{closure}()
#7 C:\wamp64\www\websetup\system\Common.php(1089): CodeIgniter\View\View->render()
#8 C:\wamp64\www\websetup\app\Controllers\HomePage.php(22): view()
#9 C:\wamp64\www\websetup\system\CodeIgniter.php(825): App\Controllers\HomePage->index()
#10 C:\wamp64\www\websetup\system\CodeIgniter.php(412): CodeIgniter\CodeIgniter->runController()
#11 C:\wamp64\www\websetup\system\CodeIgniter.php(320): CodeIgniter\CodeIgniter->handleRequest()
#12 C:\wamp64\www\websetup\public\index.php(37): CodeIgniter\CodeIgniter->run()
#13 C:\wamp64\www\websetup\system\Commands\Server\rewrite.php(43): require_once('...')
#14 {main}
CRITICAL - 2022-03-08 02:51:04 --> Cannot access offset of type string on string
#0 C:\wamp64\www\websetup\system\View\View.php(210): include()
#1 C:\wamp64\www\websetup\system\View\View.php(213): CodeIgniter\View\View->CodeIgniter\View\{closure}()
#2 C:\wamp64\www\websetup\system\Common.php(1089): CodeIgniter\View\View->render()
#3 C:\wamp64\www\websetup\app\Views\layouts\main_view.php(3): view()
#4 C:\wamp64\www\websetup\system\View\View.php(210): include('...')
#5 C:\wamp64\www\websetup\system\View\View.php(213): CodeIgniter\View\View->CodeIgniter\View\{closure}()
#6 C:\wamp64\www\websetup\system\Common.php(1089): CodeIgniter\View\View->render()
#7 C:\wamp64\www\websetup\app\Controllers\HomePage.php(22): view()
#8 C:\wamp64\www\websetup\system\CodeIgniter.php(825): App\Controllers\HomePage->index()
#9 C:\wamp64\www\websetup\system\CodeIgniter.php(412): CodeIgniter\CodeIgniter->runController()
#10 C:\wamp64\www\websetup\system\CodeIgniter.php(320): CodeIgniter\CodeIgniter->handleRequest()
#11 C:\wamp64\www\websetup\public\index.php(37): CodeIgniter\CodeIgniter->run()
#12 C:\wamp64\www\websetup\system\Commands\Server\rewrite.php(43): require_once('...')
#13 {main}
CRITICAL - 2022-03-08 02:52:41 --> Cannot access offset of type string on string
#0 C:\wamp64\www\websetup\system\View\View.php(210): include()
#1 C:\wamp64\www\websetup\system\View\View.php(213): CodeIgniter\View\View->CodeIgniter\View\{closure}()
#2 C:\wamp64\www\websetup\system\Common.php(1089): CodeIgniter\View\View->render()
#3 C:\wamp64\www\websetup\app\Views\layouts\main_view.php(3): view()
#4 C:\wamp64\www\websetup\system\View\View.php(210): include('...')
#5 C:\wamp64\www\websetup\system\View\View.php(213): CodeIgniter\View\View->CodeIgniter\View\{closure}()
#6 C:\wamp64\www\websetup\system\Common.php(1089): CodeIgniter\View\View->render()
#7 C:\wamp64\www\websetup\app\Controllers\HomePage.php(22): view()
#8 C:\wamp64\www\websetup\system\CodeIgniter.php(825): App\Controllers\HomePage->index()
#9 C:\wamp64\www\websetup\system\CodeIgniter.php(412): CodeIgniter\CodeIgniter->runController()
#10 C:\wamp64\www\websetup\system\CodeIgniter.php(320): CodeIgniter\CodeIgniter->handleRequest()
#11 C:\wamp64\www\websetup\public\index.php(37): CodeIgniter\CodeIgniter->run()
#12 C:\wamp64\www\websetup\system\Commands\Server\rewrite.php(43): require_once('...')
#13 {main}
CRITICAL - 2022-03-08 23:33:53 --> Undefined variable $header
#0 C:\wamp64\www\websetup\app\Views\layouts\header.php(41): CodeIgniter\Debug\Exceptions->errorHandler()
#1 C:\wamp64\www\websetup\system\View\View.php(210): include('...')
#2 C:\wamp64\www\websetup\system\View\View.php(213): CodeIgniter\View\View->CodeIgniter\View\{closure}()
#3 C:\wamp64\www\websetup\system\Common.php(1089): CodeIgniter\View\View->render()
#4 C:\wamp64\www\websetup\app\Views\layouts\main_view.php(3): view()
#5 C:\wamp64\www\websetup\system\View\View.php(210): include('...')
#6 C:\wamp64\www\websetup\system\View\View.php(213): CodeIgniter\View\View->CodeIgniter\View\{closure}()
#7 C:\wamp64\www\websetup\system\Common.php(1089): CodeIgniter\View\View->render()
#8 C:\wamp64\www\websetup\app\Controllers\Admin.php(17): view()
#9 C:\wamp64\www\websetup\system\CodeIgniter.php(825): App\Controllers\Admin->index()
#10 C:\wamp64\www\websetup\system\CodeIgniter.php(412): CodeIgniter\CodeIgniter->runController()
#11 C:\wamp64\www\websetup\system\CodeIgniter.php(320): CodeIgniter\CodeIgniter->handleRequest()
#12 C:\wamp64\www\websetup\public\index.php(37): CodeIgniter\CodeIgniter->run()
#13 C:\wamp64\www\websetup\system\Commands\Server\rewrite.php(43): require_once('...')
#14 {main}
CRITICAL - 2022-03-08 23:49:30 --> Undefined array key "name"
#0 C:\wamp64\www\websetup\app\Views\layouts\header.php(75): CodeIgniter\Debug\Exceptions->errorHandler()
#1 C:\wamp64\www\websetup\system\View\View.php(210): include('...')
#2 C:\wamp64\www\websetup\system\View\View.php(213): CodeIgniter\View\View->CodeIgniter\View\{closure}()
#3 C:\wamp64\www\websetup\system\Common.php(1089): CodeIgniter\View\View->render()
#4 C:\wamp64\www\websetup\app\Views\layouts\main_view.php(3): view()
#5 C:\wamp64\www\websetup\system\View\View.php(210): include('...')
#6 C:\wamp64\www\websetup\system\View\View.php(213): CodeIgniter\View\View->CodeIgniter\View\{closure}()
#7 C:\wamp64\www\websetup\system\Common.php(1089): CodeIgniter\View\View->render()
#8 C:\wamp64\www\websetup\app\Controllers\Admin.php(21): view()
#9 C:\wamp64\www\websetup\system\CodeIgniter.php(825): App\Controllers\Admin->index()
#10 C:\wamp64\www\websetup\system\CodeIgniter.php(412): CodeIgniter\CodeIgniter->runController()
#11 C:\wamp64\www\websetup\system\CodeIgniter.php(320): CodeIgniter\CodeIgniter->handleRequest()
#12 C:\wamp64\www\websetup\public\index.php(37): CodeIgniter\CodeIgniter->run()
#13 C:\wamp64\www\websetup\system\Commands\Server\rewrite.php(43): require_once('...')
#14 {main}
CRITICAL - 2022-03-08 23:55:53 --> Undefined array key "contact"
#0 C:\wamp64\www\websetup\app\Views\layouts\header.php(75): CodeIgniter\Debug\Exceptions->errorHandler()
#1 C:\wamp64\www\websetup\system\View\View.php(210): include('...')
#2 C:\wamp64\www\websetup\system\View\View.php(213): CodeIgniter\View\View->CodeIgniter\View\{closure}()
#3 C:\wamp64\www\websetup\system\Common.php(1089): CodeIgniter\View\View->render()
#4 C:\wamp64\www\websetup\app\Views\layouts\main_view.php(3): view()
#5 C:\wamp64\www\websetup\system\View\View.php(210): include('...')
#6 C:\wamp64\www\websetup\system\View\View.php(213): CodeIgniter\View\View->CodeIgniter\View\{closure}()
#7 C:\wamp64\www\websetup\system\Common.php(1089): CodeIgniter\View\View->render()
#8 C:\wamp64\www\websetup\app\Controllers\Admin.php(21): view()
#9 C:\wamp64\www\websetup\system\CodeIgniter.php(825): App\Controllers\Admin->index()
#10 C:\wamp64\www\websetup\system\CodeIgniter.php(412): CodeIgniter\CodeIgniter->runController()
#11 C:\wamp64\www\websetup\system\CodeIgniter.php(320): CodeIgniter\CodeIgniter->handleRequest()
#12 C:\wamp64\www\websetup\public\index.php(37): CodeIgniter\CodeIgniter->run()
#13 C:\wamp64\www\websetup\system\Commands\Server\rewrite.php(43): require_once('...')
#14 {main}
