CRITICAL - 2022-01-31 00:24:39 --> Class "App\Models\UserModel2" not found
#0 C:\wamp64\www\demo\system\CodeIgniter.php(825): App\Controllers\Details->index()
#1 C:\wamp64\www\demo\system\CodeIgniter.php(412): CodeIgniter\CodeIgniter->runController()
#2 C:\wamp64\www\demo\system\CodeIgniter.php(320): CodeIgniter\CodeIgniter->handleRequest()
#3 C:\wamp64\www\demo\public\index.php(37): CodeIgniter\CodeIgniter->run()
#4 C:\wamp64\www\demo\system\Commands\Server\rewrite.php(43): require_once('...')
#5 {main}
CRITICAL - 2022-01-31 00:27:34 --> Undefined variable $user
#0 C:\wamp64\www\demo\app\Views\details.php(34): CodeIgniter\Debug\Exceptions->errorHandler()
#1 C:\wamp64\www\demo\system\View\View.php(210): include('...')
#2 C:\wamp64\www\demo\system\View\View.php(213): CodeIgniter\View\View->CodeIgniter\View\{closure}()
#3 C:\wamp64\www\demo\system\Common.php(1089): CodeIgniter\View\View->render()
#4 C:\wamp64\www\demo\app\Controllers\Details.php(15): view()
#5 C:\wamp64\www\demo\system\CodeIgniter.php(825): App\Controllers\Details->index()
#6 C:\wamp64\www\demo\system\CodeIgniter.php(412): CodeIgniter\CodeIgniter->runController()
#7 C:\wamp64\www\demo\system\CodeIgniter.php(320): CodeIgniter\CodeIgniter->handleRequest()
#8 C:\wamp64\www\demo\public\index.php(37): CodeIgniter\CodeIgniter->run()
#9 C:\wamp64\www\demo\system\Commands\Server\rewrite.php(43): require_once('...')
#10 {main}
ERROR - 2022-01-31 00:30:41 --> Unknown column 'details.id' in 'where clause'
CRITICAL - 2022-01-31 00:30:41 --> Unknown column 'details.id' in 'where clause'
#0 C:\wamp64\www\demo\system\Database\MySQLi\Connection.php(292): mysqli->query()
#1 C:\wamp64\www\demo\system\Database\BaseConnection.php(670): CodeIgniter\Database\MySQLi\Connection->execute()
#2 C:\wamp64\www\demo\system\Database\BaseConnection.php(598): CodeIgniter\Database\BaseConnection->simpleQuery()
#3 C:\wamp64\www\demo\system\Database\BaseBuilder.php(1913): CodeIgniter\Database\BaseConnection->query()
#4 C:\wamp64\www\demo\system\Model.php(298): CodeIgniter\Database\BaseBuilder->update()
#5 C:\wamp64\www\demo\system\BaseModel.php(865): CodeIgniter\Model->doUpdate()
#6 C:\wamp64\www\demo\system\Model.php(651): CodeIgniter\BaseModel->update()
#7 C:\wamp64\www\demo\app\Controllers\Details.php(70): CodeIgniter\Model->update()
#8 C:\wamp64\www\demo\system\CodeIgniter.php(825): App\Controllers\Details->update()
#9 C:\wamp64\www\demo\system\CodeIgniter.php(412): CodeIgniter\CodeIgniter->runController()
#10 C:\wamp64\www\demo\system\CodeIgniter.php(320): CodeIgniter\CodeIgniter->handleRequest()
#11 C:\wamp64\www\demo\public\index.php(37): CodeIgniter\CodeIgniter->run()
#12 C:\wamp64\www\demo\system\Commands\Server\rewrite.php(43): require_once('...')
#13 {main}
ERROR - 2022-01-31 01:20:14 --> Unknown column 'details.id' in 'where clause'
CRITICAL - 2022-01-31 01:20:14 --> Unknown column 'details.id' in 'where clause'
#0 C:\wamp64\www\demo\system\Database\MySQLi\Connection.php(292): mysqli->query()
#1 C:\wamp64\www\demo\system\Database\BaseConnection.php(670): CodeIgniter\Database\MySQLi\Connection->execute()
#2 C:\wamp64\www\demo\system\Database\BaseConnection.php(598): CodeIgniter\Database\BaseConnection->simpleQuery()
#3 C:\wamp64\www\demo\system\Database\BaseBuilder.php(1913): CodeIgniter\Database\BaseConnection->query()
#4 C:\wamp64\www\demo\system\Model.php(298): CodeIgniter\Database\BaseBuilder->update()
#5 C:\wamp64\www\demo\system\BaseModel.php(865): CodeIgniter\Model->doUpdate()
#6 C:\wamp64\www\demo\system\Model.php(651): CodeIgniter\BaseModel->update()
#7 C:\wamp64\www\demo\app\Controllers\Details.php(70): CodeIgniter\Model->update()
#8 C:\wamp64\www\demo\system\CodeIgniter.php(825): App\Controllers\Details->update()
#9 C:\wamp64\www\demo\system\CodeIgniter.php(412): CodeIgniter\CodeIgniter->runController()
#10 C:\wamp64\www\demo\system\CodeIgniter.php(320): CodeIgniter\CodeIgniter->handleRequest()
#11 C:\wamp64\www\demo\public\index.php(37): CodeIgniter\CodeIgniter->run()
#12 C:\wamp64\www\demo\system\Commands\Server\rewrite.php(43): require_once('...')
#13 {main}
ERROR - 2022-01-31 02:47:30 --> Unknown column 'details.id' in 'where clause'
CRITICAL - 2022-01-31 02:47:30 --> Unknown column 'details.id' in 'where clause'
#0 C:\wamp64\www\demo\system\Database\MySQLi\Connection.php(292): mysqli->query()
#1 C:\wamp64\www\demo\system\Database\BaseConnection.php(670): CodeIgniter\Database\MySQLi\Connection->execute()
#2 C:\wamp64\www\demo\system\Database\BaseConnection.php(598): CodeIgniter\Database\BaseConnection->simpleQuery()
#3 C:\wamp64\www\demo\system\Database\BaseBuilder.php(1913): CodeIgniter\Database\BaseConnection->query()
#4 C:\wamp64\www\demo\system\Model.php(298): CodeIgniter\Database\BaseBuilder->update()
#5 C:\wamp64\www\demo\system\BaseModel.php(865): CodeIgniter\Model->doUpdate()
#6 C:\wamp64\www\demo\system\Model.php(651): CodeIgniter\BaseModel->update()
#7 C:\wamp64\www\demo\app\Controllers\Details.php(70): CodeIgniter\Model->update()
#8 C:\wamp64\www\demo\system\CodeIgniter.php(825): App\Controllers\Details->update()
#9 C:\wamp64\www\demo\system\CodeIgniter.php(412): CodeIgniter\CodeIgniter->runController()
#10 C:\wamp64\www\demo\system\CodeIgniter.php(320): CodeIgniter\CodeIgniter->handleRequest()
#11 C:\wamp64\www\demo\public\index.php(37): CodeIgniter\CodeIgniter->run()
#12 C:\wamp64\www\demo\system\Commands\Server\rewrite.php(43): require_once('...')
#13 {main}
ERROR - 2022-01-31 02:48:59 --> Unknown column 'details.id' in 'where clause'
CRITICAL - 2022-01-31 02:48:59 --> Unknown column 'details.id' in 'where clause'
#0 C:\wamp64\www\demo\system\Database\MySQLi\Connection.php(292): mysqli->query()
#1 C:\wamp64\www\demo\system\Database\BaseConnection.php(670): CodeIgniter\Database\MySQLi\Connection->execute()
#2 C:\wamp64\www\demo\system\Database\BaseConnection.php(598): CodeIgniter\Database\BaseConnection->simpleQuery()
#3 C:\wamp64\www\demo\system\Database\BaseBuilder.php(1913): CodeIgniter\Database\BaseConnection->query()
#4 C:\wamp64\www\demo\system\Model.php(298): CodeIgniter\Database\BaseBuilder->update()
#5 C:\wamp64\www\demo\system\BaseModel.php(865): CodeIgniter\Model->doUpdate()
#6 C:\wamp64\www\demo\system\Model.php(651): CodeIgniter\BaseModel->update()
#7 C:\wamp64\www\demo\app\Controllers\Details.php(70): CodeIgniter\Model->update()
#8 C:\wamp64\www\demo\system\CodeIgniter.php(825): App\Controllers\Details->update()
#9 C:\wamp64\www\demo\system\CodeIgniter.php(412): CodeIgniter\CodeIgniter->runController()
#10 C:\wamp64\www\demo\system\CodeIgniter.php(320): CodeIgniter\CodeIgniter->handleRequest()
#11 C:\wamp64\www\demo\public\index.php(37): CodeIgniter\CodeIgniter->run()
#12 C:\wamp64\www\demo\system\Commands\Server\rewrite.php(43): require_once('...')
#13 {main}
ERROR - 2022-01-31 02:51:50 --> Unknown column 'details.id' in 'where clause'
CRITICAL - 2022-01-31 02:51:50 --> Unknown column 'details.id' in 'where clause'
#0 C:\wamp64\www\demo\system\Database\MySQLi\Connection.php(292): mysqli->query()
#1 C:\wamp64\www\demo\system\Database\BaseConnection.php(670): CodeIgniter\Database\MySQLi\Connection->execute()
#2 C:\wamp64\www\demo\system\Database\BaseConnection.php(598): CodeIgniter\Database\BaseConnection->simpleQuery()
#3 C:\wamp64\www\demo\system\Database\BaseBuilder.php(1913): CodeIgniter\Database\BaseConnection->query()
#4 C:\wamp64\www\demo\system\Model.php(298): CodeIgniter\Database\BaseBuilder->update()
#5 C:\wamp64\www\demo\system\BaseModel.php(865): CodeIgniter\Model->doUpdate()
#6 C:\wamp64\www\demo\system\Model.php(651): CodeIgniter\BaseModel->update()
#7 C:\wamp64\www\demo\app\Controllers\Details.php(70): CodeIgniter\Model->update()
#8 C:\wamp64\www\demo\system\CodeIgniter.php(825): App\Controllers\Details->update()
#9 C:\wamp64\www\demo\system\CodeIgniter.php(412): CodeIgniter\CodeIgniter->runController()
#10 C:\wamp64\www\demo\system\CodeIgniter.php(320): CodeIgniter\CodeIgniter->handleRequest()
#11 C:\wamp64\www\demo\public\index.php(37): CodeIgniter\CodeIgniter->run()
#12 C:\wamp64\www\demo\system\Commands\Server\rewrite.php(43): require_once('...')
#13 {main}
ERROR - 2022-01-31 03:06:41 --> Unknown column 'details.id' in 'where clause'
CRITICAL - 2022-01-31 03:06:41 --> Unknown column 'details.id' in 'where clause'
#0 C:\wamp64\www\demo\system\Database\MySQLi\Connection.php(292): mysqli->query()
#1 C:\wamp64\www\demo\system\Database\BaseConnection.php(670): CodeIgniter\Database\MySQLi\Connection->execute()
#2 C:\wamp64\www\demo\system\Database\BaseConnection.php(598): CodeIgniter\Database\BaseConnection->simpleQuery()
#3 C:\wamp64\www\demo\system\Database\BaseBuilder.php(1913): CodeIgniter\Database\BaseConnection->query()
#4 C:\wamp64\www\demo\system\Model.php(298): CodeIgniter\Database\BaseBuilder->update()
#5 C:\wamp64\www\demo\system\BaseModel.php(865): CodeIgniter\Model->doUpdate()
#6 C:\wamp64\www\demo\system\Model.php(651): CodeIgniter\BaseModel->update()
#7 C:\wamp64\www\demo\app\Controllers\Details.php(70): CodeIgniter\Model->update()
#8 C:\wamp64\www\demo\system\CodeIgniter.php(825): App\Controllers\Details->update()
#9 C:\wamp64\www\demo\system\CodeIgniter.php(412): CodeIgniter\CodeIgniter->runController()
#10 C:\wamp64\www\demo\system\CodeIgniter.php(320): CodeIgniter\CodeIgniter->handleRequest()
#11 C:\wamp64\www\demo\public\index.php(37): CodeIgniter\CodeIgniter->run()
#12 C:\wamp64\www\demo\system\Commands\Server\rewrite.php(43): require_once('...')
#13 {main}
