CRITICAL - 2022-04-26 01:23:31 --> unlink(C:\wamp64\www\websetup\app\Controllers/Infos/About/About.php): No such file or directory
#0 [internal function]: CodeIgniter\Debug\Exceptions->errorHandler()
#1 C:\wamp64\www\websetup\app\Helpers\pages_creator_helper.php(260): unlink()
#2 C:\wamp64\www\websetup\app\Controllers\AdminPageHeader.php(205): delete_sub_page()
#3 C:\wamp64\www\websetup\system\CodeIgniter.php(825): App\Controllers\AdminPageHeader->deleteSubMenu()
#4 C:\wamp64\www\websetup\system\CodeIgniter.php(412): CodeIgniter\CodeIgniter->runController()
#5 C:\wamp64\www\websetup\system\CodeIgniter.php(320): CodeIgniter\CodeIgniter->handleRequest()
#6 C:\wamp64\www\websetup\public\index.php(37): CodeIgniter\CodeIgniter->run()
#7 C:\wamp64\www\websetup\system\Commands\Server\rewrite.php(43): require_once('...')
#8 {main}
CRITICAL - 2022-04-26 01:24:18 --> Class "App\Models\InfosModel" not found
#0 C:\wamp64\www\websetup\system\CodeIgniter.php(825): App\Controllers\Info\Info->index()
#1 C:\wamp64\www\websetup\system\CodeIgniter.php(412): CodeIgniter\CodeIgniter->runController()
#2 C:\wamp64\www\websetup\system\CodeIgniter.php(320): CodeIgniter\CodeIgniter->handleRequest()
#3 C:\wamp64\www\websetup\public\index.php(37): CodeIgniter\CodeIgniter->run()
#4 C:\wamp64\www\websetup\system\Commands\Server\rewrite.php(43): require_once('...')
#5 {main}
CRITICAL - 2022-04-26 23:53:05 --> Undefined variable $business_infos
#0 C:\wamp64\www\websetup\app\Views\layouts\head.php(14): CodeIgniter\Debug\Exceptions->errorHandler()
#1 C:\wamp64\www\websetup\system\View\View.php(210): include('...')
#2 C:\wamp64\www\websetup\system\View\View.php(213): CodeIgniter\View\View->CodeIgniter\View\{closure}()
#3 C:\wamp64\www\websetup\system\Common.php(1089): CodeIgniter\View\View->render()
#4 C:\wamp64\www\websetup\app\Views\layouts\header.php(34): view()
#5 C:\wamp64\www\websetup\system\View\View.php(210): include('...')
#6 C:\wamp64\www\websetup\system\View\View.php(213): CodeIgniter\View\View->CodeIgniter\View\{closure}()
#7 C:\wamp64\www\websetup\system\Common.php(1089): CodeIgniter\View\View->render()
#8 C:\wamp64\www\websetup\app\Views\appointment.php(2): view()
#9 C:\wamp64\www\websetup\system\View\View.php(210): include('...')
#10 C:\wamp64\www\websetup\system\View\View.php(213): CodeIgniter\View\View->CodeIgniter\View\{closure}()
#11 C:\wamp64\www\websetup\system\Common.php(1089): CodeIgniter\View\View->render()
#12 C:\wamp64\www\websetup\app\Controllers\Appointment.php(13): view()
#13 C:\wamp64\www\websetup\system\CodeIgniter.php(825): App\Controllers\Appointment->index()
#14 C:\wamp64\www\websetup\system\CodeIgniter.php(412): CodeIgniter\CodeIgniter->runController()
#15 C:\wamp64\www\websetup\system\CodeIgniter.php(320): CodeIgniter\CodeIgniter->handleRequest()
#16 C:\wamp64\www\websetup\public\index.php(37): CodeIgniter\CodeIgniter->run()
#17 C:\wamp64\www\websetup\system\Commands\Server\rewrite.php(43): require_once('...')
#18 {main}
CRITICAL - 2022-04-26 23:54:21 --> Undefined variable $business_infos
#0 C:\wamp64\www\websetup\app\Views\layouts\head.php(14): CodeIgniter\Debug\Exceptions->errorHandler()
#1 C:\wamp64\www\websetup\system\View\View.php(210): include('...')
#2 C:\wamp64\www\websetup\system\View\View.php(213): CodeIgniter\View\View->CodeIgniter\View\{closure}()
#3 C:\wamp64\www\websetup\system\Common.php(1089): CodeIgniter\View\View->render()
#4 C:\wamp64\www\websetup\app\Views\layouts\header.php(34): view()
#5 C:\wamp64\www\websetup\system\View\View.php(210): include('...')
#6 C:\wamp64\www\websetup\system\View\View.php(213): CodeIgniter\View\View->CodeIgniter\View\{closure}()
#7 C:\wamp64\www\websetup\system\Common.php(1089): CodeIgniter\View\View->render()
#8 C:\wamp64\www\websetup\app\Views\appointment.php(2): view()
#9 C:\wamp64\www\websetup\system\View\View.php(210): include('...')
#10 C:\wamp64\www\websetup\system\View\View.php(213): CodeIgniter\View\View->CodeIgniter\View\{closure}()
#11 C:\wamp64\www\websetup\system\Common.php(1089): CodeIgniter\View\View->render()
#12 C:\wamp64\www\websetup\app\Controllers\Appointment.php(13): view()
#13 C:\wamp64\www\websetup\system\CodeIgniter.php(825): App\Controllers\Appointment->index()
#14 C:\wamp64\www\websetup\system\CodeIgniter.php(412): CodeIgniter\CodeIgniter->runController()
#15 C:\wamp64\www\websetup\system\CodeIgniter.php(320): CodeIgniter\CodeIgniter->handleRequest()
#16 C:\wamp64\www\websetup\public\index.php(37): CodeIgniter\CodeIgniter->run()
#17 C:\wamp64\www\websetup\system\Commands\Server\rewrite.php(43): require_once('...')
#18 {main}
CRITICAL - 2022-04-26 23:58:26 --> Undefined variable $business_infos
#0 C:\wamp64\www\websetup\app\Views\main\header.php(35): CodeIgniter\Debug\Exceptions->errorHandler()
#1 C:\wamp64\www\websetup\system\View\View.php(210): include('...')
#2 C:\wamp64\www\websetup\system\View\View.php(213): CodeIgniter\View\View->CodeIgniter\View\{closure}()
#3 C:\wamp64\www\websetup\system\Common.php(1089): CodeIgniter\View\View->render()
#4 C:\wamp64\www\websetup\app\Views\appointment.php(1): view()
#5 C:\wamp64\www\websetup\system\View\View.php(210): include('...')
#6 C:\wamp64\www\websetup\system\View\View.php(213): CodeIgniter\View\View->CodeIgniter\View\{closure}()
#7 C:\wamp64\www\websetup\system\Common.php(1089): CodeIgniter\View\View->render()
#8 C:\wamp64\www\websetup\app\Controllers\Appointment.php(13): view()
#9 C:\wamp64\www\websetup\system\CodeIgniter.php(825): App\Controllers\Appointment->index()
#10 C:\wamp64\www\websetup\system\CodeIgniter.php(412): CodeIgniter\CodeIgniter->runController()
#11 C:\wamp64\www\websetup\system\CodeIgniter.php(320): CodeIgniter\CodeIgniter->handleRequest()
#12 C:\wamp64\www\websetup\public\index.php(37): CodeIgniter\CodeIgniter->run()
#13 C:\wamp64\www\websetup\system\Commands\Server\rewrite.php(43): require_once('...')
#14 {main}
CRITICAL - 2022-04-26 23:59:15 --> Undefined variable $logo
#0 C:\wamp64\www\websetup\app\Views\layouts\head.php(40): CodeIgniter\Debug\Exceptions->errorHandler()
#1 C:\wamp64\www\websetup\system\View\View.php(210): include('...')
#2 C:\wamp64\www\websetup\system\View\View.php(213): CodeIgniter\View\View->CodeIgniter\View\{closure}()
#3 C:\wamp64\www\websetup\system\Common.php(1089): CodeIgniter\View\View->render()
#4 C:\wamp64\www\websetup\app\Views\layouts\header.php(34): view()
#5 C:\wamp64\www\websetup\system\View\View.php(210): include('...')
#6 C:\wamp64\www\websetup\system\View\View.php(213): CodeIgniter\View\View->CodeIgniter\View\{closure}()
#7 C:\wamp64\www\websetup\system\Common.php(1089): CodeIgniter\View\View->render()
#8 C:\wamp64\www\websetup\app\Views\appointment.php(2): view()
#9 C:\wamp64\www\websetup\system\View\View.php(210): include('...')
#10 C:\wamp64\www\websetup\system\View\View.php(213): CodeIgniter\View\View->CodeIgniter\View\{closure}()
#11 C:\wamp64\www\websetup\system\Common.php(1089): CodeIgniter\View\View->render()
#12 C:\wamp64\www\websetup\app\Controllers\Appointment.php(18): view()
#13 C:\wamp64\www\websetup\system\CodeIgniter.php(825): App\Controllers\Appointment->index()
#14 C:\wamp64\www\websetup\system\CodeIgniter.php(412): CodeIgniter\CodeIgniter->runController()
#15 C:\wamp64\www\websetup\system\CodeIgniter.php(320): CodeIgniter\CodeIgniter->handleRequest()
#16 C:\wamp64\www\websetup\public\index.php(37): CodeIgniter\CodeIgniter->run()
#17 C:\wamp64\www\websetup\system\Commands\Server\rewrite.php(43): require_once('...')
#18 {main}
