ERROR - 2022-08-03 00:34:55 --> Error connecting to the database: Unknown database 'websetup'
CRITICAL - 2022-08-03 00:34:55 --> Unable to connect to the database.
Main connection [MySQLi]: Unknown database 'websetup'
#0 C:\wamp64\www\websetup\system\Database\BaseConnection.php(577): CodeIgniter\Database\BaseConnection->initialize()
#1 C:\wamp64\www\websetup\system\Database\BaseBuilder.php(1455): CodeIgniter\Database\BaseConnection->query('SELECT *\nFROM `...', Array, false)
#2 C:\wamp64\www\websetup\system\Model.php(183): CodeIgniter\Database\BaseBuilder->get()
#3 C:\wamp64\www\websetup\system\BaseModel.php(584): CodeIgniter\Model->doFindAll(0, 0)
#4 C:\wamp64\www\websetup\app\Controllers\HomePage.php(25): CodeIgniter\BaseModel->findAll()
#5 C:\wamp64\www\websetup\system\CodeIgniter.php(825): App\Controllers\HomePage->index()
#6 C:\wamp64\www\websetup\system\CodeIgniter.php(412): CodeIgniter\CodeIgniter->runController(Object(App\Controllers\HomePage))
#7 C:\wamp64\www\websetup\system\CodeIgniter.php(320): CodeIgniter\CodeIgniter->handleRequest(NULL, Object(Config\Cache), false)
#8 C:\wamp64\www\websetup\public\index.php(37): CodeIgniter\CodeIgniter->run()
#9 {main}
CRITICAL - 2022-08-03 00:40:41 --> Undefined index: status
#0 C:\wamp64\www\websetup\app\Views\layouts\footer.php(30): CodeIgniter\Debug\Exceptions->errorHandler(8, 'Undefined index...', 'C:\\wamp64\\www\\w...', 30, Array)
#1 C:\wamp64\www\websetup\system\View\View.php(210): include('C:\\wamp64\\www\\w...')
#2 C:\wamp64\www\websetup\system\View\View.php(213): CodeIgniter\View\View->CodeIgniter\View\{closure}()
#3 C:\wamp64\www\websetup\system\Common.php(1089): CodeIgniter\View\View->render('layouts/footer', Array, true)
#4 C:\wamp64\www\websetup\app\Views\home_view.php(222): view('layouts/footer')
#5 C:\wamp64\www\websetup\system\View\View.php(210): include('C:\\wamp64\\www\\w...')
#6 C:\wamp64\www\websetup\system\View\View.php(213): CodeIgniter\View\View->CodeIgniter\View\{closure}()
#7 C:\wamp64\www\websetup\system\Common.php(1089): CodeIgniter\View\View->render('home_view', Array, true)
#8 C:\wamp64\www\websetup\app\Controllers\HomePage.php(60): view('home_view', Array)
#9 C:\wamp64\www\websetup\system\CodeIgniter.php(825): App\Controllers\HomePage->index()
#10 C:\wamp64\www\websetup\system\CodeIgniter.php(412): CodeIgniter\CodeIgniter->runController(Object(App\Controllers\HomePage))
#11 C:\wamp64\www\websetup\system\CodeIgniter.php(320): CodeIgniter\CodeIgniter->handleRequest(NULL, Object(Config\Cache), false)
#12 C:\wamp64\www\websetup\public\index.php(37): CodeIgniter\CodeIgniter->run()
#13 {main}
CRITICAL - 2022-08-03 00:40:52 --> Undefined index: status
#0 C:\wamp64\www\websetup\app\Views\layouts\footer.php(30): CodeIgniter\Debug\Exceptions->errorHandler(8, 'Undefined index...', 'C:\\wamp64\\www\\w...', 30, Array)
#1 C:\wamp64\www\websetup\system\View\View.php(210): include('C:\\wamp64\\www\\w...')
#2 C:\wamp64\www\websetup\system\View\View.php(213): CodeIgniter\View\View->CodeIgniter\View\{closure}()
#3 C:\wamp64\www\websetup\system\Common.php(1089): CodeIgniter\View\View->render('layouts/footer', Array, true)
#4 C:\wamp64\www\websetup\app\Views\home_view.php(222): view('layouts/footer')
#5 C:\wamp64\www\websetup\system\View\View.php(210): include('C:\\wamp64\\www\\w...')
#6 C:\wamp64\www\websetup\system\View\View.php(213): CodeIgniter\View\View->CodeIgniter\View\{closure}()
#7 C:\wamp64\www\websetup\system\Common.php(1089): CodeIgniter\View\View->render('home_view', Array, true)
#8 C:\wamp64\www\websetup\app\Controllers\HomePage.php(60): view('home_view', Array)
#9 C:\wamp64\www\websetup\system\CodeIgniter.php(825): App\Controllers\HomePage->index()
#10 C:\wamp64\www\websetup\system\CodeIgniter.php(412): CodeIgniter\CodeIgniter->runController(Object(App\Controllers\HomePage))
#11 C:\wamp64\www\websetup\system\CodeIgniter.php(320): CodeIgniter\CodeIgniter->handleRequest(NULL, Object(Config\Cache), false)
#12 C:\wamp64\www\websetup\public\index.php(37): CodeIgniter\CodeIgniter->run()
#13 {main}
CRITICAL - 2022-08-03 01:50:50 --> Undefined index: status
#0 C:\wamp64\www\websetup\app\Views\layouts\footer.php(30): CodeIgniter\Debug\Exceptions->errorHandler(8, 'Undefined index...', 'C:\\wamp64\\www\\w...', 30, Array)
#1 C:\wamp64\www\websetup\system\View\View.php(210): include('C:\\wamp64\\www\\w...')
#2 C:\wamp64\www\websetup\system\View\View.php(213): CodeIgniter\View\View->CodeIgniter\View\{closure}()
#3 C:\wamp64\www\websetup\system\Common.php(1089): CodeIgniter\View\View->render('layouts/footer', Array, true)
#4 C:\wamp64\www\websetup\app\Views\home_view.php(222): view('layouts/footer')
#5 C:\wamp64\www\websetup\system\View\View.php(210): include('C:\\wamp64\\www\\w...')
#6 C:\wamp64\www\websetup\system\View\View.php(213): CodeIgniter\View\View->CodeIgniter\View\{closure}()
#7 C:\wamp64\www\websetup\system\Common.php(1089): CodeIgniter\View\View->render('home_view', Array, true)
#8 C:\wamp64\www\websetup\app\Controllers\HomePage.php(60): view('home_view', Array)
#9 C:\wamp64\www\websetup\system\CodeIgniter.php(825): App\Controllers\HomePage->index()
#10 C:\wamp64\www\websetup\system\CodeIgniter.php(412): CodeIgniter\CodeIgniter->runController(Object(App\Controllers\HomePage))
#11 C:\wamp64\www\websetup\system\CodeIgniter.php(320): CodeIgniter\CodeIgniter->handleRequest(NULL, Object(Config\Cache), false)
#12 C:\wamp64\www\websetup\public\index.php(37): CodeIgniter\CodeIgniter->run()
#13 {main}
CRITICAL - 2022-08-03 01:53:26 --> Undefined index: status
#0 C:\wamp64\www\websetup\app\Views\layouts\footer.php(30): CodeIgniter\Debug\Exceptions->errorHandler(8, 'Undefined index...', 'C:\\wamp64\\www\\w...', 30, Array)
#1 C:\wamp64\www\websetup\system\View\View.php(210): include('C:\\wamp64\\www\\w...')
#2 C:\wamp64\www\websetup\system\View\View.php(213): CodeIgniter\View\View->CodeIgniter\View\{closure}()
#3 C:\wamp64\www\websetup\system\Common.php(1089): CodeIgniter\View\View->render('layouts/footer', Array, true)
#4 C:\wamp64\www\websetup\app\Views\services.php(51): view('layouts/footer')
#5 C:\wamp64\www\websetup\system\View\View.php(210): include('C:\\wamp64\\www\\w...')
#6 C:\wamp64\www\websetup\system\View\View.php(213): CodeIgniter\View\View->CodeIgniter\View\{closure}()
#7 C:\wamp64\www\websetup\system\Common.php(1089): CodeIgniter\View\View->render('/services', Array, true)
#8 C:\wamp64\www\websetup\app\Controllers\Services.php(52): view('/services', Array)
#9 C:\wamp64\www\websetup\system\CodeIgniter.php(825): App\Controllers\Services->index()
#10 C:\wamp64\www\websetup\system\CodeIgniter.php(412): CodeIgniter\CodeIgniter->runController(Object(App\Controllers\Services))
#11 C:\wamp64\www\websetup\system\CodeIgniter.php(320): CodeIgniter\CodeIgniter->handleRequest(NULL, Object(Config\Cache), false)
#12 C:\wamp64\www\websetup\public\index.php(37): CodeIgniter\CodeIgniter->run()
#13 {main}
CRITICAL - 2022-08-03 01:53:43 --> Undefined index: status
#0 C:\wamp64\www\websetup\app\Views\layouts\footer.php(30): CodeIgniter\Debug\Exceptions->errorHandler(8, 'Undefined index...', 'C:\\wamp64\\www\\w...', 30, Array)
#1 C:\wamp64\www\websetup\system\View\View.php(210): include('C:\\wamp64\\www\\w...')
#2 C:\wamp64\www\websetup\system\View\View.php(213): CodeIgniter\View\View->CodeIgniter\View\{closure}()
#3 C:\wamp64\www\websetup\system\Common.php(1089): CodeIgniter\View\View->render('layouts/footer', Array, true)
#4 C:\wamp64\www\websetup\app\Views\team.php(42): view('layouts/footer')
#5 C:\wamp64\www\websetup\system\View\View.php(210): include('C:\\wamp64\\www\\w...')
#6 C:\wamp64\www\websetup\system\View\View.php(213): CodeIgniter\View\View->CodeIgniter\View\{closure}()
#7 C:\wamp64\www\websetup\system\Common.php(1089): CodeIgniter\View\View->render('/team', Array, true)
#8 C:\wamp64\www\websetup\app\Controllers\Team.php(52): view('/team', Array)
#9 C:\wamp64\www\websetup\system\CodeIgniter.php(825): App\Controllers\Team->index()
#10 C:\wamp64\www\websetup\system\CodeIgniter.php(412): CodeIgniter\CodeIgniter->runController(Object(App\Controllers\Team))
#11 C:\wamp64\www\websetup\system\CodeIgniter.php(320): CodeIgniter\CodeIgniter->handleRequest(NULL, Object(Config\Cache), false)
#12 C:\wamp64\www\websetup\public\index.php(37): CodeIgniter\CodeIgniter->run()
#13 {main}
CRITICAL - 2022-08-03 01:53:55 --> Undefined index: status
#0 C:\wamp64\www\websetup\app\Views\layouts\footer.php(30): CodeIgniter\Debug\Exceptions->errorHandler(8, 'Undefined index...', 'C:\\wamp64\\www\\w...', 30, Array)
#1 C:\wamp64\www\websetup\system\View\View.php(210): include('C:\\wamp64\\www\\w...')
#2 C:\wamp64\www\websetup\system\View\View.php(213): CodeIgniter\View\View->CodeIgniter\View\{closure}()
#3 C:\wamp64\www\websetup\system\Common.php(1089): CodeIgniter\View\View->render('layouts/footer', Array, true)
#4 C:\wamp64\www\websetup\app\Views\appointment.php(115): view('layouts/footer')
#5 C:\wamp64\www\websetup\system\View\View.php(210): include('C:\\wamp64\\www\\w...')
#6 C:\wamp64\www\websetup\system\View\View.php(213): CodeIgniter\View\View->CodeIgniter\View\{closure}()
#7 C:\wamp64\www\websetup\system\Common.php(1089): CodeIgniter\View\View->render('/appointment', Array, true)
#8 C:\wamp64\www\websetup\app\Controllers\Appointment.php(64): view('/appointment', Array)
#9 C:\wamp64\www\websetup\system\CodeIgniter.php(825): App\Controllers\Appointment->index()
#10 C:\wamp64\www\websetup\system\CodeIgniter.php(412): CodeIgniter\CodeIgniter->runController(Object(App\Controllers\Appointment))
#11 C:\wamp64\www\websetup\system\CodeIgniter.php(320): CodeIgniter\CodeIgniter->handleRequest(NULL, Object(Config\Cache), false)
#12 C:\wamp64\www\websetup\public\index.php(37): CodeIgniter\CodeIgniter->run()
#13 {main}
CRITICAL - 2022-08-03 01:58:44 --> Undefined index: status
#0 C:\wamp64\www\websetup\app\Views\layouts\footer.php(30): CodeIgniter\Debug\Exceptions->errorHandler(8, 'Undefined index...', 'C:\\wamp64\\www\\w...', 30, Array)
#1 C:\wamp64\www\websetup\system\View\View.php(210): include('C:\\wamp64\\www\\w...')
#2 C:\wamp64\www\websetup\system\View\View.php(213): CodeIgniter\View\View->CodeIgniter\View\{closure}()
#3 C:\wamp64\www\websetup\system\Common.php(1089): CodeIgniter\View\View->render('layouts/footer', Array, true)
#4 C:\wamp64\www\websetup\app\Views\appointment.php(115): view('layouts/footer')
#5 C:\wamp64\www\websetup\system\View\View.php(210): include('C:\\wamp64\\www\\w...')
#6 C:\wamp64\www\websetup\system\View\View.php(213): CodeIgniter\View\View->CodeIgniter\View\{closure}()
#7 C:\wamp64\www\websetup\system\Common.php(1089): CodeIgniter\View\View->render('/appointment', Array, true)
#8 C:\wamp64\www\websetup\app\Controllers\Appointment.php(64): view('/appointment', Array)
#9 C:\wamp64\www\websetup\system\CodeIgniter.php(825): App\Controllers\Appointment->index()
#10 C:\wamp64\www\websetup\system\CodeIgniter.php(412): CodeIgniter\CodeIgniter->runController(Object(App\Controllers\Appointment))
#11 C:\wamp64\www\websetup\system\CodeIgniter.php(320): CodeIgniter\CodeIgniter->handleRequest(NULL, Object(Config\Cache), false)
#12 C:\wamp64\www\websetup\public\index.php(37): CodeIgniter\CodeIgniter->run()
#13 {main}
CRITICAL - 2022-08-03 01:58:59 --> Undefined index: status
#0 C:\wamp64\www\websetup\app\Views\layouts\footer.php(30): CodeIgniter\Debug\Exceptions->errorHandler(8, 'Undefined index...', 'C:\\wamp64\\www\\w...', 30, Array)
#1 C:\wamp64\www\websetup\system\View\View.php(210): include('C:\\wamp64\\www\\w...')
#2 C:\wamp64\www\websetup\system\View\View.php(213): CodeIgniter\View\View->CodeIgniter\View\{closure}()
#3 C:\wamp64\www\websetup\system\Common.php(1089): CodeIgniter\View\View->render('layouts/footer', Array, true)
#4 C:\wamp64\www\websetup\app\Views\team.php(42): view('layouts/footer')
#5 C:\wamp64\www\websetup\system\View\View.php(210): include('C:\\wamp64\\www\\w...')
#6 C:\wamp64\www\websetup\system\View\View.php(213): CodeIgniter\View\View->CodeIgniter\View\{closure}()
#7 C:\wamp64\www\websetup\system\Common.php(1089): CodeIgniter\View\View->render('/team', Array, true)
#8 C:\wamp64\www\websetup\app\Controllers\Team.php(52): view('/team', Array)
#9 C:\wamp64\www\websetup\system\CodeIgniter.php(825): App\Controllers\Team->index()
#10 C:\wamp64\www\websetup\system\CodeIgniter.php(412): CodeIgniter\CodeIgniter->runController(Object(App\Controllers\Team))
#11 C:\wamp64\www\websetup\system\CodeIgniter.php(320): CodeIgniter\CodeIgniter->handleRequest(NULL, Object(Config\Cache), false)
#12 C:\wamp64\www\websetup\public\index.php(37): CodeIgniter\CodeIgniter->run()
#13 {main}
CRITICAL - 2022-08-03 02:00:14 --> Undefined index: status
#0 C:\wamp64\www\websetup\app\Views\layouts\footer.php(30): CodeIgniter\Debug\Exceptions->errorHandler(8, 'Undefined index...', 'C:\\wamp64\\www\\w...', 30, Array)
#1 C:\wamp64\www\websetup\system\View\View.php(210): include('C:\\wamp64\\www\\w...')
#2 C:\wamp64\www\websetup\system\View\View.php(213): CodeIgniter\View\View->CodeIgniter\View\{closure}()
#3 C:\wamp64\www\websetup\system\Common.php(1089): CodeIgniter\View\View->render('layouts/footer', Array, true)
#4 C:\wamp64\www\websetup\app\Views\home_view.php(222): view('layouts/footer')
#5 C:\wamp64\www\websetup\system\View\View.php(210): include('C:\\wamp64\\www\\w...')
#6 C:\wamp64\www\websetup\system\View\View.php(213): CodeIgniter\View\View->CodeIgniter\View\{closure}()
#7 C:\wamp64\www\websetup\system\Common.php(1089): CodeIgniter\View\View->render('home_view', Array, true)
#8 C:\wamp64\www\websetup\app\Controllers\HomePage.php(60): view('home_view', Array)
#9 C:\wamp64\www\websetup\system\CodeIgniter.php(825): App\Controllers\HomePage->index()
#10 C:\wamp64\www\websetup\system\CodeIgniter.php(412): CodeIgniter\CodeIgniter->runController(Object(App\Controllers\HomePage))
#11 C:\wamp64\www\websetup\system\CodeIgniter.php(320): CodeIgniter\CodeIgniter->handleRequest(NULL, Object(Config\Cache), false)
#12 C:\wamp64\www\websetup\public\index.php(37): CodeIgniter\CodeIgniter->run()
#13 {main}
CRITICAL - 2022-08-03 03:07:01 --> Undefined index: status
#0 C:\wamp64\www\websetup\app\Views\layouts\footer.php(30): CodeIgniter\Debug\Exceptions->errorHandler(8, 'Undefined index...', 'C:\\wamp64\\www\\w...', 30, Array)
#1 C:\wamp64\www\websetup\system\View\View.php(210): include('C:\\wamp64\\www\\w...')
#2 C:\wamp64\www\websetup\system\View\View.php(213): CodeIgniter\View\View->CodeIgniter\View\{closure}()
#3 C:\wamp64\www\websetup\system\Common.php(1089): CodeIgniter\View\View->render('layouts/footer', Array, true)
#4 C:\wamp64\www\websetup\app\Views\pricing.php(48): view('layouts/footer')
#5 C:\wamp64\www\websetup\system\View\View.php(210): include('C:\\wamp64\\www\\w...')
#6 C:\wamp64\www\websetup\system\View\View.php(213): CodeIgniter\View\View->CodeIgniter\View\{closure}()
#7 C:\wamp64\www\websetup\system\Common.php(1089): CodeIgniter\View\View->render('/pricing', Array, true)
#8 C:\wamp64\www\websetup\app\Controllers\Pricing.php(48): view('/pricing', Array)
#9 C:\wamp64\www\websetup\system\CodeIgniter.php(825): App\Controllers\Pricing->index()
#10 C:\wamp64\www\websetup\system\CodeIgniter.php(412): CodeIgniter\CodeIgniter->runController(Object(App\Controllers\Pricing))
#11 C:\wamp64\www\websetup\system\CodeIgniter.php(320): CodeIgniter\CodeIgniter->handleRequest(NULL, Object(Config\Cache), false)
#12 C:\wamp64\www\websetup\public\index.php(37): CodeIgniter\CodeIgniter->run()
#13 {main}
CRITICAL - 2022-08-03 03:07:13 --> Undefined index: status
#0 C:\wamp64\www\websetup\app\Views\layouts\footer.php(30): CodeIgniter\Debug\Exceptions->errorHandler(8, 'Undefined index...', 'C:\\wamp64\\www\\w...', 30, Array)
#1 C:\wamp64\www\websetup\system\View\View.php(210): include('C:\\wamp64\\www\\w...')
#2 C:\wamp64\www\websetup\system\View\View.php(213): CodeIgniter\View\View->CodeIgniter\View\{closure}()
#3 C:\wamp64\www\websetup\system\Common.php(1089): CodeIgniter\View\View->render('layouts/footer', Array, true)
#4 C:\wamp64\www\websetup\app\Views\gallery.php(56): view('layouts/footer')
#5 C:\wamp64\www\websetup\system\View\View.php(210): include('C:\\wamp64\\www\\w...')
#6 C:\wamp64\www\websetup\system\View\View.php(213): CodeIgniter\View\View->CodeIgniter\View\{closure}()
#7 C:\wamp64\www\websetup\system\Common.php(1089): CodeIgniter\View\View->render('gallery', Array, true)
#8 C:\wamp64\www\websetup\app\Controllers\Gallery.php(52): view('gallery', Array)
#9 C:\wamp64\www\websetup\system\CodeIgniter.php(825): App\Controllers\Gallery->index()
#10 C:\wamp64\www\websetup\system\CodeIgniter.php(412): CodeIgniter\CodeIgniter->runController(Object(App\Controllers\Gallery))
#11 C:\wamp64\www\websetup\system\CodeIgniter.php(320): CodeIgniter\CodeIgniter->handleRequest(NULL, Object(Config\Cache), false)
#12 C:\wamp64\www\websetup\public\index.php(37): CodeIgniter\CodeIgniter->run()
#13 {main}
CRITICAL - 2022-08-03 03:57:37 --> Undefined index: status
#0 C:\wamp64\www\websetup\app\Views\layouts\footer.php(30): CodeIgniter\Debug\Exceptions->errorHandler(8, 'Undefined index...', 'C:\\wamp64\\www\\w...', 30, Array)
#1 C:\wamp64\www\websetup\system\View\View.php(210): include('C:\\wamp64\\www\\w...')
#2 C:\wamp64\www\websetup\system\View\View.php(213): CodeIgniter\View\View->CodeIgniter\View\{closure}()
#3 C:\wamp64\www\websetup\system\Common.php(1089): CodeIgniter\View\View->render('layouts/footer', Array, true)
#4 C:\wamp64\www\websetup\app\Views\home_view.php(222): view('layouts/footer')
#5 C:\wamp64\www\websetup\system\View\View.php(210): include('C:\\wamp64\\www\\w...')
#6 C:\wamp64\www\websetup\system\View\View.php(213): CodeIgniter\View\View->CodeIgniter\View\{closure}()
#7 C:\wamp64\www\websetup\system\Common.php(1089): CodeIgniter\View\View->render('home_view', Array, true)
#8 C:\wamp64\www\websetup\app\Controllers\HomePage.php(60): view('home_view', Array)
#9 C:\wamp64\www\websetup\system\CodeIgniter.php(825): App\Controllers\HomePage->index()
#10 C:\wamp64\www\websetup\system\CodeIgniter.php(412): CodeIgniter\CodeIgniter->runController(Object(App\Controllers\HomePage))
#11 C:\wamp64\www\websetup\system\CodeIgniter.php(320): CodeIgniter\CodeIgniter->handleRequest(NULL, Object(Config\Cache), false)
#12 C:\wamp64\www\websetup\public\index.php(37): CodeIgniter\CodeIgniter->run()
#13 {main}
CRITICAL - 2022-08-03 05:01:58 --> Undefined index: status
#0 C:\wamp64\www\websetup\app\Views\layouts\footer.php(30): CodeIgniter\Debug\Exceptions->errorHandler(8, 'Undefined index...', 'C:\\wamp64\\www\\w...', 30, Array)
#1 C:\wamp64\www\websetup\system\View\View.php(210): include('C:\\wamp64\\www\\w...')
#2 C:\wamp64\www\websetup\system\View\View.php(213): CodeIgniter\View\View->CodeIgniter\View\{closure}()
#3 C:\wamp64\www\websetup\system\Common.php(1089): CodeIgniter\View\View->render('layouts/footer', Array, true)
#4 C:\wamp64\www\websetup\app\Views\home_view.php(222): view('layouts/footer')
#5 C:\wamp64\www\websetup\system\View\View.php(210): include('C:\\wamp64\\www\\w...')
#6 C:\wamp64\www\websetup\system\View\View.php(213): CodeIgniter\View\View->CodeIgniter\View\{closure}()
#7 C:\wamp64\www\websetup\system\Common.php(1089): CodeIgniter\View\View->render('home_view', Array, true)
#8 C:\wamp64\www\websetup\app\Controllers\HomePage.php(60): view('home_view', Array)
#9 C:\wamp64\www\websetup\system\CodeIgniter.php(825): App\Controllers\HomePage->index()
#10 C:\wamp64\www\websetup\system\CodeIgniter.php(412): CodeIgniter\CodeIgniter->runController(Object(App\Controllers\HomePage))
#11 C:\wamp64\www\websetup\system\CodeIgniter.php(320): CodeIgniter\CodeIgniter->handleRequest(NULL, Object(Config\Cache), false)
#12 C:\wamp64\www\websetup\public\index.php(37): CodeIgniter\CodeIgniter->run()
#13 {main}
