CRITICAL - 2022-04-24 23:55:42 --> Call to undefined function set_value()
#0 C:\wamp64\www\websetup\system\View\View.php(210): include()
#1 C:\wamp64\www\websetup\system\View\View.php(213): CodeIgniter\View\View->CodeIgniter\View\{closure}()
#2 C:\wamp64\www\websetup\system\Common.php(1089): CodeIgniter\View\View->render()
#3 C:\wamp64\www\websetup\app\Controllers\LogIn.php(72): view()
#4 C:\wamp64\www\websetup\system\CodeIgniter.php(825): App\Controllers\LogIn->forgot_password()
#5 C:\wamp64\www\websetup\system\CodeIgniter.php(412): CodeIgniter\CodeIgniter->runController()
#6 C:\wamp64\www\websetup\system\CodeIgniter.php(320): CodeIgniter\CodeIgniter->handleRequest()
#7 C:\wamp64\www\websetup\public\index.php(37): CodeIgniter\CodeIgniter->run()
#8 C:\wamp64\www\websetup\system\Commands\Server\rewrite.php(43): require_once('...')
#9 {main}
CRITICAL - 2022-04-24 23:55:45 --> Call to undefined function set_value()
#0 C:\wamp64\www\websetup\system\View\View.php(210): include()
#1 C:\wamp64\www\websetup\system\View\View.php(213): CodeIgniter\View\View->CodeIgniter\View\{closure}()
#2 C:\wamp64\www\websetup\system\Common.php(1089): CodeIgniter\View\View->render()
#3 C:\wamp64\www\websetup\app\Controllers\LogIn.php(72): view()
#4 C:\wamp64\www\websetup\system\CodeIgniter.php(825): App\Controllers\LogIn->forgot_password()
#5 C:\wamp64\www\websetup\system\CodeIgniter.php(412): CodeIgniter\CodeIgniter->runController()
#6 C:\wamp64\www\websetup\system\CodeIgniter.php(320): CodeIgniter\CodeIgniter->handleRequest()
#7 C:\wamp64\www\websetup\public\index.php(37): CodeIgniter\CodeIgniter->run()
#8 C:\wamp64\www\websetup\system\Commands\Server\rewrite.php(43): require_once('...')
#9 {main}
CRITICAL - 2022-04-24 23:55:53 --> Call to undefined function set_value()
#0 C:\wamp64\www\websetup\system\View\View.php(210): include()
#1 C:\wamp64\www\websetup\system\View\View.php(213): CodeIgniter\View\View->CodeIgniter\View\{closure}()
#2 C:\wamp64\www\websetup\system\Common.php(1089): CodeIgniter\View\View->render()
#3 C:\wamp64\www\websetup\app\Controllers\LogIn.php(72): view()
#4 C:\wamp64\www\websetup\system\CodeIgniter.php(825): App\Controllers\LogIn->forgot_password()
#5 C:\wamp64\www\websetup\system\CodeIgniter.php(412): CodeIgniter\CodeIgniter->runController()
#6 C:\wamp64\www\websetup\system\CodeIgniter.php(320): CodeIgniter\CodeIgniter->handleRequest()
#7 C:\wamp64\www\websetup\public\index.php(37): CodeIgniter\CodeIgniter->run()
#8 C:\wamp64\www\websetup\system\Commands\Server\rewrite.php(43): require_once('...')
#9 {main}
