CRITICAL - 2022-04-27 00:01:35 --> Undefined variable $business_infos
#0 C:\wamp64\www\websetup\app\Views\main\header.php(46): CodeIgniter\Debug\Exceptions->errorHandler()
#1 C:\wamp64\www\websetup\system\View\View.php(210): include('...')
#2 C:\wamp64\www\websetup\system\View\View.php(213): CodeIgniter\View\View->CodeIgniter\View\{closure}()
#3 C:\wamp64\www\websetup\system\Common.php(1089): CodeIgniter\View\View->render()
#4 C:\wamp64\www\websetup\app\Views\login.php(2): view()
#5 C:\wamp64\www\websetup\system\View\View.php(210): include('...')
#6 C:\wamp64\www\websetup\system\View\View.php(213): CodeIgniter\View\View->CodeIgniter\View\{closure}()
#7 C:\wamp64\www\websetup\system\Common.php(1089): CodeIgniter\View\View->render()
#8 C:\wamp64\www\websetup\app\Controllers\LogIn.php(12): view()
#9 C:\wamp64\www\websetup\system\CodeIgniter.php(825): App\Controllers\LogIn->index()
#10 C:\wamp64\www\websetup\system\CodeIgniter.php(412): CodeIgniter\CodeIgniter->runController()
#11 C:\wamp64\www\websetup\system\CodeIgniter.php(320): CodeIgniter\CodeIgniter->handleRequest()
#12 C:\wamp64\www\websetup\public\index.php(37): CodeIgniter\CodeIgniter->run()
#13 C:\wamp64\www\websetup\system\Commands\Server\rewrite.php(43): require_once('...')
#14 {main}
CRITICAL - 2022-04-27 00:02:23 --> Undefined variable $business_infos
#0 C:\wamp64\www\websetup\app\Views\main\header.php(46): CodeIgniter\Debug\Exceptions->errorHandler()
#1 C:\wamp64\www\websetup\system\View\View.php(210): include('...')
#2 C:\wamp64\www\websetup\system\View\View.php(213): CodeIgniter\View\View->CodeIgniter\View\{closure}()
#3 C:\wamp64\www\websetup\system\Common.php(1089): CodeIgniter\View\View->render()
#4 C:\wamp64\www\websetup\app\Views\login.php(2): view()
#5 C:\wamp64\www\websetup\system\View\View.php(210): include('...')
#6 C:\wamp64\www\websetup\system\View\View.php(213): CodeIgniter\View\View->CodeIgniter\View\{closure}()
#7 C:\wamp64\www\websetup\system\Common.php(1089): CodeIgniter\View\View->render()
#8 C:\wamp64\www\websetup\app\Controllers\LogIn.php(16): view()
#9 C:\wamp64\www\websetup\system\CodeIgniter.php(825): App\Controllers\LogIn->index()
#10 C:\wamp64\www\websetup\system\CodeIgniter.php(412): CodeIgniter\CodeIgniter->runController()
#11 C:\wamp64\www\websetup\system\CodeIgniter.php(320): CodeIgniter\CodeIgniter->handleRequest()
#12 C:\wamp64\www\websetup\public\index.php(37): CodeIgniter\CodeIgniter->run()
#13 C:\wamp64\www\websetup\system\Commands\Server\rewrite.php(43): require_once('...')
#14 {main}
CRITICAL - 2022-04-27 00:02:25 --> Undefined variable $business_infos
#0 C:\wamp64\www\websetup\app\Views\main\header.php(46): CodeIgniter\Debug\Exceptions->errorHandler()
#1 C:\wamp64\www\websetup\system\View\View.php(210): include('...')
#2 C:\wamp64\www\websetup\system\View\View.php(213): CodeIgniter\View\View->CodeIgniter\View\{closure}()
#3 C:\wamp64\www\websetup\system\Common.php(1089): CodeIgniter\View\View->render()
#4 C:\wamp64\www\websetup\app\Views\login.php(2): view()
#5 C:\wamp64\www\websetup\system\View\View.php(210): include('...')
#6 C:\wamp64\www\websetup\system\View\View.php(213): CodeIgniter\View\View->CodeIgniter\View\{closure}()
#7 C:\wamp64\www\websetup\system\Common.php(1089): CodeIgniter\View\View->render()
#8 C:\wamp64\www\websetup\app\Controllers\LogIn.php(16): view()
#9 C:\wamp64\www\websetup\system\CodeIgniter.php(825): App\Controllers\LogIn->index()
#10 C:\wamp64\www\websetup\system\CodeIgniter.php(412): CodeIgniter\CodeIgniter->runController()
#11 C:\wamp64\www\websetup\system\CodeIgniter.php(320): CodeIgniter\CodeIgniter->handleRequest()
#12 C:\wamp64\www\websetup\public\index.php(37): CodeIgniter\CodeIgniter->run()
#13 C:\wamp64\www\websetup\system\Commands\Server\rewrite.php(43): require_once('...')
#14 {main}
CRITICAL - 2022-04-27 00:03:30 --> Undefined variable $business_infos
#0 C:\wamp64\www\websetup\app\Views\main\header.php(46): CodeIgniter\Debug\Exceptions->errorHandler()
#1 C:\wamp64\www\websetup\system\View\View.php(210): include('...')
#2 C:\wamp64\www\websetup\system\View\View.php(213): CodeIgniter\View\View->CodeIgniter\View\{closure}()
#3 C:\wamp64\www\websetup\system\Common.php(1089): CodeIgniter\View\View->render()
#4 C:\wamp64\www\websetup\app\Views\register.php(2): view()
#5 C:\wamp64\www\websetup\system\View\View.php(210): include('...')
#6 C:\wamp64\www\websetup\system\View\View.php(213): CodeIgniter\View\View->CodeIgniter\View\{closure}()
#7 C:\wamp64\www\websetup\system\Common.php(1089): CodeIgniter\View\View->render()
#8 C:\wamp64\www\websetup\app\Controllers\Register.php(13): view()
#9 C:\wamp64\www\websetup\system\CodeIgniter.php(825): App\Controllers\Register->index()
#10 C:\wamp64\www\websetup\system\CodeIgniter.php(412): CodeIgniter\CodeIgniter->runController()
#11 C:\wamp64\www\websetup\system\CodeIgniter.php(320): CodeIgniter\CodeIgniter->handleRequest()
#12 C:\wamp64\www\websetup\public\index.php(37): CodeIgniter\CodeIgniter->run()
#13 C:\wamp64\www\websetup\system\Commands\Server\rewrite.php(43): require_once('...')
#14 {main}
CRITICAL - 2022-04-27 00:15:08 --> Undefined array key "id"
#0 C:\wamp64\www\websetup\app\Views\admin\footerpage.php(740): CodeIgniter\Debug\Exceptions->errorHandler()
#1 C:\wamp64\www\websetup\system\View\View.php(210): include('...')
#2 C:\wamp64\www\websetup\system\View\View.php(213): CodeIgniter\View\View->CodeIgniter\View\{closure}()
#3 C:\wamp64\www\websetup\system\Common.php(1089): CodeIgniter\View\View->render()
#4 C:\wamp64\www\websetup\app\Controllers\AdminPageFooter.php(28): view()
#5 C:\wamp64\www\websetup\system\CodeIgniter.php(825): App\Controllers\AdminPageFooter->index()
#6 C:\wamp64\www\websetup\system\CodeIgniter.php(412): CodeIgniter\CodeIgniter->runController()
#7 C:\wamp64\www\websetup\system\CodeIgniter.php(320): CodeIgniter\CodeIgniter->handleRequest()
#8 C:\wamp64\www\websetup\public\index.php(37): CodeIgniter\CodeIgniter->run()
#9 C:\wamp64\www\websetup\system\Commands\Server\rewrite.php(43): require_once('...')
#10 {main}
ERROR - 2022-04-27 02:36:13 --> Column 'operation' cannot be null
CRITICAL - 2022-04-27 02:36:13 --> Column 'operation' cannot be null
#0 C:\wamp64\www\websetup\system\Database\MySQLi\Connection.php(292): mysqli->query()
#1 C:\wamp64\www\websetup\system\Database\BaseConnection.php(670): CodeIgniter\Database\MySQLi\Connection->execute()
#2 C:\wamp64\www\websetup\system\Database\BaseConnection.php(598): CodeIgniter\Database\BaseConnection->simpleQuery()
#3 C:\wamp64\www\websetup\system\Database\BaseBuilder.php(1771): CodeIgniter\Database\BaseConnection->query()
#4 C:\wamp64\www\websetup\system\Model.php(239): CodeIgniter\Database\BaseBuilder->insert()
#5 C:\wamp64\www\websetup\system\BaseModel.php(738): CodeIgniter\Model->doInsert()
#6 C:\wamp64\www\websetup\system\Model.php(625): CodeIgniter\BaseModel->insert()
#7 C:\wamp64\www\websetup\app\Controllers\AdminPageFooter.php(145): CodeIgniter\Model->insert()
#8 C:\wamp64\www\websetup\system\CodeIgniter.php(825): App\Controllers\AdminPageFooter->storeCalendar()
#9 C:\wamp64\www\websetup\system\CodeIgniter.php(412): CodeIgniter\CodeIgniter->runController()
#10 C:\wamp64\www\websetup\system\CodeIgniter.php(320): CodeIgniter\CodeIgniter->handleRequest()
#11 C:\wamp64\www\websetup\public\index.php(37): CodeIgniter\CodeIgniter->run()
#12 C:\wamp64\www\websetup\system\Commands\Server\rewrite.php(43): require_once('...')
#13 {main}
ERROR - 2022-04-27 02:36:21 --> Column 'start' cannot be null
CRITICAL - 2022-04-27 02:36:21 --> Column 'start' cannot be null
#0 C:\wamp64\www\websetup\system\Database\MySQLi\Connection.php(292): mysqli->query()
#1 C:\wamp64\www\websetup\system\Database\BaseConnection.php(670): CodeIgniter\Database\MySQLi\Connection->execute()
#2 C:\wamp64\www\websetup\system\Database\BaseConnection.php(598): CodeIgniter\Database\BaseConnection->simpleQuery()
#3 C:\wamp64\www\websetup\system\Database\BaseBuilder.php(1771): CodeIgniter\Database\BaseConnection->query()
#4 C:\wamp64\www\websetup\system\Model.php(239): CodeIgniter\Database\BaseBuilder->insert()
#5 C:\wamp64\www\websetup\system\BaseModel.php(738): CodeIgniter\Model->doInsert()
#6 C:\wamp64\www\websetup\system\Model.php(625): CodeIgniter\BaseModel->insert()
#7 C:\wamp64\www\websetup\app\Controllers\AdminPageFooter.php(145): CodeIgniter\Model->insert()
#8 C:\wamp64\www\websetup\system\CodeIgniter.php(825): App\Controllers\AdminPageFooter->storeCalendar()
#9 C:\wamp64\www\websetup\system\CodeIgniter.php(412): CodeIgniter\CodeIgniter->runController()
#10 C:\wamp64\www\websetup\system\CodeIgniter.php(320): CodeIgniter\CodeIgniter->handleRequest()
#11 C:\wamp64\www\websetup\public\index.php(37): CodeIgniter\CodeIgniter->run()
#12 C:\wamp64\www\websetup\system\Commands\Server\rewrite.php(43): require_once('...')
#13 {main}
ERROR - 2022-04-27 02:37:24 --> Column 'end' cannot be null
CRITICAL - 2022-04-27 02:37:24 --> Column 'end' cannot be null
#0 C:\wamp64\www\websetup\system\Database\MySQLi\Connection.php(292): mysqli->query()
#1 C:\wamp64\www\websetup\system\Database\BaseConnection.php(670): CodeIgniter\Database\MySQLi\Connection->execute()
#2 C:\wamp64\www\websetup\system\Database\BaseConnection.php(598): CodeIgniter\Database\BaseConnection->simpleQuery()
#3 C:\wamp64\www\websetup\system\Database\BaseBuilder.php(1771): CodeIgniter\Database\BaseConnection->query()
#4 C:\wamp64\www\websetup\system\Model.php(239): CodeIgniter\Database\BaseBuilder->insert()
#5 C:\wamp64\www\websetup\system\BaseModel.php(738): CodeIgniter\Model->doInsert()
#6 C:\wamp64\www\websetup\system\Model.php(625): CodeIgniter\BaseModel->insert()
#7 C:\wamp64\www\websetup\app\Controllers\AdminPageFooter.php(145): CodeIgniter\Model->insert()
#8 C:\wamp64\www\websetup\system\CodeIgniter.php(825): App\Controllers\AdminPageFooter->storeCalendar()
#9 C:\wamp64\www\websetup\system\CodeIgniter.php(412): CodeIgniter\CodeIgniter->runController()
#10 C:\wamp64\www\websetup\system\CodeIgniter.php(320): CodeIgniter\CodeIgniter->handleRequest()
#11 C:\wamp64\www\websetup\public\index.php(37): CodeIgniter\CodeIgniter->run()
#12 C:\wamp64\www\websetup\system\Commands\Server\rewrite.php(43): require_once('...')
#13 {main}
ERROR - 2022-04-27 02:37:40 --> Column 'end' cannot be null
CRITICAL - 2022-04-27 02:37:40 --> Column 'end' cannot be null
#0 C:\wamp64\www\websetup\system\Database\MySQLi\Connection.php(292): mysqli->query()
#1 C:\wamp64\www\websetup\system\Database\BaseConnection.php(670): CodeIgniter\Database\MySQLi\Connection->execute()
#2 C:\wamp64\www\websetup\system\Database\BaseConnection.php(598): CodeIgniter\Database\BaseConnection->simpleQuery()
#3 C:\wamp64\www\websetup\system\Database\BaseBuilder.php(1771): CodeIgniter\Database\BaseConnection->query()
#4 C:\wamp64\www\websetup\system\Model.php(239): CodeIgniter\Database\BaseBuilder->insert()
#5 C:\wamp64\www\websetup\system\BaseModel.php(738): CodeIgniter\Model->doInsert()
#6 C:\wamp64\www\websetup\system\Model.php(625): CodeIgniter\BaseModel->insert()
#7 C:\wamp64\www\websetup\app\Controllers\AdminPageFooter.php(145): CodeIgniter\Model->insert()
#8 C:\wamp64\www\websetup\system\CodeIgniter.php(825): App\Controllers\AdminPageFooter->storeCalendar()
#9 C:\wamp64\www\websetup\system\CodeIgniter.php(412): CodeIgniter\CodeIgniter->runController()
#10 C:\wamp64\www\websetup\system\CodeIgniter.php(320): CodeIgniter\CodeIgniter->handleRequest()
#11 C:\wamp64\www\websetup\public\index.php(37): CodeIgniter\CodeIgniter->run()
#12 C:\wamp64\www\websetup\system\Commands\Server\rewrite.php(43): require_once('...')
#13 {main}
ERROR - 2022-04-27 02:39:17 --> Column 'operation' cannot be null
CRITICAL - 2022-04-27 02:39:17 --> Column 'operation' cannot be null
#0 C:\wamp64\www\websetup\system\Database\MySQLi\Connection.php(292): mysqli->query()
#1 C:\wamp64\www\websetup\system\Database\BaseConnection.php(670): CodeIgniter\Database\MySQLi\Connection->execute()
#2 C:\wamp64\www\websetup\system\Database\BaseConnection.php(598): CodeIgniter\Database\BaseConnection->simpleQuery()
#3 C:\wamp64\www\websetup\system\Database\BaseBuilder.php(1771): CodeIgniter\Database\BaseConnection->query()
#4 C:\wamp64\www\websetup\system\Model.php(239): CodeIgniter\Database\BaseBuilder->insert()
#5 C:\wamp64\www\websetup\system\BaseModel.php(738): CodeIgniter\Model->doInsert()
#6 C:\wamp64\www\websetup\system\Model.php(625): CodeIgniter\BaseModel->insert()
#7 C:\wamp64\www\websetup\app\Controllers\AdminPageFooter.php(145): CodeIgniter\Model->insert()
#8 C:\wamp64\www\websetup\system\CodeIgniter.php(825): App\Controllers\AdminPageFooter->storeCalendar()
#9 C:\wamp64\www\websetup\system\CodeIgniter.php(412): CodeIgniter\CodeIgniter->runController()
#10 C:\wamp64\www\websetup\system\CodeIgniter.php(320): CodeIgniter\CodeIgniter->handleRequest()
#11 C:\wamp64\www\websetup\public\index.php(37): CodeIgniter\CodeIgniter->run()
#12 C:\wamp64\www\websetup\system\Commands\Server\rewrite.php(43): require_once('...')
#13 {main}
ERROR - 2022-04-27 02:40:54 --> Column 'end' cannot be null
CRITICAL - 2022-04-27 02:40:54 --> Column 'end' cannot be null
#0 C:\wamp64\www\websetup\system\Database\MySQLi\Connection.php(292): mysqli->query()
#1 C:\wamp64\www\websetup\system\Database\BaseConnection.php(670): CodeIgniter\Database\MySQLi\Connection->execute()
#2 C:\wamp64\www\websetup\system\Database\BaseConnection.php(598): CodeIgniter\Database\BaseConnection->simpleQuery()
#3 C:\wamp64\www\websetup\system\Database\BaseBuilder.php(1771): CodeIgniter\Database\BaseConnection->query()
#4 C:\wamp64\www\websetup\system\Model.php(239): CodeIgniter\Database\BaseBuilder->insert()
#5 C:\wamp64\www\websetup\system\BaseModel.php(738): CodeIgniter\Model->doInsert()
#6 C:\wamp64\www\websetup\system\Model.php(625): CodeIgniter\BaseModel->insert()
#7 C:\wamp64\www\websetup\app\Controllers\AdminPageFooter.php(145): CodeIgniter\Model->insert()
#8 C:\wamp64\www\websetup\system\CodeIgniter.php(825): App\Controllers\AdminPageFooter->storeCalendar()
#9 C:\wamp64\www\websetup\system\CodeIgniter.php(412): CodeIgniter\CodeIgniter->runController()
#10 C:\wamp64\www\websetup\system\CodeIgniter.php(320): CodeIgniter\CodeIgniter->handleRequest()
#11 C:\wamp64\www\websetup\public\index.php(37): CodeIgniter\CodeIgniter->run()
#12 C:\wamp64\www\websetup\system\Commands\Server\rewrite.php(43): require_once('...')
#13 {main}
