ERROR - 2022-03-16 00:04:08 --> Column 'image' cannot be null
CRITICAL - 2022-03-16 00:04:08 --> Column 'image' cannot be null
#0 C:\wamp64\www\websetup\system\Database\MySQLi\Connection.php(292): mysqli->query()
#1 C:\wamp64\www\websetup\system\Database\BaseConnection.php(670): CodeIgniter\Database\MySQLi\Connection->execute()
#2 C:\wamp64\www\websetup\system\Database\BaseConnection.php(598): CodeIgniter\Database\BaseConnection->simpleQuery()
#3 C:\wamp64\www\websetup\system\Database\BaseBuilder.php(1771): CodeIgniter\Database\BaseConnection->query()
#4 C:\wamp64\www\websetup\system\Model.php(239): CodeIgniter\Database\BaseBuilder->insert()
#5 C:\wamp64\www\websetup\system\BaseModel.php(738): CodeIgniter\Model->doInsert()
#6 C:\wamp64\www\websetup\system\Model.php(625): CodeIgniter\BaseModel->insert()
#7 C:\wamp64\www\websetup\app\Controllers\DashboardPageHome.php(106): CodeIgniter\Model->insert()
#8 C:\wamp64\www\websetup\system\CodeIgniter.php(825): App\Controllers\DashboardPageHome->storeSlider()
#9 C:\wamp64\www\websetup\system\CodeIgniter.php(412): CodeIgniter\CodeIgniter->runController()
#10 C:\wamp64\www\websetup\system\CodeIgniter.php(320): CodeIgniter\CodeIgniter->handleRequest()
#11 C:\wamp64\www\websetup\public\index.php(37): CodeIgniter\CodeIgniter->run()
#12 C:\wamp64\www\websetup\system\Commands\Server\rewrite.php(43): require_once('...')
#13 {main}
ERROR - 2022-03-16 00:10:53 --> Column 'image' cannot be null
CRITICAL - 2022-03-16 00:10:53 --> Column 'image' cannot be null
#0 C:\wamp64\www\websetup\system\Database\MySQLi\Connection.php(292): mysqli->query()
#1 C:\wamp64\www\websetup\system\Database\BaseConnection.php(670): CodeIgniter\Database\MySQLi\Connection->execute()
#2 C:\wamp64\www\websetup\system\Database\BaseConnection.php(598): CodeIgniter\Database\BaseConnection->simpleQuery()
#3 C:\wamp64\www\websetup\system\Database\BaseBuilder.php(1771): CodeIgniter\Database\BaseConnection->query()
#4 C:\wamp64\www\websetup\system\Model.php(239): CodeIgniter\Database\BaseBuilder->insert()
#5 C:\wamp64\www\websetup\system\BaseModel.php(738): CodeIgniter\Model->doInsert()
#6 C:\wamp64\www\websetup\system\Model.php(625): CodeIgniter\BaseModel->insert()
#7 C:\wamp64\www\websetup\app\Controllers\DashboardPageHome.php(106): CodeIgniter\Model->insert()
#8 C:\wamp64\www\websetup\system\CodeIgniter.php(825): App\Controllers\DashboardPageHome->storeSlider()
#9 C:\wamp64\www\websetup\system\CodeIgniter.php(412): CodeIgniter\CodeIgniter->runController()
#10 C:\wamp64\www\websetup\system\CodeIgniter.php(320): CodeIgniter\CodeIgniter->handleRequest()
#11 C:\wamp64\www\websetup\public\index.php(37): CodeIgniter\CodeIgniter->run()
#12 C:\wamp64\www\websetup\system\Commands\Server\rewrite.php(43): require_once('...')
#13 {main}
ERROR - 2022-03-16 00:11:51 --> Column 'image' cannot be null
CRITICAL - 2022-03-16 00:11:51 --> Column 'image' cannot be null
#0 C:\wamp64\www\websetup\system\Database\MySQLi\Connection.php(292): mysqli->query()
#1 C:\wamp64\www\websetup\system\Database\BaseConnection.php(670): CodeIgniter\Database\MySQLi\Connection->execute()
#2 C:\wamp64\www\websetup\system\Database\BaseConnection.php(598): CodeIgniter\Database\BaseConnection->simpleQuery()
#3 C:\wamp64\www\websetup\system\Database\BaseBuilder.php(1771): CodeIgniter\Database\BaseConnection->query()
#4 C:\wamp64\www\websetup\system\Model.php(239): CodeIgniter\Database\BaseBuilder->insert()
#5 C:\wamp64\www\websetup\system\BaseModel.php(738): CodeIgniter\Model->doInsert()
#6 C:\wamp64\www\websetup\system\Model.php(625): CodeIgniter\BaseModel->insert()
#7 C:\wamp64\www\websetup\app\Controllers\DashboardPageHome.php(106): CodeIgniter\Model->insert()
#8 C:\wamp64\www\websetup\system\CodeIgniter.php(825): App\Controllers\DashboardPageHome->storeSlider()
#9 C:\wamp64\www\websetup\system\CodeIgniter.php(412): CodeIgniter\CodeIgniter->runController()
#10 C:\wamp64\www\websetup\system\CodeIgniter.php(320): CodeIgniter\CodeIgniter->handleRequest()
#11 C:\wamp64\www\websetup\public\index.php(37): CodeIgniter\CodeIgniter->run()
#12 C:\wamp64\www\websetup\system\Commands\Server\rewrite.php(43): require_once('...')
#13 {main}
CRITICAL - 2022-03-16 00:14:17 --> file_get_contents(image): Failed to open stream: No such file or directory
#0 [internal function]: CodeIgniter\Debug\Exceptions->errorHandler()
#1 C:\wamp64\www\websetup\app\Controllers\DashboardPageHome.php(103): file_get_contents()
#2 C:\wamp64\www\websetup\system\CodeIgniter.php(825): App\Controllers\DashboardPageHome->storeSlider()
#3 C:\wamp64\www\websetup\system\CodeIgniter.php(412): CodeIgniter\CodeIgniter->runController()
#4 C:\wamp64\www\websetup\system\CodeIgniter.php(320): CodeIgniter\CodeIgniter->handleRequest()
#5 C:\wamp64\www\websetup\public\index.php(37): CodeIgniter\CodeIgniter->run()
#6 C:\wamp64\www\websetup\system\Commands\Server\rewrite.php(43): require_once('...')
#7 {main}
CRITICAL - 2022-03-16 00:14:45 --> Call to undefined method CodeIgniter\HTTP\IncomingRequest::file_get_contents()
#0 C:\wamp64\www\websetup\system\CodeIgniter.php(825): App\Controllers\DashboardPageHome->storeSlider()
#1 C:\wamp64\www\websetup\system\CodeIgniter.php(412): CodeIgniter\CodeIgniter->runController()
#2 C:\wamp64\www\websetup\system\CodeIgniter.php(320): CodeIgniter\CodeIgniter->handleRequest()
#3 C:\wamp64\www\websetup\public\index.php(37): CodeIgniter\CodeIgniter->run()
#4 C:\wamp64\www\websetup\system\Commands\Server\rewrite.php(43): require_once('...')
#5 {main}
CRITICAL - 2022-03-16 00:17:16 --> Undefined variable $request
#0 C:\wamp64\www\websetup\app\Controllers\DashboardPageHome.php(98): CodeIgniter\Debug\Exceptions->errorHandler()
#1 C:\wamp64\www\websetup\system\CodeIgniter.php(825): App\Controllers\DashboardPageHome->storeSlider()
#2 C:\wamp64\www\websetup\system\CodeIgniter.php(412): CodeIgniter\CodeIgniter->runController()
#3 C:\wamp64\www\websetup\system\CodeIgniter.php(320): CodeIgniter\CodeIgniter->handleRequest()
#4 C:\wamp64\www\websetup\public\index.php(37): CodeIgniter\CodeIgniter->run()
#5 C:\wamp64\www\websetup\system\Commands\Server\rewrite.php(43): require_once('...')
#6 {main}
CRITICAL - 2022-03-16 00:17:53 --> Call to undefined method CodeIgniter\HTTP\IncomingRequest::file()
#0 C:\wamp64\www\websetup\system\CodeIgniter.php(825): App\Controllers\DashboardPageHome->storeSlider()
#1 C:\wamp64\www\websetup\system\CodeIgniter.php(412): CodeIgniter\CodeIgniter->runController()
#2 C:\wamp64\www\websetup\system\CodeIgniter.php(320): CodeIgniter\CodeIgniter->handleRequest()
#3 C:\wamp64\www\websetup\public\index.php(37): CodeIgniter\CodeIgniter->run()
#4 C:\wamp64\www\websetup\system\Commands\Server\rewrite.php(43): require_once('...')
#5 {main}
CRITICAL - 2022-03-16 00:18:31 --> Call to a member function fread() on null
#0 C:\wamp64\www\websetup\system\CodeIgniter.php(825): App\Controllers\DashboardPageHome->storeSlider()
#1 C:\wamp64\www\websetup\system\CodeIgniter.php(412): CodeIgniter\CodeIgniter->runController()
#2 C:\wamp64\www\websetup\system\CodeIgniter.php(320): CodeIgniter\CodeIgniter->handleRequest()
#3 C:\wamp64\www\websetup\public\index.php(37): CodeIgniter\CodeIgniter->run()
#4 C:\wamp64\www\websetup\system\Commands\Server\rewrite.php(43): require_once('...')
#5 {main}
ERROR - 2022-03-16 00:20:18 --> Column 'image' cannot be null
CRITICAL - 2022-03-16 00:20:18 --> Column 'image' cannot be null
#0 C:\wamp64\www\websetup\system\Database\MySQLi\Connection.php(292): mysqli->query()
#1 C:\wamp64\www\websetup\system\Database\BaseConnection.php(670): CodeIgniter\Database\MySQLi\Connection->execute()
#2 C:\wamp64\www\websetup\system\Database\BaseConnection.php(598): CodeIgniter\Database\BaseConnection->simpleQuery()
#3 C:\wamp64\www\websetup\system\Database\BaseBuilder.php(1771): CodeIgniter\Database\BaseConnection->query()
#4 C:\wamp64\www\websetup\system\Model.php(239): CodeIgniter\Database\BaseBuilder->insert()
#5 C:\wamp64\www\websetup\system\BaseModel.php(738): CodeIgniter\Model->doInsert()
#6 C:\wamp64\www\websetup\system\Model.php(625): CodeIgniter\BaseModel->insert()
#7 C:\wamp64\www\websetup\app\Controllers\DashboardPageHome.php(106): CodeIgniter\Model->insert()
#8 C:\wamp64\www\websetup\system\CodeIgniter.php(825): App\Controllers\DashboardPageHome->storeSlider()
#9 C:\wamp64\www\websetup\system\CodeIgniter.php(412): CodeIgniter\CodeIgniter->runController()
#10 C:\wamp64\www\websetup\system\CodeIgniter.php(320): CodeIgniter\CodeIgniter->handleRequest()
#11 C:\wamp64\www\websetup\public\index.php(37): CodeIgniter\CodeIgniter->run()
#12 C:\wamp64\www\websetup\system\Commands\Server\rewrite.php(43): require_once('...')
#13 {main}
ERROR - 2022-03-16 00:20:57 --> Column 'image' cannot be null
CRITICAL - 2022-03-16 00:20:57 --> Column 'image' cannot be null
#0 C:\wamp64\www\websetup\system\Database\MySQLi\Connection.php(292): mysqli->query()
#1 C:\wamp64\www\websetup\system\Database\BaseConnection.php(670): CodeIgniter\Database\MySQLi\Connection->execute()
#2 C:\wamp64\www\websetup\system\Database\BaseConnection.php(598): CodeIgniter\Database\BaseConnection->simpleQuery()
#3 C:\wamp64\www\websetup\system\Database\BaseBuilder.php(1771): CodeIgniter\Database\BaseConnection->query()
#4 C:\wamp64\www\websetup\system\Model.php(239): CodeIgniter\Database\BaseBuilder->insert()
#5 C:\wamp64\www\websetup\system\BaseModel.php(738): CodeIgniter\Model->doInsert()
#6 C:\wamp64\www\websetup\system\Model.php(625): CodeIgniter\BaseModel->insert()
#7 C:\wamp64\www\websetup\app\Controllers\DashboardPageHome.php(106): CodeIgniter\Model->insert()
#8 C:\wamp64\www\websetup\system\CodeIgniter.php(825): App\Controllers\DashboardPageHome->storeSlider()
#9 C:\wamp64\www\websetup\system\CodeIgniter.php(412): CodeIgniter\CodeIgniter->runController()
#10 C:\wamp64\www\websetup\system\CodeIgniter.php(320): CodeIgniter\CodeIgniter->handleRequest()
#11 C:\wamp64\www\websetup\public\index.php(37): CodeIgniter\CodeIgniter->run()
#12 C:\wamp64\www\websetup\system\Commands\Server\rewrite.php(43): require_once('...')
#13 {main}
ERROR - 2022-03-16 01:19:24 --> Column 'image' cannot be null
CRITICAL - 2022-03-16 01:19:24 --> Column 'image' cannot be null
#0 C:\wamp64\www\websetup\system\Database\MySQLi\Connection.php(292): mysqli->query()
#1 C:\wamp64\www\websetup\system\Database\BaseConnection.php(670): CodeIgniter\Database\MySQLi\Connection->execute()
#2 C:\wamp64\www\websetup\system\Database\BaseConnection.php(598): CodeIgniter\Database\BaseConnection->simpleQuery()
#3 C:\wamp64\www\websetup\system\Database\BaseBuilder.php(1771): CodeIgniter\Database\BaseConnection->query()
#4 C:\wamp64\www\websetup\system\Model.php(239): CodeIgniter\Database\BaseBuilder->insert()
#5 C:\wamp64\www\websetup\system\BaseModel.php(738): CodeIgniter\Model->doInsert()
#6 C:\wamp64\www\websetup\system\Model.php(625): CodeIgniter\BaseModel->insert()
#7 C:\wamp64\www\websetup\app\Controllers\DashboardPageHome.php(106): CodeIgniter\Model->insert()
#8 C:\wamp64\www\websetup\system\CodeIgniter.php(825): App\Controllers\DashboardPageHome->storeSlider()
#9 C:\wamp64\www\websetup\system\CodeIgniter.php(412): CodeIgniter\CodeIgniter->runController()
#10 C:\wamp64\www\websetup\system\CodeIgniter.php(320): CodeIgniter\CodeIgniter->handleRequest()
#11 C:\wamp64\www\websetup\public\index.php(37): CodeIgniter\CodeIgniter->run()
#12 C:\wamp64\www\websetup\system\Commands\Server\rewrite.php(43): require_once('...')
#13 {main}
ERROR - 2022-03-16 01:20:57 --> Column 'image' cannot be null
CRITICAL - 2022-03-16 01:20:57 --> Column 'image' cannot be null
#0 C:\wamp64\www\websetup\system\Database\MySQLi\Connection.php(292): mysqli->query()
#1 C:\wamp64\www\websetup\system\Database\BaseConnection.php(670): CodeIgniter\Database\MySQLi\Connection->execute()
#2 C:\wamp64\www\websetup\system\Database\BaseConnection.php(598): CodeIgniter\Database\BaseConnection->simpleQuery()
#3 C:\wamp64\www\websetup\system\Database\BaseBuilder.php(1771): CodeIgniter\Database\BaseConnection->query()
#4 C:\wamp64\www\websetup\system\Model.php(239): CodeIgniter\Database\BaseBuilder->insert()
#5 C:\wamp64\www\websetup\system\BaseModel.php(738): CodeIgniter\Model->doInsert()
#6 C:\wamp64\www\websetup\system\Model.php(625): CodeIgniter\BaseModel->insert()
#7 C:\wamp64\www\websetup\app\Controllers\DashboardPageHome.php(106): CodeIgniter\Model->insert()
#8 C:\wamp64\www\websetup\system\CodeIgniter.php(825): App\Controllers\DashboardPageHome->storeSlider()
#9 C:\wamp64\www\websetup\system\CodeIgniter.php(412): CodeIgniter\CodeIgniter->runController()
#10 C:\wamp64\www\websetup\system\CodeIgniter.php(320): CodeIgniter\CodeIgniter->handleRequest()
#11 C:\wamp64\www\websetup\public\index.php(37): CodeIgniter\CodeIgniter->run()
#12 C:\wamp64\www\websetup\system\Commands\Server\rewrite.php(43): require_once('...')
#13 {main}
CRITICAL - 2022-03-16 01:35:26 --> Undefined variable $slider
#0 C:\wamp64\www\websetup\app\Controllers\index.php(127): CodeIgniter\Debug\Exceptions->errorHandler()
#1 C:\wamp64\www\websetup\system\Router\Router.php(518): include_once('...')
#2 C:\wamp64\www\websetup\system\Router\Router.php(175): CodeIgniter\Router\Router->autoRoute()
#3 C:\wamp64\www\websetup\system\CodeIgniter.php(719): CodeIgniter\Router\Router->handle()
#4 C:\wamp64\www\websetup\system\CodeIgniter.php(361): CodeIgniter\CodeIgniter->tryToRouteIt()
#5 C:\wamp64\www\websetup\system\CodeIgniter.php(320): CodeIgniter\CodeIgniter->handleRequest()
#6 C:\wamp64\www\websetup\public\index.php(37): CodeIgniter\CodeIgniter->run()
#7 C:\wamp64\www\websetup\system\Commands\Server\rewrite.php(43): require_once('...')
#8 {main}
CRITICAL - 2022-03-16 01:36:57 --> Undefined variable $slider
#0 C:\wamp64\www\websetup\app\Controllers\index.php(137): CodeIgniter\Debug\Exceptions->errorHandler()
#1 C:\wamp64\www\websetup\system\Router\Router.php(518): include_once('...')
#2 C:\wamp64\www\websetup\system\Router\Router.php(175): CodeIgniter\Router\Router->autoRoute()
#3 C:\wamp64\www\websetup\system\CodeIgniter.php(719): CodeIgniter\Router\Router->handle()
#4 C:\wamp64\www\websetup\system\CodeIgniter.php(361): CodeIgniter\CodeIgniter->tryToRouteIt()
#5 C:\wamp64\www\websetup\system\CodeIgniter.php(320): CodeIgniter\CodeIgniter->handleRequest()
#6 C:\wamp64\www\websetup\public\index.php(37): CodeIgniter\CodeIgniter->run()
#7 C:\wamp64\www\websetup\system\Commands\Server\rewrite.php(43): require_once('...')
#8 {main}
CRITICAL - 2022-03-16 01:37:00 --> Undefined variable $slider
#0 C:\wamp64\www\websetup\app\Controllers\index.php(137): CodeIgniter\Debug\Exceptions->errorHandler()
#1 C:\wamp64\www\websetup\system\Router\Router.php(518): include_once('...')
#2 C:\wamp64\www\websetup\system\Router\Router.php(175): CodeIgniter\Router\Router->autoRoute()
#3 C:\wamp64\www\websetup\system\CodeIgniter.php(719): CodeIgniter\Router\Router->handle()
#4 C:\wamp64\www\websetup\system\CodeIgniter.php(361): CodeIgniter\CodeIgniter->tryToRouteIt()
#5 C:\wamp64\www\websetup\system\CodeIgniter.php(320): CodeIgniter\CodeIgniter->handleRequest()
#6 C:\wamp64\www\websetup\public\index.php(37): CodeIgniter\CodeIgniter->run()
#7 C:\wamp64\www\websetup\system\Commands\Server\rewrite.php(43): require_once('...')
#8 {main}
CRITICAL - 2022-03-16 01:37:20 --> Undefined variable $user
#0 C:\wamp64\www\websetup\app\Views\dashboards\head.php(160): CodeIgniter\Debug\Exceptions->errorHandler()
#1 C:\wamp64\www\websetup\system\View\View.php(210): include('...')
#2 C:\wamp64\www\websetup\system\View\View.php(213): CodeIgniter\View\View->CodeIgniter\View\{closure}()
#3 C:\wamp64\www\websetup\system\Common.php(1089): CodeIgniter\View\View->render()
#4 C:\wamp64\www\websetup\app\Views\dashboards\homepage.php(2): view()
#5 C:\wamp64\www\websetup\system\View\View.php(210): include('...')
#6 C:\wamp64\www\websetup\system\View\View.php(213): CodeIgniter\View\View->CodeIgniter\View\{closure}()
#7 C:\wamp64\www\websetup\system\Common.php(1089): CodeIgniter\View\View->render()
#8 C:\wamp64\www\websetup\app\Controllers\index.php(8): view()
#9 C:\wamp64\www\websetup\system\Router\Router.php(518): include_once('...')
#10 C:\wamp64\www\websetup\system\Router\Router.php(175): CodeIgniter\Router\Router->autoRoute()
#11 C:\wamp64\www\websetup\system\CodeIgniter.php(719): CodeIgniter\Router\Router->handle()
#12 C:\wamp64\www\websetup\system\CodeIgniter.php(361): CodeIgniter\CodeIgniter->tryToRouteIt()
#13 C:\wamp64\www\websetup\system\CodeIgniter.php(320): CodeIgniter\CodeIgniter->handleRequest()
#14 C:\wamp64\www\websetup\public\index.php(37): CodeIgniter\CodeIgniter->run()
#15 C:\wamp64\www\websetup\system\Commands\Server\rewrite.php(43): require_once('...')
#16 {main}
CRITICAL - 2022-03-16 01:37:41 --> Undefined variable $news
#0 C:\wamp64\www\websetup\app\Views\dashboards\homepage.php(259): CodeIgniter\Debug\Exceptions->errorHandler()
#1 C:\wamp64\www\websetup\system\View\View.php(210): include('...')
#2 C:\wamp64\www\websetup\system\View\View.php(213): CodeIgniter\View\View->CodeIgniter\View\{closure}()
#3 C:\wamp64\www\websetup\system\Common.php(1089): CodeIgniter\View\View->render()
#4 C:\wamp64\www\websetup\app\Controllers\DashboardPageHome.php(28): view()
#5 C:\wamp64\www\websetup\system\CodeIgniter.php(825): App\Controllers\DashboardPageHome->index()
#6 C:\wamp64\www\websetup\system\CodeIgniter.php(412): CodeIgniter\CodeIgniter->runController()
#7 C:\wamp64\www\websetup\system\CodeIgniter.php(320): CodeIgniter\CodeIgniter->handleRequest()
#8 C:\wamp64\www\websetup\public\index.php(37): CodeIgniter\CodeIgniter->run()
#9 C:\wamp64\www\websetup\system\Commands\Server\rewrite.php(43): require_once('...')
#10 {main}
CRITICAL - 2022-03-16 01:38:02 --> Undefined variable $slider
#0 C:\wamp64\www\websetup\app\Controllers\index.php(128): CodeIgniter\Debug\Exceptions->errorHandler()
#1 C:\wamp64\www\websetup\system\Router\Router.php(518): include_once('...')
#2 C:\wamp64\www\websetup\system\Router\Router.php(175): CodeIgniter\Router\Router->autoRoute()
#3 C:\wamp64\www\websetup\system\CodeIgniter.php(719): CodeIgniter\Router\Router->handle()
#4 C:\wamp64\www\websetup\system\CodeIgniter.php(361): CodeIgniter\CodeIgniter->tryToRouteIt()
#5 C:\wamp64\www\websetup\system\CodeIgniter.php(320): CodeIgniter\CodeIgniter->handleRequest()
#6 C:\wamp64\www\websetup\public\index.php(37): CodeIgniter\CodeIgniter->run()
#7 C:\wamp64\www\websetup\system\Commands\Server\rewrite.php(43): require_once('...')
#8 {main}
CRITICAL - 2022-03-16 01:38:10 --> Undefined variable $news
#0 C:\wamp64\www\websetup\app\Views\dashboards\homepage.php(259): CodeIgniter\Debug\Exceptions->errorHandler()
#1 C:\wamp64\www\websetup\system\View\View.php(210): include('...')
#2 C:\wamp64\www\websetup\system\View\View.php(213): CodeIgniter\View\View->CodeIgniter\View\{closure}()
#3 C:\wamp64\www\websetup\system\Common.php(1089): CodeIgniter\View\View->render()
#4 C:\wamp64\www\websetup\app\Controllers\DashboardPageHome.php(28): view()
#5 C:\wamp64\www\websetup\system\CodeIgniter.php(825): App\Controllers\DashboardPageHome->index()
#6 C:\wamp64\www\websetup\system\CodeIgniter.php(412): CodeIgniter\CodeIgniter->runController()
#7 C:\wamp64\www\websetup\system\CodeIgniter.php(320): CodeIgniter\CodeIgniter->handleRequest()
#8 C:\wamp64\www\websetup\public\index.php(37): CodeIgniter\CodeIgniter->run()
#9 C:\wamp64\www\websetup\system\Commands\Server\rewrite.php(43): require_once('...')
#10 {main}
CRITICAL - 2022-03-16 01:38:50 --> Undefined variable $slider
#0 C:\wamp64\www\websetup\app\Controllers\index.php(128): CodeIgniter\Debug\Exceptions->errorHandler()
#1 C:\wamp64\www\websetup\system\Router\Router.php(518): include_once('...')
#2 C:\wamp64\www\websetup\system\Router\Router.php(175): CodeIgniter\Router\Router->autoRoute()
#3 C:\wamp64\www\websetup\system\CodeIgniter.php(719): CodeIgniter\Router\Router->handle()
#4 C:\wamp64\www\websetup\system\CodeIgniter.php(361): CodeIgniter\CodeIgniter->tryToRouteIt()
#5 C:\wamp64\www\websetup\system\CodeIgniter.php(320): CodeIgniter\CodeIgniter->handleRequest()
#6 C:\wamp64\www\websetup\public\index.php(37): CodeIgniter\CodeIgniter->run()
#7 C:\wamp64\www\websetup\system\Commands\Server\rewrite.php(43): require_once('...')
#8 {main}
CRITICAL - 2022-03-16 01:39:27 --> Undefined variable $slider
#0 C:\wamp64\www\websetup\app\Controllers\index.php(128): CodeIgniter\Debug\Exceptions->errorHandler()
#1 C:\wamp64\www\websetup\system\Router\Router.php(518): include_once('...')
#2 C:\wamp64\www\websetup\system\Router\Router.php(175): CodeIgniter\Router\Router->autoRoute()
#3 C:\wamp64\www\websetup\system\CodeIgniter.php(719): CodeIgniter\Router\Router->handle()
#4 C:\wamp64\www\websetup\system\CodeIgniter.php(361): CodeIgniter\CodeIgniter->tryToRouteIt()
#5 C:\wamp64\www\websetup\system\CodeIgniter.php(320): CodeIgniter\CodeIgniter->handleRequest()
#6 C:\wamp64\www\websetup\public\index.php(37): CodeIgniter\CodeIgniter->run()
#7 C:\wamp64\www\websetup\system\Commands\Server\rewrite.php(43): require_once('...')
#8 {main}
CRITICAL - 2022-03-16 02:34:21 --> Cannot access offset of type string on string
#0 C:\wamp64\www\websetup\system\View\View.php(210): include()
#1 C:\wamp64\www\websetup\system\View\View.php(213): CodeIgniter\View\View->CodeIgniter\View\{closure}()
#2 C:\wamp64\www\websetup\system\Common.php(1089): CodeIgniter\View\View->render()
#3 C:\wamp64\www\websetup\app\Controllers\DashboardPageHome.php(28): view()
#4 C:\wamp64\www\websetup\system\CodeIgniter.php(825): App\Controllers\DashboardPageHome->index()
#5 C:\wamp64\www\websetup\system\CodeIgniter.php(412): CodeIgniter\CodeIgniter->runController()
#6 C:\wamp64\www\websetup\system\CodeIgniter.php(320): CodeIgniter\CodeIgniter->handleRequest()
#7 C:\wamp64\www\websetup\public\index.php(37): CodeIgniter\CodeIgniter->run()
#8 C:\wamp64\www\websetup\system\Commands\Server\rewrite.php(43): require_once('...')
#9 {main}
CRITICAL - 2022-03-16 02:34:55 --> Cannot access offset of type string on string
#0 C:\wamp64\www\websetup\system\View\View.php(210): include()
#1 C:\wamp64\www\websetup\system\View\View.php(213): CodeIgniter\View\View->CodeIgniter\View\{closure}()
#2 C:\wamp64\www\websetup\system\Common.php(1089): CodeIgniter\View\View->render()
#3 C:\wamp64\www\websetup\app\Controllers\DashboardPageHome.php(28): view()
#4 C:\wamp64\www\websetup\system\CodeIgniter.php(825): App\Controllers\DashboardPageHome->index()
#5 C:\wamp64\www\websetup\system\CodeIgniter.php(412): CodeIgniter\CodeIgniter->runController()
#6 C:\wamp64\www\websetup\system\CodeIgniter.php(320): CodeIgniter\CodeIgniter->handleRequest()
#7 C:\wamp64\www\websetup\public\index.php(37): CodeIgniter\CodeIgniter->run()
#8 C:\wamp64\www\websetup\system\Commands\Server\rewrite.php(43): require_once('...')
#9 {main}
CRITICAL - 2022-03-16 02:35:15 --> Cannot access offset of type string on string
#0 C:\wamp64\www\websetup\system\View\View.php(210): include()
#1 C:\wamp64\www\websetup\system\View\View.php(213): CodeIgniter\View\View->CodeIgniter\View\{closure}()
#2 C:\wamp64\www\websetup\system\Common.php(1089): CodeIgniter\View\View->render()
#3 C:\wamp64\www\websetup\app\Controllers\DashboardPageHome.php(28): view()
#4 C:\wamp64\www\websetup\system\CodeIgniter.php(825): App\Controllers\DashboardPageHome->index()
#5 C:\wamp64\www\websetup\system\CodeIgniter.php(412): CodeIgniter\CodeIgniter->runController()
#6 C:\wamp64\www\websetup\system\CodeIgniter.php(320): CodeIgniter\CodeIgniter->handleRequest()
#7 C:\wamp64\www\websetup\public\index.php(37): CodeIgniter\CodeIgniter->run()
#8 C:\wamp64\www\websetup\system\Commands\Server\rewrite.php(43): require_once('...')
#9 {main}
CRITICAL - 2022-03-16 02:35:17 --> Cannot access offset of type string on string
#0 C:\wamp64\www\websetup\system\View\View.php(210): include()
#1 C:\wamp64\www\websetup\system\View\View.php(213): CodeIgniter\View\View->CodeIgniter\View\{closure}()
#2 C:\wamp64\www\websetup\system\Common.php(1089): CodeIgniter\View\View->render()
#3 C:\wamp64\www\websetup\app\Controllers\DashboardPageHome.php(28): view()
#4 C:\wamp64\www\websetup\system\CodeIgniter.php(825): App\Controllers\DashboardPageHome->index()
#5 C:\wamp64\www\websetup\system\CodeIgniter.php(412): CodeIgniter\CodeIgniter->runController()
#6 C:\wamp64\www\websetup\system\CodeIgniter.php(320): CodeIgniter\CodeIgniter->handleRequest()
#7 C:\wamp64\www\websetup\public\index.php(37): CodeIgniter\CodeIgniter->run()
#8 C:\wamp64\www\websetup\system\Commands\Server\rewrite.php(43): require_once('...')
#9 {main}
CRITICAL - 2022-03-16 02:40:15 --> Invalid file: data-toggle="modal" data-target="#editModal".php
#0 C:\wamp64\www\websetup\system\View\View.php(198): CodeIgniter\Exceptions\FrameworkException::forInvalidFile()
#1 C:\wamp64\www\websetup\system\Common.php(1089): CodeIgniter\View\View->render()
#2 C:\wamp64\www\websetup\app\Controllers\DashboardPageHome.php(76): view()
#3 C:\wamp64\www\websetup\system\CodeIgniter.php(825): App\Controllers\DashboardPageHome->editSlider()
#4 C:\wamp64\www\websetup\system\CodeIgniter.php(412): CodeIgniter\CodeIgniter->runController()
#5 C:\wamp64\www\websetup\system\CodeIgniter.php(320): CodeIgniter\CodeIgniter->handleRequest()
#6 C:\wamp64\www\websetup\public\index.php(37): CodeIgniter\CodeIgniter->run()
#7 C:\wamp64\www\websetup\system\Commands\Server\rewrite.php(43): require_once('...')
#8 {main}
CRITICAL - 2022-03-16 02:40:39 --> Invalid file: <div data-toggle="modal" data-target="#editModal">.php
#0 C:\wamp64\www\websetup\system\View\View.php(198): CodeIgniter\Exceptions\FrameworkException::forInvalidFile()
#1 C:\wamp64\www\websetup\system\Common.php(1089): CodeIgniter\View\View->render()
#2 C:\wamp64\www\websetup\app\Controllers\DashboardPageHome.php(76): view()
#3 C:\wamp64\www\websetup\system\CodeIgniter.php(825): App\Controllers\DashboardPageHome->editSlider()
#4 C:\wamp64\www\websetup\system\CodeIgniter.php(412): CodeIgniter\CodeIgniter->runController()
#5 C:\wamp64\www\websetup\system\CodeIgniter.php(320): CodeIgniter\CodeIgniter->handleRequest()
#6 C:\wamp64\www\websetup\public\index.php(37): CodeIgniter\CodeIgniter->run()
#7 C:\wamp64\www\websetup\system\Commands\Server\rewrite.php(43): require_once('...')
#8 {main}
CRITICAL - 2022-03-16 02:46:33 --> Invalid file: <div data-toggle="modal" data-target="#editModal">.php
#0 C:\wamp64\www\websetup\system\View\View.php(198): CodeIgniter\Exceptions\FrameworkException::forInvalidFile()
#1 C:\wamp64\www\websetup\system\Common.php(1089): CodeIgniter\View\View->render()
#2 C:\wamp64\www\websetup\app\Controllers\DashboardPageHome.php(76): view()
#3 C:\wamp64\www\websetup\system\CodeIgniter.php(825): App\Controllers\DashboardPageHome->editSlider()
#4 C:\wamp64\www\websetup\system\CodeIgniter.php(412): CodeIgniter\CodeIgniter->runController()
#5 C:\wamp64\www\websetup\system\CodeIgniter.php(320): CodeIgniter\CodeIgniter->handleRequest()
#6 C:\wamp64\www\websetup\public\index.php(37): CodeIgniter\CodeIgniter->run()
#7 C:\wamp64\www\websetup\system\Commands\Server\rewrite.php(43): require_once('...')
#8 {main}
CRITICAL - 2022-03-16 03:49:47 --> Undefined variable $slider
#0 C:\wamp64\www\websetup\app\Views\dashboards\footerpage.php(35): CodeIgniter\Debug\Exceptions->errorHandler()
#1 C:\wamp64\www\websetup\system\View\View.php(210): include('...')
#2 C:\wamp64\www\websetup\system\View\View.php(213): CodeIgniter\View\View->CodeIgniter\View\{closure}()
#3 C:\wamp64\www\websetup\system\Common.php(1089): CodeIgniter\View\View->render()
#4 C:\wamp64\www\websetup\app\Controllers\DashboardPageFooter.php(28): view()
#5 C:\wamp64\www\websetup\system\CodeIgniter.php(825): App\Controllers\DashboardPageFooter->index()
#6 C:\wamp64\www\websetup\system\CodeIgniter.php(412): CodeIgniter\CodeIgniter->runController()
#7 C:\wamp64\www\websetup\system\CodeIgniter.php(320): CodeIgniter\CodeIgniter->handleRequest()
#8 C:\wamp64\www\websetup\public\index.php(37): CodeIgniter\CodeIgniter->run()
#9 C:\wamp64\www\websetup\system\Commands\Server\rewrite.php(43): require_once('...')
#10 {main}
CRITICAL - 2022-03-16 05:03:42 --> syntax error, unexpected end of file
#0 C:\wamp64\www\websetup\system\View\View.php(213): CodeIgniter\View\View->CodeIgniter\View\{closure}()
#1 C:\wamp64\www\websetup\system\Common.php(1089): CodeIgniter\View\View->render()
#2 C:\wamp64\www\websetup\app\Controllers\DashboardPageFooter.php(20): view()
#3 C:\wamp64\www\websetup\system\CodeIgniter.php(825): App\Controllers\DashboardPageFooter->index()
#4 C:\wamp64\www\websetup\system\CodeIgniter.php(412): CodeIgniter\CodeIgniter->runController()
#5 C:\wamp64\www\websetup\system\CodeIgniter.php(320): CodeIgniter\CodeIgniter->handleRequest()
#6 C:\wamp64\www\websetup\public\index.php(37): CodeIgniter\CodeIgniter->run()
#7 C:\wamp64\www\websetup\system\Commands\Server\rewrite.php(43): require_once('...')
#8 {main}
CRITICAL - 2022-03-16 05:03:55 --> syntax error, unexpected end of file
#0 C:\wamp64\www\websetup\system\View\View.php(213): CodeIgniter\View\View->CodeIgniter\View\{closure}()
#1 C:\wamp64\www\websetup\system\Common.php(1089): CodeIgniter\View\View->render()
#2 C:\wamp64\www\websetup\app\Controllers\DashboardPageFooter.php(20): view()
#3 C:\wamp64\www\websetup\system\CodeIgniter.php(825): App\Controllers\DashboardPageFooter->index()
#4 C:\wamp64\www\websetup\system\CodeIgniter.php(412): CodeIgniter\CodeIgniter->runController()
#5 C:\wamp64\www\websetup\system\CodeIgniter.php(320): CodeIgniter\CodeIgniter->handleRequest()
#6 C:\wamp64\www\websetup\public\index.php(37): CodeIgniter\CodeIgniter->run()
#7 C:\wamp64\www\websetup\system\Commands\Server\rewrite.php(43): require_once('...')
#8 {main}
CRITICAL - 2022-03-16 05:03:56 --> syntax error, unexpected end of file
#0 C:\wamp64\www\websetup\system\View\View.php(213): CodeIgniter\View\View->CodeIgniter\View\{closure}()
#1 C:\wamp64\www\websetup\system\Common.php(1089): CodeIgniter\View\View->render()
#2 C:\wamp64\www\websetup\app\Controllers\DashboardPageFooter.php(20): view()
#3 C:\wamp64\www\websetup\system\CodeIgniter.php(825): App\Controllers\DashboardPageFooter->index()
#4 C:\wamp64\www\websetup\system\CodeIgniter.php(412): CodeIgniter\CodeIgniter->runController()
#5 C:\wamp64\www\websetup\system\CodeIgniter.php(320): CodeIgniter\CodeIgniter->handleRequest()
#6 C:\wamp64\www\websetup\public\index.php(37): CodeIgniter\CodeIgniter->run()
#7 C:\wamp64\www\websetup\system\Commands\Server\rewrite.php(43): require_once('...')
#8 {main}
