CRITICAL - 2022-02-28 01:05:47 --> cURL error 60: SSL certificate problem: unable to get local issuer certificate (see https://curl.haxx.se/libcurl/c/libcurl-errors.html) for https://oauth2.googleapis.com/token
#0 C:\wamp64\www\websetup\app\Libraries\vendor\guzzlehttp\guzzle\src\Handler\CurlFactory.php(158): GuzzleHttp\Handler\CurlFactory::createRejection()
#1 C:\wamp64\www\websetup\app\Libraries\vendor\guzzlehttp\guzzle\src\Handler\CurlFactory.php(110): GuzzleHttp\Handler\CurlFactory::finishError()
#2 C:\wamp64\www\websetup\app\Libraries\vendor\guzzlehttp\guzzle\src\Handler\CurlHandler.php(47): GuzzleHttp\Handler\CurlFactory::finish()
#3 C:\wamp64\www\websetup\app\Libraries\vendor\guzzlehttp\guzzle\src\Handler\Proxy.php(28): GuzzleHttp\Handler\CurlHandler->__invoke()
#4 C:\wamp64\www\websetup\app\Libraries\vendor\guzzlehttp\guzzle\src\Handler\Proxy.php(48): GuzzleHttp\Handler\Proxy::GuzzleHttp\Handler\{closure}()
#5 C:\wamp64\www\websetup\app\Libraries\vendor\guzzlehttp\guzzle\src\PrepareBodyMiddleware.php(64): GuzzleHttp\Handler\Proxy::GuzzleHttp\Handler\{closure}()
#6 C:\wamp64\www\websetup\app\Libraries\vendor\guzzlehttp\guzzle\src\Middleware.php(31): GuzzleHttp\PrepareBodyMiddleware->__invoke()
#7 C:\wamp64\www\websetup\app\Libraries\vendor\guzzlehttp\guzzle\src\RedirectMiddleware.php(71): GuzzleHttp\Middleware::GuzzleHttp\{closure}()
#8 C:\wamp64\www\websetup\app\Libraries\vendor\guzzlehttp\guzzle\src\Middleware.php(61): GuzzleHttp\RedirectMiddleware->__invoke()
#9 C:\wamp64\www\websetup\app\Libraries\vendor\guzzlehttp\guzzle\src\HandlerStack.php(75): GuzzleHttp\Middleware::GuzzleHttp\{closure}()
#10 C:\wamp64\www\websetup\app\Libraries\vendor\guzzlehttp\guzzle\src\Client.php(331): GuzzleHttp\HandlerStack->__invoke()
#11 C:\wamp64\www\websetup\app\Libraries\vendor\guzzlehttp\guzzle\src\Client.php(107): GuzzleHttp\Client->transfer()
#12 C:\wamp64\www\websetup\app\Libraries\vendor\guzzlehttp\guzzle\src\Client.php(123): GuzzleHttp\Client->sendAsync()
#13 C:\wamp64\www\websetup\app\Libraries\vendor\google\auth\src\HttpHandler\Guzzle6HttpHandler.php(47): GuzzleHttp\Client->send()
#14 C:\wamp64\www\websetup\app\Libraries\vendor\google\auth\src\OAuth2.php(535): Google\Auth\HttpHandler\Guzzle6HttpHandler->__invoke()
#15 C:\wamp64\www\websetup\app\Libraries\vendor\google\apiclient\src\Client.php(257): Google\Auth\OAuth2->fetchAuthToken()
#16 C:\wamp64\www\websetup\app\Controllers\LogIn.php(30): Google\Client->fetchAccessTokenWithAuthCode()
#17 C:\wamp64\www\websetup\system\CodeIgniter.php(825): App\Controllers\LogIn->index()
#18 C:\wamp64\www\websetup\system\CodeIgniter.php(412): CodeIgniter\CodeIgniter->runController()
#19 C:\wamp64\www\websetup\system\CodeIgniter.php(320): CodeIgniter\CodeIgniter->handleRequest()
#20 C:\wamp64\www\websetup\public\index.php(37): CodeIgniter\CodeIgniter->run()
#21 C:\wamp64\www\websetup\system\Commands\Server\rewrite.php(43): require_once('...')
#22 {main}
CRITICAL - 2022-02-28 01:08:36 --> cURL error 60: SSL certificate problem: unable to get local issuer certificate (see https://curl.haxx.se/libcurl/c/libcurl-errors.html) for https://oauth2.googleapis.com/token
#0 C:\wamp64\www\websetup\app\Libraries\vendor\guzzlehttp\guzzle\src\Handler\CurlFactory.php(158): GuzzleHttp\Handler\CurlFactory::createRejection()
#1 C:\wamp64\www\websetup\app\Libraries\vendor\guzzlehttp\guzzle\src\Handler\CurlFactory.php(110): GuzzleHttp\Handler\CurlFactory::finishError()
#2 C:\wamp64\www\websetup\app\Libraries\vendor\guzzlehttp\guzzle\src\Handler\CurlHandler.php(47): GuzzleHttp\Handler\CurlFactory::finish()
#3 C:\wamp64\www\websetup\app\Libraries\vendor\guzzlehttp\guzzle\src\Handler\Proxy.php(28): GuzzleHttp\Handler\CurlHandler->__invoke()
#4 C:\wamp64\www\websetup\app\Libraries\vendor\guzzlehttp\guzzle\src\Handler\Proxy.php(48): GuzzleHttp\Handler\Proxy::GuzzleHttp\Handler\{closure}()
#5 C:\wamp64\www\websetup\app\Libraries\vendor\guzzlehttp\guzzle\src\PrepareBodyMiddleware.php(64): GuzzleHttp\Handler\Proxy::GuzzleHttp\Handler\{closure}()
#6 C:\wamp64\www\websetup\app\Libraries\vendor\guzzlehttp\guzzle\src\Middleware.php(31): GuzzleHttp\PrepareBodyMiddleware->__invoke()
#7 C:\wamp64\www\websetup\app\Libraries\vendor\guzzlehttp\guzzle\src\RedirectMiddleware.php(71): GuzzleHttp\Middleware::GuzzleHttp\{closure}()
#8 C:\wamp64\www\websetup\app\Libraries\vendor\guzzlehttp\guzzle\src\Middleware.php(61): GuzzleHttp\RedirectMiddleware->__invoke()
#9 C:\wamp64\www\websetup\app\Libraries\vendor\guzzlehttp\guzzle\src\HandlerStack.php(75): GuzzleHttp\Middleware::GuzzleHttp\{closure}()
#10 C:\wamp64\www\websetup\app\Libraries\vendor\guzzlehttp\guzzle\src\Client.php(331): GuzzleHttp\HandlerStack->__invoke()
#11 C:\wamp64\www\websetup\app\Libraries\vendor\guzzlehttp\guzzle\src\Client.php(107): GuzzleHttp\Client->transfer()
#12 C:\wamp64\www\websetup\app\Libraries\vendor\guzzlehttp\guzzle\src\Client.php(123): GuzzleHttp\Client->sendAsync()
#13 C:\wamp64\www\websetup\app\Libraries\vendor\google\auth\src\HttpHandler\Guzzle6HttpHandler.php(47): GuzzleHttp\Client->send()
#14 C:\wamp64\www\websetup\app\Libraries\vendor\google\auth\src\OAuth2.php(535): Google\Auth\HttpHandler\Guzzle6HttpHandler->__invoke()
#15 C:\wamp64\www\websetup\app\Libraries\vendor\google\apiclient\src\Client.php(257): Google\Auth\OAuth2->fetchAuthToken()
#16 C:\wamp64\www\websetup\app\Controllers\LogIn.php(30): Google\Client->fetchAccessTokenWithAuthCode()
#17 C:\wamp64\www\websetup\system\CodeIgniter.php(825): App\Controllers\LogIn->index()
#18 C:\wamp64\www\websetup\system\CodeIgniter.php(412): CodeIgniter\CodeIgniter->runController()
#19 C:\wamp64\www\websetup\system\CodeIgniter.php(320): CodeIgniter\CodeIgniter->handleRequest()
#20 C:\wamp64\www\websetup\public\index.php(37): CodeIgniter\CodeIgniter->run()
#21 C:\wamp64\www\websetup\system\Commands\Server\rewrite.php(43): require_once('...')
#22 {main}
ERROR - 2022-02-28 20:12:13 --> Error connecting to the database: No connection could be made because the target machine actively refused it
CRITICAL - 2022-02-28 20:12:13 --> Unable to connect to the database.
Main connection [MySQLi]: No connection could be made because the target machine actively refused it
#0 C:\wamp64\www\websetup\system\Database\BaseConnection.php(577): CodeIgniter\Database\BaseConnection->initialize()
#1 C:\wamp64\www\websetup\system\Database\BaseBuilder.php(1455): CodeIgniter\Database\BaseConnection->query()
#2 C:\wamp64\www\websetup\system\Model.php(210): CodeIgniter\Database\BaseBuilder->get()
#3 C:\wamp64\www\websetup\system\BaseModel.php(622): CodeIgniter\Model->doFirst()
#4 C:\wamp64\www\websetup\app\Controllers\LogIn.php(76): CodeIgniter\BaseModel->first()
#5 C:\wamp64\www\websetup\system\CodeIgniter.php(825): App\Controllers\LogIn->auth()
#6 C:\wamp64\www\websetup\system\CodeIgniter.php(412): CodeIgniter\CodeIgniter->runController()
#7 C:\wamp64\www\websetup\system\CodeIgniter.php(320): CodeIgniter\CodeIgniter->handleRequest()
#8 C:\wamp64\www\websetup\public\index.php(37): CodeIgniter\CodeIgniter->run()
#9 C:\wamp64\www\websetup\system\Commands\Server\rewrite.php(43): require_once('...')
#10 {main}
