CRITICAL - 2022-05-19 02:43:36 --> Cannot access offset of type string on string
#0 C:\wamp64\www\websetup\system\View\View.php(210): include()
#1 C:\wamp64\www\websetup\system\View\View.php(213): CodeIgniter\View\View->CodeIgniter\View\{closure}()
#2 C:\wamp64\www\websetup\system\Common.php(1089): CodeIgniter\View\View->render()
#3 C:\wamp64\www\websetup\app\Controllers\AdminPageAppointment.php(21): view()
#4 C:\wamp64\www\websetup\system\CodeIgniter.php(825): App\Controllers\AdminPageAppointment->index()
#5 C:\wamp64\www\websetup\system\CodeIgniter.php(412): CodeIgniter\CodeIgniter->runController()
#6 C:\wamp64\www\websetup\system\CodeIgniter.php(320): CodeIgniter\CodeIgniter->handleRequest()
#7 C:\wamp64\www\websetup\public\index.php(37): CodeIgniter\CodeIgniter->run()
#8 C:\wamp64\www\websetup\system\Commands\Server\rewrite.php(43): require_once('...')
#9 {main}
CRITICAL - 2022-05-19 02:43:38 --> Cannot access offset of type string on string
#0 C:\wamp64\www\websetup\system\View\View.php(210): include()
#1 C:\wamp64\www\websetup\system\View\View.php(213): CodeIgniter\View\View->CodeIgniter\View\{closure}()
#2 C:\wamp64\www\websetup\system\Common.php(1089): CodeIgniter\View\View->render()
#3 C:\wamp64\www\websetup\app\Controllers\AdminPageAppointment.php(21): view()
#4 C:\wamp64\www\websetup\system\CodeIgniter.php(825): App\Controllers\AdminPageAppointment->index()
#5 C:\wamp64\www\websetup\system\CodeIgniter.php(412): CodeIgniter\CodeIgniter->runController()
#6 C:\wamp64\www\websetup\system\CodeIgniter.php(320): CodeIgniter\CodeIgniter->handleRequest()
#7 C:\wamp64\www\websetup\public\index.php(37): CodeIgniter\CodeIgniter->run()
#8 C:\wamp64\www\websetup\system\Commands\Server\rewrite.php(43): require_once('...')
#9 {main}
ERROR - 2022-05-19 02:53:04 --> Unknown column 'appointment.id' in 'where clause'
CRITICAL - 2022-05-19 02:53:04 --> Unknown column 'appointment.id' in 'where clause'
#0 C:\wamp64\www\websetup\system\Database\MySQLi\Connection.php(292): mysqli->query()
#1 C:\wamp64\www\websetup\system\Database\BaseConnection.php(670): CodeIgniter\Database\MySQLi\Connection->execute()
#2 C:\wamp64\www\websetup\system\Database\BaseConnection.php(598): CodeIgniter\Database\BaseConnection->simpleQuery()
#3 C:\wamp64\www\websetup\system\Database\BaseBuilder.php(1913): CodeIgniter\Database\BaseConnection->query()
#4 C:\wamp64\www\websetup\system\Model.php(298): CodeIgniter\Database\BaseBuilder->update()
#5 C:\wamp64\www\websetup\system\BaseModel.php(865): CodeIgniter\Model->doUpdate()
#6 C:\wamp64\www\websetup\system\Model.php(651): CodeIgniter\BaseModel->update()
#7 C:\wamp64\www\websetup\app\Controllers\AdminPageAppointment.php(68): CodeIgniter\Model->update()
#8 C:\wamp64\www\websetup\system\CodeIgniter.php(825): App\Controllers\AdminPageAppointment->updateApp()
#9 C:\wamp64\www\websetup\system\CodeIgniter.php(412): CodeIgniter\CodeIgniter->runController()
#10 C:\wamp64\www\websetup\system\CodeIgniter.php(320): CodeIgniter\CodeIgniter->handleRequest()
#11 C:\wamp64\www\websetup\public\index.php(37): CodeIgniter\CodeIgniter->run()
#12 C:\wamp64\www\websetup\system\Commands\Server\rewrite.php(43): require_once('...')
#13 {main}
ERROR - 2022-05-19 02:54:43 --> Unknown column 'appointment.id' in 'where clause'
CRITICAL - 2022-05-19 02:54:43 --> Unknown column 'appointment.id' in 'where clause'
#0 C:\wamp64\www\websetup\system\Database\MySQLi\Connection.php(292): mysqli->query()
#1 C:\wamp64\www\websetup\system\Database\BaseConnection.php(670): CodeIgniter\Database\MySQLi\Connection->execute()
#2 C:\wamp64\www\websetup\system\Database\BaseConnection.php(598): CodeIgniter\Database\BaseConnection->simpleQuery()
#3 C:\wamp64\www\websetup\system\Database\BaseBuilder.php(1913): CodeIgniter\Database\BaseConnection->query()
#4 C:\wamp64\www\websetup\system\Model.php(298): CodeIgniter\Database\BaseBuilder->update()
#5 C:\wamp64\www\websetup\system\BaseModel.php(865): CodeIgniter\Model->doUpdate()
#6 C:\wamp64\www\websetup\system\Model.php(651): CodeIgniter\BaseModel->update()
#7 C:\wamp64\www\websetup\app\Controllers\AdminPageAppointment.php(68): CodeIgniter\Model->update()
#8 C:\wamp64\www\websetup\system\CodeIgniter.php(825): App\Controllers\AdminPageAppointment->updateApp()
#9 C:\wamp64\www\websetup\system\CodeIgniter.php(412): CodeIgniter\CodeIgniter->runController()
#10 C:\wamp64\www\websetup\system\CodeIgniter.php(320): CodeIgniter\CodeIgniter->handleRequest()
#11 C:\wamp64\www\websetup\public\index.php(37): CodeIgniter\CodeIgniter->run()
#12 C:\wamp64\www\websetup\system\Commands\Server\rewrite.php(43): require_once('...')
#13 {main}
ERROR - 2022-05-19 02:57:06 --> Unknown column 'appointment.id' in 'where clause'
CRITICAL - 2022-05-19 02:57:06 --> Unknown column 'appointment.id' in 'where clause'
#0 C:\wamp64\www\websetup\system\Database\MySQLi\Connection.php(292): mysqli->query()
#1 C:\wamp64\www\websetup\system\Database\BaseConnection.php(670): CodeIgniter\Database\MySQLi\Connection->execute()
#2 C:\wamp64\www\websetup\system\Database\BaseConnection.php(598): CodeIgniter\Database\BaseConnection->simpleQuery()
#3 C:\wamp64\www\websetup\system\Database\BaseBuilder.php(1913): CodeIgniter\Database\BaseConnection->query()
#4 C:\wamp64\www\websetup\system\Model.php(298): CodeIgniter\Database\BaseBuilder->update()
#5 C:\wamp64\www\websetup\system\BaseModel.php(865): CodeIgniter\Model->doUpdate()
#6 C:\wamp64\www\websetup\system\Model.php(651): CodeIgniter\BaseModel->update()
#7 C:\wamp64\www\websetup\app\Controllers\AdminPageAppointment.php(68): CodeIgniter\Model->update()
#8 C:\wamp64\www\websetup\system\CodeIgniter.php(825): App\Controllers\AdminPageAppointment->updateApp()
#9 C:\wamp64\www\websetup\system\CodeIgniter.php(412): CodeIgniter\CodeIgniter->runController()
#10 C:\wamp64\www\websetup\system\CodeIgniter.php(320): CodeIgniter\CodeIgniter->handleRequest()
#11 C:\wamp64\www\websetup\public\index.php(37): CodeIgniter\CodeIgniter->run()
#12 C:\wamp64\www\websetup\system\Commands\Server\rewrite.php(43): require_once('...')
#13 {main}
ERROR - 2022-05-19 02:59:05 --> Unknown column 'appointment.id' in 'where clause'
CRITICAL - 2022-05-19 02:59:05 --> Unknown column 'appointment.id' in 'where clause'
#0 C:\wamp64\www\websetup\system\Database\MySQLi\Connection.php(292): mysqli->query()
#1 C:\wamp64\www\websetup\system\Database\BaseConnection.php(670): CodeIgniter\Database\MySQLi\Connection->execute()
#2 C:\wamp64\www\websetup\system\Database\BaseConnection.php(598): CodeIgniter\Database\BaseConnection->simpleQuery()
#3 C:\wamp64\www\websetup\system\Database\BaseBuilder.php(1913): CodeIgniter\Database\BaseConnection->query()
#4 C:\wamp64\www\websetup\system\Model.php(298): CodeIgniter\Database\BaseBuilder->update()
#5 C:\wamp64\www\websetup\system\BaseModel.php(865): CodeIgniter\Model->doUpdate()
#6 C:\wamp64\www\websetup\system\Model.php(651): CodeIgniter\BaseModel->update()
#7 C:\wamp64\www\websetup\app\Controllers\AdminPageAppointment.php(68): CodeIgniter\Model->update()
#8 C:\wamp64\www\websetup\system\CodeIgniter.php(825): App\Controllers\AdminPageAppointment->updateApp()
#9 C:\wamp64\www\websetup\system\CodeIgniter.php(412): CodeIgniter\CodeIgniter->runController()
#10 C:\wamp64\www\websetup\system\CodeIgniter.php(320): CodeIgniter\CodeIgniter->handleRequest()
#11 C:\wamp64\www\websetup\public\index.php(37): CodeIgniter\CodeIgniter->run()
#12 C:\wamp64\www\websetup\system\Commands\Server\rewrite.php(43): require_once('...')
#13 {main}
ERROR - 2022-05-19 03:14:38 --> Unknown column 'appointment.id' in 'where clause'
CRITICAL - 2022-05-19 03:14:38 --> Unknown column 'appointment.id' in 'where clause'
#0 C:\wamp64\www\websetup\system\Database\MySQLi\Connection.php(292): mysqli->query()
#1 C:\wamp64\www\websetup\system\Database\BaseConnection.php(670): CodeIgniter\Database\MySQLi\Connection->execute()
#2 C:\wamp64\www\websetup\system\Database\BaseConnection.php(598): CodeIgniter\Database\BaseConnection->simpleQuery()
#3 C:\wamp64\www\websetup\system\Database\BaseBuilder.php(1913): CodeIgniter\Database\BaseConnection->query()
#4 C:\wamp64\www\websetup\system\Model.php(298): CodeIgniter\Database\BaseBuilder->update()
#5 C:\wamp64\www\websetup\system\BaseModel.php(865): CodeIgniter\Model->doUpdate()
#6 C:\wamp64\www\websetup\system\Model.php(651): CodeIgniter\BaseModel->update()
#7 C:\wamp64\www\websetup\app\Controllers\AdminPageAppointment.php(64): CodeIgniter\Model->update()
#8 C:\wamp64\www\websetup\system\CodeIgniter.php(825): App\Controllers\AdminPageAppointment->updateApp()
#9 C:\wamp64\www\websetup\system\CodeIgniter.php(412): CodeIgniter\CodeIgniter->runController()
#10 C:\wamp64\www\websetup\system\CodeIgniter.php(320): CodeIgniter\CodeIgniter->handleRequest()
#11 C:\wamp64\www\websetup\public\index.php(37): CodeIgniter\CodeIgniter->run()
#12 C:\wamp64\www\websetup\system\Commands\Server\rewrite.php(43): require_once('...')
#13 {main}
ERROR - 2022-05-19 03:18:08 --> Unknown column 'appointment.id' in 'where clause'
CRITICAL - 2022-05-19 03:18:08 --> Unknown column 'appointment.id' in 'where clause'
#0 C:\wamp64\www\websetup\system\Database\MySQLi\Connection.php(292): mysqli->query()
#1 C:\wamp64\www\websetup\system\Database\BaseConnection.php(670): CodeIgniter\Database\MySQLi\Connection->execute()
#2 C:\wamp64\www\websetup\system\Database\BaseConnection.php(598): CodeIgniter\Database\BaseConnection->simpleQuery()
#3 C:\wamp64\www\websetup\system\Database\BaseBuilder.php(1913): CodeIgniter\Database\BaseConnection->query()
#4 C:\wamp64\www\websetup\system\Model.php(298): CodeIgniter\Database\BaseBuilder->update()
#5 C:\wamp64\www\websetup\system\BaseModel.php(865): CodeIgniter\Model->doUpdate()
#6 C:\wamp64\www\websetup\system\Model.php(651): CodeIgniter\BaseModel->update()
#7 C:\wamp64\www\websetup\app\Controllers\AdminPageAppointment.php(65): CodeIgniter\Model->update()
#8 C:\wamp64\www\websetup\system\CodeIgniter.php(825): App\Controllers\AdminPageAppointment->updateApp()
#9 C:\wamp64\www\websetup\system\CodeIgniter.php(412): CodeIgniter\CodeIgniter->runController()
#10 C:\wamp64\www\websetup\system\CodeIgniter.php(320): CodeIgniter\CodeIgniter->handleRequest()
#11 C:\wamp64\www\websetup\public\index.php(37): CodeIgniter\CodeIgniter->run()
#12 C:\wamp64\www\websetup\system\Commands\Server\rewrite.php(43): require_once('...')
#13 {main}
ERROR - 2022-05-19 03:22:30 --> Unknown column 'appointment.id' in 'where clause'
CRITICAL - 2022-05-19 03:22:30 --> Unknown column 'appointment.id' in 'where clause'
#0 C:\wamp64\www\websetup\system\Database\MySQLi\Connection.php(292): mysqli->query()
#1 C:\wamp64\www\websetup\system\Database\BaseConnection.php(670): CodeIgniter\Database\MySQLi\Connection->execute()
#2 C:\wamp64\www\websetup\system\Database\BaseConnection.php(598): CodeIgniter\Database\BaseConnection->simpleQuery()
#3 C:\wamp64\www\websetup\system\Database\BaseBuilder.php(1913): CodeIgniter\Database\BaseConnection->query()
#4 C:\wamp64\www\websetup\system\Model.php(298): CodeIgniter\Database\BaseBuilder->update()
#5 C:\wamp64\www\websetup\system\BaseModel.php(865): CodeIgniter\Model->doUpdate()
#6 C:\wamp64\www\websetup\system\Model.php(651): CodeIgniter\BaseModel->update()
#7 C:\wamp64\www\websetup\app\Controllers\AdminPageAppointment.php(65): CodeIgniter\Model->update()
#8 C:\wamp64\www\websetup\system\CodeIgniter.php(825): App\Controllers\AdminPageAppointment->updateApp()
#9 C:\wamp64\www\websetup\system\CodeIgniter.php(412): CodeIgniter\CodeIgniter->runController()
#10 C:\wamp64\www\websetup\system\CodeIgniter.php(320): CodeIgniter\CodeIgniter->handleRequest()
#11 C:\wamp64\www\websetup\public\index.php(37): CodeIgniter\CodeIgniter->run()
#12 C:\wamp64\www\websetup\system\Commands\Server\rewrite.php(43): require_once('...')
#13 {main}
