CRITICAL - 2022-06-20 23:56:45 --> Class "App\Models\AssesstmentModel" not found
#0 C:\wamp64\www\websetup\system\CodeIgniter.php(825): App\Controllers\AdminPageAssessment->index()
#1 C:\wamp64\www\websetup\system\CodeIgniter.php(412): CodeIgniter\CodeIgniter->runController()
#2 C:\wamp64\www\websetup\system\CodeIgniter.php(320): CodeIgniter\CodeIgniter->handleRequest()
#3 C:\wamp64\www\websetup\public\index.php(37): CodeIgniter\CodeIgniter->run()
#4 C:\wamp64\www\websetup\system\Commands\Server\rewrite.php(43): require_once('...')
#5 {main}
ERROR - 2022-06-20 23:57:01 --> Table 'websetup.assessment' doesn't exist
CRITICAL - 2022-06-20 23:57:01 --> Table 'websetup.assessment' doesn't exist
#0 C:\wamp64\www\websetup\system\Database\MySQLi\Connection.php(292): mysqli->query()
#1 C:\wamp64\www\websetup\system\Database\BaseConnection.php(670): CodeIgniter\Database\MySQLi\Connection->execute()
#2 C:\wamp64\www\websetup\system\Database\BaseConnection.php(598): CodeIgniter\Database\BaseConnection->simpleQuery()
#3 C:\wamp64\www\websetup\system\Database\BaseBuilder.php(1455): CodeIgniter\Database\BaseConnection->query()
#4 C:\wamp64\www\websetup\system\Model.php(183): CodeIgniter\Database\BaseBuilder->get()
#5 C:\wamp64\www\websetup\system\BaseModel.php(584): CodeIgniter\Model->doFindAll()
#6 C:\wamp64\www\websetup\app\Controllers\AdminPageAssessment.php(14): CodeIgniter\BaseModel->findAll()
#7 C:\wamp64\www\websetup\system\CodeIgniter.php(825): App\Controllers\AdminPageAssessment->index()
#8 C:\wamp64\www\websetup\system\CodeIgniter.php(412): CodeIgniter\CodeIgniter->runController()
#9 C:\wamp64\www\websetup\system\CodeIgniter.php(320): CodeIgniter\CodeIgniter->handleRequest()
#10 C:\wamp64\www\websetup\public\index.php(37): CodeIgniter\CodeIgniter->run()
#11 C:\wamp64\www\websetup\system\Commands\Server\rewrite.php(43): require_once('...')
#12 {main}
