CRITICAL - 2022-02-09 19:36:52 --> Undefined property: App\Controllers\Login::$load
#0 C:\wamp64\www\demo\app\Controllers\Login.php(10): CodeIgniter\Debug\Exceptions->errorHandler()
#1 C:\wamp64\www\demo\system\CodeIgniter.php(802): App\Controllers\Login->__construct()
#2 C:\wamp64\www\demo\system\CodeIgniter.php(403): CodeIgniter\CodeIgniter->createController()
#3 C:\wamp64\www\demo\system\CodeIgniter.php(320): CodeIgniter\CodeIgniter->handleRequest()
#4 C:\wamp64\www\demo\public\index.php(37): CodeIgniter\CodeIgniter->run()
#5 C:\wamp64\www\demo\system\Commands\Server\rewrite.php(43): require_once('...')
#6 {main}
CRITICAL - 2022-02-09 19:37:13 --> Undefined property: App\Controllers\Login::$load
#0 C:\wamp64\www\demo\app\Controllers\Login.php(12): CodeIgniter\Debug\Exceptions->errorHandler()
#1 C:\wamp64\www\demo\system\CodeIgniter.php(825): App\Controllers\Login->index()
#2 C:\wamp64\www\demo\system\CodeIgniter.php(412): CodeIgniter\CodeIgniter->runController()
#3 C:\wamp64\www\demo\system\CodeIgniter.php(320): CodeIgniter\CodeIgniter->handleRequest()
#4 C:\wamp64\www\demo\public\index.php(37): CodeIgniter\CodeIgniter->run()
#5 C:\wamp64\www\demo\system\Commands\Server\rewrite.php(43): require_once('...')
#6 {main}
CRITICAL - 2022-02-09 20:14:54 --> Call to undefined function set_value()
#0 C:\wamp64\www\demo\system\View\View.php(210): include()
#1 C:\wamp64\www\demo\system\View\View.php(213): CodeIgniter\View\View->CodeIgniter\View\{closure}()
#2 C:\wamp64\www\demo\system\Common.php(1089): CodeIgniter\View\View->render()
#3 C:\wamp64\www\demo\app\Controllers\Login.php(12): view()
#4 C:\wamp64\www\demo\system\CodeIgniter.php(825): App\Controllers\Login->index()
#5 C:\wamp64\www\demo\system\CodeIgniter.php(412): CodeIgniter\CodeIgniter->runController()
#6 C:\wamp64\www\demo\system\CodeIgniter.php(320): CodeIgniter\CodeIgniter->handleRequest()
#7 C:\wamp64\www\demo\public\index.php(37): CodeIgniter\CodeIgniter->run()
#8 C:\wamp64\www\demo\system\Commands\Server\rewrite.php(43): require_once('...')
#9 {main}
ERROR - 2022-02-09 22:52:47 --> Error connecting to the database: No connection could be made because the target machine actively refused it
CRITICAL - 2022-02-09 22:52:47 --> Unable to connect to the database.
Main connection [MySQLi]: No connection could be made because the target machine actively refused it
#0 C:\wamp64\www\demo\system\Database\BaseConnection.php(577): CodeIgniter\Database\BaseConnection->initialize()
#1 C:\wamp64\www\demo\system\Database\BaseBuilder.php(1455): CodeIgniter\Database\BaseConnection->query()
#2 C:\wamp64\www\demo\system\Model.php(210): CodeIgniter\Database\BaseBuilder->get()
#3 C:\wamp64\www\demo\system\BaseModel.php(622): CodeIgniter\Model->doFirst()
#4 C:\wamp64\www\demo\app\Controllers\Login.php(22): CodeIgniter\BaseModel->first()
#5 C:\wamp64\www\demo\system\CodeIgniter.php(825): App\Controllers\Login->auth()
#6 C:\wamp64\www\demo\system\CodeIgniter.php(412): CodeIgniter\CodeIgniter->runController()
#7 C:\wamp64\www\demo\system\CodeIgniter.php(320): CodeIgniter\CodeIgniter->handleRequest()
#8 C:\wamp64\www\demo\public\index.php(37): CodeIgniter\CodeIgniter->run()
#9 C:\wamp64\www\demo\system\Commands\Server\rewrite.php(43): require_once('...')
#10 {main}
ERROR - 2022-02-09 22:53:01 --> Error connecting to the database: No connection could be made because the target machine actively refused it
CRITICAL - 2022-02-09 22:53:01 --> Unable to connect to the database.
Main connection [MySQLi]: No connection could be made because the target machine actively refused it
#0 C:\wamp64\www\demo\system\Database\BaseConnection.php(577): CodeIgniter\Database\BaseConnection->initialize()
#1 C:\wamp64\www\demo\system\Database\BaseBuilder.php(1455): CodeIgniter\Database\BaseConnection->query()
#2 C:\wamp64\www\demo\system\Model.php(210): CodeIgniter\Database\BaseBuilder->get()
#3 C:\wamp64\www\demo\system\BaseModel.php(622): CodeIgniter\Model->doFirst()
#4 C:\wamp64\www\demo\app\Controllers\Login.php(22): CodeIgniter\BaseModel->first()
#5 C:\wamp64\www\demo\system\CodeIgniter.php(825): App\Controllers\Login->auth()
#6 C:\wamp64\www\demo\system\CodeIgniter.php(412): CodeIgniter\CodeIgniter->runController()
#7 C:\wamp64\www\demo\system\CodeIgniter.php(320): CodeIgniter\CodeIgniter->handleRequest()
#8 C:\wamp64\www\demo\public\index.php(37): CodeIgniter\CodeIgniter->run()
#9 C:\wamp64\www\demo\system\Commands\Server\rewrite.php(43): require_once('...')
#10 {main}
ERROR - 2022-02-09 22:53:48 --> Error connecting to the database: No connection could be made because the target machine actively refused it
CRITICAL - 2022-02-09 22:53:48 --> Unable to connect to the database.
Main connection [MySQLi]: No connection could be made because the target machine actively refused it
#0 C:\wamp64\www\demo\system\Database\BaseConnection.php(577): CodeIgniter\Database\BaseConnection->initialize()
#1 C:\wamp64\www\demo\system\Database\BaseBuilder.php(1455): CodeIgniter\Database\BaseConnection->query()
#2 C:\wamp64\www\demo\system\Model.php(210): CodeIgniter\Database\BaseBuilder->get()
#3 C:\wamp64\www\demo\system\BaseModel.php(622): CodeIgniter\Model->doFirst()
#4 C:\wamp64\www\demo\app\Controllers\Login.php(22): CodeIgniter\BaseModel->first()
#5 C:\wamp64\www\demo\system\CodeIgniter.php(825): App\Controllers\Login->auth()
#6 C:\wamp64\www\demo\system\CodeIgniter.php(412): CodeIgniter\CodeIgniter->runController()
#7 C:\wamp64\www\demo\system\CodeIgniter.php(320): CodeIgniter\CodeIgniter->handleRequest()
#8 C:\wamp64\www\demo\public\index.php(37): CodeIgniter\CodeIgniter->run()
#9 C:\wamp64\www\demo\system\Commands\Server\rewrite.php(43): require_once('...')
#10 {main}
ERROR - 2022-02-09 22:54:15 --> Error connecting to the database: No connection could be made because the target machine actively refused it
CRITICAL - 2022-02-09 22:54:15 --> Unable to connect to the database.
Main connection [MySQLi]: No connection could be made because the target machine actively refused it
#0 C:\wamp64\www\demo\system\Database\BaseConnection.php(577): CodeIgniter\Database\BaseConnection->initialize()
#1 C:\wamp64\www\demo\system\Database\BaseBuilder.php(1455): CodeIgniter\Database\BaseConnection->query()
#2 C:\wamp64\www\demo\system\Model.php(210): CodeIgniter\Database\BaseBuilder->get()
#3 C:\wamp64\www\demo\system\BaseModel.php(622): CodeIgniter\Model->doFirst()
#4 C:\wamp64\www\demo\app\Controllers\Login.php(22): CodeIgniter\BaseModel->first()
#5 C:\wamp64\www\demo\system\CodeIgniter.php(825): App\Controllers\Login->auth()
#6 C:\wamp64\www\demo\system\CodeIgniter.php(412): CodeIgniter\CodeIgniter->runController()
#7 C:\wamp64\www\demo\system\CodeIgniter.php(320): CodeIgniter\CodeIgniter->handleRequest()
#8 C:\wamp64\www\demo\public\index.php(37): CodeIgniter\CodeIgniter->run()
#9 C:\wamp64\www\demo\system\Commands\Server\rewrite.php(43): require_once('...')
#10 {main}
