CRITICAL - 2022-08-10 20:39:38 --> Undefined index: id
#0 C:\wamp64\www\websetup\app\Views\layouts\header.php(102): CodeIgniter\Debug\Exceptions->errorHandler(8, 'Undefined index...', 'C:\\wamp64\\www\\w...', 102, Array)
#1 C:\wamp64\www\websetup\system\View\View.php(210): include('C:\\wamp64\\www\\w...')
#2 C:\wamp64\www\websetup\system\View\View.php(213): CodeIgniter\View\View->CodeIgniter\View\{closure}()
#3 C:\wamp64\www\websetup\system\Common.php(1089): CodeIgniter\View\View->render('layouts/header', Array, true)
#4 C:\wamp64\www\websetup\app\Views\home_view.php(3): view('layouts/header')
#5 C:\wamp64\www\websetup\system\View\View.php(210): include('C:\\wamp64\\www\\w...')
#6 C:\wamp64\www\websetup\system\View\View.php(213): CodeIgniter\View\View->CodeIgniter\View\{closure}()
#7 C:\wamp64\www\websetup\system\Common.php(1089): CodeIgniter\View\View->render('home_view', Array, true)
#8 C:\wamp64\www\websetup\app\Controllers\HomePage.php(60): view('home_view', Array)
#9 C:\wamp64\www\websetup\system\CodeIgniter.php(825): App\Controllers\HomePage->index()
#10 C:\wamp64\www\websetup\system\CodeIgniter.php(412): CodeIgniter\CodeIgniter->runController(Object(App\Controllers\HomePage))
#11 C:\wamp64\www\websetup\system\CodeIgniter.php(320): CodeIgniter\CodeIgniter->handleRequest(NULL, Object(Config\Cache), false)
#12 C:\wamp64\www\websetup\public\index.php(37): CodeIgniter\CodeIgniter->run()
#13 {main}
CRITICAL - 2022-08-10 21:15:41 --> Undefined variable: sub
#0 C:\wamp64\www\websetup\app\Views\admin\headerpage.php(280): CodeIgniter\Debug\Exceptions->errorHandler(8, 'Undefined varia...', 'C:\\wamp64\\www\\w...', 280, Array)
#1 C:\wamp64\www\websetup\system\View\View.php(210): include('C:\\wamp64\\www\\w...')
#2 C:\wamp64\www\websetup\system\View\View.php(213): CodeIgniter\View\View->CodeIgniter\View\{closure}()
#3 C:\wamp64\www\websetup\system\Common.php(1089): CodeIgniter\View\View->render('admin/headerpag...', Array, true)
#4 C:\wamp64\www\websetup\app\Controllers\AdminPageHeader.php(29): view('admin/headerpag...', Array)
#5 C:\wamp64\www\websetup\system\CodeIgniter.php(825): App\Controllers\AdminPageHeader->index()
#6 C:\wamp64\www\websetup\system\CodeIgniter.php(412): CodeIgniter\CodeIgniter->runController(Object(App\Controllers\AdminPageHeader))
#7 C:\wamp64\www\websetup\system\CodeIgniter.php(320): CodeIgniter\CodeIgniter->handleRequest(NULL, Object(Config\Cache), false)
#8 C:\wamp64\www\websetup\public\index.php(37): CodeIgniter\CodeIgniter->run()
#9 {main}
CRITICAL - 2022-08-10 21:16:28 --> Illegal string offset 'id'
#0 C:\wamp64\www\websetup\app\Views\admin\headerpage.php(281): CodeIgniter\Debug\Exceptions->errorHandler(2, 'Illegal string ...', 'C:\\wamp64\\www\\w...', 281, Array)
#1 C:\wamp64\www\websetup\system\View\View.php(210): include('C:\\wamp64\\www\\w...')
#2 C:\wamp64\www\websetup\system\View\View.php(213): CodeIgniter\View\View->CodeIgniter\View\{closure}()
#3 C:\wamp64\www\websetup\system\Common.php(1089): CodeIgniter\View\View->render('admin/headerpag...', Array, true)
#4 C:\wamp64\www\websetup\app\Controllers\AdminPageHeader.php(29): view('admin/headerpag...', Array)
#5 C:\wamp64\www\websetup\system\CodeIgniter.php(825): App\Controllers\AdminPageHeader->index()
#6 C:\wamp64\www\websetup\system\CodeIgniter.php(412): CodeIgniter\CodeIgniter->runController(Object(App\Controllers\AdminPageHeader))
#7 C:\wamp64\www\websetup\system\CodeIgniter.php(320): CodeIgniter\CodeIgniter->handleRequest(NULL, Object(Config\Cache), false)
#8 C:\wamp64\www\websetup\public\index.php(37): CodeIgniter\CodeIgniter->run()
#9 {main}
CRITICAL - 2022-08-10 22:07:20 --> Illegal string offset 'name'
#0 C:\wamp64\www\websetup\app\Views\admin\headerpage.php(281): CodeIgniter\Debug\Exceptions->errorHandler(2, 'Illegal string ...', 'C:\\wamp64\\www\\w...', 281, Array)
#1 C:\wamp64\www\websetup\system\View\View.php(210): include('C:\\wamp64\\www\\w...')
#2 C:\wamp64\www\websetup\system\View\View.php(213): CodeIgniter\View\View->CodeIgniter\View\{closure}()
#3 C:\wamp64\www\websetup\system\Common.php(1089): CodeIgniter\View\View->render('admin/headerpag...', Array, true)
#4 C:\wamp64\www\websetup\app\Controllers\AdminPageHeader.php(29): view('admin/headerpag...', Array)
#5 C:\wamp64\www\websetup\system\CodeIgniter.php(825): App\Controllers\AdminPageHeader->index()
#6 C:\wamp64\www\websetup\system\CodeIgniter.php(412): CodeIgniter\CodeIgniter->runController(Object(App\Controllers\AdminPageHeader))
#7 C:\wamp64\www\websetup\system\CodeIgniter.php(320): CodeIgniter\CodeIgniter->handleRequest(NULL, Object(Config\Cache), false)
#8 C:\wamp64\www\websetup\public\index.php(37): CodeIgniter\CodeIgniter->run()
#9 {main}
CRITICAL - 2022-08-10 22:07:42 --> Illegal string offset 'id'
#0 C:\wamp64\www\websetup\app\Views\admin\headerpage.php(281): CodeIgniter\Debug\Exceptions->errorHandler(2, 'Illegal string ...', 'C:\\wamp64\\www\\w...', 281, Array)
#1 C:\wamp64\www\websetup\system\View\View.php(210): include('C:\\wamp64\\www\\w...')
#2 C:\wamp64\www\websetup\system\View\View.php(213): CodeIgniter\View\View->CodeIgniter\View\{closure}()
#3 C:\wamp64\www\websetup\system\Common.php(1089): CodeIgniter\View\View->render('admin/headerpag...', Array, true)
#4 C:\wamp64\www\websetup\app\Controllers\AdminPageHeader.php(29): view('admin/headerpag...', Array)
#5 C:\wamp64\www\websetup\system\CodeIgniter.php(825): App\Controllers\AdminPageHeader->index()
#6 C:\wamp64\www\websetup\system\CodeIgniter.php(412): CodeIgniter\CodeIgniter->runController(Object(App\Controllers\AdminPageHeader))
#7 C:\wamp64\www\websetup\system\CodeIgniter.php(320): CodeIgniter\CodeIgniter->handleRequest(NULL, Object(Config\Cache), false)
#8 C:\wamp64\www\websetup\public\index.php(37): CodeIgniter\CodeIgniter->run()
#9 {main}
