ERROR - 2022-04-05 01:51:09 --> Column 'operation' cannot be null
CRITICAL - 2022-04-05 01:51:09 --> Column 'operation' cannot be null
#0 C:\wamp64\www\websetup\system\Database\MySQLi\Connection.php(292): mysqli->query()
#1 C:\wamp64\www\websetup\system\Database\BaseConnection.php(670): CodeIgniter\Database\MySQLi\Connection->execute()
#2 C:\wamp64\www\websetup\system\Database\BaseConnection.php(598): CodeIgniter\Database\BaseConnection->simpleQuery()
#3 C:\wamp64\www\websetup\system\Database\BaseBuilder.php(1771): CodeIgniter\Database\BaseConnection->query()
#4 C:\wamp64\www\websetup\system\Model.php(239): CodeIgniter\Database\BaseBuilder->insert()
#5 C:\wamp64\www\websetup\system\BaseModel.php(738): CodeIgniter\Model->doInsert()
#6 C:\wamp64\www\websetup\system\Model.php(625): CodeIgniter\BaseModel->insert()
#7 C:\wamp64\www\websetup\app\Controllers\AdminPageFooter.php(145): CodeIgniter\Model->insert()
#8 C:\wamp64\www\websetup\system\CodeIgniter.php(825): App\Controllers\AdminPageFooter->storeCalendar()
#9 C:\wamp64\www\websetup\system\CodeIgniter.php(412): CodeIgniter\CodeIgniter->runController()
#10 C:\wamp64\www\websetup\system\CodeIgniter.php(320): CodeIgniter\CodeIgniter->handleRequest()
#11 C:\wamp64\www\websetup\public\index.php(37): CodeIgniter\CodeIgniter->run()
#12 C:\wamp64\www\websetup\system\Commands\Server\rewrite.php(43): require_once('...')
#13 {main}
CRITICAL - 2022-04-05 23:00:29 --> Undefined constant "title"
#0 C:\wamp64\www\websetup\system\View\View.php(210): include()
#1 C:\wamp64\www\websetup\system\View\View.php(213): CodeIgniter\View\View->CodeIgniter\View\{closure}()
#2 C:\wamp64\www\websetup\system\Common.php(1089): CodeIgniter\View\View->render()
#3 C:\wamp64\www\websetup\app\Controllers\AdminPageFooter.php(28): view()
#4 C:\wamp64\www\websetup\system\CodeIgniter.php(825): App\Controllers\AdminPageFooter->index()
#5 C:\wamp64\www\websetup\system\CodeIgniter.php(412): CodeIgniter\CodeIgniter->runController()
#6 C:\wamp64\www\websetup\system\CodeIgniter.php(320): CodeIgniter\CodeIgniter->handleRequest()
#7 C:\wamp64\www\websetup\public\index.php(37): CodeIgniter\CodeIgniter->run()
#8 C:\wamp64\www\websetup\system\Commands\Server\rewrite.php(43): require_once('...')
#9 {main}
CRITICAL - 2022-04-05 23:00:57 --> Undefined variable $title
#0 C:\wamp64\www\websetup\app\Views\admin\footerpage.php(759): CodeIgniter\Debug\Exceptions->errorHandler()
#1 C:\wamp64\www\websetup\system\View\View.php(210): include('...')
#2 C:\wamp64\www\websetup\system\View\View.php(213): CodeIgniter\View\View->CodeIgniter\View\{closure}()
#3 C:\wamp64\www\websetup\system\Common.php(1089): CodeIgniter\View\View->render()
#4 C:\wamp64\www\websetup\app\Controllers\AdminPageFooter.php(28): view()
#5 C:\wamp64\www\websetup\system\CodeIgniter.php(825): App\Controllers\AdminPageFooter->index()
#6 C:\wamp64\www\websetup\system\CodeIgniter.php(412): CodeIgniter\CodeIgniter->runController()
#7 C:\wamp64\www\websetup\system\CodeIgniter.php(320): CodeIgniter\CodeIgniter->handleRequest()
#8 C:\wamp64\www\websetup\public\index.php(37): CodeIgniter\CodeIgniter->run()
#9 C:\wamp64\www\websetup\system\Commands\Server\rewrite.php(43): require_once('...')
#10 {main}
