CRITICAL - 2022-02-10 01:15:00 --> Undefined variable $user
#0 C:\wamp64\www\demo\app\Views\dashboard.php(17): CodeIgniter\Debug\Exceptions->errorHandler()
#1 C:\wamp64\www\demo\system\View\View.php(210): include('...')
#2 C:\wamp64\www\demo\system\View\View.php(213): CodeIgniter\View\View->CodeIgniter\View\{closure}()
#3 C:\wamp64\www\demo\system\Common.php(1089): CodeIgniter\View\View->render()
#4 C:\wamp64\www\demo\app\Controllers\dashboard.php(11): view()
#5 C:\wamp64\www\demo\system\CodeIgniter.php(825): App\Controllers\Dashboard->index()
#6 C:\wamp64\www\demo\system\CodeIgniter.php(412): CodeIgniter\CodeIgniter->runController()
#7 C:\wamp64\www\demo\system\CodeIgniter.php(320): CodeIgniter\CodeIgniter->handleRequest()
#8 C:\wamp64\www\demo\public\index.php(37): CodeIgniter\CodeIgniter->run()
#9 C:\wamp64\www\demo\system\Commands\Server\rewrite.php(43): require_once('...')
#10 {main}
CRITICAL - 2022-02-10 01:16:47 --> Undefined variable $user
#0 C:\wamp64\www\demo\app\Views\dashboard.php(17): CodeIgniter\Debug\Exceptions->errorHandler()
#1 C:\wamp64\www\demo\system\View\View.php(210): include('...')
#2 C:\wamp64\www\demo\system\View\View.php(213): CodeIgniter\View\View->CodeIgniter\View\{closure}()
#3 C:\wamp64\www\demo\system\Common.php(1089): CodeIgniter\View\View->render()
#4 C:\wamp64\www\demo\app\Controllers\Dashboard.php(11): view()
#5 C:\wamp64\www\demo\system\CodeIgniter.php(825): App\Controllers\Dashboard->index()
#6 C:\wamp64\www\demo\system\CodeIgniter.php(412): CodeIgniter\CodeIgniter->runController()
#7 C:\wamp64\www\demo\system\CodeIgniter.php(320): CodeIgniter\CodeIgniter->handleRequest()
#8 C:\wamp64\www\demo\public\index.php(37): CodeIgniter\CodeIgniter->run()
#9 C:\wamp64\www\demo\system\Commands\Server\rewrite.php(43): require_once('...')
#10 {main}
CRITICAL - 2022-02-10 01:30:08 --> syntax error, unexpected token "else", expecting "function" or "const"
#0 C:\wamp64\www\demo\system\Router\Router.php(175): CodeIgniter\Router\Router->autoRoute()
#1 C:\wamp64\www\demo\system\CodeIgniter.php(719): CodeIgniter\Router\Router->handle()
#2 C:\wamp64\www\demo\system\CodeIgniter.php(361): CodeIgniter\CodeIgniter->tryToRouteIt()
#3 C:\wamp64\www\demo\system\CodeIgniter.php(320): CodeIgniter\CodeIgniter->handleRequest()
#4 C:\wamp64\www\demo\public\index.php(37): CodeIgniter\CodeIgniter->run()
#5 C:\wamp64\www\demo\system\Commands\Server\rewrite.php(43): require_once('...')
#6 {main}
CRITICAL - 2022-02-10 01:40:41 --> Object of type CodeIgniter\Session\Session is not callable
#0 C:\wamp64\www\demo\system\CodeIgniter.php(825): App\Controllers\Login->auth()
#1 C:\wamp64\www\demo\system\CodeIgniter.php(412): CodeIgniter\CodeIgniter->runController()
#2 C:\wamp64\www\demo\system\CodeIgniter.php(320): CodeIgniter\CodeIgniter->handleRequest()
#3 C:\wamp64\www\demo\public\index.php(37): CodeIgniter\CodeIgniter->run()
#4 C:\wamp64\www\demo\system\Commands\Server\rewrite.php(43): require_once('...')
#5 {main}
