CRITICAL - 2022-03-25 03:24:52 --> Undefined variable $email
#0 C:\wamp64\www\websetup\app\Views\admin\head.php(171): CodeIgniter\Debug\Exceptions->errorHandler()
#1 C:\wamp64\www\websetup\system\View\View.php(210): include('...')
#2 C:\wamp64\www\websetup\system\View\View.php(213): CodeIgniter\View\View->CodeIgniter\View\{closure}()
#3 C:\wamp64\www\websetup\system\Common.php(1089): CodeIgniter\View\View->render()
#4 C:\wamp64\www\websetup\app\Views\admin\footerpage.php(2): view()
#5 C:\wamp64\www\websetup\system\View\View.php(210): include('...')
#6 C:\wamp64\www\websetup\system\View\View.php(213): CodeIgniter\View\View->CodeIgniter\View\{closure}()
#7 C:\wamp64\www\websetup\system\Common.php(1089): CodeIgniter\View\View->render()
#8 C:\wamp64\www\websetup\app\Controllers\AdminPageFooter.php(24): view()
#9 C:\wamp64\www\websetup\system\CodeIgniter.php(825): App\Controllers\AdminPageFooter->index()
#10 C:\wamp64\www\websetup\system\CodeIgniter.php(412): CodeIgniter\CodeIgniter->runController()
#11 C:\wamp64\www\websetup\system\CodeIgniter.php(320): CodeIgniter\CodeIgniter->handleRequest()
#12 C:\wamp64\www\websetup\public\index.php(37): CodeIgniter\CodeIgniter->run()
#13 C:\wamp64\www\websetup\system\Commands\Server\rewrite.php(43): require_once('...')
#14 {main}
CRITICAL - 2022-03-25 03:33:33 --> Undefined variable $email
#0 C:\wamp64\www\websetup\app\Views\admin\head.php(171): CodeIgniter\Debug\Exceptions->errorHandler()
#1 C:\wamp64\www\websetup\system\View\View.php(210): include('...')
#2 C:\wamp64\www\websetup\system\View\View.php(213): CodeIgniter\View\View->CodeIgniter\View\{closure}()
#3 C:\wamp64\www\websetup\system\Common.php(1089): CodeIgniter\View\View->render()
#4 C:\wamp64\www\websetup\app\Views\admin\footerpage.php(2): view()
#5 C:\wamp64\www\websetup\system\View\View.php(210): include('...')
#6 C:\wamp64\www\websetup\system\View\View.php(213): CodeIgniter\View\View->CodeIgniter\View\{closure}()
#7 C:\wamp64\www\websetup\system\Common.php(1089): CodeIgniter\View\View->render()
#8 C:\wamp64\www\websetup\app\Controllers\AdminPageFooter.php(24): view()
#9 C:\wamp64\www\websetup\system\CodeIgniter.php(825): App\Controllers\AdminPageFooter->index()
#10 C:\wamp64\www\websetup\system\CodeIgniter.php(412): CodeIgniter\CodeIgniter->runController()
#11 C:\wamp64\www\websetup\system\CodeIgniter.php(320): CodeIgniter\CodeIgniter->handleRequest()
#12 C:\wamp64\www\websetup\public\index.php(37): CodeIgniter\CodeIgniter->run()
#13 C:\wamp64\www\websetup\system\Commands\Server\rewrite.php(43): require_once('...')
#14 {main}
CRITICAL - 2022-03-25 03:34:26 --> Undefined variable $email
#0 C:\wamp64\www\websetup\app\Views\admin\head.php(171): CodeIgniter\Debug\Exceptions->errorHandler()
#1 C:\wamp64\www\websetup\system\View\View.php(210): include('...')
#2 C:\wamp64\www\websetup\system\View\View.php(213): CodeIgniter\View\View->CodeIgniter\View\{closure}()
#3 C:\wamp64\www\websetup\system\Common.php(1089): CodeIgniter\View\View->render()
#4 C:\wamp64\www\websetup\app\Views\admin\footerpage.php(2): view()
#5 C:\wamp64\www\websetup\system\View\View.php(210): include('...')
#6 C:\wamp64\www\websetup\system\View\View.php(213): CodeIgniter\View\View->CodeIgniter\View\{closure}()
#7 C:\wamp64\www\websetup\system\Common.php(1089): CodeIgniter\View\View->render()
#8 C:\wamp64\www\websetup\app\Controllers\AdminPageFooter.php(24): view()
#9 C:\wamp64\www\websetup\system\CodeIgniter.php(825): App\Controllers\AdminPageFooter->index()
#10 C:\wamp64\www\websetup\system\CodeIgniter.php(412): CodeIgniter\CodeIgniter->runController()
#11 C:\wamp64\www\websetup\system\CodeIgniter.php(320): CodeIgniter\CodeIgniter->handleRequest()
#12 C:\wamp64\www\websetup\public\index.php(37): CodeIgniter\CodeIgniter->run()
#13 C:\wamp64\www\websetup\system\Commands\Server\rewrite.php(43): require_once('...')
#14 {main}
CRITICAL - 2022-03-25 03:34:40 --> Undefined variable $email
#0 C:\wamp64\www\websetup\app\Views\admin\head.php(171): CodeIgniter\Debug\Exceptions->errorHandler()
#1 C:\wamp64\www\websetup\system\View\View.php(210): include('...')
#2 C:\wamp64\www\websetup\system\View\View.php(213): CodeIgniter\View\View->CodeIgniter\View\{closure}()
#3 C:\wamp64\www\websetup\system\Common.php(1089): CodeIgniter\View\View->render()
#4 C:\wamp64\www\websetup\app\Views\admin\footerpage.php(2): view()
#5 C:\wamp64\www\websetup\system\View\View.php(210): include('...')
#6 C:\wamp64\www\websetup\system\View\View.php(213): CodeIgniter\View\View->CodeIgniter\View\{closure}()
#7 C:\wamp64\www\websetup\system\Common.php(1089): CodeIgniter\View\View->render()
#8 C:\wamp64\www\websetup\app\Controllers\AdminPageFooter.php(24): view()
#9 C:\wamp64\www\websetup\system\CodeIgniter.php(825): App\Controllers\AdminPageFooter->index()
#10 C:\wamp64\www\websetup\system\CodeIgniter.php(412): CodeIgniter\CodeIgniter->runController()
#11 C:\wamp64\www\websetup\system\CodeIgniter.php(320): CodeIgniter\CodeIgniter->handleRequest()
#12 C:\wamp64\www\websetup\public\index.php(37): CodeIgniter\CodeIgniter->run()
#13 C:\wamp64\www\websetup\system\Commands\Server\rewrite.php(43): require_once('...')
#14 {main}
CRITICAL - 2022-03-25 03:35:46 --> Undefined variable $email
#0 C:\wamp64\www\websetup\app\Views\admin\head.php(171): CodeIgniter\Debug\Exceptions->errorHandler()
#1 C:\wamp64\www\websetup\system\View\View.php(210): include('...')
#2 C:\wamp64\www\websetup\system\View\View.php(213): CodeIgniter\View\View->CodeIgniter\View\{closure}()
#3 C:\wamp64\www\websetup\system\Common.php(1089): CodeIgniter\View\View->render()
#4 C:\wamp64\www\websetup\app\Views\admin\footerpage.php(2): view()
#5 C:\wamp64\www\websetup\system\View\View.php(210): include('...')
#6 C:\wamp64\www\websetup\system\View\View.php(213): CodeIgniter\View\View->CodeIgniter\View\{closure}()
#7 C:\wamp64\www\websetup\system\Common.php(1089): CodeIgniter\View\View->render()
#8 C:\wamp64\www\websetup\app\Controllers\AdminPageFooter.php(24): view()
#9 C:\wamp64\www\websetup\system\CodeIgniter.php(825): App\Controllers\AdminPageFooter->index()
#10 C:\wamp64\www\websetup\system\CodeIgniter.php(412): CodeIgniter\CodeIgniter->runController()
#11 C:\wamp64\www\websetup\system\CodeIgniter.php(320): CodeIgniter\CodeIgniter->handleRequest()
#12 C:\wamp64\www\websetup\public\index.php(37): CodeIgniter\CodeIgniter->run()
#13 C:\wamp64\www\websetup\system\Commands\Server\rewrite.php(43): require_once('...')
#14 {main}
CRITICAL - 2022-03-25 03:36:06 --> Undefined variable $em
#0 C:\wamp64\www\websetup\app\Views\admin\head.php(171): CodeIgniter\Debug\Exceptions->errorHandler()
#1 C:\wamp64\www\websetup\system\View\View.php(210): include('...')
#2 C:\wamp64\www\websetup\system\View\View.php(213): CodeIgniter\View\View->CodeIgniter\View\{closure}()
#3 C:\wamp64\www\websetup\system\Common.php(1089): CodeIgniter\View\View->render()
#4 C:\wamp64\www\websetup\app\Views\admin\footerpage.php(2): view()
#5 C:\wamp64\www\websetup\system\View\View.php(210): include('...')
#6 C:\wamp64\www\websetup\system\View\View.php(213): CodeIgniter\View\View->CodeIgniter\View\{closure}()
#7 C:\wamp64\www\websetup\system\Common.php(1089): CodeIgniter\View\View->render()
#8 C:\wamp64\www\websetup\app\Controllers\AdminPageFooter.php(24): view()
#9 C:\wamp64\www\websetup\system\CodeIgniter.php(825): App\Controllers\AdminPageFooter->index()
#10 C:\wamp64\www\websetup\system\CodeIgniter.php(412): CodeIgniter\CodeIgniter->runController()
#11 C:\wamp64\www\websetup\system\CodeIgniter.php(320): CodeIgniter\CodeIgniter->handleRequest()
#12 C:\wamp64\www\websetup\public\index.php(37): CodeIgniter\CodeIgniter->run()
#13 C:\wamp64\www\websetup\system\Commands\Server\rewrite.php(43): require_once('...')
#14 {main}
CRITICAL - 2022-03-25 03:36:08 --> Undefined variable $em
#0 C:\wamp64\www\websetup\app\Views\admin\head.php(171): CodeIgniter\Debug\Exceptions->errorHandler()
#1 C:\wamp64\www\websetup\system\View\View.php(210): include('...')
#2 C:\wamp64\www\websetup\system\View\View.php(213): CodeIgniter\View\View->CodeIgniter\View\{closure}()
#3 C:\wamp64\www\websetup\system\Common.php(1089): CodeIgniter\View\View->render()
#4 C:\wamp64\www\websetup\app\Views\admin\footerpage.php(2): view()
#5 C:\wamp64\www\websetup\system\View\View.php(210): include('...')
#6 C:\wamp64\www\websetup\system\View\View.php(213): CodeIgniter\View\View->CodeIgniter\View\{closure}()
#7 C:\wamp64\www\websetup\system\Common.php(1089): CodeIgniter\View\View->render()
#8 C:\wamp64\www\websetup\app\Controllers\AdminPageFooter.php(24): view()
#9 C:\wamp64\www\websetup\system\CodeIgniter.php(825): App\Controllers\AdminPageFooter->index()
#10 C:\wamp64\www\websetup\system\CodeIgniter.php(412): CodeIgniter\CodeIgniter->runController()
#11 C:\wamp64\www\websetup\system\CodeIgniter.php(320): CodeIgniter\CodeIgniter->handleRequest()
#12 C:\wamp64\www\websetup\public\index.php(37): CodeIgniter\CodeIgniter->run()
#13 C:\wamp64\www\websetup\system\Commands\Server\rewrite.php(43): require_once('...')
#14 {main}
