CRITICAL - 2022-04-13 00:23:02 --> Undefined array key "name"
#0 C:\wamp64\www\websetup\app\Views\admin\headerpage.php(214): CodeIgniter\Debug\Exceptions->errorHandler()
#1 C:\wamp64\www\websetup\system\View\View.php(210): include('...')
#2 C:\wamp64\www\websetup\system\View\View.php(213): CodeIgniter\View\View->CodeIgniter\View\{closure}()
#3 C:\wamp64\www\websetup\system\Common.php(1089): CodeIgniter\View\View->render()
#4 C:\wamp64\www\websetup\app\Controllers\AdminPageHeader.php(28): view()
#5 C:\wamp64\www\websetup\system\CodeIgniter.php(825): App\Controllers\AdminPageHeader->index()
#6 C:\wamp64\www\websetup\system\CodeIgniter.php(412): CodeIgniter\CodeIgniter->runController()
#7 C:\wamp64\www\websetup\system\CodeIgniter.php(320): CodeIgniter\CodeIgniter->handleRequest()
#8 C:\wamp64\www\websetup\public\index.php(37): CodeIgniter\CodeIgniter->run()
#9 C:\wamp64\www\websetup\system\Commands\Server\rewrite.php(43): require_once('...')
#10 {main}
CRITICAL - 2022-04-13 00:27:34 --> Undefined variable $title
#0 C:\wamp64\www\websetup\app\Views\admin\headerpage.php(188): CodeIgniter\Debug\Exceptions->errorHandler()
#1 C:\wamp64\www\websetup\system\View\View.php(210): include('...')
#2 C:\wamp64\www\websetup\system\View\View.php(213): CodeIgniter\View\View->CodeIgniter\View\{closure}()
#3 C:\wamp64\www\websetup\system\Common.php(1089): CodeIgniter\View\View->render()
#4 C:\wamp64\www\websetup\app\Controllers\AdminPageHeader.php(28): view()
#5 C:\wamp64\www\websetup\system\CodeIgniter.php(825): App\Controllers\AdminPageHeader->index()
#6 C:\wamp64\www\websetup\system\CodeIgniter.php(412): CodeIgniter\CodeIgniter->runController()
#7 C:\wamp64\www\websetup\system\CodeIgniter.php(320): CodeIgniter\CodeIgniter->handleRequest()
#8 C:\wamp64\www\websetup\public\index.php(37): CodeIgniter\CodeIgniter->run()
#9 C:\wamp64\www\websetup\system\Commands\Server\rewrite.php(43): require_once('...')
#10 {main}
CRITICAL - 2022-04-13 00:28:28 --> Undefined constant "title"
#0 C:\wamp64\www\websetup\system\View\View.php(210): include()
#1 C:\wamp64\www\websetup\system\View\View.php(213): CodeIgniter\View\View->CodeIgniter\View\{closure}()
#2 C:\wamp64\www\websetup\system\Common.php(1089): CodeIgniter\View\View->render()
#3 C:\wamp64\www\websetup\app\Controllers\AdminPageHeader.php(28): view()
#4 C:\wamp64\www\websetup\system\CodeIgniter.php(825): App\Controllers\AdminPageHeader->index()
#5 C:\wamp64\www\websetup\system\CodeIgniter.php(412): CodeIgniter\CodeIgniter->runController()
#6 C:\wamp64\www\websetup\system\CodeIgniter.php(320): CodeIgniter\CodeIgniter->handleRequest()
#7 C:\wamp64\www\websetup\public\index.php(37): CodeIgniter\CodeIgniter->run()
#8 C:\wamp64\www\websetup\system\Commands\Server\rewrite.php(43): require_once('...')
#9 {main}
CRITICAL - 2022-04-13 00:52:57 --> Call to undefined function callMenuname()
#0 C:\wamp64\www\websetup\system\View\View.php(210): include()
#1 C:\wamp64\www\websetup\system\View\View.php(213): CodeIgniter\View\View->CodeIgniter\View\{closure}()
#2 C:\wamp64\www\websetup\system\Common.php(1089): CodeIgniter\View\View->render()
#3 C:\wamp64\www\websetup\app\Controllers\AdminPageHeader.php(28): view()
#4 C:\wamp64\www\websetup\system\CodeIgniter.php(825): App\Controllers\AdminPageHeader->index()
#5 C:\wamp64\www\websetup\system\CodeIgniter.php(412): CodeIgniter\CodeIgniter->runController()
#6 C:\wamp64\www\websetup\system\CodeIgniter.php(320): CodeIgniter\CodeIgniter->handleRequest()
#7 C:\wamp64\www\websetup\public\index.php(37): CodeIgniter\CodeIgniter->run()
#8 C:\wamp64\www\websetup\system\Commands\Server\rewrite.php(43): require_once('...')
#9 {main}
CRITICAL - 2022-04-13 01:00:44 --> syntax error, unexpected end of file, expecting "elseif" or "else" or "endif"
#0 C:\wamp64\www\websetup\system\View\View.php(213): CodeIgniter\View\View->CodeIgniter\View\{closure}()
#1 C:\wamp64\www\websetup\system\Common.php(1089): CodeIgniter\View\View->render()
#2 C:\wamp64\www\websetup\app\Controllers\AdminPageHeader.php(28): view()
#3 C:\wamp64\www\websetup\system\CodeIgniter.php(825): App\Controllers\AdminPageHeader->index()
#4 C:\wamp64\www\websetup\system\CodeIgniter.php(412): CodeIgniter\CodeIgniter->runController()
#5 C:\wamp64\www\websetup\system\CodeIgniter.php(320): CodeIgniter\CodeIgniter->handleRequest()
#6 C:\wamp64\www\websetup\public\index.php(37): CodeIgniter\CodeIgniter->run()
#7 C:\wamp64\www\websetup\system\Commands\Server\rewrite.php(43): require_once('...')
#8 {main}
CRITICAL - 2022-04-13 01:01:19 --> Undefined array key "name"
#0 C:\wamp64\www\websetup\app\Views\admin\headerpage.php(214): CodeIgniter\Debug\Exceptions->errorHandler()
#1 C:\wamp64\www\websetup\system\View\View.php(210): include('...')
#2 C:\wamp64\www\websetup\system\View\View.php(213): CodeIgniter\View\View->CodeIgniter\View\{closure}()
#3 C:\wamp64\www\websetup\system\Common.php(1089): CodeIgniter\View\View->render()
#4 C:\wamp64\www\websetup\app\Controllers\AdminPageHeader.php(28): view()
#5 C:\wamp64\www\websetup\system\CodeIgniter.php(825): App\Controllers\AdminPageHeader->index()
#6 C:\wamp64\www\websetup\system\CodeIgniter.php(412): CodeIgniter\CodeIgniter->runController()
#7 C:\wamp64\www\websetup\system\CodeIgniter.php(320): CodeIgniter\CodeIgniter->handleRequest()
#8 C:\wamp64\www\websetup\public\index.php(37): CodeIgniter\CodeIgniter->run()
#9 C:\wamp64\www\websetup\system\Commands\Server\rewrite.php(43): require_once('...')
#10 {main}
CRITICAL - 2022-04-13 01:43:58 --> syntax error, unexpected token "endforeach", expecting "elseif" or "else" or "endif"
#0 C:\wamp64\www\websetup\system\View\View.php(213): CodeIgniter\View\View->CodeIgniter\View\{closure}()
#1 C:\wamp64\www\websetup\system\Common.php(1089): CodeIgniter\View\View->render()
#2 C:\wamp64\www\websetup\app\Controllers\AdminPageHeader.php(28): view()
#3 C:\wamp64\www\websetup\system\CodeIgniter.php(825): App\Controllers\AdminPageHeader->index()
#4 C:\wamp64\www\websetup\system\CodeIgniter.php(412): CodeIgniter\CodeIgniter->runController()
#5 C:\wamp64\www\websetup\system\CodeIgniter.php(320): CodeIgniter\CodeIgniter->handleRequest()
#6 C:\wamp64\www\websetup\public\index.php(37): CodeIgniter\CodeIgniter->run()
#7 C:\wamp64\www\websetup\system\Commands\Server\rewrite.php(43): require_once('...')
#8 {main}
CRITICAL - 2022-04-13 01:45:30 --> Undefined variable $menuTitle
#0 C:\wamp64\www\websetup\app\Views\admin\headerpage.php(214): CodeIgniter\Debug\Exceptions->errorHandler()
#1 C:\wamp64\www\websetup\system\View\View.php(210): include('...')
#2 C:\wamp64\www\websetup\system\View\View.php(213): CodeIgniter\View\View->CodeIgniter\View\{closure}()
#3 C:\wamp64\www\websetup\system\Common.php(1089): CodeIgniter\View\View->render()
#4 C:\wamp64\www\websetup\app\Controllers\AdminPageHeader.php(28): view()
#5 C:\wamp64\www\websetup\system\CodeIgniter.php(825): App\Controllers\AdminPageHeader->index()
#6 C:\wamp64\www\websetup\system\CodeIgniter.php(412): CodeIgniter\CodeIgniter->runController()
#7 C:\wamp64\www\websetup\system\CodeIgniter.php(320): CodeIgniter\CodeIgniter->handleRequest()
#8 C:\wamp64\www\websetup\public\index.php(37): CodeIgniter\CodeIgniter->run()
#9 C:\wamp64\www\websetup\system\Commands\Server\rewrite.php(43): require_once('...')
#10 {main}
CRITICAL - 2022-04-13 02:15:57 --> Undefined variable $id
#0 C:\wamp64\www\websetup\app\Views\admin\headerpage.php(221): CodeIgniter\Debug\Exceptions->errorHandler()
#1 C:\wamp64\www\websetup\system\View\View.php(210): include('...')
#2 C:\wamp64\www\websetup\system\View\View.php(213): CodeIgniter\View\View->CodeIgniter\View\{closure}()
#3 C:\wamp64\www\websetup\system\Common.php(1089): CodeIgniter\View\View->render()
#4 C:\wamp64\www\websetup\app\Controllers\AdminPageHeader.php(28): view()
#5 C:\wamp64\www\websetup\system\CodeIgniter.php(825): App\Controllers\AdminPageHeader->index()
#6 C:\wamp64\www\websetup\system\CodeIgniter.php(412): CodeIgniter\CodeIgniter->runController()
#7 C:\wamp64\www\websetup\system\CodeIgniter.php(320): CodeIgniter\CodeIgniter->handleRequest()
#8 C:\wamp64\www\websetup\public\index.php(37): CodeIgniter\CodeIgniter->run()
#9 C:\wamp64\www\websetup\system\Commands\Server\rewrite.php(43): require_once('...')
#10 {main}
CRITICAL - 2022-04-13 02:55:59 --> Call to undefined function logfunc()
#0 C:\wamp64\www\websetup\system\View\View.php(210): include()
#1 C:\wamp64\www\websetup\system\View\View.php(213): CodeIgniter\View\View->CodeIgniter\View\{closure}()
#2 C:\wamp64\www\websetup\system\Common.php(1089): CodeIgniter\View\View->render()
#3 C:\wamp64\www\websetup\app\Controllers\AdminPageHeader.php(28): view()
#4 C:\wamp64\www\websetup\system\CodeIgniter.php(825): App\Controllers\AdminPageHeader->index()
#5 C:\wamp64\www\websetup\system\CodeIgniter.php(412): CodeIgniter\CodeIgniter->runController()
#6 C:\wamp64\www\websetup\system\CodeIgniter.php(320): CodeIgniter\CodeIgniter->handleRequest()
#7 C:\wamp64\www\websetup\public\index.php(37): CodeIgniter\CodeIgniter->run()
#8 C:\wamp64\www\websetup\system\Commands\Server\rewrite.php(43): require_once('...')
#9 {main}
CRITICAL - 2022-04-13 02:56:14 --> Call to undefined function logfunc()
#0 C:\wamp64\www\websetup\system\View\View.php(210): include()
#1 C:\wamp64\www\websetup\system\View\View.php(213): CodeIgniter\View\View->CodeIgniter\View\{closure}()
#2 C:\wamp64\www\websetup\system\Common.php(1089): CodeIgniter\View\View->render()
#3 C:\wamp64\www\websetup\app\Controllers\AdminPageHeader.php(28): view()
#4 C:\wamp64\www\websetup\system\CodeIgniter.php(825): App\Controllers\AdminPageHeader->index()
#5 C:\wamp64\www\websetup\system\CodeIgniter.php(412): CodeIgniter\CodeIgniter->runController()
#6 C:\wamp64\www\websetup\system\CodeIgniter.php(320): CodeIgniter\CodeIgniter->handleRequest()
#7 C:\wamp64\www\websetup\public\index.php(37): CodeIgniter\CodeIgniter->run()
#8 C:\wamp64\www\websetup\system\Commands\Server\rewrite.php(43): require_once('...')
#9 {main}
