CRITICAL - 2022-07-22 00:15:41 --> Call to undefined function set_value()
#0 C:\wamp64\www\websetup\system\View\View.php(210): include()
#1 C:\wamp64\www\websetup\system\View\View.php(213): CodeIgniter\View\View->CodeIgniter\View\{closure}()
#2 C:\wamp64\www\websetup\system\Common.php(1089): CodeIgniter\View\View->render()
#3 C:\wamp64\www\websetup\app\Controllers\Register.php(45): view()
#4 C:\wamp64\www\websetup\system\CodeIgniter.php(825): App\Controllers\Register->index()
#5 C:\wamp64\www\websetup\system\CodeIgniter.php(412): CodeIgniter\CodeIgniter->runController()
#6 C:\wamp64\www\websetup\system\CodeIgniter.php(320): CodeIgniter\CodeIgniter->handleRequest()
#7 C:\wamp64\www\websetup\public\index.php(37): CodeIgniter\CodeIgniter->run()
#8 C:\wamp64\www\websetup\system\Commands\Server\rewrite.php(43): require_once('...')
#9 {main}
CRITICAL - 2022-07-22 01:11:02 --> Call to undefined function set_value()
#0 C:\wamp64\www\websetup\system\View\View.php(210): include()
#1 C:\wamp64\www\websetup\system\View\View.php(213): CodeIgniter\View\View->CodeIgniter\View\{closure}()
#2 C:\wamp64\www\websetup\system\Common.php(1089): CodeIgniter\View\View->render()
#3 C:\wamp64\www\websetup\app\Controllers\Register.php(45): view()
#4 C:\wamp64\www\websetup\system\CodeIgniter.php(825): App\Controllers\Register->index()
#5 C:\wamp64\www\websetup\system\CodeIgniter.php(412): CodeIgniter\CodeIgniter->runController()
#6 C:\wamp64\www\websetup\system\CodeIgniter.php(320): CodeIgniter\CodeIgniter->handleRequest()
#7 C:\wamp64\www\websetup\public\index.php(37): CodeIgniter\CodeIgniter->run()
#8 C:\wamp64\www\websetup\system\Commands\Server\rewrite.php(43): require_once('...')
#9 {main}
CRITICAL - 2022-07-22 01:28:20 --> Call to undefined function App\Controllers\setFlashdata()
#0 C:\wamp64\www\websetup\system\CodeIgniter.php(825): App\Controllers\Register->save()
#1 C:\wamp64\www\websetup\system\CodeIgniter.php(412): CodeIgniter\CodeIgniter->runController()
#2 C:\wamp64\www\websetup\system\CodeIgniter.php(320): CodeIgniter\CodeIgniter->handleRequest()
#3 C:\wamp64\www\websetup\public\index.php(37): CodeIgniter\CodeIgniter->run()
#4 C:\wamp64\www\websetup\system\Commands\Server\rewrite.php(43): require_once('...')
#5 {main}
