CRITICAL - 2022-02-24 00:13:33 --> Class "CI_Controller" not found
#0 C:\wamp64\www\websetup\system\Router\Router.php(518): include_once()
#1 C:\wamp64\www\websetup\system\Router\Router.php(175): CodeIgniter\Router\Router->autoRoute()
#2 C:\wamp64\www\websetup\system\CodeIgniter.php(719): CodeIgniter\Router\Router->handle()
#3 C:\wamp64\www\websetup\system\CodeIgniter.php(361): CodeIgniter\CodeIgniter->tryToRouteIt()
#4 C:\wamp64\www\websetup\system\CodeIgniter.php(320): CodeIgniter\CodeIgniter->handleRequest()
#5 C:\wamp64\www\websetup\public\index.php(37): CodeIgniter\CodeIgniter->run()
#6 C:\wamp64\www\websetup\system\Commands\Server\rewrite.php(43): require_once('...')
#7 {main}
CRITICAL - 2022-02-24 00:16:23 --> Class "Controller" not found
#0 C:\wamp64\www\websetup\system\Router\Router.php(518): include_once()
#1 C:\wamp64\www\websetup\system\Router\Router.php(175): CodeIgniter\Router\Router->autoRoute()
#2 C:\wamp64\www\websetup\system\CodeIgniter.php(719): CodeIgniter\Router\Router->handle()
#3 C:\wamp64\www\websetup\system\CodeIgniter.php(361): CodeIgniter\CodeIgniter->tryToRouteIt()
#4 C:\wamp64\www\websetup\system\CodeIgniter.php(320): CodeIgniter\CodeIgniter->handleRequest()
#5 C:\wamp64\www\websetup\public\index.php(37): CodeIgniter\CodeIgniter->run()
#6 C:\wamp64\www\websetup\system\Commands\Server\rewrite.php(43): require_once('...')
#7 {main}
CRITICAL - 2022-02-24 00:16:42 --> Cannot call constructor
#0 C:\wamp64\www\websetup\system\CodeIgniter.php(802): App\Controllers\Facebook_test->__construct()
#1 C:\wamp64\www\websetup\system\CodeIgniter.php(403): CodeIgniter\CodeIgniter->createController()
#2 C:\wamp64\www\websetup\system\CodeIgniter.php(320): CodeIgniter\CodeIgniter->handleRequest()
#3 C:\wamp64\www\websetup\public\index.php(37): CodeIgniter\CodeIgniter->run()
#4 C:\wamp64\www\websetup\system\Commands\Server\rewrite.php(43): require_once('...')
#5 {main}
CRITICAL - 2022-02-24 00:16:57 --> Undefined property: App\Controllers\Facebook_test::$load
#0 C:\wamp64\www\websetup\app\Controllers\facebook_test.php(12): CodeIgniter\Debug\Exceptions->errorHandler()
#1 C:\wamp64\www\websetup\system\CodeIgniter.php(802): App\Controllers\Facebook_test->__construct()
#2 C:\wamp64\www\websetup\system\CodeIgniter.php(403): CodeIgniter\CodeIgniter->createController()
#3 C:\wamp64\www\websetup\system\CodeIgniter.php(320): CodeIgniter\CodeIgniter->handleRequest()
#4 C:\wamp64\www\websetup\public\index.php(37): CodeIgniter\CodeIgniter->run()
#5 C:\wamp64\www\websetup\system\Commands\Server\rewrite.php(43): require_once('...')
#6 {main}
CRITICAL - 2022-02-24 00:17:14 --> Undefined property: App\Controllers\Facebook_test::$load
#0 C:\wamp64\www\websetup\app\Controllers\facebook_test.php(32): CodeIgniter\Debug\Exceptions->errorHandler()
#1 C:\wamp64\www\websetup\system\CodeIgniter.php(825): App\Controllers\Facebook_test->index()
#2 C:\wamp64\www\websetup\system\CodeIgniter.php(412): CodeIgniter\CodeIgniter->runController()
#3 C:\wamp64\www\websetup\system\CodeIgniter.php(320): CodeIgniter\CodeIgniter->handleRequest()
#4 C:\wamp64\www\websetup\public\index.php(37): CodeIgniter\CodeIgniter->run()
#5 C:\wamp64\www\websetup\system\Commands\Server\rewrite.php(43): require_once('...')
#6 {main}
CRITICAL - 2022-02-24 20:00:40 --> Call to undefined function facebook_xmlns()
#0 C:\wamp64\www\websetup\system\Router\Router.php(518): include_once()
#1 C:\wamp64\www\websetup\system\Router\Router.php(175): CodeIgniter\Router\Router->autoRoute()
#2 C:\wamp64\www\websetup\system\CodeIgniter.php(719): CodeIgniter\Router\Router->handle()
#3 C:\wamp64\www\websetup\system\CodeIgniter.php(361): CodeIgniter\CodeIgniter->tryToRouteIt()
#4 C:\wamp64\www\websetup\system\CodeIgniter.php(320): CodeIgniter\CodeIgniter->handleRequest()
#5 C:\wamp64\www\websetup\public\index.php(37): CodeIgniter\CodeIgniter->run()
#6 C:\wamp64\www\websetup\system\Commands\Server\rewrite.php(43): require_once('...')
#7 {main}
CRITICAL - 2022-02-24 20:02:16 --> Class "CI_Controller" not found
#0 C:\wamp64\www\websetup\system\Router\Router.php(518): include_once()
#1 C:\wamp64\www\websetup\system\Router\Router.php(175): CodeIgniter\Router\Router->autoRoute()
#2 C:\wamp64\www\websetup\system\CodeIgniter.php(719): CodeIgniter\Router\Router->handle()
#3 C:\wamp64\www\websetup\system\CodeIgniter.php(361): CodeIgniter\CodeIgniter->tryToRouteIt()
#4 C:\wamp64\www\websetup\system\CodeIgniter.php(320): CodeIgniter\CodeIgniter->handleRequest()
#5 C:\wamp64\www\websetup\public\index.php(37): CodeIgniter\CodeIgniter->run()
#6 C:\wamp64\www\websetup\system\Commands\Server\rewrite.php(43): require_once('...')
#7 {main}
CRITICAL - 2022-02-24 20:03:09 --> Cannot call constructor
#0 C:\wamp64\www\websetup\system\CodeIgniter.php(802): App\Controllers\Facebook_test->__construct()
#1 C:\wamp64\www\websetup\system\CodeIgniter.php(403): CodeIgniter\CodeIgniter->createController()
#2 C:\wamp64\www\websetup\system\CodeIgniter.php(320): CodeIgniter\CodeIgniter->handleRequest()
#3 C:\wamp64\www\websetup\public\index.php(37): CodeIgniter\CodeIgniter->run()
#4 C:\wamp64\www\websetup\system\Commands\Server\rewrite.php(43): require_once('...')
#5 {main}
CRITICAL - 2022-02-24 20:04:34 --> Undefined property: App\Controllers\Facebook_test::$load
#0 C:\wamp64\www\websetup\app\Controllers\facebook_test.php(10): CodeIgniter\Debug\Exceptions->errorHandler()
#1 C:\wamp64\www\websetup\system\CodeIgniter.php(825): App\Controllers\Facebook_test->index()
#2 C:\wamp64\www\websetup\system\CodeIgniter.php(412): CodeIgniter\CodeIgniter->runController()
#3 C:\wamp64\www\websetup\system\CodeIgniter.php(320): CodeIgniter\CodeIgniter->handleRequest()
#4 C:\wamp64\www\websetup\public\index.php(37): CodeIgniter\CodeIgniter->run()
#5 C:\wamp64\www\websetup\system\Commands\Server\rewrite.php(43): require_once('...')
#6 {main}
CRITICAL - 2022-02-24 20:04:35 --> Undefined property: App\Controllers\Facebook_test::$load
#0 C:\wamp64\www\websetup\app\Controllers\facebook_test.php(10): CodeIgniter\Debug\Exceptions->errorHandler()
#1 C:\wamp64\www\websetup\system\CodeIgniter.php(825): App\Controllers\Facebook_test->index()
#2 C:\wamp64\www\websetup\system\CodeIgniter.php(412): CodeIgniter\CodeIgniter->runController()
#3 C:\wamp64\www\websetup\system\CodeIgniter.php(320): CodeIgniter\CodeIgniter->handleRequest()
#4 C:\wamp64\www\websetup\public\index.php(37): CodeIgniter\CodeIgniter->run()
#5 C:\wamp64\www\websetup\system\Commands\Server\rewrite.php(43): require_once('...')
#6 {main}
CRITICAL - 2022-02-24 20:04:51 --> Undefined property: App\Controllers\Facebook_test::$load
#0 C:\wamp64\www\websetup\app\Controllers\facebook_test.php(24): CodeIgniter\Debug\Exceptions->errorHandler()
#1 C:\wamp64\www\websetup\system\CodeIgniter.php(825): App\Controllers\Facebook_test->index()
#2 C:\wamp64\www\websetup\system\CodeIgniter.php(412): CodeIgniter\CodeIgniter->runController()
#3 C:\wamp64\www\websetup\system\CodeIgniter.php(320): CodeIgniter\CodeIgniter->handleRequest()
#4 C:\wamp64\www\websetup\public\index.php(37): CodeIgniter\CodeIgniter->run()
#5 C:\wamp64\www\websetup\system\Commands\Server\rewrite.php(43): require_once('...')
#6 {main}
CRITICAL - 2022-02-24 20:05:29 --> Undefined property: App\Controllers\Facebook_test::$load
#0 C:\wamp64\www\websetup\app\Controllers\facebook_test.php(24): CodeIgniter\Debug\Exceptions->errorHandler()
#1 C:\wamp64\www\websetup\system\CodeIgniter.php(825): App\Controllers\Facebook_test->index()
#2 C:\wamp64\www\websetup\system\CodeIgniter.php(412): CodeIgniter\CodeIgniter->runController()
#3 C:\wamp64\www\websetup\system\CodeIgniter.php(320): CodeIgniter\CodeIgniter->handleRequest()
#4 C:\wamp64\www\websetup\public\index.php(37): CodeIgniter\CodeIgniter->run()
#5 C:\wamp64\www\websetup\system\Commands\Server\rewrite.php(43): require_once('...')
#6 {main}
CRITICAL - 2022-02-24 20:05:59 --> Call to undefined function facebook_xmlns()
#0 C:\wamp64\www\websetup\system\View\View.php(210): include()
#1 C:\wamp64\www\websetup\system\View\View.php(213): CodeIgniter\View\View->CodeIgniter\View\{closure}()
#2 C:\wamp64\www\websetup\system\Common.php(1089): CodeIgniter\View\View->render()
#3 C:\wamp64\www\websetup\app\Controllers\facebook_test.php(24): view()
#4 C:\wamp64\www\websetup\system\CodeIgniter.php(825): App\Controllers\Facebook_test->index()
#5 C:\wamp64\www\websetup\system\CodeIgniter.php(412): CodeIgniter\CodeIgniter->runController()
#6 C:\wamp64\www\websetup\system\CodeIgniter.php(320): CodeIgniter\CodeIgniter->handleRequest()
#7 C:\wamp64\www\websetup\public\index.php(37): CodeIgniter\CodeIgniter->run()
#8 C:\wamp64\www\websetup\system\Commands\Server\rewrite.php(43): require_once('...')
#9 {main}
CRITICAL - 2022-02-24 20:11:06 --> Invalid file: opengraph.php
#0 C:\wamp64\www\websetup\system\View\View.php(198): CodeIgniter\Exceptions\FrameworkException::forInvalidFile()
#1 C:\wamp64\www\websetup\system\Common.php(1089): CodeIgniter\View\View->render()
#2 C:\wamp64\www\websetup\app\Controllers\facebook_test.php(24): view()
#3 C:\wamp64\www\websetup\system\CodeIgniter.php(825): App\Controllers\Facebook_test->index()
#4 C:\wamp64\www\websetup\system\CodeIgniter.php(412): CodeIgniter\CodeIgniter->runController()
#5 C:\wamp64\www\websetup\system\CodeIgniter.php(320): CodeIgniter\CodeIgniter->handleRequest()
#6 C:\wamp64\www\websetup\public\index.php(37): CodeIgniter\CodeIgniter->run()
#7 C:\wamp64\www\websetup\system\Commands\Server\rewrite.php(43): require_once('...')
#8 {main}
CRITICAL - 2022-02-24 20:11:26 --> Call to undefined function facebook_xmlns()
#0 C:\wamp64\www\websetup\system\View\View.php(210): include()
#1 C:\wamp64\www\websetup\system\View\View.php(213): CodeIgniter\View\View->CodeIgniter\View\{closure}()
#2 C:\wamp64\www\websetup\system\Common.php(1089): CodeIgniter\View\View->render()
#3 C:\wamp64\www\websetup\app\Controllers\facebook_test.php(24): view()
#4 C:\wamp64\www\websetup\system\CodeIgniter.php(825): App\Controllers\Facebook_test->index()
#5 C:\wamp64\www\websetup\system\CodeIgniter.php(412): CodeIgniter\CodeIgniter->runController()
#6 C:\wamp64\www\websetup\system\CodeIgniter.php(320): CodeIgniter\CodeIgniter->handleRequest()
#7 C:\wamp64\www\websetup\public\index.php(37): CodeIgniter\CodeIgniter->run()
#8 C:\wamp64\www\websetup\system\Commands\Server\rewrite.php(43): require_once('...')
#9 {main}
CRITICAL - 2022-02-24 20:12:55 --> Undefined property: App\Controllers\Facebook_test::$load
#0 C:\wamp64\www\websetup\app\Controllers\facebook_test.php(24): CodeIgniter\Debug\Exceptions->errorHandler()
#1 C:\wamp64\www\websetup\system\CodeIgniter.php(825): App\Controllers\Facebook_test->index()
#2 C:\wamp64\www\websetup\system\CodeIgniter.php(412): CodeIgniter\CodeIgniter->runController()
#3 C:\wamp64\www\websetup\system\CodeIgniter.php(320): CodeIgniter\CodeIgniter->handleRequest()
#4 C:\wamp64\www\websetup\public\index.php(37): CodeIgniter\CodeIgniter->run()
#5 C:\wamp64\www\websetup\system\Commands\Server\rewrite.php(43): require_once('...')
#6 {main}
CRITICAL - 2022-02-24 20:14:01 --> Call to undefined function facebook_xmlns()
#0 C:\wamp64\www\websetup\system\View\View.php(210): include()
#1 C:\wamp64\www\websetup\system\View\View.php(213): CodeIgniter\View\View->CodeIgniter\View\{closure}()
#2 C:\wamp64\www\websetup\system\Common.php(1089): CodeIgniter\View\View->render()
#3 C:\wamp64\www\websetup\app\Controllers\facebook_test.php(24): view()
#4 C:\wamp64\www\websetup\system\CodeIgniter.php(825): App\Controllers\Facebook_test->index()
#5 C:\wamp64\www\websetup\system\CodeIgniter.php(412): CodeIgniter\CodeIgniter->runController()
#6 C:\wamp64\www\websetup\system\CodeIgniter.php(320): CodeIgniter\CodeIgniter->handleRequest()
#7 C:\wamp64\www\websetup\public\index.php(37): CodeIgniter\CodeIgniter->run()
#8 C:\wamp64\www\websetup\system\Commands\Server\rewrite.php(43): require_once('...')
#9 {main}
CRITICAL - 2022-02-24 20:14:27 --> Undefined property: CodeIgniter\View\View::$facebook
#0 C:\wamp64\www\websetup\app\Views\facebook_view.php(53): CodeIgniter\Debug\Exceptions->errorHandler()
#1 C:\wamp64\www\websetup\system\View\View.php(210): include('...')
#2 C:\wamp64\www\websetup\system\View\View.php(213): CodeIgniter\View\View->CodeIgniter\View\{closure}()
#3 C:\wamp64\www\websetup\system\Common.php(1089): CodeIgniter\View\View->render()
#4 C:\wamp64\www\websetup\app\Controllers\facebook_test.php(24): view()
#5 C:\wamp64\www\websetup\system\CodeIgniter.php(825): App\Controllers\Facebook_test->index()
#6 C:\wamp64\www\websetup\system\CodeIgniter.php(412): CodeIgniter\CodeIgniter->runController()
#7 C:\wamp64\www\websetup\system\CodeIgniter.php(320): CodeIgniter\CodeIgniter->handleRequest()
#8 C:\wamp64\www\websetup\public\index.php(37): CodeIgniter\CodeIgniter->run()
#9 C:\wamp64\www\websetup\system\Commands\Server\rewrite.php(43): require_once('...')
#10 {main}
CRITICAL - 2022-02-24 20:18:21 --> Cannot call constructor
#0 C:\wamp64\www\websetup\system\CodeIgniter.php(802): App\Controllers\Facebook_test->__construct()
#1 C:\wamp64\www\websetup\system\CodeIgniter.php(403): CodeIgniter\CodeIgniter->createController()
#2 C:\wamp64\www\websetup\system\CodeIgniter.php(320): CodeIgniter\CodeIgniter->handleRequest()
#3 C:\wamp64\www\websetup\public\index.php(37): CodeIgniter\CodeIgniter->run()
#4 C:\wamp64\www\websetup\system\Commands\Server\rewrite.php(43): require_once('...')
#5 {main}
CRITICAL - 2022-02-24 20:18:35 --> Call to undefined function App\Controllers\library()
#0 C:\wamp64\www\websetup\system\CodeIgniter.php(825): App\Controllers\Facebook_test->index()
#1 C:\wamp64\www\websetup\system\CodeIgniter.php(412): CodeIgniter\CodeIgniter->runController()
#2 C:\wamp64\www\websetup\system\CodeIgniter.php(320): CodeIgniter\CodeIgniter->handleRequest()
#3 C:\wamp64\www\websetup\public\index.php(37): CodeIgniter\CodeIgniter->run()
#4 C:\wamp64\www\websetup\system\Commands\Server\rewrite.php(43): require_once('...')
#5 {main}
CRITICAL - 2022-02-24 20:37:45 --> Call to undefined function facebook_xmlns()
#0 C:\wamp64\www\websetup\system\View\View.php(210): include()
#1 C:\wamp64\www\websetup\system\View\View.php(213): CodeIgniter\View\View->CodeIgniter\View\{closure}()
#2 C:\wamp64\www\websetup\system\Common.php(1089): CodeIgniter\View\View->render()
#3 C:\wamp64\www\websetup\app\Controllers\facebook_test.php(26): view()
#4 C:\wamp64\www\websetup\system\CodeIgniter.php(825): App\Controllers\Facebook_test->index()
#5 C:\wamp64\www\websetup\system\CodeIgniter.php(412): CodeIgniter\CodeIgniter->runController()
#6 C:\wamp64\www\websetup\system\CodeIgniter.php(320): CodeIgniter\CodeIgniter->handleRequest()
#7 C:\wamp64\www\websetup\public\index.php(37): CodeIgniter\CodeIgniter->run()
#8 C:\wamp64\www\websetup\system\Commands\Server\rewrite.php(43): require_once('...')
#9 {main}
CRITICAL - 2022-02-24 20:37:47 --> Call to undefined function facebook_xmlns()
#0 C:\wamp64\www\websetup\system\View\View.php(210): include()
#1 C:\wamp64\www\websetup\system\View\View.php(213): CodeIgniter\View\View->CodeIgniter\View\{closure}()
#2 C:\wamp64\www\websetup\system\Common.php(1089): CodeIgniter\View\View->render()
#3 C:\wamp64\www\websetup\app\Controllers\facebook_test.php(26): view()
#4 C:\wamp64\www\websetup\system\CodeIgniter.php(825): App\Controllers\Facebook_test->index()
#5 C:\wamp64\www\websetup\system\CodeIgniter.php(412): CodeIgniter\CodeIgniter->runController()
#6 C:\wamp64\www\websetup\system\CodeIgniter.php(320): CodeIgniter\CodeIgniter->handleRequest()
#7 C:\wamp64\www\websetup\public\index.php(37): CodeIgniter\CodeIgniter->run()
#8 C:\wamp64\www\websetup\system\Commands\Server\rewrite.php(43): require_once('...')
#9 {main}
CRITICAL - 2022-02-24 20:38:01 --> Cannot call constructor
#0 C:\wamp64\www\websetup\system\CodeIgniter.php(802): App\Controllers\Facebook_test->__construct()
#1 C:\wamp64\www\websetup\system\CodeIgniter.php(403): CodeIgniter\CodeIgniter->createController()
#2 C:\wamp64\www\websetup\system\CodeIgniter.php(320): CodeIgniter\CodeIgniter->handleRequest()
#3 C:\wamp64\www\websetup\public\index.php(37): CodeIgniter\CodeIgniter->run()
#4 C:\wamp64\www\websetup\system\Commands\Server\rewrite.php(43): require_once('...')
#5 {main}
CRITICAL - 2022-02-24 20:38:10 --> Class "App\Libraries\Exception" not found
#0 C:\wamp64\www\websetup\system\Autoloader\Autoloader.php(264): include_once()
#1 C:\wamp64\www\websetup\system\Autoloader\Autoloader.php(241): CodeIgniter\Autoloader\Autoloader->includeFile()
#2 C:\wamp64\www\websetup\system\Autoloader\Autoloader.php(219): CodeIgniter\Autoloader\Autoloader->loadInNamespace()
#3 C:\wamp64\www\websetup\app\Controllers\facebook_test.php(13): CodeIgniter\Autoloader\Autoloader->loadClass()
#4 C:\wamp64\www\websetup\system\CodeIgniter.php(802): App\Controllers\Facebook_test->__construct()
#5 C:\wamp64\www\websetup\system\CodeIgniter.php(403): CodeIgniter\CodeIgniter->createController()
#6 C:\wamp64\www\websetup\system\CodeIgniter.php(320): CodeIgniter\CodeIgniter->handleRequest()
#7 C:\wamp64\www\websetup\public\index.php(37): CodeIgniter\CodeIgniter->run()
#8 C:\wamp64\www\websetup\system\Commands\Server\rewrite.php(43): require_once('...')
#9 {main}
CRITICAL - 2022-02-24 20:39:12 --> Call to undefined function App\Libraries\get_instance()
#0 C:\wamp64\www\websetup\app\Controllers\facebook_test.php(13): App\Libraries\facebook->__construct()
#1 C:\wamp64\www\websetup\system\CodeIgniter.php(802): App\Controllers\Facebook_test->__construct()
#2 C:\wamp64\www\websetup\system\CodeIgniter.php(403): CodeIgniter\CodeIgniter->createController()
#3 C:\wamp64\www\websetup\system\CodeIgniter.php(320): CodeIgniter\CodeIgniter->handleRequest()
#4 C:\wamp64\www\websetup\public\index.php(37): CodeIgniter\CodeIgniter->run()
#5 C:\wamp64\www\websetup\system\Commands\Server\rewrite.php(43): require_once('...')
#6 {main}
CRITICAL - 2022-02-24 20:39:44 --> Undefined property: App\Libraries\facebook::$_obj
#0 C:\wamp64\www\websetup\app\Libraries\facebook.php(15): CodeIgniter\Debug\Exceptions->errorHandler()
#1 C:\wamp64\www\websetup\app\Controllers\facebook_test.php(13): App\Libraries\facebook->__construct()
#2 C:\wamp64\www\websetup\system\CodeIgniter.php(802): App\Controllers\Facebook_test->__construct()
#3 C:\wamp64\www\websetup\system\CodeIgniter.php(403): CodeIgniter\CodeIgniter->createController()
#4 C:\wamp64\www\websetup\system\CodeIgniter.php(320): CodeIgniter\CodeIgniter->handleRequest()
#5 C:\wamp64\www\websetup\public\index.php(37): CodeIgniter\CodeIgniter->run()
#6 C:\wamp64\www\websetup\system\Commands\Server\rewrite.php(43): require_once('...')
#7 {main}
CRITICAL - 2022-02-24 20:39:46 --> Undefined property: App\Libraries\facebook::$_obj
#0 C:\wamp64\www\websetup\app\Libraries\facebook.php(15): CodeIgniter\Debug\Exceptions->errorHandler()
#1 C:\wamp64\www\websetup\app\Controllers\facebook_test.php(13): App\Libraries\facebook->__construct()
#2 C:\wamp64\www\websetup\system\CodeIgniter.php(802): App\Controllers\Facebook_test->__construct()
#3 C:\wamp64\www\websetup\system\CodeIgniter.php(403): CodeIgniter\CodeIgniter->createController()
#4 C:\wamp64\www\websetup\system\CodeIgniter.php(320): CodeIgniter\CodeIgniter->handleRequest()
#5 C:\wamp64\www\websetup\public\index.php(37): CodeIgniter\CodeIgniter->run()
#6 C:\wamp64\www\websetup\system\Commands\Server\rewrite.php(43): require_once('...')
#7 {main}
CRITICAL - 2022-02-24 21:14:40 --> Undefined property: App\Controllers\LogIn::$session
#0 C:\wamp64\www\websetup\app\Controllers\LogIn.php(35): CodeIgniter\Debug\Exceptions->errorHandler()
#1 C:\wamp64\www\websetup\system\CodeIgniter.php(825): App\Controllers\LogIn->index()
#2 C:\wamp64\www\websetup\system\CodeIgniter.php(412): CodeIgniter\CodeIgniter->runController()
#3 C:\wamp64\www\websetup\system\CodeIgniter.php(320): CodeIgniter\CodeIgniter->handleRequest()
#4 C:\wamp64\www\websetup\public\index.php(37): CodeIgniter\CodeIgniter->run()
#5 C:\wamp64\www\websetup\system\Commands\Server\rewrite.php(43): require_once('...')
#6 {main}
CRITICAL - 2022-02-24 21:15:16 --> Undefined property: App\Controllers\LogIn::$session
#0 C:\wamp64\www\websetup\app\Controllers\LogIn.php(35): CodeIgniter\Debug\Exceptions->errorHandler()
#1 C:\wamp64\www\websetup\system\CodeIgniter.php(825): App\Controllers\LogIn->index()
#2 C:\wamp64\www\websetup\system\CodeIgniter.php(412): CodeIgniter\CodeIgniter->runController()
#3 C:\wamp64\www\websetup\system\CodeIgniter.php(320): CodeIgniter\CodeIgniter->handleRequest()
#4 C:\wamp64\www\websetup\public\index.php(37): CodeIgniter\CodeIgniter->run()
#5 C:\wamp64\www\websetup\system\Commands\Server\rewrite.php(43): require_once('...')
#6 {main}
CRITICAL - 2022-02-24 21:21:19 --> cURL error 60: SSL certificate problem: unable to get local issuer certificate (see https://curl.haxx.se/libcurl/c/libcurl-errors.html) for https://oauth2.googleapis.com/token
#0 C:\wamp64\www\websetup\app\Libraries\vendor\guzzlehttp\guzzle\src\Handler\CurlFactory.php(158): GuzzleHttp\Handler\CurlFactory::createRejection()
#1 C:\wamp64\www\websetup\app\Libraries\vendor\guzzlehttp\guzzle\src\Handler\CurlFactory.php(110): GuzzleHttp\Handler\CurlFactory::finishError()
#2 C:\wamp64\www\websetup\app\Libraries\vendor\guzzlehttp\guzzle\src\Handler\CurlHandler.php(47): GuzzleHttp\Handler\CurlFactory::finish()
#3 C:\wamp64\www\websetup\app\Libraries\vendor\guzzlehttp\guzzle\src\Handler\Proxy.php(28): GuzzleHttp\Handler\CurlHandler->__invoke()
#4 C:\wamp64\www\websetup\app\Libraries\vendor\guzzlehttp\guzzle\src\Handler\Proxy.php(48): GuzzleHttp\Handler\Proxy::GuzzleHttp\Handler\{closure}()
#5 C:\wamp64\www\websetup\app\Libraries\vendor\guzzlehttp\guzzle\src\PrepareBodyMiddleware.php(64): GuzzleHttp\Handler\Proxy::GuzzleHttp\Handler\{closure}()
#6 C:\wamp64\www\websetup\app\Libraries\vendor\guzzlehttp\guzzle\src\Middleware.php(31): GuzzleHttp\PrepareBodyMiddleware->__invoke()
#7 C:\wamp64\www\websetup\app\Libraries\vendor\guzzlehttp\guzzle\src\RedirectMiddleware.php(71): GuzzleHttp\Middleware::GuzzleHttp\{closure}()
#8 C:\wamp64\www\websetup\app\Libraries\vendor\guzzlehttp\guzzle\src\Middleware.php(61): GuzzleHttp\RedirectMiddleware->__invoke()
#9 C:\wamp64\www\websetup\app\Libraries\vendor\guzzlehttp\guzzle\src\HandlerStack.php(75): GuzzleHttp\Middleware::GuzzleHttp\{closure}()
#10 C:\wamp64\www\websetup\app\Libraries\vendor\guzzlehttp\guzzle\src\Client.php(331): GuzzleHttp\HandlerStack->__invoke()
#11 C:\wamp64\www\websetup\app\Libraries\vendor\guzzlehttp\guzzle\src\Client.php(107): GuzzleHttp\Client->transfer()
#12 C:\wamp64\www\websetup\app\Libraries\vendor\guzzlehttp\guzzle\src\Client.php(123): GuzzleHttp\Client->sendAsync()
#13 C:\wamp64\www\websetup\app\Libraries\vendor\google\auth\src\HttpHandler\Guzzle6HttpHandler.php(47): GuzzleHttp\Client->send()
#14 C:\wamp64\www\websetup\app\Libraries\vendor\google\auth\src\OAuth2.php(535): Google\Auth\HttpHandler\Guzzle6HttpHandler->__invoke()
#15 C:\wamp64\www\websetup\app\Libraries\vendor\google\apiclient\src\Client.php(257): Google\Auth\OAuth2->fetchAuthToken()
#16 C:\wamp64\www\websetup\app\Controllers\LogIn.php(25): Google\Client->fetchAccessTokenWithAuthCode()
#17 C:\wamp64\www\websetup\system\CodeIgniter.php(825): App\Controllers\LogIn->index()
#18 C:\wamp64\www\websetup\system\CodeIgniter.php(412): CodeIgniter\CodeIgniter->runController()
#19 C:\wamp64\www\websetup\system\CodeIgniter.php(320): CodeIgniter\CodeIgniter->handleRequest()
#20 C:\wamp64\www\websetup\public\index.php(37): CodeIgniter\CodeIgniter->run()
#21 C:\wamp64\www\websetup\system\Commands\Server\rewrite.php(43): require_once('...')
#22 {main}
CRITICAL - 2022-02-24 22:25:07 --> cURL error 60: SSL certificate problem: unable to get local issuer certificate (see https://curl.haxx.se/libcurl/c/libcurl-errors.html) for https://oauth2.googleapis.com/token
#0 C:\wamp64\www\websetup\app\Libraries\vendor\guzzlehttp\guzzle\src\Handler\CurlFactory.php(158): GuzzleHttp\Handler\CurlFactory::createRejection()
#1 C:\wamp64\www\websetup\app\Libraries\vendor\guzzlehttp\guzzle\src\Handler\CurlFactory.php(110): GuzzleHttp\Handler\CurlFactory::finishError()
#2 C:\wamp64\www\websetup\app\Libraries\vendor\guzzlehttp\guzzle\src\Handler\CurlHandler.php(47): GuzzleHttp\Handler\CurlFactory::finish()
#3 C:\wamp64\www\websetup\app\Libraries\vendor\guzzlehttp\guzzle\src\Handler\Proxy.php(28): GuzzleHttp\Handler\CurlHandler->__invoke()
#4 C:\wamp64\www\websetup\app\Libraries\vendor\guzzlehttp\guzzle\src\Handler\Proxy.php(48): GuzzleHttp\Handler\Proxy::GuzzleHttp\Handler\{closure}()
#5 C:\wamp64\www\websetup\app\Libraries\vendor\guzzlehttp\guzzle\src\PrepareBodyMiddleware.php(64): GuzzleHttp\Handler\Proxy::GuzzleHttp\Handler\{closure}()
#6 C:\wamp64\www\websetup\app\Libraries\vendor\guzzlehttp\guzzle\src\Middleware.php(31): GuzzleHttp\PrepareBodyMiddleware->__invoke()
#7 C:\wamp64\www\websetup\app\Libraries\vendor\guzzlehttp\guzzle\src\RedirectMiddleware.php(71): GuzzleHttp\Middleware::GuzzleHttp\{closure}()
#8 C:\wamp64\www\websetup\app\Libraries\vendor\guzzlehttp\guzzle\src\Middleware.php(61): GuzzleHttp\RedirectMiddleware->__invoke()
#9 C:\wamp64\www\websetup\app\Libraries\vendor\guzzlehttp\guzzle\src\HandlerStack.php(75): GuzzleHttp\Middleware::GuzzleHttp\{closure}()
#10 C:\wamp64\www\websetup\app\Libraries\vendor\guzzlehttp\guzzle\src\Client.php(331): GuzzleHttp\HandlerStack->__invoke()
#11 C:\wamp64\www\websetup\app\Libraries\vendor\guzzlehttp\guzzle\src\Client.php(107): GuzzleHttp\Client->transfer()
#12 C:\wamp64\www\websetup\app\Libraries\vendor\guzzlehttp\guzzle\src\Client.php(123): GuzzleHttp\Client->sendAsync()
#13 C:\wamp64\www\websetup\app\Libraries\vendor\google\auth\src\HttpHandler\Guzzle6HttpHandler.php(47): GuzzleHttp\Client->send()
#14 C:\wamp64\www\websetup\app\Libraries\vendor\google\auth\src\OAuth2.php(535): Google\Auth\HttpHandler\Guzzle6HttpHandler->__invoke()
#15 C:\wamp64\www\websetup\app\Libraries\vendor\google\apiclient\src\Client.php(257): Google\Auth\OAuth2->fetchAuthToken()
#16 C:\wamp64\www\websetup\app\Controllers\LogIn.php(25): Google\Client->fetchAccessTokenWithAuthCode()
#17 C:\wamp64\www\websetup\system\CodeIgniter.php(825): App\Controllers\LogIn->index()
#18 C:\wamp64\www\websetup\system\CodeIgniter.php(412): CodeIgniter\CodeIgniter->runController()
#19 C:\wamp64\www\websetup\system\CodeIgniter.php(320): CodeIgniter\CodeIgniter->handleRequest()
#20 C:\wamp64\www\websetup\public\index.php(37): CodeIgniter\CodeIgniter->run()
#21 C:\wamp64\www\websetup\system\Commands\Server\rewrite.php(43): require_once('...')
#22 {main}
CRITICAL - 2022-02-24 23:04:41 --> cURL error 60: SSL certificate problem: unable to get local issuer certificate (see https://curl.haxx.se/libcurl/c/libcurl-errors.html) for https://oauth2.googleapis.com/token
#0 C:\wamp64\www\websetup\app\Libraries\vendor\guzzlehttp\guzzle\src\Handler\CurlFactory.php(158): GuzzleHttp\Handler\CurlFactory::createRejection()
#1 C:\wamp64\www\websetup\app\Libraries\vendor\guzzlehttp\guzzle\src\Handler\CurlFactory.php(110): GuzzleHttp\Handler\CurlFactory::finishError()
#2 C:\wamp64\www\websetup\app\Libraries\vendor\guzzlehttp\guzzle\src\Handler\CurlHandler.php(47): GuzzleHttp\Handler\CurlFactory::finish()
#3 C:\wamp64\www\websetup\app\Libraries\vendor\guzzlehttp\guzzle\src\Handler\Proxy.php(28): GuzzleHttp\Handler\CurlHandler->__invoke()
#4 C:\wamp64\www\websetup\app\Libraries\vendor\guzzlehttp\guzzle\src\Handler\Proxy.php(48): GuzzleHttp\Handler\Proxy::GuzzleHttp\Handler\{closure}()
#5 C:\wamp64\www\websetup\app\Libraries\vendor\guzzlehttp\guzzle\src\PrepareBodyMiddleware.php(64): GuzzleHttp\Handler\Proxy::GuzzleHttp\Handler\{closure}()
#6 C:\wamp64\www\websetup\app\Libraries\vendor\guzzlehttp\guzzle\src\Middleware.php(31): GuzzleHttp\PrepareBodyMiddleware->__invoke()
#7 C:\wamp64\www\websetup\app\Libraries\vendor\guzzlehttp\guzzle\src\RedirectMiddleware.php(71): GuzzleHttp\Middleware::GuzzleHttp\{closure}()
#8 C:\wamp64\www\websetup\app\Libraries\vendor\guzzlehttp\guzzle\src\Middleware.php(61): GuzzleHttp\RedirectMiddleware->__invoke()
#9 C:\wamp64\www\websetup\app\Libraries\vendor\guzzlehttp\guzzle\src\HandlerStack.php(75): GuzzleHttp\Middleware::GuzzleHttp\{closure}()
#10 C:\wamp64\www\websetup\app\Libraries\vendor\guzzlehttp\guzzle\src\Client.php(331): GuzzleHttp\HandlerStack->__invoke()
#11 C:\wamp64\www\websetup\app\Libraries\vendor\guzzlehttp\guzzle\src\Client.php(107): GuzzleHttp\Client->transfer()
#12 C:\wamp64\www\websetup\app\Libraries\vendor\guzzlehttp\guzzle\src\Client.php(123): GuzzleHttp\Client->sendAsync()
#13 C:\wamp64\www\websetup\app\Libraries\vendor\google\auth\src\HttpHandler\Guzzle6HttpHandler.php(47): GuzzleHttp\Client->send()
#14 C:\wamp64\www\websetup\app\Libraries\vendor\google\auth\src\OAuth2.php(535): Google\Auth\HttpHandler\Guzzle6HttpHandler->__invoke()
#15 C:\wamp64\www\websetup\app\Libraries\vendor\google\apiclient\src\Client.php(257): Google\Auth\OAuth2->fetchAuthToken()
#16 C:\wamp64\www\websetup\app\Controllers\LogIn.php(26): Google\Client->fetchAccessTokenWithAuthCode()
#17 C:\wamp64\www\websetup\system\CodeIgniter.php(825): App\Controllers\LogIn->index()
#18 C:\wamp64\www\websetup\system\CodeIgniter.php(412): CodeIgniter\CodeIgniter->runController()
#19 C:\wamp64\www\websetup\system\CodeIgniter.php(320): CodeIgniter\CodeIgniter->handleRequest()
#20 C:\wamp64\www\websetup\public\index.php(37): CodeIgniter\CodeIgniter->run()
#21 C:\wamp64\www\websetup\system\Commands\Server\rewrite.php(43): require_once('...')
#22 {main}
CRITICAL - 2022-02-24 23:16:36 --> During inheritance of ArrayAccess: Uncaught ErrorException: Return type of Google_Model::offsetExists($offset) should either be compatible with ArrayAccess::offsetExists(mixed $offset): bool, or the #[\ReturnTypeWillChange] attribute should be used to temporarily suppress the notice in C:\wamp64\www\websetup\app\Libraries\vendor\google\apiclient\src\Google\Model.php:249
Stack trace:
#0 C:\wamp64\www\websetup\app\Libraries\vendor\google\apiclient\src\Google\Model.php(24): CodeIgniter\Debug\Exceptions->errorHandler()
#1 C:\wamp64\www\websetup\app\Libraries\vendor\composer\ClassLoader.php(571): include('...')
#2 C:\wamp64\www\websetup\app\Libraries\vendor\composer\ClassLoader.php(428): Composer\Autoload\includeFile()
#3 [internal function]: Composer\Autoload\ClassLoader->loadClass()
#4 C:\wamp64\www\websetup\app\Libraries\vendor\google\apiclient-services\autoload.php(21): class_alias()
#5 C:\wamp64\www\websetup\app\Libraries\vendor\composer\autoload_real.php(78): require('...')
#6 C:\wamp64\www\websetup\app\Libraries\vendor\composer\autoload_real.php(61): composerRequireb9d799c3a92a260ff9b620db486556cb()
#7 C:\wamp64\www\websetup\app\Libraries\vendor\autoload.php(7): ComposerAutoloaderInitb9d799c3a92a260ff9b620db486556cb::getLoader()
#8 C:\wamp64\www\websetup\app\Controllers\LogIn.php(22): require_once('...')
#9 C:\wamp64\www\websetup\system\CodeIgniter.php(825): App\Controllers\LogIn->index()
#10 C:\wamp64\www\websetup\system\CodeIgniter.php(412): CodeIgniter\CodeIgniter->runController()
#11 C:\wamp64\www\websetup\system\CodeIgniter.php(320): CodeIgniter\CodeIgniter->handleRequest()
#12 C:\wamp64\www\websetup\public\index.php(37): CodeIgniter\CodeIgniter->run()
#13 C:\wamp64\www\websetup\system\Commands\Server\rewrite.php(43): require_once('...')
#14 {main}
#0 [internal function]: CodeIgniter\Debug\Exceptions->shutdownHandler()
#1 {main}
CRITICAL - 2022-02-24 23:18:45 --> During inheritance of ArrayAccess: Uncaught ErrorException: Return type of Google_Model::offsetExists($offset) should either be compatible with ArrayAccess::offsetExists(mixed $offset): bool, or the #[\ReturnTypeWillChange] attribute should be used to temporarily suppress the notice in C:\wamp64\www\websetup\app\Libraries\vendor\google\apiclient\src\Google\Model.php:249
Stack trace:
#0 C:\wamp64\www\websetup\app\Libraries\vendor\google\apiclient\src\Google\Model.php(24): CodeIgniter\Debug\Exceptions->errorHandler()
#1 C:\wamp64\www\websetup\app\Libraries\vendor\composer\ClassLoader.php(571): include('...')
#2 C:\wamp64\www\websetup\app\Libraries\vendor\composer\ClassLoader.php(428): Composer\Autoload\includeFile()
#3 [internal function]: Composer\Autoload\ClassLoader->loadClass()
#4 C:\wamp64\www\websetup\app\Libraries\vendor\google\apiclient-services\autoload.php(21): class_alias()
#5 C:\wamp64\www\websetup\app\Libraries\vendor\composer\autoload_real.php(78): require('...')
#6 C:\wamp64\www\websetup\app\Libraries\vendor\composer\autoload_real.php(61): composerRequireb9d799c3a92a260ff9b620db486556cb()
#7 C:\wamp64\www\websetup\app\Libraries\vendor\autoload.php(7): ComposerAutoloaderInitb9d799c3a92a260ff9b620db486556cb::getLoader()
#8 C:\wamp64\www\websetup\app\Controllers\LogIn.php(22): require_once('...')
#9 C:\wamp64\www\websetup\system\CodeIgniter.php(825): App\Controllers\LogIn->index()
#10 C:\wamp64\www\websetup\system\CodeIgniter.php(412): CodeIgniter\CodeIgniter->runController()
#11 C:\wamp64\www\websetup\system\CodeIgniter.php(320): CodeIgniter\CodeIgniter->handleRequest()
#12 C:\wamp64\www\websetup\public\index.php(37): CodeIgniter\CodeIgniter->run()
#13 C:\wamp64\www\websetup\system\Commands\Server\rewrite.php(43): require_once('...')
#14 {main}
#0 [internal function]: CodeIgniter\Debug\Exceptions->shutdownHandler()
#1 {main}
CRITICAL - 2022-02-24 23:20:34 --> Call to a member function get() on null
#0 C:\wamp64\www\websetup\system\CodeIgniter.php(825): App\Controllers\LogIn->index()
#1 C:\wamp64\www\websetup\system\CodeIgniter.php(412): CodeIgniter\CodeIgniter->runController()
#2 C:\wamp64\www\websetup\system\CodeIgniter.php(320): CodeIgniter\CodeIgniter->handleRequest()
#3 C:\wamp64\www\websetup\public\index.php(37): CodeIgniter\CodeIgniter->run()
#4 C:\wamp64\www\websetup\system\Commands\Server\rewrite.php(43): require_once('...')
#5 {main}
CRITICAL - 2022-02-24 23:20:58 --> Call to a member function get() on null
#0 C:\wamp64\www\websetup\system\CodeIgniter.php(825): App\Controllers\LogIn->index()
#1 C:\wamp64\www\websetup\system\CodeIgniter.php(412): CodeIgniter\CodeIgniter->runController()
#2 C:\wamp64\www\websetup\system\CodeIgniter.php(320): CodeIgniter\CodeIgniter->handleRequest()
#3 C:\wamp64\www\websetup\public\index.php(37): CodeIgniter\CodeIgniter->run()
#4 C:\wamp64\www\websetup\system\Commands\Server\rewrite.php(43): require_once('...')
#5 {main}
CRITICAL - 2022-02-24 23:24:09 --> cURL error 60: SSL certificate problem: unable to get local issuer certificate (see https://curl.haxx.se/libcurl/c/libcurl-errors.html) for https://oauth2.googleapis.com/token
#0 C:\wamp64\www\websetup\app\Libraries\vendor\guzzlehttp\guzzle\src\Handler\CurlFactory.php(158): GuzzleHttp\Handler\CurlFactory::createRejection()
#1 C:\wamp64\www\websetup\app\Libraries\vendor\guzzlehttp\guzzle\src\Handler\CurlFactory.php(110): GuzzleHttp\Handler\CurlFactory::finishError()
#2 C:\wamp64\www\websetup\app\Libraries\vendor\guzzlehttp\guzzle\src\Handler\CurlHandler.php(47): GuzzleHttp\Handler\CurlFactory::finish()
#3 C:\wamp64\www\websetup\app\Libraries\vendor\guzzlehttp\guzzle\src\Handler\Proxy.php(28): GuzzleHttp\Handler\CurlHandler->__invoke()
#4 C:\wamp64\www\websetup\app\Libraries\vendor\guzzlehttp\guzzle\src\Handler\Proxy.php(48): GuzzleHttp\Handler\Proxy::GuzzleHttp\Handler\{closure}()
#5 C:\wamp64\www\websetup\app\Libraries\vendor\guzzlehttp\guzzle\src\PrepareBodyMiddleware.php(64): GuzzleHttp\Handler\Proxy::GuzzleHttp\Handler\{closure}()
#6 C:\wamp64\www\websetup\app\Libraries\vendor\guzzlehttp\guzzle\src\Middleware.php(31): GuzzleHttp\PrepareBodyMiddleware->__invoke()
#7 C:\wamp64\www\websetup\app\Libraries\vendor\guzzlehttp\guzzle\src\RedirectMiddleware.php(71): GuzzleHttp\Middleware::GuzzleHttp\{closure}()
#8 C:\wamp64\www\websetup\app\Libraries\vendor\guzzlehttp\guzzle\src\Middleware.php(61): GuzzleHttp\RedirectMiddleware->__invoke()
#9 C:\wamp64\www\websetup\app\Libraries\vendor\guzzlehttp\guzzle\src\HandlerStack.php(75): GuzzleHttp\Middleware::GuzzleHttp\{closure}()
#10 C:\wamp64\www\websetup\app\Libraries\vendor\guzzlehttp\guzzle\src\Client.php(331): GuzzleHttp\HandlerStack->__invoke()
#11 C:\wamp64\www\websetup\app\Libraries\vendor\guzzlehttp\guzzle\src\Client.php(107): GuzzleHttp\Client->transfer()
#12 C:\wamp64\www\websetup\app\Libraries\vendor\guzzlehttp\guzzle\src\Client.php(123): GuzzleHttp\Client->sendAsync()
#13 C:\wamp64\www\websetup\app\Libraries\vendor\google\auth\src\HttpHandler\Guzzle6HttpHandler.php(47): GuzzleHttp\Client->send()
#14 C:\wamp64\www\websetup\app\Libraries\vendor\google\auth\src\OAuth2.php(535): Google\Auth\HttpHandler\Guzzle6HttpHandler->__invoke()
#15 C:\wamp64\www\websetup\app\Libraries\vendor\google\apiclient\src\Client.php(257): Google\Auth\OAuth2->fetchAuthToken()
#16 C:\wamp64\www\websetup\app\Controllers\LogIn.php(30): Google\Client->fetchAccessTokenWithAuthCode()
#17 C:\wamp64\www\websetup\system\CodeIgniter.php(825): App\Controllers\LogIn->index()
#18 C:\wamp64\www\websetup\system\CodeIgniter.php(412): CodeIgniter\CodeIgniter->runController()
#19 C:\wamp64\www\websetup\system\CodeIgniter.php(320): CodeIgniter\CodeIgniter->handleRequest()
#20 C:\wamp64\www\websetup\public\index.php(37): CodeIgniter\CodeIgniter->run()
#21 C:\wamp64\www\websetup\system\Commands\Server\rewrite.php(43): require_once('...')
#22 {main}
CRITICAL - 2022-02-24 23:29:28 --> cURL error 60: SSL certificate problem: unable to get local issuer certificate (see https://curl.haxx.se/libcurl/c/libcurl-errors.html) for https://oauth2.googleapis.com/token
#0 C:\wamp64\www\websetup\app\Libraries\vendor\guzzlehttp\guzzle\src\Handler\CurlFactory.php(158): GuzzleHttp\Handler\CurlFactory::createRejection()
#1 C:\wamp64\www\websetup\app\Libraries\vendor\guzzlehttp\guzzle\src\Handler\CurlFactory.php(110): GuzzleHttp\Handler\CurlFactory::finishError()
#2 C:\wamp64\www\websetup\app\Libraries\vendor\guzzlehttp\guzzle\src\Handler\CurlHandler.php(47): GuzzleHttp\Handler\CurlFactory::finish()
#3 C:\wamp64\www\websetup\app\Libraries\vendor\guzzlehttp\guzzle\src\Handler\Proxy.php(28): GuzzleHttp\Handler\CurlHandler->__invoke()
#4 C:\wamp64\www\websetup\app\Libraries\vendor\guzzlehttp\guzzle\src\Handler\Proxy.php(48): GuzzleHttp\Handler\Proxy::GuzzleHttp\Handler\{closure}()
#5 C:\wamp64\www\websetup\app\Libraries\vendor\guzzlehttp\guzzle\src\PrepareBodyMiddleware.php(64): GuzzleHttp\Handler\Proxy::GuzzleHttp\Handler\{closure}()
#6 C:\wamp64\www\websetup\app\Libraries\vendor\guzzlehttp\guzzle\src\Middleware.php(31): GuzzleHttp\PrepareBodyMiddleware->__invoke()
#7 C:\wamp64\www\websetup\app\Libraries\vendor\guzzlehttp\guzzle\src\RedirectMiddleware.php(71): GuzzleHttp\Middleware::GuzzleHttp\{closure}()
#8 C:\wamp64\www\websetup\app\Libraries\vendor\guzzlehttp\guzzle\src\Middleware.php(61): GuzzleHttp\RedirectMiddleware->__invoke()
#9 C:\wamp64\www\websetup\app\Libraries\vendor\guzzlehttp\guzzle\src\HandlerStack.php(75): GuzzleHttp\Middleware::GuzzleHttp\{closure}()
#10 C:\wamp64\www\websetup\app\Libraries\vendor\guzzlehttp\guzzle\src\Client.php(331): GuzzleHttp\HandlerStack->__invoke()
#11 C:\wamp64\www\websetup\app\Libraries\vendor\guzzlehttp\guzzle\src\Client.php(107): GuzzleHttp\Client->transfer()
#12 C:\wamp64\www\websetup\app\Libraries\vendor\guzzlehttp\guzzle\src\Client.php(123): GuzzleHttp\Client->sendAsync()
#13 C:\wamp64\www\websetup\app\Libraries\vendor\google\auth\src\HttpHandler\Guzzle6HttpHandler.php(47): GuzzleHttp\Client->send()
#14 C:\wamp64\www\websetup\app\Libraries\vendor\google\auth\src\OAuth2.php(535): Google\Auth\HttpHandler\Guzzle6HttpHandler->__invoke()
#15 C:\wamp64\www\websetup\app\Libraries\vendor\google\apiclient\src\Client.php(257): Google\Auth\OAuth2->fetchAuthToken()
#16 C:\wamp64\www\websetup\app\Controllers\LogIn.php(30): Google\Client->fetchAccessTokenWithAuthCode()
#17 C:\wamp64\www\websetup\system\CodeIgniter.php(825): App\Controllers\LogIn->index()
#18 C:\wamp64\www\websetup\system\CodeIgniter.php(412): CodeIgniter\CodeIgniter->runController()
#19 C:\wamp64\www\websetup\system\CodeIgniter.php(320): CodeIgniter\CodeIgniter->handleRequest()
#20 C:\wamp64\www\websetup\public\index.php(37): CodeIgniter\CodeIgniter->run()
#21 C:\wamp64\www\websetup\system\Commands\Server\rewrite.php(43): require_once('...')
#22 {main}
CRITICAL - 2022-02-24 23:32:32 --> cURL error 60: SSL certificate problem: unable to get local issuer certificate (see https://curl.haxx.se/libcurl/c/libcurl-errors.html) for https://oauth2.googleapis.com/token
#0 C:\wamp64\www\websetup\app\Libraries\vendor\guzzlehttp\guzzle\src\Handler\CurlFactory.php(158): GuzzleHttp\Handler\CurlFactory::createRejection()
#1 C:\wamp64\www\websetup\app\Libraries\vendor\guzzlehttp\guzzle\src\Handler\CurlFactory.php(110): GuzzleHttp\Handler\CurlFactory::finishError()
#2 C:\wamp64\www\websetup\app\Libraries\vendor\guzzlehttp\guzzle\src\Handler\CurlHandler.php(47): GuzzleHttp\Handler\CurlFactory::finish()
#3 C:\wamp64\www\websetup\app\Libraries\vendor\guzzlehttp\guzzle\src\Handler\Proxy.php(28): GuzzleHttp\Handler\CurlHandler->__invoke()
#4 C:\wamp64\www\websetup\app\Libraries\vendor\guzzlehttp\guzzle\src\Handler\Proxy.php(48): GuzzleHttp\Handler\Proxy::GuzzleHttp\Handler\{closure}()
#5 C:\wamp64\www\websetup\app\Libraries\vendor\guzzlehttp\guzzle\src\PrepareBodyMiddleware.php(64): GuzzleHttp\Handler\Proxy::GuzzleHttp\Handler\{closure}()
#6 C:\wamp64\www\websetup\app\Libraries\vendor\guzzlehttp\guzzle\src\Middleware.php(31): GuzzleHttp\PrepareBodyMiddleware->__invoke()
#7 C:\wamp64\www\websetup\app\Libraries\vendor\guzzlehttp\guzzle\src\RedirectMiddleware.php(71): GuzzleHttp\Middleware::GuzzleHttp\{closure}()
#8 C:\wamp64\www\websetup\app\Libraries\vendor\guzzlehttp\guzzle\src\Middleware.php(61): GuzzleHttp\RedirectMiddleware->__invoke()
#9 C:\wamp64\www\websetup\app\Libraries\vendor\guzzlehttp\guzzle\src\HandlerStack.php(75): GuzzleHttp\Middleware::GuzzleHttp\{closure}()
#10 C:\wamp64\www\websetup\app\Libraries\vendor\guzzlehttp\guzzle\src\Client.php(331): GuzzleHttp\HandlerStack->__invoke()
#11 C:\wamp64\www\websetup\app\Libraries\vendor\guzzlehttp\guzzle\src\Client.php(107): GuzzleHttp\Client->transfer()
#12 C:\wamp64\www\websetup\app\Libraries\vendor\guzzlehttp\guzzle\src\Client.php(123): GuzzleHttp\Client->sendAsync()
#13 C:\wamp64\www\websetup\app\Libraries\vendor\google\auth\src\HttpHandler\Guzzle6HttpHandler.php(47): GuzzleHttp\Client->send()
#14 C:\wamp64\www\websetup\app\Libraries\vendor\google\auth\src\OAuth2.php(535): Google\Auth\HttpHandler\Guzzle6HttpHandler->__invoke()
#15 C:\wamp64\www\websetup\app\Libraries\vendor\google\apiclient\src\Client.php(257): Google\Auth\OAuth2->fetchAuthToken()
#16 C:\wamp64\www\websetup\app\Controllers\LogIn.php(30): Google\Client->fetchAccessTokenWithAuthCode()
#17 C:\wamp64\www\websetup\system\CodeIgniter.php(825): App\Controllers\LogIn->index()
#18 C:\wamp64\www\websetup\system\CodeIgniter.php(412): CodeIgniter\CodeIgniter->runController()
#19 C:\wamp64\www\websetup\system\CodeIgniter.php(320): CodeIgniter\CodeIgniter->handleRequest()
#20 C:\wamp64\www\websetup\public\index.php(37): CodeIgniter\CodeIgniter->run()
#21 C:\wamp64\www\websetup\system\Commands\Server\rewrite.php(43): require_once('...')
#22 {main}
CRITICAL - 2022-02-24 23:40:11 --> cURL error 60: SSL certificate problem: unable to get local issuer certificate (see https://curl.haxx.se/libcurl/c/libcurl-errors.html) for https://oauth2.googleapis.com/token
#0 C:\wamp64\www\websetup\app\Libraries\vendor\guzzlehttp\guzzle\src\Handler\CurlFactory.php(158): GuzzleHttp\Handler\CurlFactory::createRejection()
#1 C:\wamp64\www\websetup\app\Libraries\vendor\guzzlehttp\guzzle\src\Handler\CurlFactory.php(110): GuzzleHttp\Handler\CurlFactory::finishError()
#2 C:\wamp64\www\websetup\app\Libraries\vendor\guzzlehttp\guzzle\src\Handler\CurlHandler.php(47): GuzzleHttp\Handler\CurlFactory::finish()
#3 C:\wamp64\www\websetup\app\Libraries\vendor\guzzlehttp\guzzle\src\Handler\Proxy.php(28): GuzzleHttp\Handler\CurlHandler->__invoke()
#4 C:\wamp64\www\websetup\app\Libraries\vendor\guzzlehttp\guzzle\src\Handler\Proxy.php(48): GuzzleHttp\Handler\Proxy::GuzzleHttp\Handler\{closure}()
#5 C:\wamp64\www\websetup\app\Libraries\vendor\guzzlehttp\guzzle\src\PrepareBodyMiddleware.php(64): GuzzleHttp\Handler\Proxy::GuzzleHttp\Handler\{closure}()
#6 C:\wamp64\www\websetup\app\Libraries\vendor\guzzlehttp\guzzle\src\Middleware.php(31): GuzzleHttp\PrepareBodyMiddleware->__invoke()
#7 C:\wamp64\www\websetup\app\Libraries\vendor\guzzlehttp\guzzle\src\RedirectMiddleware.php(71): GuzzleHttp\Middleware::GuzzleHttp\{closure}()
#8 C:\wamp64\www\websetup\app\Libraries\vendor\guzzlehttp\guzzle\src\Middleware.php(61): GuzzleHttp\RedirectMiddleware->__invoke()
#9 C:\wamp64\www\websetup\app\Libraries\vendor\guzzlehttp\guzzle\src\HandlerStack.php(75): GuzzleHttp\Middleware::GuzzleHttp\{closure}()
#10 C:\wamp64\www\websetup\app\Libraries\vendor\guzzlehttp\guzzle\src\Client.php(331): GuzzleHttp\HandlerStack->__invoke()
#11 C:\wamp64\www\websetup\app\Libraries\vendor\guzzlehttp\guzzle\src\Client.php(107): GuzzleHttp\Client->transfer()
#12 C:\wamp64\www\websetup\app\Libraries\vendor\guzzlehttp\guzzle\src\Client.php(123): GuzzleHttp\Client->sendAsync()
#13 C:\wamp64\www\websetup\app\Libraries\vendor\google\auth\src\HttpHandler\Guzzle6HttpHandler.php(47): GuzzleHttp\Client->send()
#14 C:\wamp64\www\websetup\app\Libraries\vendor\google\auth\src\OAuth2.php(535): Google\Auth\HttpHandler\Guzzle6HttpHandler->__invoke()
#15 C:\wamp64\www\websetup\app\Libraries\vendor\google\apiclient\src\Client.php(257): Google\Auth\OAuth2->fetchAuthToken()
#16 C:\wamp64\www\websetup\app\Controllers\LogIn.php(30): Google\Client->fetchAccessTokenWithAuthCode()
#17 C:\wamp64\www\websetup\system\CodeIgniter.php(825): App\Controllers\LogIn->index()
#18 C:\wamp64\www\websetup\system\CodeIgniter.php(412): CodeIgniter\CodeIgniter->runController()
#19 C:\wamp64\www\websetup\system\CodeIgniter.php(320): CodeIgniter\CodeIgniter->handleRequest()
#20 C:\wamp64\www\websetup\public\index.php(37): CodeIgniter\CodeIgniter->run()
#21 C:\wamp64\www\websetup\system\Commands\Server\rewrite.php(43): require_once('...')
#22 {main}
CRITICAL - 2022-02-24 23:44:25 --> cURL error 60: SSL certificate problem: unable to get local issuer certificate (see https://curl.haxx.se/libcurl/c/libcurl-errors.html) for https://oauth2.googleapis.com/token
#0 C:\wamp64\www\websetup\app\Libraries\vendor\guzzlehttp\guzzle\src\Handler\CurlFactory.php(158): GuzzleHttp\Handler\CurlFactory::createRejection()
#1 C:\wamp64\www\websetup\app\Libraries\vendor\guzzlehttp\guzzle\src\Handler\CurlFactory.php(110): GuzzleHttp\Handler\CurlFactory::finishError()
#2 C:\wamp64\www\websetup\app\Libraries\vendor\guzzlehttp\guzzle\src\Handler\CurlHandler.php(47): GuzzleHttp\Handler\CurlFactory::finish()
#3 C:\wamp64\www\websetup\app\Libraries\vendor\guzzlehttp\guzzle\src\Handler\Proxy.php(28): GuzzleHttp\Handler\CurlHandler->__invoke()
#4 C:\wamp64\www\websetup\app\Libraries\vendor\guzzlehttp\guzzle\src\Handler\Proxy.php(48): GuzzleHttp\Handler\Proxy::GuzzleHttp\Handler\{closure}()
#5 C:\wamp64\www\websetup\app\Libraries\vendor\guzzlehttp\guzzle\src\PrepareBodyMiddleware.php(64): GuzzleHttp\Handler\Proxy::GuzzleHttp\Handler\{closure}()
#6 C:\wamp64\www\websetup\app\Libraries\vendor\guzzlehttp\guzzle\src\Middleware.php(31): GuzzleHttp\PrepareBodyMiddleware->__invoke()
#7 C:\wamp64\www\websetup\app\Libraries\vendor\guzzlehttp\guzzle\src\RedirectMiddleware.php(71): GuzzleHttp\Middleware::GuzzleHttp\{closure}()
#8 C:\wamp64\www\websetup\app\Libraries\vendor\guzzlehttp\guzzle\src\Middleware.php(61): GuzzleHttp\RedirectMiddleware->__invoke()
#9 C:\wamp64\www\websetup\app\Libraries\vendor\guzzlehttp\guzzle\src\HandlerStack.php(75): GuzzleHttp\Middleware::GuzzleHttp\{closure}()
#10 C:\wamp64\www\websetup\app\Libraries\vendor\guzzlehttp\guzzle\src\Client.php(331): GuzzleHttp\HandlerStack->__invoke()
#11 C:\wamp64\www\websetup\app\Libraries\vendor\guzzlehttp\guzzle\src\Client.php(107): GuzzleHttp\Client->transfer()
#12 C:\wamp64\www\websetup\app\Libraries\vendor\guzzlehttp\guzzle\src\Client.php(123): GuzzleHttp\Client->sendAsync()
#13 C:\wamp64\www\websetup\app\Libraries\vendor\google\auth\src\HttpHandler\Guzzle6HttpHandler.php(47): GuzzleHttp\Client->send()
#14 C:\wamp64\www\websetup\app\Libraries\vendor\google\auth\src\OAuth2.php(535): Google\Auth\HttpHandler\Guzzle6HttpHandler->__invoke()
#15 C:\wamp64\www\websetup\app\Libraries\vendor\google\apiclient\src\Client.php(257): Google\Auth\OAuth2->fetchAuthToken()
#16 C:\wamp64\www\websetup\app\Controllers\LogIn.php(30): Google\Client->fetchAccessTokenWithAuthCode()
#17 C:\wamp64\www\websetup\system\CodeIgniter.php(825): App\Controllers\LogIn->index()
#18 C:\wamp64\www\websetup\system\CodeIgniter.php(412): CodeIgniter\CodeIgniter->runController()
#19 C:\wamp64\www\websetup\system\CodeIgniter.php(320): CodeIgniter\CodeIgniter->handleRequest()
#20 C:\wamp64\www\websetup\public\index.php(37): CodeIgniter\CodeIgniter->run()
#21 C:\wamp64\www\websetup\system\Commands\Server\rewrite.php(43): require_once('...')
#22 {main}
CRITICAL - 2022-02-24 23:45:06 --> cURL error 60: SSL certificate problem: unable to get local issuer certificate (see https://curl.haxx.se/libcurl/c/libcurl-errors.html) for https://oauth2.googleapis.com/token
#0 C:\wamp64\www\websetup\app\Libraries\vendor\guzzlehttp\guzzle\src\Handler\CurlFactory.php(158): GuzzleHttp\Handler\CurlFactory::createRejection()
#1 C:\wamp64\www\websetup\app\Libraries\vendor\guzzlehttp\guzzle\src\Handler\CurlFactory.php(110): GuzzleHttp\Handler\CurlFactory::finishError()
#2 C:\wamp64\www\websetup\app\Libraries\vendor\guzzlehttp\guzzle\src\Handler\CurlHandler.php(47): GuzzleHttp\Handler\CurlFactory::finish()
#3 C:\wamp64\www\websetup\app\Libraries\vendor\guzzlehttp\guzzle\src\Handler\Proxy.php(28): GuzzleHttp\Handler\CurlHandler->__invoke()
#4 C:\wamp64\www\websetup\app\Libraries\vendor\guzzlehttp\guzzle\src\Handler\Proxy.php(48): GuzzleHttp\Handler\Proxy::GuzzleHttp\Handler\{closure}()
#5 C:\wamp64\www\websetup\app\Libraries\vendor\guzzlehttp\guzzle\src\PrepareBodyMiddleware.php(64): GuzzleHttp\Handler\Proxy::GuzzleHttp\Handler\{closure}()
#6 C:\wamp64\www\websetup\app\Libraries\vendor\guzzlehttp\guzzle\src\Middleware.php(31): GuzzleHttp\PrepareBodyMiddleware->__invoke()
#7 C:\wamp64\www\websetup\app\Libraries\vendor\guzzlehttp\guzzle\src\RedirectMiddleware.php(71): GuzzleHttp\Middleware::GuzzleHttp\{closure}()
#8 C:\wamp64\www\websetup\app\Libraries\vendor\guzzlehttp\guzzle\src\Middleware.php(61): GuzzleHttp\RedirectMiddleware->__invoke()
#9 C:\wamp64\www\websetup\app\Libraries\vendor\guzzlehttp\guzzle\src\HandlerStack.php(75): GuzzleHttp\Middleware::GuzzleHttp\{closure}()
#10 C:\wamp64\www\websetup\app\Libraries\vendor\guzzlehttp\guzzle\src\Client.php(331): GuzzleHttp\HandlerStack->__invoke()
#11 C:\wamp64\www\websetup\app\Libraries\vendor\guzzlehttp\guzzle\src\Client.php(107): GuzzleHttp\Client->transfer()
#12 C:\wamp64\www\websetup\app\Libraries\vendor\guzzlehttp\guzzle\src\Client.php(123): GuzzleHttp\Client->sendAsync()
#13 C:\wamp64\www\websetup\app\Libraries\vendor\google\auth\src\HttpHandler\Guzzle6HttpHandler.php(47): GuzzleHttp\Client->send()
#14 C:\wamp64\www\websetup\app\Libraries\vendor\google\auth\src\OAuth2.php(535): Google\Auth\HttpHandler\Guzzle6HttpHandler->__invoke()
#15 C:\wamp64\www\websetup\app\Libraries\vendor\google\apiclient\src\Client.php(257): Google\Auth\OAuth2->fetchAuthToken()
#16 C:\wamp64\www\websetup\app\Controllers\LogIn.php(30): Google\Client->fetchAccessTokenWithAuthCode()
#17 C:\wamp64\www\websetup\system\CodeIgniter.php(825): App\Controllers\LogIn->index()
#18 C:\wamp64\www\websetup\system\CodeIgniter.php(412): CodeIgniter\CodeIgniter->runController()
#19 C:\wamp64\www\websetup\system\CodeIgniter.php(320): CodeIgniter\CodeIgniter->handleRequest()
#20 C:\wamp64\www\websetup\public\index.php(37): CodeIgniter\CodeIgniter->run()
#21 C:\wamp64\www\websetup\system\Commands\Server\rewrite.php(43): require_once('...')
#22 {main}
CRITICAL - 2022-02-24 23:46:07 --> cURL error 60: SSL certificate problem: unable to get local issuer certificate (see https://curl.haxx.se/libcurl/c/libcurl-errors.html) for https://oauth2.googleapis.com/token
#0 C:\wamp64\www\websetup\app\Libraries\vendor\guzzlehttp\guzzle\src\Handler\CurlFactory.php(158): GuzzleHttp\Handler\CurlFactory::createRejection()
#1 C:\wamp64\www\websetup\app\Libraries\vendor\guzzlehttp\guzzle\src\Handler\CurlFactory.php(110): GuzzleHttp\Handler\CurlFactory::finishError()
#2 C:\wamp64\www\websetup\app\Libraries\vendor\guzzlehttp\guzzle\src\Handler\CurlHandler.php(47): GuzzleHttp\Handler\CurlFactory::finish()
#3 C:\wamp64\www\websetup\app\Libraries\vendor\guzzlehttp\guzzle\src\Handler\Proxy.php(28): GuzzleHttp\Handler\CurlHandler->__invoke()
#4 C:\wamp64\www\websetup\app\Libraries\vendor\guzzlehttp\guzzle\src\Handler\Proxy.php(48): GuzzleHttp\Handler\Proxy::GuzzleHttp\Handler\{closure}()
#5 C:\wamp64\www\websetup\app\Libraries\vendor\guzzlehttp\guzzle\src\PrepareBodyMiddleware.php(64): GuzzleHttp\Handler\Proxy::GuzzleHttp\Handler\{closure}()
#6 C:\wamp64\www\websetup\app\Libraries\vendor\guzzlehttp\guzzle\src\Middleware.php(31): GuzzleHttp\PrepareBodyMiddleware->__invoke()
#7 C:\wamp64\www\websetup\app\Libraries\vendor\guzzlehttp\guzzle\src\RedirectMiddleware.php(71): GuzzleHttp\Middleware::GuzzleHttp\{closure}()
#8 C:\wamp64\www\websetup\app\Libraries\vendor\guzzlehttp\guzzle\src\Middleware.php(61): GuzzleHttp\RedirectMiddleware->__invoke()
#9 C:\wamp64\www\websetup\app\Libraries\vendor\guzzlehttp\guzzle\src\HandlerStack.php(75): GuzzleHttp\Middleware::GuzzleHttp\{closure}()
#10 C:\wamp64\www\websetup\app\Libraries\vendor\guzzlehttp\guzzle\src\Client.php(331): GuzzleHttp\HandlerStack->__invoke()
#11 C:\wamp64\www\websetup\app\Libraries\vendor\guzzlehttp\guzzle\src\Client.php(107): GuzzleHttp\Client->transfer()
#12 C:\wamp64\www\websetup\app\Libraries\vendor\guzzlehttp\guzzle\src\Client.php(123): GuzzleHttp\Client->sendAsync()
#13 C:\wamp64\www\websetup\app\Libraries\vendor\google\auth\src\HttpHandler\Guzzle6HttpHandler.php(47): GuzzleHttp\Client->send()
#14 C:\wamp64\www\websetup\app\Libraries\vendor\google\auth\src\OAuth2.php(535): Google\Auth\HttpHandler\Guzzle6HttpHandler->__invoke()
#15 C:\wamp64\www\websetup\app\Libraries\vendor\google\apiclient\src\Client.php(257): Google\Auth\OAuth2->fetchAuthToken()
#16 C:\wamp64\www\websetup\app\Controllers\LogIn.php(30): Google\Client->fetchAccessTokenWithAuthCode()
#17 C:\wamp64\www\websetup\system\CodeIgniter.php(825): App\Controllers\LogIn->index()
#18 C:\wamp64\www\websetup\system\CodeIgniter.php(412): CodeIgniter\CodeIgniter->runController()
#19 C:\wamp64\www\websetup\system\CodeIgniter.php(320): CodeIgniter\CodeIgniter->handleRequest()
#20 C:\wamp64\www\websetup\public\index.php(37): CodeIgniter\CodeIgniter->run()
#21 C:\wamp64\www\websetup\system\Commands\Server\rewrite.php(43): require_once('...')
#22 {main}
