CRITICAL - 2022-03-01 01:24:51 --> Undefined variable $user
#0 C:\wamp64\www\websetup\app\Views\dashboards\head.php(153): CodeIgniter\Debug\Exceptions->errorHandler()
#1 C:\wamp64\www\websetup\system\View\View.php(210): include('...')
#2 C:\wamp64\www\websetup\system\View\View.php(213): CodeIgniter\View\View->CodeIgniter\View\{closure}()
#3 C:\wamp64\www\websetup\system\Common.php(1089): CodeIgniter\View\View->render()
#4 C:\wamp64\www\websetup\app\Views\dashboards\charts.php(2): view()
#5 C:\wamp64\www\websetup\system\View\View.php(210): include('...')
#6 C:\wamp64\www\websetup\system\View\View.php(213): CodeIgniter\View\View->CodeIgniter\View\{closure}()
#7 C:\wamp64\www\websetup\system\Common.php(1089): CodeIgniter\View\View->render()
#8 C:\wamp64\www\websetup\app\Controllers\UserCharts.php(10): view()
#9 C:\wamp64\www\websetup\system\CodeIgniter.php(825): app\Controllers\UserCharts->index()
#10 C:\wamp64\www\websetup\system\CodeIgniter.php(412): CodeIgniter\CodeIgniter->runController()
#11 C:\wamp64\www\websetup\system\CodeIgniter.php(320): CodeIgniter\CodeIgniter->handleRequest()
#12 C:\wamp64\www\websetup\public\index.php(37): CodeIgniter\CodeIgniter->run()
#13 C:\wamp64\www\websetup\system\Commands\Server\rewrite.php(43): require_once('...')
#14 {main}
CRITICAL - 2022-03-01 01:38:20 --> cURL error 60: SSL certificate problem: unable to get local issuer certificate (see https://curl.haxx.se/libcurl/c/libcurl-errors.html) for https://oauth2.googleapis.com/token
#0 C:\wamp64\www\websetup\app\Libraries\vendor\guzzlehttp\guzzle\src\Handler\CurlFactory.php(158): GuzzleHttp\Handler\CurlFactory::createRejection()
#1 C:\wamp64\www\websetup\app\Libraries\vendor\guzzlehttp\guzzle\src\Handler\CurlFactory.php(110): GuzzleHttp\Handler\CurlFactory::finishError()
#2 C:\wamp64\www\websetup\app\Libraries\vendor\guzzlehttp\guzzle\src\Handler\CurlHandler.php(47): GuzzleHttp\Handler\CurlFactory::finish()
#3 C:\wamp64\www\websetup\app\Libraries\vendor\guzzlehttp\guzzle\src\Handler\Proxy.php(28): GuzzleHttp\Handler\CurlHandler->__invoke()
#4 C:\wamp64\www\websetup\app\Libraries\vendor\guzzlehttp\guzzle\src\Handler\Proxy.php(48): GuzzleHttp\Handler\Proxy::GuzzleHttp\Handler\{closure}()
#5 C:\wamp64\www\websetup\app\Libraries\vendor\guzzlehttp\guzzle\src\PrepareBodyMiddleware.php(64): GuzzleHttp\Handler\Proxy::GuzzleHttp\Handler\{closure}()
#6 C:\wamp64\www\websetup\app\Libraries\vendor\guzzlehttp\guzzle\src\Middleware.php(31): GuzzleHttp\PrepareBodyMiddleware->__invoke()
#7 C:\wamp64\www\websetup\app\Libraries\vendor\guzzlehttp\guzzle\src\RedirectMiddleware.php(71): GuzzleHttp\Middleware::GuzzleHttp\{closure}()
#8 C:\wamp64\www\websetup\app\Libraries\vendor\guzzlehttp\guzzle\src\Middleware.php(61): GuzzleHttp\RedirectMiddleware->__invoke()
#9 C:\wamp64\www\websetup\app\Libraries\vendor\guzzlehttp\guzzle\src\HandlerStack.php(75): GuzzleHttp\Middleware::GuzzleHttp\{closure}()
#10 C:\wamp64\www\websetup\app\Libraries\vendor\guzzlehttp\guzzle\src\Client.php(331): GuzzleHttp\HandlerStack->__invoke()
#11 C:\wamp64\www\websetup\app\Libraries\vendor\guzzlehttp\guzzle\src\Client.php(107): GuzzleHttp\Client->transfer()
#12 C:\wamp64\www\websetup\app\Libraries\vendor\guzzlehttp\guzzle\src\Client.php(123): GuzzleHttp\Client->sendAsync()
#13 C:\wamp64\www\websetup\app\Libraries\vendor\google\auth\src\HttpHandler\Guzzle6HttpHandler.php(47): GuzzleHttp\Client->send()
#14 C:\wamp64\www\websetup\app\Libraries\vendor\google\auth\src\OAuth2.php(535): Google\Auth\HttpHandler\Guzzle6HttpHandler->__invoke()
#15 C:\wamp64\www\websetup\app\Libraries\vendor\google\apiclient\src\Client.php(257): Google\Auth\OAuth2->fetchAuthToken()
#16 C:\wamp64\www\websetup\app\Controllers\LogIn.php(30): Google\Client->fetchAccessTokenWithAuthCode()
#17 C:\wamp64\www\websetup\system\CodeIgniter.php(825): App\Controllers\LogIn->index()
#18 C:\wamp64\www\websetup\system\CodeIgniter.php(412): CodeIgniter\CodeIgniter->runController()
#19 C:\wamp64\www\websetup\system\CodeIgniter.php(320): CodeIgniter\CodeIgniter->handleRequest()
#20 C:\wamp64\www\websetup\public\index.php(37): CodeIgniter\CodeIgniter->run()
#21 C:\wamp64\www\websetup\system\Commands\Server\rewrite.php(43): require_once('...')
#22 {main}
ERROR - 2022-03-01 19:21:53 --> Error connecting to the database: No connection could be made because the target machine actively refused it
CRITICAL - 2022-03-01 19:21:53 --> Unable to connect to the database.
Main connection [MySQLi]: No connection could be made because the target machine actively refused it
#0 C:\wamp64\www\websetup\system\Database\BaseConnection.php(577): CodeIgniter\Database\BaseConnection->initialize()
#1 C:\wamp64\www\websetup\system\Database\BaseBuilder.php(1455): CodeIgniter\Database\BaseConnection->query()
#2 C:\wamp64\www\websetup\system\Model.php(183): CodeIgniter\Database\BaseBuilder->get()
#3 C:\wamp64\www\websetup\system\BaseModel.php(584): CodeIgniter\Model->doFindAll()
#4 C:\wamp64\www\websetup\app\Controllers\HomePage.php(13): CodeIgniter\BaseModel->findAll()
#5 C:\wamp64\www\websetup\system\CodeIgniter.php(825): App\Controllers\HomePage->index()
#6 C:\wamp64\www\websetup\system\CodeIgniter.php(412): CodeIgniter\CodeIgniter->runController()
#7 C:\wamp64\www\websetup\system\CodeIgniter.php(320): CodeIgniter\CodeIgniter->handleRequest()
#8 C:\wamp64\www\websetup\public\index.php(37): CodeIgniter\CodeIgniter->run()
#9 C:\wamp64\www\websetup\system\Commands\Server\rewrite.php(43): require_once('...')
#10 {main}
CRITICAL - 2022-03-01 20:11:58 --> Unclosed '{' on line 63
#0 C:\wamp64\www\websetup\system\View\View.php(213): CodeIgniter\View\View->CodeIgniter\View\{closure}()
#1 C:\wamp64\www\websetup\system\Common.php(1089): CodeIgniter\View\View->render()
#2 C:\wamp64\www\websetup\app\Views\layouts\main_view.php(3): view()
#3 C:\wamp64\www\websetup\system\View\View.php(210): include('...')
#4 C:\wamp64\www\websetup\system\View\View.php(213): CodeIgniter\View\View->CodeIgniter\View\{closure}()
#5 C:\wamp64\www\websetup\system\Common.php(1089): CodeIgniter\View\View->render()
#6 C:\wamp64\www\websetup\app\Controllers\AdminDashboard.php(17): view()
#7 C:\wamp64\www\websetup\system\CodeIgniter.php(825): App\Controllers\AdminDashboard->index()
#8 C:\wamp64\www\websetup\system\CodeIgniter.php(412): CodeIgniter\CodeIgniter->runController()
#9 C:\wamp64\www\websetup\system\CodeIgniter.php(320): CodeIgniter\CodeIgniter->handleRequest()
#10 C:\wamp64\www\websetup\public\index.php(37): CodeIgniter\CodeIgniter->run()
#11 C:\wamp64\www\websetup\system\Commands\Server\rewrite.php(43): require_once('...')
#12 {main}
CRITICAL - 2022-03-01 20:12:35 --> Unclosed '{' on line 63
#0 C:\wamp64\www\websetup\system\View\View.php(213): CodeIgniter\View\View->CodeIgniter\View\{closure}()
#1 C:\wamp64\www\websetup\system\Common.php(1089): CodeIgniter\View\View->render()
#2 C:\wamp64\www\websetup\app\Views\layouts\main_view.php(3): view()
#3 C:\wamp64\www\websetup\system\View\View.php(210): include('...')
#4 C:\wamp64\www\websetup\system\View\View.php(213): CodeIgniter\View\View->CodeIgniter\View\{closure}()
#5 C:\wamp64\www\websetup\system\Common.php(1089): CodeIgniter\View\View->render()
#6 C:\wamp64\www\websetup\app\Controllers\AdminDashboard.php(17): view()
#7 C:\wamp64\www\websetup\system\CodeIgniter.php(825): App\Controllers\AdminDashboard->index()
#8 C:\wamp64\www\websetup\system\CodeIgniter.php(412): CodeIgniter\CodeIgniter->runController()
#9 C:\wamp64\www\websetup\system\CodeIgniter.php(320): CodeIgniter\CodeIgniter->handleRequest()
#10 C:\wamp64\www\websetup\public\index.php(37): CodeIgniter\CodeIgniter->run()
#11 C:\wamp64\www\websetup\system\Commands\Server\rewrite.php(43): require_once('...')
#12 {main}
CRITICAL - 2022-03-01 20:12:37 --> Unclosed '{' on line 63
#0 C:\wamp64\www\websetup\system\View\View.php(213): CodeIgniter\View\View->CodeIgniter\View\{closure}()
#1 C:\wamp64\www\websetup\system\Common.php(1089): CodeIgniter\View\View->render()
#2 C:\wamp64\www\websetup\app\Views\layouts\main_view.php(3): view()
#3 C:\wamp64\www\websetup\system\View\View.php(210): include('...')
#4 C:\wamp64\www\websetup\system\View\View.php(213): CodeIgniter\View\View->CodeIgniter\View\{closure}()
#5 C:\wamp64\www\websetup\system\Common.php(1089): CodeIgniter\View\View->render()
#6 C:\wamp64\www\websetup\app\Controllers\AdminDashboard.php(17): view()
#7 C:\wamp64\www\websetup\system\CodeIgniter.php(825): App\Controllers\AdminDashboard->index()
#8 C:\wamp64\www\websetup\system\CodeIgniter.php(412): CodeIgniter\CodeIgniter->runController()
#9 C:\wamp64\www\websetup\system\CodeIgniter.php(320): CodeIgniter\CodeIgniter->handleRequest()
#10 C:\wamp64\www\websetup\public\index.php(37): CodeIgniter\CodeIgniter->run()
#11 C:\wamp64\www\websetup\system\Commands\Server\rewrite.php(43): require_once('...')
#12 {main}
CRITICAL - 2022-03-01 20:13:58 --> Undefined array key "loggedIn"
#0 C:\wamp64\www\websetup\app\Views\layouts\header.php(61): CodeIgniter\Debug\Exceptions->errorHandler()
#1 C:\wamp64\www\websetup\system\View\View.php(210): include('...')
#2 C:\wamp64\www\websetup\system\View\View.php(213): CodeIgniter\View\View->CodeIgniter\View\{closure}()
#3 C:\wamp64\www\websetup\system\Common.php(1089): CodeIgniter\View\View->render()
#4 C:\wamp64\www\websetup\app\Views\layouts\main_view.php(3): view()
#5 C:\wamp64\www\websetup\system\View\View.php(210): include('...')
#6 C:\wamp64\www\websetup\system\View\View.php(213): CodeIgniter\View\View->CodeIgniter\View\{closure}()
#7 C:\wamp64\www\websetup\system\Common.php(1089): CodeIgniter\View\View->render()
#8 C:\wamp64\www\websetup\app\Controllers\AdminDashboard.php(17): view()
#9 C:\wamp64\www\websetup\system\CodeIgniter.php(825): App\Controllers\AdminDashboard->index()
#10 C:\wamp64\www\websetup\system\CodeIgniter.php(412): CodeIgniter\CodeIgniter->runController()
#11 C:\wamp64\www\websetup\system\CodeIgniter.php(320): CodeIgniter\CodeIgniter->handleRequest()
#12 C:\wamp64\www\websetup\public\index.php(37): CodeIgniter\CodeIgniter->run()
#13 C:\wamp64\www\websetup\system\Commands\Server\rewrite.php(43): require_once('...')
#14 {main}
CRITICAL - 2022-03-01 20:14:01 --> Undefined array key "loggedIn"
#0 C:\wamp64\www\websetup\app\Views\layouts\header.php(61): CodeIgniter\Debug\Exceptions->errorHandler()
#1 C:\wamp64\www\websetup\system\View\View.php(210): include('...')
#2 C:\wamp64\www\websetup\system\View\View.php(213): CodeIgniter\View\View->CodeIgniter\View\{closure}()
#3 C:\wamp64\www\websetup\system\Common.php(1089): CodeIgniter\View\View->render()
#4 C:\wamp64\www\websetup\app\Views\layouts\main_view.php(3): view()
#5 C:\wamp64\www\websetup\system\View\View.php(210): include('...')
#6 C:\wamp64\www\websetup\system\View\View.php(213): CodeIgniter\View\View->CodeIgniter\View\{closure}()
#7 C:\wamp64\www\websetup\system\Common.php(1089): CodeIgniter\View\View->render()
#8 C:\wamp64\www\websetup\app\Controllers\AdminDashboard.php(17): view()
#9 C:\wamp64\www\websetup\system\CodeIgniter.php(825): App\Controllers\AdminDashboard->index()
#10 C:\wamp64\www\websetup\system\CodeIgniter.php(412): CodeIgniter\CodeIgniter->runController()
#11 C:\wamp64\www\websetup\system\CodeIgniter.php(320): CodeIgniter\CodeIgniter->handleRequest()
#12 C:\wamp64\www\websetup\public\index.php(37): CodeIgniter\CodeIgniter->run()
#13 C:\wamp64\www\websetup\system\Commands\Server\rewrite.php(43): require_once('...')
#14 {main}
CRITICAL - 2022-03-01 20:22:17 --> base_url(): Argument #2 ($scheme) must be of type ?string, array given, called in C:\wamp64\www\websetup\app\Controllers\LogIn.php on line 90
#0 C:\wamp64\www\websetup\app\Controllers\LogIn.php(90): base_url()
#1 C:\wamp64\www\websetup\system\CodeIgniter.php(825): App\Controllers\LogIn->auth()
#2 C:\wamp64\www\websetup\system\CodeIgniter.php(412): CodeIgniter\CodeIgniter->runController()
#3 C:\wamp64\www\websetup\system\CodeIgniter.php(320): CodeIgniter\CodeIgniter->handleRequest()
#4 C:\wamp64\www\websetup\public\index.php(37): CodeIgniter\CodeIgniter->run()
#5 C:\wamp64\www\websetup\system\Commands\Server\rewrite.php(43): require_once('...')
#6 {main}
