CRITICAL - 2022-03-31 00:45:25 --> Undefined variable $calendar
#0 C:\wamp64\www\websetup\app\Controllers\testing.php(24): CodeIgniter\Debug\Exceptions->errorHandler()
#1 C:\wamp64\www\websetup\system\Router\Router.php(518): include_once('...')
#2 C:\wamp64\www\websetup\system\Router\Router.php(175): CodeIgniter\Router\Router->autoRoute()
#3 C:\wamp64\www\websetup\system\CodeIgniter.php(719): CodeIgniter\Router\Router->handle()
#4 C:\wamp64\www\websetup\system\CodeIgniter.php(361): CodeIgniter\CodeIgniter->tryToRouteIt()
#5 C:\wamp64\www\websetup\system\CodeIgniter.php(320): CodeIgniter\CodeIgniter->handleRequest()
#6 C:\wamp64\www\websetup\public\index.php(37): CodeIgniter\CodeIgniter->run()
#7 C:\wamp64\www\websetup\system\Commands\Server\rewrite.php(43): require_once('...')
#8 {main}
CRITICAL - 2022-03-31 00:46:35 --> Undefined variable $calendar
#0 C:\wamp64\www\websetup\app\Controllers\testing.php(24): CodeIgniter\Debug\Exceptions->errorHandler()
#1 C:\wamp64\www\websetup\system\Router\Router.php(518): include_once('...')
#2 C:\wamp64\www\websetup\system\Router\Router.php(175): CodeIgniter\Router\Router->autoRoute()
#3 C:\wamp64\www\websetup\system\CodeIgniter.php(719): CodeIgniter\Router\Router->handle()
#4 C:\wamp64\www\websetup\system\CodeIgniter.php(361): CodeIgniter\CodeIgniter->tryToRouteIt()
#5 C:\wamp64\www\websetup\system\CodeIgniter.php(320): CodeIgniter\CodeIgniter->handleRequest()
#6 C:\wamp64\www\websetup\public\index.php(37): CodeIgniter\CodeIgniter->run()
#7 C:\wamp64\www\websetup\system\Commands\Server\rewrite.php(43): require_once('...')
#8 {main}
CRITICAL - 2022-03-31 00:46:36 --> Undefined variable $calendar
#0 C:\wamp64\www\websetup\app\Controllers\testing.php(24): CodeIgniter\Debug\Exceptions->errorHandler()
#1 C:\wamp64\www\websetup\system\Router\Router.php(518): include_once('...')
#2 C:\wamp64\www\websetup\system\Router\Router.php(175): CodeIgniter\Router\Router->autoRoute()
#3 C:\wamp64\www\websetup\system\CodeIgniter.php(719): CodeIgniter\Router\Router->handle()
#4 C:\wamp64\www\websetup\system\CodeIgniter.php(361): CodeIgniter\CodeIgniter->tryToRouteIt()
#5 C:\wamp64\www\websetup\system\CodeIgniter.php(320): CodeIgniter\CodeIgniter->handleRequest()
#6 C:\wamp64\www\websetup\public\index.php(37): CodeIgniter\CodeIgniter->run()
#7 C:\wamp64\www\websetup\system\Commands\Server\rewrite.php(43): require_once('...')
#8 {main}
CRITICAL - 2022-03-31 01:10:48 --> syntax error, unexpected end of file
#0 C:\wamp64\www\websetup\system\View\View.php(213): CodeIgniter\View\View->CodeIgniter\View\{closure}()
#1 C:\wamp64\www\websetup\system\Common.php(1089): CodeIgniter\View\View->render()
#2 C:\wamp64\www\websetup\app\Controllers\AdminPageFooter.php(28): view()
#3 C:\wamp64\www\websetup\system\CodeIgniter.php(825): App\Controllers\AdminPageFooter->index()
#4 C:\wamp64\www\websetup\system\CodeIgniter.php(412): CodeIgniter\CodeIgniter->runController()
#5 C:\wamp64\www\websetup\system\CodeIgniter.php(320): CodeIgniter\CodeIgniter->handleRequest()
#6 C:\wamp64\www\websetup\public\index.php(37): CodeIgniter\CodeIgniter->run()
#7 C:\wamp64\www\websetup\system\Commands\Server\rewrite.php(43): require_once('...')
#8 {main}
CRITICAL - 2022-03-31 01:55:11 --> Undefined variable $user
#0 C:\wamp64\www\websetup\app\Views\admin\head.php(155): CodeIgniter\Debug\Exceptions->errorHandler()
#1 C:\wamp64\www\websetup\system\View\View.php(210): include('...')
#2 C:\wamp64\www\websetup\system\View\View.php(213): CodeIgniter\View\View->CodeIgniter\View\{closure}()
#3 C:\wamp64\www\websetup\system\Common.php(1089): CodeIgniter\View\View->render()
#4 C:\wamp64\www\websetup\app\Controllers\testing.php(2): view()
#5 C:\wamp64\www\websetup\system\Router\Router.php(518): include_once('...')
#6 C:\wamp64\www\websetup\system\Router\Router.php(175): CodeIgniter\Router\Router->autoRoute()
#7 C:\wamp64\www\websetup\system\CodeIgniter.php(719): CodeIgniter\Router\Router->handle()
#8 C:\wamp64\www\websetup\system\CodeIgniter.php(361): CodeIgniter\CodeIgniter->tryToRouteIt()
#9 C:\wamp64\www\websetup\system\CodeIgniter.php(320): CodeIgniter\CodeIgniter->handleRequest()
#10 C:\wamp64\www\websetup\public\index.php(37): CodeIgniter\CodeIgniter->run()
#11 C:\wamp64\www\websetup\system\Commands\Server\rewrite.php(43): require_once('...')
#12 {main}
CRITICAL - 2022-03-31 02:07:52 --> Undefined variable $user
#0 C:\wamp64\www\websetup\app\Controllers\testing.php(169): CodeIgniter\Debug\Exceptions->errorHandler()
#1 C:\wamp64\www\websetup\system\Router\Router.php(518): include_once('...')
#2 C:\wamp64\www\websetup\system\Router\Router.php(175): CodeIgniter\Router\Router->autoRoute()
#3 C:\wamp64\www\websetup\system\CodeIgniter.php(719): CodeIgniter\Router\Router->handle()
#4 C:\wamp64\www\websetup\system\CodeIgniter.php(361): CodeIgniter\CodeIgniter->tryToRouteIt()
#5 C:\wamp64\www\websetup\system\CodeIgniter.php(320): CodeIgniter\CodeIgniter->handleRequest()
#6 C:\wamp64\www\websetup\public\index.php(37): CodeIgniter\CodeIgniter->run()
#7 C:\wamp64\www\websetup\system\Commands\Server\rewrite.php(43): require_once('...')
#8 {main}
CRITICAL - 2022-03-31 02:07:55 --> Undefined variable $user
#0 C:\wamp64\www\websetup\app\Controllers\testing.php(169): CodeIgniter\Debug\Exceptions->errorHandler()
#1 C:\wamp64\www\websetup\system\Router\Router.php(518): include_once('...')
#2 C:\wamp64\www\websetup\system\Router\Router.php(175): CodeIgniter\Router\Router->autoRoute()
#3 C:\wamp64\www\websetup\system\CodeIgniter.php(719): CodeIgniter\Router\Router->handle()
#4 C:\wamp64\www\websetup\system\CodeIgniter.php(361): CodeIgniter\CodeIgniter->tryToRouteIt()
#5 C:\wamp64\www\websetup\system\CodeIgniter.php(320): CodeIgniter\CodeIgniter->handleRequest()
#6 C:\wamp64\www\websetup\public\index.php(37): CodeIgniter\CodeIgniter->run()
#7 C:\wamp64\www\websetup\system\Commands\Server\rewrite.php(43): require_once('...')
#8 {main}
CRITICAL - 2022-03-31 02:10:14 --> Undefined variable $user
#0 C:\wamp64\www\websetup\app\Controllers\testing.php(135): CodeIgniter\Debug\Exceptions->errorHandler()
#1 C:\wamp64\www\websetup\system\Router\Router.php(518): include_once('...')
#2 C:\wamp64\www\websetup\system\Router\Router.php(175): CodeIgniter\Router\Router->autoRoute()
#3 C:\wamp64\www\websetup\system\CodeIgniter.php(719): CodeIgniter\Router\Router->handle()
#4 C:\wamp64\www\websetup\system\CodeIgniter.php(361): CodeIgniter\CodeIgniter->tryToRouteIt()
#5 C:\wamp64\www\websetup\system\CodeIgniter.php(320): CodeIgniter\CodeIgniter->handleRequest()
#6 C:\wamp64\www\websetup\public\index.php(37): CodeIgniter\CodeIgniter->run()
#7 C:\wamp64\www\websetup\system\Commands\Server\rewrite.php(43): require_once('...')
#8 {main}
CRITICAL - 2022-03-31 02:10:15 --> Undefined variable $user
#0 C:\wamp64\www\websetup\app\Controllers\testing.php(135): CodeIgniter\Debug\Exceptions->errorHandler()
#1 C:\wamp64\www\websetup\system\Router\Router.php(518): include_once('...')
#2 C:\wamp64\www\websetup\system\Router\Router.php(175): CodeIgniter\Router\Router->autoRoute()
#3 C:\wamp64\www\websetup\system\CodeIgniter.php(719): CodeIgniter\Router\Router->handle()
#4 C:\wamp64\www\websetup\system\CodeIgniter.php(361): CodeIgniter\CodeIgniter->tryToRouteIt()
#5 C:\wamp64\www\websetup\system\CodeIgniter.php(320): CodeIgniter\CodeIgniter->handleRequest()
#6 C:\wamp64\www\websetup\public\index.php(37): CodeIgniter\CodeIgniter->run()
#7 C:\wamp64\www\websetup\system\Commands\Server\rewrite.php(43): require_once('...')
#8 {main}
CRITICAL - 2022-03-31 02:10:33 --> Undefined variable $user
#0 C:\wamp64\www\websetup\app\Controllers\testing.php(135): CodeIgniter\Debug\Exceptions->errorHandler()
#1 C:\wamp64\www\websetup\system\Router\Router.php(518): include_once('...')
#2 C:\wamp64\www\websetup\system\Router\Router.php(175): CodeIgniter\Router\Router->autoRoute()
#3 C:\wamp64\www\websetup\system\CodeIgniter.php(719): CodeIgniter\Router\Router->handle()
#4 C:\wamp64\www\websetup\system\CodeIgniter.php(361): CodeIgniter\CodeIgniter->tryToRouteIt()
#5 C:\wamp64\www\websetup\system\CodeIgniter.php(320): CodeIgniter\CodeIgniter->handleRequest()
#6 C:\wamp64\www\websetup\public\index.php(37): CodeIgniter\CodeIgniter->run()
#7 C:\wamp64\www\websetup\system\Commands\Server\rewrite.php(43): require_once('...')
#8 {main}
CRITICAL - 2022-03-31 02:10:34 --> Undefined variable $user
#0 C:\wamp64\www\websetup\app\Controllers\testing.php(135): CodeIgniter\Debug\Exceptions->errorHandler()
#1 C:\wamp64\www\websetup\system\Router\Router.php(518): include_once('...')
#2 C:\wamp64\www\websetup\system\Router\Router.php(175): CodeIgniter\Router\Router->autoRoute()
#3 C:\wamp64\www\websetup\system\CodeIgniter.php(719): CodeIgniter\Router\Router->handle()
#4 C:\wamp64\www\websetup\system\CodeIgniter.php(361): CodeIgniter\CodeIgniter->tryToRouteIt()
#5 C:\wamp64\www\websetup\system\CodeIgniter.php(320): CodeIgniter\CodeIgniter->handleRequest()
#6 C:\wamp64\www\websetup\public\index.php(37): CodeIgniter\CodeIgniter->run()
#7 C:\wamp64\www\websetup\system\Commands\Server\rewrite.php(43): require_once('...')
#8 {main}
CRITICAL - 2022-03-31 02:16:03 --> Undefined variable $calendar
#0 C:\wamp64\www\websetup\app\Controllers\testing.php(66): CodeIgniter\Debug\Exceptions->errorHandler()
#1 C:\wamp64\www\websetup\system\Router\Router.php(518): include_once('...')
#2 C:\wamp64\www\websetup\system\Router\Router.php(175): CodeIgniter\Router\Router->autoRoute()
#3 C:\wamp64\www\websetup\system\CodeIgniter.php(719): CodeIgniter\Router\Router->handle()
#4 C:\wamp64\www\websetup\system\CodeIgniter.php(361): CodeIgniter\CodeIgniter->tryToRouteIt()
#5 C:\wamp64\www\websetup\system\CodeIgniter.php(320): CodeIgniter\CodeIgniter->handleRequest()
#6 C:\wamp64\www\websetup\public\index.php(37): CodeIgniter\CodeIgniter->run()
#7 C:\wamp64\www\websetup\system\Commands\Server\rewrite.php(43): require_once('...')
#8 {main}
