CRITICAL - 2022-04-18 00:16:29 --> syntax error, unexpected token "endif"
#0 C:\wamp64\www\websetup\system\View\View.php(213): CodeIgniter\View\View->CodeIgniter\View\{closure}()
#1 C:\wamp64\www\websetup\system\Common.php(1089): CodeIgniter\View\View->render()
#2 C:\wamp64\www\websetup\app\Controllers\AdminPageHeader.php(28): view()
#3 C:\wamp64\www\websetup\system\CodeIgniter.php(825): App\Controllers\AdminPageHeader->index()
#4 C:\wamp64\www\websetup\system\CodeIgniter.php(412): CodeIgniter\CodeIgniter->runController()
#5 C:\wamp64\www\websetup\system\CodeIgniter.php(320): CodeIgniter\CodeIgniter->handleRequest()
#6 C:\wamp64\www\websetup\public\index.php(37): CodeIgniter\CodeIgniter->run()
#7 C:\wamp64\www\websetup\system\Commands\Server\rewrite.php(43): require_once('...')
#8 {main}
CRITICAL - 2022-04-18 00:57:07 --> Undefined variable $current_file_name
#0 C:\wamp64\www\websetup\app\Controllers\testsubtwo.php(57): CodeIgniter\Debug\Exceptions->errorHandler()
#1 C:\wamp64\www\websetup\system\CodeIgniter.php(825): App\Controllers\testsubtwo->index()
#2 C:\wamp64\www\websetup\system\CodeIgniter.php(412): CodeIgniter\CodeIgniter->runController()
#3 C:\wamp64\www\websetup\system\CodeIgniter.php(320): CodeIgniter\CodeIgniter->handleRequest()
#4 C:\wamp64\www\websetup\public\index.php(37): CodeIgniter\CodeIgniter->run()
#5 C:\wamp64\www\websetup\system\Commands\Server\rewrite.php(43): require_once('...')
#6 {main}
CRITICAL - 2022-04-18 02:50:49 --> Undefined property: App\Controllers\AdminPageHeader::$load
#0 C:\wamp64\www\websetup\app\Controllers\AdminPageHeader.php(89): CodeIgniter\Debug\Exceptions->errorHandler()
#1 C:\wamp64\www\websetup\system\CodeIgniter.php(825): App\Controllers\AdminPageHeader->storeMenu()
#2 C:\wamp64\www\websetup\system\CodeIgniter.php(412): CodeIgniter\CodeIgniter->runController()
#3 C:\wamp64\www\websetup\system\CodeIgniter.php(320): CodeIgniter\CodeIgniter->handleRequest()
#4 C:\wamp64\www\websetup\public\index.php(37): CodeIgniter\CodeIgniter->run()
#5 C:\wamp64\www\websetup\system\Commands\Server\rewrite.php(43): require_once('...')
#6 {main}
CRITICAL - 2022-04-18 22:52:04 --> Undefined property: App\Controllers\AdminPageHeader::$load
#0 C:\wamp64\www\websetup\app\Controllers\AdminPageHeader.php(89): CodeIgniter\Debug\Exceptions->errorHandler()
#1 C:\wamp64\www\websetup\system\CodeIgniter.php(825): App\Controllers\AdminPageHeader->storeMenu()
#2 C:\wamp64\www\websetup\system\CodeIgniter.php(412): CodeIgniter\CodeIgniter->runController()
#3 C:\wamp64\www\websetup\system\CodeIgniter.php(320): CodeIgniter\CodeIgniter->handleRequest()
#4 C:\wamp64\www\websetup\public\index.php(37): CodeIgniter\CodeIgniter->run()
#5 C:\wamp64\www\websetup\system\Commands\Server\rewrite.php(43): require_once('...')
#6 {main}
CRITICAL - 2022-04-18 22:55:36 --> Namespace declaration statement has to be the very first statement or after any declare call in the script
#0 [internal function]: CodeIgniter\Debug\Exceptions->shutdownHandler()
#1 {main}
CRITICAL - 2022-04-18 23:05:32 --> Namespace declaration statement has to be the very first statement or after any declare call in the script
#0 [internal function]: CodeIgniter\Debug\Exceptions->shutdownHandler()
#1 {main}
CRITICAL - 2022-04-18 23:09:15 --> Namespace declaration statement has to be the very first statement or after any declare call in the script
#0 [internal function]: CodeIgniter\Debug\Exceptions->shutdownHandler()
#1 {main}
CRITICAL - 2022-04-18 23:09:47 --> Undefined constant "layouts"
#0 C:\wamp64\www\websetup\system\View\View.php(210): include()
#1 C:\wamp64\www\websetup\system\View\View.php(213): CodeIgniter\View\View->CodeIgniter\View\{closure}()
#2 C:\wamp64\www\websetup\system\Common.php(1089): CodeIgniter\View\View->render()
#3 C:\wamp64\www\websetup\app\Controllers\tryone.php(54): view()
#4 C:\wamp64\www\websetup\system\CodeIgniter.php(825): App\Controllers\tryone->index()
#5 C:\wamp64\www\websetup\system\CodeIgniter.php(412): CodeIgniter\CodeIgniter->runController()
#6 C:\wamp64\www\websetup\system\CodeIgniter.php(320): CodeIgniter\CodeIgniter->handleRequest()
#7 C:\wamp64\www\websetup\public\index.php(37): CodeIgniter\CodeIgniter->run()
#8 C:\wamp64\www\websetup\system\Commands\Server\rewrite.php(43): require_once('...')
#9 {main}
CRITICAL - 2022-04-18 23:11:40 --> Namespace declaration statement has to be the very first statement or after any declare call in the script
#0 [internal function]: CodeIgniter\Debug\Exceptions->shutdownHandler()
#1 {main}
CRITICAL - 2022-04-18 23:14:26 --> Namespace declaration statement has to be the very first statement or after any declare call in the script
#0 [internal function]: CodeIgniter\Debug\Exceptions->shutdownHandler()
#1 {main}
CRITICAL - 2022-04-18 23:23:53 --> Cannot use CodeIgniter\Controller as Controller because the name is already in use
#0 [internal function]: CodeIgniter\Debug\Exceptions->shutdownHandler()
#1 {main}
CRITICAL - 2022-04-18 23:31:43 --> syntax error, unexpected double-quote mark, expecting ")"
#0 C:\wamp64\www\websetup\system\View\View.php(213): CodeIgniter\View\View->CodeIgniter\View\{closure}()
#1 C:\wamp64\www\websetup\system\Common.php(1089): CodeIgniter\View\View->render()
#2 C:\wamp64\www\websetup\app\Controllers\testpage.php(54): view()
#3 C:\wamp64\www\websetup\system\CodeIgniter.php(825): App\Controllers\testpage->index()
#4 C:\wamp64\www\websetup\system\CodeIgniter.php(412): CodeIgniter\CodeIgniter->runController()
#5 C:\wamp64\www\websetup\system\CodeIgniter.php(320): CodeIgniter\CodeIgniter->handleRequest()
#6 C:\wamp64\www\websetup\public\index.php(37): CodeIgniter\CodeIgniter->run()
#7 C:\wamp64\www\websetup\system\Commands\Server\rewrite.php(43): require_once('...')
#8 {main}
CRITICAL - 2022-04-18 23:31:45 --> syntax error, unexpected double-quote mark, expecting ")"
#0 C:\wamp64\www\websetup\system\View\View.php(213): CodeIgniter\View\View->CodeIgniter\View\{closure}()
#1 C:\wamp64\www\websetup\system\Common.php(1089): CodeIgniter\View\View->render()
#2 C:\wamp64\www\websetup\app\Controllers\testpage.php(54): view()
#3 C:\wamp64\www\websetup\system\CodeIgniter.php(825): App\Controllers\testpage->index()
#4 C:\wamp64\www\websetup\system\CodeIgniter.php(412): CodeIgniter\CodeIgniter->runController()
#5 C:\wamp64\www\websetup\system\CodeIgniter.php(320): CodeIgniter\CodeIgniter->handleRequest()
#6 C:\wamp64\www\websetup\public\index.php(37): CodeIgniter\CodeIgniter->run()
#7 C:\wamp64\www\websetup\system\Commands\Server\rewrite.php(43): require_once('...')
#8 {main}
